2026-03-27 05:31:35,345 - ADVERSARIAL_MEGA_GAUNTLET - INFO - Telemetry Collector Initialized: ADVERSARIAL_MEGA_GAUNTLET
2026-03-27 05:31:35,352 - ADVERSARIAL_MEGA_GAUNTLET - INFO - Logging to: C:\Users\User\source\repos\Metatron-triune-outbound-gate\ARDA_OS_v1_80_UNIVERSAL_SANCTITY\backend\scripts\telemetry_logs\ADVERSARIAL_MEGA_GAUNTLET_20260327_033135.log
2026-03-27 05:31:35,353 - ADVERSARIAL_MEGA_GAUNTLET - INFO - Initializing Gate Service with Mock Architecture...
2026-03-27 05:31:35,359 - ADVERSARIAL_MEGA_GAUNTLET - INFO - =========================================================================
2026-03-27 05:31:35,360 - ADVERSARIAL_MEGA_GAUNTLET - INFO - >>> ENTERING PHASE: PHASE 1: PERFECT MIMICRY ATTACK <<<
2026-03-27 05:31:35,360 - ADVERSARIAL_MEGA_GAUNTLET - INFO - =========================================================================
2026-03-27 05:31:35,362 - ADVERSARIAL_MEGA_GAUNTLET - INFO - [PHASE 1: PERFECT MIMICRY ATTACK] Observation: agent:mimic_Loki -> sys.read
2026-03-27 05:31:35,369 - ADVERSARIAL_MEGA_GAUNTLET - DEBUG -    - Discord: 0.3318 | Jitter: 0.0000
2026-03-27 05:31:35,370 - ADVERSARIAL_MEGA_GAUNTLET - INFO - [PHASE 1: PERFECT MIMICRY ATTACK] Observation: agent:mimic_Loki -> sys.read
2026-03-27 05:31:35,370 - ADVERSARIAL_MEGA_GAUNTLET - DEBUG -    - Discord: 0.3318 | Jitter: 0.0000
2026-03-27 05:31:35,371 - ADVERSARIAL_MEGA_GAUNTLET - INFO - [PHASE 1: PERFECT MIMICRY ATTACK] Observation: agent:mimic_Loki -> sys.read
2026-03-27 05:31:35,378 - ADVERSARIAL_MEGA_GAUNTLET - DEBUG -    - Discord: 0.3318 | Jitter: 0.0000
2026-03-27 05:31:35,380 - ADVERSARIAL_MEGA_GAUNTLET - INFO - [PHASE 1: PERFECT MIMICRY ATTACK] Observation: agent:mimic_Loki -> sys.read
2026-03-27 05:31:35,381 - ADVERSARIAL_MEGA_GAUNTLET - DEBUG -    - Discord: 0.3318 | Jitter: 0.0000
2026-03-27 05:31:35,387 - ADVERSARIAL_MEGA_GAUNTLET - INFO - [PHASE 1: PERFECT MIMICRY ATTACK] Observation: agent:mimic_Loki -> sys.read
2026-03-27 05:31:35,387 - ADVERSARIAL_MEGA_GAUNTLET - DEBUG -    - Discord: 0.3318 | Jitter: 0.0000
2026-03-27 05:31:35,388 - ADVERSARIAL_MEGA_GAUNTLET - INFO - [PHASE 1: PERFECT MIMICRY ATTACK] Observation: agent:mimic_Loki -> sys.read
2026-03-27 05:31:35,388 - ADVERSARIAL_MEGA_GAUNTLET - DEBUG -    - Discord: 0.3775 | Jitter: 0.0000
2026-03-27 05:31:35,389 - ADVERSARIAL_MEGA_GAUNTLET - INFO - [PHASE 1: PERFECT MIMICRY ATTACK] Observation: agent:mimic_Loki -> sys.read
2026-03-27 05:31:35,391 - ADVERSARIAL_MEGA_GAUNTLET - DEBUG -    - Discord: 0.3775 | Jitter: 0.0000
2026-03-27 05:31:35,394 - ADVERSARIAL_MEGA_GAUNTLET - INFO - [PHASE 1: PERFECT MIMICRY ATTACK] Observation: agent:mimic_Loki -> sys.read
2026-03-27 05:31:35,394 - ADVERSARIAL_MEGA_GAUNTLET - DEBUG -    - Discord: 0.3775 | Jitter: 0.0000
2026-03-27 05:31:35,398 - ADVERSARIAL_MEGA_GAUNTLET - INFO - [PHASE 1: PERFECT MIMICRY ATTACK] Observation: agent:mimic_Loki -> sys.read
2026-03-27 05:31:35,399 - ADVERSARIAL_MEGA_GAUNTLET - DEBUG -    - Discord: 0.3775 | Jitter: 0.0000
2026-03-27 05:31:35,405 - ADVERSARIAL_MEGA_GAUNTLET - INFO - [PHASE 1: PERFECT MIMICRY ATTACK] Observation: agent:mimic_Loki -> sys.read
2026-03-27 05:31:35,406 - ADVERSARIAL_MEGA_GAUNTLET - DEBUG -    - Discord: 0.3775 | Jitter: 0.0000
2026-03-27 05:31:35,413 - ADVERSARIAL_MEGA_GAUNTLET - INFO - [PHASE 1: PERFECT MIMICRY ATTACK] Observation: agent:mimic_Loki -> sys.read
2026-03-27 05:31:35,413 - ADVERSARIAL_MEGA_GAUNTLET - DEBUG -    - Discord: 0.3775 | Jitter: 0.0000
2026-03-27 05:31:35,424 - ADVERSARIAL_MEGA_GAUNTLET - INFO - [PHASE 1: PERFECT MIMICRY ATTACK] Observation: agent:mimic_Loki -> sys.read
2026-03-27 05:31:35,424 - ADVERSARIAL_MEGA_GAUNTLET - DEBUG -    - Discord: 0.3775 | Jitter: 0.0000
2026-03-27 05:31:35,425 - ADVERSARIAL_MEGA_GAUNTLET - INFO - [PHASE 1: PERFECT MIMICRY ATTACK] Observation: agent:mimic_Loki -> sys.read
2026-03-27 05:31:35,426 - ADVERSARIAL_MEGA_GAUNTLET - DEBUG -    - Discord: 0.3775 | Jitter: 0.0000
2026-03-27 05:31:35,432 - ADVERSARIAL_MEGA_GAUNTLET - INFO - [PHASE 1: PERFECT MIMICRY ATTACK] Observation: agent:mimic_Loki -> sys.read
2026-03-27 05:31:35,433 - ADVERSARIAL_MEGA_GAUNTLET - DEBUG -    - Discord: 0.3775 | Jitter: 0.0000
2026-03-27 05:31:35,443 - ADVERSARIAL_MEGA_GAUNTLET - INFO - [PHASE 1: PERFECT MIMICRY ATTACK] Observation: agent:mimic_Loki -> sys.read
2026-03-27 05:31:35,444 - ADVERSARIAL_MEGA_GAUNTLET - DEBUG -    - Discord: 0.3775 | Jitter: 0.0000
2026-03-27 05:31:35,452 - ADVERSARIAL_MEGA_GAUNTLET - INFO - [PHASE 1: PERFECT MIMICRY ATTACK] Observation: agent:mimic_Loki -> sys.read
2026-03-27 05:31:35,453 - ADVERSARIAL_MEGA_GAUNTLET - DEBUG -    - Discord: 0.3775 | Jitter: 0.0000
2026-03-27 05:31:35,469 - ADVERSARIAL_MEGA_GAUNTLET - INFO - [PHASE 1: PERFECT MIMICRY ATTACK] Observation: agent:mimic_Loki -> sys.read
2026-03-27 05:31:35,471 - ADVERSARIAL_MEGA_GAUNTLET - DEBUG -    - Discord: 0.3775 | Jitter: 0.0000
2026-03-27 05:31:35,478 - ADVERSARIAL_MEGA_GAUNTLET - INFO - [PHASE 1: PERFECT MIMICRY ATTACK] Observation: agent:mimic_Loki -> sys.read
2026-03-27 05:31:35,479 - ADVERSARIAL_MEGA_GAUNTLET - DEBUG -    - Discord: 0.3775 | Jitter: 0.0000
2026-03-27 05:31:35,487 - ADVERSARIAL_MEGA_GAUNTLET - INFO - [PHASE 1: PERFECT MIMICRY ATTACK] Observation: agent:mimic_Loki -> sys.read
2026-03-27 05:31:35,488 - ADVERSARIAL_MEGA_GAUNTLET - DEBUG -    - Discord: 0.3775 | Jitter: 0.0000
2026-03-27 05:31:35,497 - ADVERSARIAL_MEGA_GAUNTLET - INFO - [PHASE 1: PERFECT MIMICRY ATTACK] Observation: agent:mimic_Loki -> sys.read
2026-03-27 05:31:35,507 - ADVERSARIAL_MEGA_GAUNTLET - DEBUG -    - Discord: 0.3775 | Jitter: 0.0000
2026-03-27 05:31:35,520 - ADVERSARIAL_MEGA_GAUNTLET - INFO - [PHASE 1: PERFECT MIMICRY ATTACK] Observation: agent:mimic_Loki -> sys.read
2026-03-27 05:31:35,521 - ADVERSARIAL_MEGA_GAUNTLET - DEBUG -    - Discord: 0.3775 | Jitter: 0.0000
2026-03-27 05:31:35,527 - ADVERSARIAL_MEGA_GAUNTLET - INFO - [PHASE 1: PERFECT MIMICRY ATTACK] Observation: agent:mimic_Loki -> sys.read
2026-03-27 05:31:35,527 - ADVERSARIAL_MEGA_GAUNTLET - DEBUG -    - Discord: 0.3775 | Jitter: 0.0000
2026-03-27 05:31:35,532 - ADVERSARIAL_MEGA_GAUNTLET - INFO - [PHASE 1: PERFECT MIMICRY ATTACK] Observation: agent:mimic_Loki -> sys.read
2026-03-27 05:31:35,537 - ADVERSARIAL_MEGA_GAUNTLET - DEBUG -    - Discord: 0.3775 | Jitter: 0.0000
2026-03-27 05:31:35,544 - ADVERSARIAL_MEGA_GAUNTLET - INFO - [PHASE 1: PERFECT MIMICRY ATTACK] Observation: agent:mimic_Loki -> sys.read
2026-03-27 05:31:35,545 - ADVERSARIAL_MEGA_GAUNTLET - DEBUG -    - Discord: 0.3775 | Jitter: 0.0000
2026-03-27 05:31:35,548 - ADVERSARIAL_MEGA_GAUNTLET - INFO - [PHASE 1: PERFECT MIMICRY ATTACK] Observation: agent:mimic_Loki -> sys.read
2026-03-27 05:31:35,548 - ADVERSARIAL_MEGA_GAUNTLET - DEBUG -    - Discord: 0.3775 | Jitter: 0.0000
2026-03-27 05:31:35,556 - ADVERSARIAL_MEGA_GAUNTLET - INFO - [PHASE 1: PERFECT MIMICRY ATTACK] Observation: agent:mimic_Loki -> sys.read
2026-03-27 05:31:35,556 - ADVERSARIAL_MEGA_GAUNTLET - DEBUG -    - Discord: 0.3775 | Jitter: 0.0000
2026-03-27 05:31:35,565 - ADVERSARIAL_MEGA_GAUNTLET - INFO - [PHASE 1: PERFECT MIMICRY ATTACK] Observation: agent:mimic_Loki -> sys.read
2026-03-27 05:31:35,566 - ADVERSARIAL_MEGA_GAUNTLET - DEBUG -    - Discord: 0.3775 | Jitter: 0.0000
2026-03-27 05:31:35,573 - ADVERSARIAL_MEGA_GAUNTLET - INFO - [PHASE 1: PERFECT MIMICRY ATTACK] Observation: agent:mimic_Loki -> sys.read
2026-03-27 05:31:35,579 - ADVERSARIAL_MEGA_GAUNTLET - DEBUG -    - Discord: 0.3775 | Jitter: 0.0000
2026-03-27 05:31:35,589 - ADVERSARIAL_MEGA_GAUNTLET - INFO - [PHASE 1: PERFECT MIMICRY ATTACK] Observation: agent:mimic_Loki -> sys.read
2026-03-27 05:31:35,590 - ADVERSARIAL_MEGA_GAUNTLET - DEBUG -    - Discord: 0.3775 | Jitter: 0.0000
