2026-03-27 06:32:35,800 - SOVEREIGN_AUDIT_v2 - INFO - Telemetry Collector Initialized: SOVEREIGN_AUDIT_v2
2026-03-27 06:32:35,800 - SOVEREIGN_AUDIT_v2 - INFO - Logging to: C:\Users\User\source\repos\Metatron-triune-outbound-gate\ARDA_OS_v1_80_UNIVERSAL_SANCTITY\backend\scripts\telemetry_logs\SOVEREIGN_AUDIT_v2_20260327_043235.log
2026-03-27 06:32:35,801 - SOVEREIGN_AUDIT_v2 - INFO - ================================================================================
2026-03-27 06:32:35,801 - SOVEREIGN_AUDIT_v2 - INFO -  [ARDA OS : SOVEREIGN AUDIT EXECUTION BRIDGE (v2.0.0-INFALLIBLE)] 
2026-03-27 06:32:35,811 - SOVEREIGN_AUDIT_v2 - INFO - ================================================================================
2026-03-27 06:32:35,811 - SOVEREIGN_AUDIT_v2 - INFO - =========================================================================
2026-03-27 06:32:35,812 - SOVEREIGN_AUDIT_v2 - INFO - >>> ENTERING PHASE: CLAIM 1: SILICON INTEGRITY <<<
2026-03-27 06:32:35,812 - SOVEREIGN_AUDIT_v2 - INFO - =========================================================================
2026-03-27 06:32:35,812 - SOVEREIGN_AUDIT_v2 - INFO - Witnessing: backend/tests/test_governance_token_enforcement.py
2026-03-27 06:32:41,921 - SOVEREIGN_AUDIT_v2 - INFO - [CLAIM 1: SILICON INTEGRITY] holy_witness -> Claim 1: Silicon Integrity | Status: passed
2026-03-27 06:32:41,921 - SOVEREIGN_AUDIT_v2 - INFO - Witnessing: backend/tests/gauntlets/e2e_formation_gauntlet.py
2026-03-27 06:32:46,859 - SOVEREIGN_AUDIT_v2 - INFO - [CLAIM 1: SILICON INTEGRITY] holy_witness -> Claim 1: Silicon Integrity | Status: passed
2026-03-27 06:32:46,860 - SOVEREIGN_AUDIT_v2 - INFO - =========================================================================
2026-03-27 06:32:46,860 - SOVEREIGN_AUDIT_v2 - INFO - >>> ENTERING PHASE: CLAIM 2: PQC ROOT OF TRUST <<<
2026-03-27 06:32:46,860 - SOVEREIGN_AUDIT_v2 - INFO - =========================================================================
2026-03-27 06:32:46,860 - SOVEREIGN_AUDIT_v2 - INFO - Witnessing: backend/tests/test_quantum_security_service.py
2026-03-27 06:32:51,055 - SOVEREIGN_AUDIT_v2 - INFO - [CLAIM 2: PQC ROOT OF TRUST] holy_witness -> Claim 2: PQC Root of Trust | Status: passed
2026-03-27 06:32:51,056 - SOVEREIGN_AUDIT_v2 - INFO - =========================================================================
2026-03-27 06:32:51,056 - SOVEREIGN_AUDIT_v2 - INFO - >>> ENTERING PHASE: CLAIM 3: MULTI-MODEL SYNTHESIS <<<
2026-03-27 06:32:51,056 - SOVEREIGN_AUDIT_v2 - INFO - =========================================================================
2026-03-27 06:32:51,056 - SOVEREIGN_AUDIT_v2 - INFO - Witnessing: backend/tests/test_governance_token_enforcement.py
2026-03-27 06:32:55,960 - SOVEREIGN_AUDIT_v2 - INFO - [CLAIM 3: MULTI-MODEL SYNTHESIS] holy_witness -> Claim 3: Multi-Model Synthesis | Status: passed
2026-03-27 06:32:55,960 - SOVEREIGN_AUDIT_v2 - INFO - Witnessing: backend/tests/gauntlets/e2e_constitutional_gauntlet.py
2026-03-27 06:33:15,536 - SOVEREIGN_AUDIT_v2 - INFO - [CLAIM 3: MULTI-MODEL SYNTHESIS] holy_witness -> Claim 3: Multi-Model Synthesis | Status: failed
2026-03-27 06:33:15,538 - SOVEREIGN_AUDIT_v2 - ERROR - FRACTURE DETECTED in Claim 3: Multi-Model Synthesis
2026-03-27 06:33:15,538 - SOVEREIGN_AUDIT_v2 - ERROR - ============================= test session starts =============================
platform win32 -- Python 3.14.3, pytest-9.0.1, pluggy-1.6.0 -- C:\Users\User\AppData\Local\Programs\Python\Python314\python.exe
cachedir: .pytest_cache
hypothesis profile 'default'
rootdir: C:\Users\User\source\repos\Metatron-triune-outbound-gate\ARDA_OS_v1_80_UNIVERSAL_SANCTITY
plugins: anyio-4.11.0, hypothesis-6.151.9, langsmith-0.6.6
collecting ... collected 0 items / 1 error

=================================== ERRORS ====================================
___ ERROR collecting backend/tests/gauntlets/e2e_constitutional_gauntlet.py ___
ImportError while importing test module 'C:\Users\User\source\repos\Metatron-triune-outbound-gate\ARDA_OS_v1_80_UNIVERSAL_SANCTITY\backend\tests\gauntlets\e2e_constitutional_gauntlet.py'.
Hint: make sure your test modules/packages have valid Python names.
Traceback:
backend\tests\gauntlets\e2e_constitutional_gauntlet.py:22: in <module>
    from backend.tests.test_utils import load_service, ensure_package, load_module_from_folder
E   ModuleNotFoundError: No module named 'backend.tests.test_utils'

During handling of the above exception, another exception occurred:
..\..\..\..\AppData\Local\Programs\Python\Python314\Lib\importlib\__init__.py:88: in import_module
    return _bootstrap._gcd_import(name[level:], package, level)
           ^^^^^^^^^^^^^^^^^^^^^^^^^^^^^^^^^^^^^^^^^^^^^^^^^^^^
backend\tests\gauntlets\e2e_constitutional_gauntlet.py:24: in <module>
    from tests.test_utils import load_service, ensure_package, load_module_from_folder
..\..\..\..\AppData\Local\Programs\Python\Python314\Lib\site-packages\tests\test_utils.py:12: in <module>
    from .test_reference import generate_reference_notebook
..\..\..\..\AppData\Local\Programs\Python\Python314\Lib\site-packages\tests\test_reference.py:8: in <module>
    import pkg_resources
E   ModuleNotFoundError: No module named 'pkg_resources'
=========================== short test summary info ===========================
ERROR backend/tests/gauntlets/e2e_constitutional_gauntlet.py
!!!!!!!!!!!!!!!!!!! Interrupted: 1 error during collection !!!!!!!!!!!!!!!!!!!!
============================== 1 error in 15.11s ==============================

2026-03-27 06:33:15,539 - SOVEREIGN_AUDIT_v2 - INFO - =========================================================================
2026-03-27 06:33:15,540 - SOVEREIGN_AUDIT_v2 - INFO - >>> ENTERING PHASE: CLAIM 4: SPATIAL GATING <<<
2026-03-27 06:33:15,541 - SOVEREIGN_AUDIT_v2 - INFO - =========================================================================
2026-03-27 06:33:15,541 - SOVEREIGN_AUDIT_v2 - INFO - Witnessing: backend/tests/test_advanced_services.py
2026-03-27 06:33:20,121 - SOVEREIGN_AUDIT_v2 - INFO - [CLAIM 4: SPATIAL GATING] holy_witness -> Claim 4: Spatial Gating | Status: passed
2026-03-27 06:33:20,121 - SOVEREIGN_AUDIT_v2 - INFO - =========================================================================
2026-03-27 06:33:20,121 - SOVEREIGN_AUDIT_v2 - INFO - >>> ENTERING PHASE: CLAIM 5: INDOMITABLE RESTORATION <<<
2026-03-27 06:33:20,121 - SOVEREIGN_AUDIT_v2 - INFO - =========================================================================
2026-03-27 06:33:20,121 - SOVEREIGN_AUDIT_v2 - INFO - Witnessing: backend/tests/test_advanced_services.py
2026-03-27 06:33:25,941 - SOVEREIGN_AUDIT_v2 - INFO - [CLAIM 5: INDOMITABLE RESTORATION] holy_witness -> Claim 5: Indomitable Restoration | Status: passed
2026-03-27 06:33:25,942 - SOVEREIGN_AUDIT_v2 - INFO - =========================================================================
2026-03-27 06:33:25,942 - SOVEREIGN_AUDIT_v2 - INFO - >>> ENTERING PHASE: CLAIM 6: TEMPORAL FENCING <<<
2026-03-27 06:33:25,942 - SOVEREIGN_AUDIT_v2 - INFO - =========================================================================
2026-03-27 06:33:25,942 - SOVEREIGN_AUDIT_v2 - INFO - Witnessing: backend/tests/test_advanced_services.py
2026-03-27 06:33:32,120 - SOVEREIGN_AUDIT_v2 - INFO - [CLAIM 6: TEMPORAL FENCING] holy_witness -> Claim 6: Temporal Fencing | Status: passed
2026-03-27 06:33:32,120 - SOVEREIGN_AUDIT_v2 - INFO - =========================================================================
2026-03-27 06:33:32,120 - SOVEREIGN_AUDIT_v2 - INFO - >>> ENTERING PHASE: CLAIM 7: CONSTITUTIONAL ATTESTATION <<<
2026-03-27 06:33:32,120 - SOVEREIGN_AUDIT_v2 - INFO - =========================================================================
2026-03-27 06:33:32,121 - SOVEREIGN_AUDIT_v2 - INFO - Witnessing: backend/tests/test_advanced_services.py
2026-03-27 06:33:37,150 - SOVEREIGN_AUDIT_v2 - INFO - [CLAIM 7: CONSTITUTIONAL ATTESTATION] holy_witness -> Claim 7: Constitutional Attestation | Status: passed
2026-03-27 06:33:37,150 - SOVEREIGN_AUDIT_v2 - INFO - Witnessing: backend/tests/gauntlets/test_secret_fire_gauntlet.py
2026-03-27 06:33:43,591 - SOVEREIGN_AUDIT_v2 - INFO - [CLAIM 7: CONSTITUTIONAL ATTESTATION] holy_witness -> Claim 7: Constitutional Attestation | Status: failed
2026-03-27 06:33:43,592 - SOVEREIGN_AUDIT_v2 - ERROR - FRACTURE DETECTED in Claim 7: Constitutional Attestation
2026-03-27 06:33:43,592 - SOVEREIGN_AUDIT_v2 - ERROR - ============================= test session starts =============================
platform win32 -- Python 3.14.3, pytest-9.0.1, pluggy-1.6.0 -- C:\Users\User\AppData\Local\Programs\Python\Python314\python.exe
cachedir: .pytest_cache
hypothesis profile 'default'
rootdir: C:\Users\User\source\repos\Metatron-triune-outbound-gate\ARDA_OS_v1_80_UNIVERSAL_SANCTITY
plugins: anyio-4.11.0, hypothesis-6.151.9, langsmith-0.6.6
collecting ... collected 6 items

backend/tests/gauntlets/test_secret_fire_gauntlet.py::test_sovereign_harmony FAILED [ 16%]
backend/tests/gauntlets/test_secret_fire_gauntlet.py::test_fire_replay_defense FAILED [ 33%]
backend/tests/gauntlets/test_secret_fire_gauntlet.py::test_stale_fire_defense FAILED [ 50%]
backend/tests/gauntlets/test_secret_fire_gauntlet.py::test_missing_fire_withhold FAILED [ 66%]
backend/tests/gauntlets/test_secret_fire_gauntlet.py::test_liar_detection FAILED [ 83%]
backend/tests/gauntlets/test_secret_fire_gauntlet.py::test_sovereign_mode_strictures FAILED [100%]

================================== FAILURES ===================================
___________________________ test_sovereign_harmony ____________________________
async def functions are not natively supported.
You need to install a suitable plugin for your async framework, for example:
  - anyio
  - pytest-asyncio
  - pytest-tornasync
  - pytest-trio
  - pytest-twisted
__________________________ test_fire_replay_defense ___________________________
async def functions are not natively supported.
You need to install a suitable plugin for your async framework, for example:
  - anyio
  - pytest-asyncio
  - pytest-tornasync
  - pytest-trio
  - pytest-twisted
___________________________ test_stale_fire_defense ___________________________
async def functions are not natively supported.
You need to install a suitable plugin for your async framework, for example:
  - anyio
  - pytest-asyncio
  - pytest-tornasync
  - pytest-trio
  - pytest-twisted
_________________________ test_missing_fire_withhold __________________________
async def functions are not natively supported.
You need to install a suitable plugin for your async framework, for example:
  - anyio
  - pytest-asyncio
  - pytest-tornasync
  - pytest-trio
  - pytest-twisted
_____________________________ test_liar_detection _____________________________
async def functions are not natively supported.
You need to install a suitable plugin for your async framework, for example:
  - anyio
  - pytest-asyncio
  - pytest-tornasync
  - pytest-trio
  - pytest-twisted
_______________________ test_sovereign_mode_strictures ________________________
async def functions are not natively supported.
You need to install a suitable plugin for your async framework, for example:
  - anyio
  - pytest-asyncio
  - pytest-tornasync
  - pytest-trio
  - pytest-twisted
=========================== short test summary info ===========================
FAILED backend/tests/gauntlets/test_secret_fire_gauntlet.py::test_sovereign_harmony
FAILED backend/tests/gauntlets/test_secret_fire_gauntlet.py::test_fire_replay_defense
FAILED backend/tests/gauntlets/test_secret_fire_gauntlet.py::test_stale_fire_defense
FAILED backend/tests/gauntlets/test_secret_fire_gauntlet.py::test_missing_fire_withhold
FAILED backend/tests/gauntlets/test_secret_fire_gauntlet.py::test_liar_detection
FAILED backend/tests/gauntlets/test_secret_fire_gauntlet.py::test_sovereign_mode_strictures
============================== 6 failed in 1.32s ==============================

2026-03-27 06:33:43,593 - SOVEREIGN_AUDIT_v2 - INFO - =========================================================================
2026-03-27 06:33:43,593 - SOVEREIGN_AUDIT_v2 - INFO - >>> ENTERING PHASE: CLAIM 8: MEMORY CLASS ISOLATION <<<
2026-03-27 06:33:43,593 - SOVEREIGN_AUDIT_v2 - INFO - =========================================================================
2026-03-27 06:33:43,593 - SOVEREIGN_AUDIT_v2 - INFO - Witnessing: backend/tests/test_advanced_services.py
2026-03-27 06:33:49,855 - SOVEREIGN_AUDIT_v2 - INFO - [CLAIM 8: MEMORY CLASS ISOLATION] holy_witness -> Claim 8: Memory Class Isolation | Status: passed
2026-03-27 06:33:49,855 - SOVEREIGN_AUDIT_v2 - INFO - =========================================================================
2026-03-27 06:33:49,855 - SOVEREIGN_AUDIT_v2 - INFO - >>> ENTERING PHASE: CLAIM 9: QUORUM ENFORCEMENT <<<
2026-03-27 06:33:49,855 - SOVEREIGN_AUDIT_v2 - INFO - =========================================================================
2026-03-27 06:33:49,856 - SOVEREIGN_AUDIT_v2 - INFO - Witnessing: backend/tests/test_advanced_services.py
2026-03-27 06:33:54,466 - SOVEREIGN_AUDIT_v2 - INFO - [CLAIM 9: QUORUM ENFORCEMENT] holy_witness -> Claim 9: Quorum Enforcement | Status: passed
2026-03-27 06:33:54,466 - SOVEREIGN_AUDIT_v2 - INFO - Witnessing: backend/tests/gauntlets/e2e_chorus_gauntlet.py
2026-03-27 06:34:04,049 - SOVEREIGN_AUDIT_v2 - INFO - [CLAIM 9: QUORUM ENFORCEMENT] holy_witness -> Claim 9: Quorum Enforcement | Status: failed
2026-03-27 06:34:04,050 - SOVEREIGN_AUDIT_v2 - ERROR - FRACTURE DETECTED in Claim 9: Quorum Enforcement
2026-03-27 06:34:04,050 - SOVEREIGN_AUDIT_v2 - ERROR - ============================= test session starts =============================
platform win32 -- Python 3.14.3, pytest-9.0.1, pluggy-1.6.0 -- C:\Users\User\AppData\Local\Programs\Python\Python314\python.exe
cachedir: .pytest_cache
hypothesis profile 'default'
rootdir: C:\Users\User\source\repos\Metatron-triune-outbound-gate\ARDA_OS_v1_80_UNIVERSAL_SANCTITY
plugins: anyio-4.11.0, hypothesis-6.151.9, langsmith-0.6.6
collecting ... collected 0 items / 1 error

=================================== ERRORS ====================================
_______ ERROR collecting backend/tests/gauntlets/e2e_chorus_gauntlet.py _______
backend\services\metatron_heartbeat.py:8: in <module>
    from schemas.phase3_models import HeartbeatProof, ResonanceStatus
E   ModuleNotFoundError: No module named 'schemas'

During handling of the above exception, another exception occurred:
backend\tests\gauntlets\e2e_chorus_gauntlet.py:17: in <module>
    from backend.services.metatron_heartbeat import get_metatron_heartbeat
backend\services\metatron_heartbeat.py:21: in <module>
    from backend.services.chorus_transport import get_chorus_transport
backend\services\chorus_transport.py:87: in <module>
    chorus_transport = ChorusTransportService()
                       ^^^^^^^^^^^^^^^^^^^^^^^^
backend\services\chorus_transport.py:30: in __init__
    self._middleware = get_arda_fabric_middleware()
                       ^^^^^^^^^^^^^^^^^^^^^^^^^^
E   NameError: name 'get_arda_fabric_middleware' is not defined
=========================== short test summary info ===========================
ERROR backend/tests/gauntlets/e2e_chorus_gauntlet.py - NameError: name 'get_a...
!!!!!!!!!!!!!!!!!!! Interrupted: 1 error during collection !!!!!!!!!!!!!!!!!!!!
============================== 1 error in 3.27s ===============================

2026-03-27 06:34:04,051 - SOVEREIGN_AUDIT_v2 - INFO - =========================================================================
2026-03-27 06:34:04,051 - SOVEREIGN_AUDIT_v2 - INFO - >>> ENTERING PHASE: CLAIM 10: BEHAVIORAL BASELINING <<<
2026-03-27 06:34:04,051 - SOVEREIGN_AUDIT_v2 - INFO - =========================================================================
2026-03-27 06:34:04,051 - SOVEREIGN_AUDIT_v2 - INFO - Witnessing: backend/tests/test_advanced_services.py
2026-03-27 06:34:10,893 - SOVEREIGN_AUDIT_v2 - INFO - [CLAIM 10: BEHAVIORAL BASELINING] holy_witness -> Claim 10: Behavioral Baselining | Status: passed
2026-03-27 06:34:10,893 - SOVEREIGN_AUDIT_v2 - INFO - =========================================================================
2026-03-27 06:34:10,894 - SOVEREIGN_AUDIT_v2 - INFO - >>> ENTERING PHASE: CLAIM 11: SOVEREIGN TRANSPORT <<<
2026-03-27 06:34:10,894 - SOVEREIGN_AUDIT_v2 - INFO - =========================================================================
2026-03-27 06:34:10,894 - SOVEREIGN_AUDIT_v2 - INFO - Witnessing: backend/tests/test_advanced_services.py
2026-03-27 06:34:20,165 - SOVEREIGN_AUDIT_v2 - INFO - [CLAIM 11: SOVEREIGN TRANSPORT] holy_witness -> Claim 11: Sovereign Transport | Status: passed
2026-03-27 06:34:20,165 - SOVEREIGN_AUDIT_v2 - INFO - Witnessing: backend/tests/gauntlets/test_secret_fire_gauntlet.py
2026-03-27 06:34:25,909 - SOVEREIGN_AUDIT_v2 - INFO - [CLAIM 11: SOVEREIGN TRANSPORT] holy_witness -> Claim 11: Sovereign Transport | Status: failed
2026-03-27 06:34:25,911 - SOVEREIGN_AUDIT_v2 - ERROR - FRACTURE DETECTED in Claim 11: Sovereign Transport
2026-03-27 06:34:25,911 - SOVEREIGN_AUDIT_v2 - ERROR - ============================= test session starts =============================
platform win32 -- Python 3.14.3, pytest-9.0.1, pluggy-1.6.0 -- C:\Users\User\AppData\Local\Programs\Python\Python314\python.exe
cachedir: .pytest_cache
hypothesis profile 'default'
rootdir: C:\Users\User\source\repos\Metatron-triune-outbound-gate\ARDA_OS_v1_80_UNIVERSAL_SANCTITY
plugins: anyio-4.11.0, hypothesis-6.151.9, langsmith-0.6.6
collecting ... collected 6 items

backend/tests/gauntlets/test_secret_fire_gauntlet.py::test_sovereign_harmony FAILED [ 16%]
backend/tests/gauntlets/test_secret_fire_gauntlet.py::test_fire_replay_defense FAILED [ 33%]
backend/tests/gauntlets/test_secret_fire_gauntlet.py::test_stale_fire_defense FAILED [ 50%]
backend/tests/gauntlets/test_secret_fire_gauntlet.py::test_missing_fire_withhold FAILED [ 66%]
backend/tests/gauntlets/test_secret_fire_gauntlet.py::test_liar_detection FAILED [ 83%]
backend/tests/gauntlets/test_secret_fire_gauntlet.py::test_sovereign_mode_strictures FAILED [100%]

================================== FAILURES ===================================
___________________________ test_sovereign_harmony ____________________________
async def functions are not natively supported.
You need to install a suitable plugin for your async framework, for example:
  - anyio
  - pytest-asyncio
  - pytest-tornasync
  - pytest-trio
  - pytest-twisted
__________________________ test_fire_replay_defense ___________________________
async def functions are not natively supported.
You need to install a suitable plugin for your async framework, for example:
  - anyio
  - pytest-asyncio
  - pytest-tornasync
  - pytest-trio
  - pytest-twisted
___________________________ test_stale_fire_defense ___________________________
async def functions are not natively supported.
You need to install a suitable plugin for your async framework, for example:
  - anyio
  - pytest-asyncio
  - pytest-tornasync
  - pytest-trio
  - pytest-twisted
_________________________ test_missing_fire_withhold __________________________
async def functions are not natively supported.
You need to install a suitable plugin for your async framework, for example:
  - anyio
  - pytest-asyncio
  - pytest-tornasync
  - pytest-trio
  - pytest-twisted
_____________________________ test_liar_detection _____________________________
async def functions are not natively supported.
You need to install a suitable plugin for your async framework, for example:
  - anyio
  - pytest-asyncio
  - pytest-tornasync
  - pytest-trio
  - pytest-twisted
_______________________ test_sovereign_mode_strictures ________________________
async def functions are not natively supported.
You need to install a suitable plugin for your async framework, for example:
  - anyio
  - pytest-asyncio
  - pytest-tornasync
  - pytest-trio
  - pytest-twisted
=========================== short test summary info ===========================
FAILED backend/tests/gauntlets/test_secret_fire_gauntlet.py::test_sovereign_harmony
FAILED backend/tests/gauntlets/test_secret_fire_gauntlet.py::test_fire_replay_defense
FAILED backend/tests/gauntlets/test_secret_fire_gauntlet.py::test_stale_fire_defense
FAILED backend/tests/gauntlets/test_secret_fire_gauntlet.py::test_missing_fire_withhold
FAILED backend/tests/gauntlets/test_secret_fire_gauntlet.py::test_liar_detection
FAILED backend/tests/gauntlets/test_secret_fire_gauntlet.py::test_sovereign_mode_strictures
============================== 6 failed in 1.29s ==============================

2026-03-27 06:34:25,913 - SOVEREIGN_AUDIT_v2 - INFO - =========================================================================
2026-03-27 06:34:25,914 - SOVEREIGN_AUDIT_v2 - INFO - >>> ENTERING PHASE: CLAIM 12: RECURSIVE WITNESSING <<<
2026-03-27 06:34:25,914 - SOVEREIGN_AUDIT_v2 - INFO - =========================================================================
2026-03-27 06:34:25,914 - SOVEREIGN_AUDIT_v2 - INFO - Witnessing: backend/tests/test_advanced_services.py
2026-03-27 06:34:32,637 - SOVEREIGN_AUDIT_v2 - INFO - [CLAIM 12: RECURSIVE WITNESSING] holy_witness -> Claim 12: Recursive Witnessing | Status: passed
2026-03-27 06:34:32,638 - SOVEREIGN_AUDIT_v2 - INFO - Witnessing: backend/tests/gauntlets/test_tulkas_enforcement.py
2026-03-27 06:34:39,604 - SOVEREIGN_AUDIT_v2 - INFO - [CLAIM 12: RECURSIVE WITNESSING] holy_witness -> Claim 12: Recursive Witnessing | Status: failed
2026-03-27 06:34:39,604 - SOVEREIGN_AUDIT_v2 - ERROR - FRACTURE DETECTED in Claim 12: Recursive Witnessing
2026-03-27 06:34:39,605 - SOVEREIGN_AUDIT_v2 - ERROR - ============================= test session starts =============================
platform win32 -- Python 3.14.3, pytest-9.0.1, pluggy-1.6.0 -- C:\Users\User\AppData\Local\Programs\Python\Python314\python.exe
cachedir: .pytest_cache
hypothesis profile 'default'
rootdir: C:\Users\User\source\repos\Metatron-triune-outbound-gate\ARDA_OS_v1_80_UNIVERSAL_SANCTITY
plugins: anyio-4.11.0, hypothesis-6.151.9, langsmith-0.6.6
collecting ... collected 2 items

backend/tests/gauntlets/test_tulkas_enforcement.py::test_tulkas_ladder FAILED [ 50%]
backend/tests/gauntlets/test_tulkas_enforcement.py::test_aule_fallen PASSED [100%]

================================== FAILURES ===================================
_____________________________ test_tulkas_ladder ______________________________
backend\tests\gauntlets\test_tulkas_enforcement.py:71: in test_tulkas_ladder
    asyncio.run(_test_tulkas_ladder())
..\..\..\..\AppData\Local\Programs\Python\Python314\Lib\asyncio\runners.py:204: in run
    return runner.run(main)
           ^^^^^^^^^^^^^^^^
..\..\..\..\AppData\Local\Programs\Python\Python314\Lib\asyncio\runners.py:127: in run
    return self._loop.run_until_complete(task)
           ^^^^^^^^^^^^^^^^^^^^^^^^^^^^^^^^^^^
..\..\..\..\AppData\Local\Programs\Python\Python314\Lib\asyncio\base_events.py:719: in run_until_complete
    return future.result()
           ^^^^^^^^^^^^^^^
backend\tests\gauntlets\test_tulkas_enforcement.py:42: in _test_tulkas_ladder
    posture = await tulkas.execute_enforcement(verdict, "test-node")
              ^^^^^^^^^^^^^^^^^^^^^^^^^^^^^^^^^^^^^^^^^^^^^^^^^^^^^^
backend\services\tulkas_executor.py:55: in execute_enforcement
    await self._apply_actuators(posture, node_id, verdict)
backend\services\tulkas_executor.py:110: in _apply_actuators
    fabric.update_resonance_amplitude(node_id, amplitude)
    ^^^^^^^^^^^^^^^^^^^^^^^^^^^^^^^^^
E   AttributeError: 'ArdaFabricEngine' object has no attribute 'update_resonance_amplitude'
---------------------------- Captured stdout call -----------------------------

--- Testing Tulkas: ENFORCEMENT LADDER ---
Testing First Veto...
------------------------------ Captured log call ------------------------------
WARNING  backend.services.tulkas_executor:tulkas_executor.py:44 Tulkas: Node test-node failed constitutional check. Failure count: 1
=========================== short test summary info ===========================
FAILED backend/tests/gauntlets/test_tulkas_enforcement.py::test_tulkas_ladder
========================= 1 failed, 1 passed in 1.70s =========================

2026-03-27 06:34:39,605 - SOVEREIGN_AUDIT_v2 - INFO - =========================================================================
2026-03-27 06:34:39,605 - SOVEREIGN_AUDIT_v2 - INFO - >>> ENTERING PHASE: CLAIM 13: PERFECT HONESTY <<<
2026-03-27 06:34:39,605 - SOVEREIGN_AUDIT_v2 - INFO - =========================================================================
2026-03-27 06:34:39,605 - SOVEREIGN_AUDIT_v2 - INFO - Witnessing: backend/tests/test_advanced_services.py
2026-03-27 06:34:43,525 - SOVEREIGN_AUDIT_v2 - INFO - [CLAIM 13: PERFECT HONESTY] holy_witness -> Claim 13: Perfect Honesty | Status: passed
2026-03-27 06:34:43,535 - SOVEREIGN_AUDIT_v2 - INFO - Final JSON Telemetry Report Generated: C:\Users\User\source\repos\Metatron-triune-outbound-gate\ARDA_OS_v1_80_UNIVERSAL_SANCTITY\backend\scripts\telemetry_logs\SOVEREIGN_AUDIT_v2_report.json
2026-03-27 06:34:43,537 - SOVEREIGN_AUDIT_v2 - INFO - Markdown Telemetry Summary Generated: C:\Users\User\source\repos\Metatron-triune-outbound-gate\ARDA_OS_v1_80_UNIVERSAL_SANCTITY\backend\scripts\telemetry_logs\SOVEREIGN_AUDIT_v2_summary.md
2026-03-27 06:34:43,538 - SOVEREIGN_AUDIT_v2 - INFO - 
================================================================================
2026-03-27 06:34:43,554 - SOVEREIGN_AUDIT_v2 - INFO - ================================================================================
