2026-03-27 21:51:51,256 - SOVEREIGN_AUDIT_v2 - INFO - Telemetry Collector Initialized: SOVEREIGN_AUDIT_v2
2026-03-27 21:51:51,257 - SOVEREIGN_AUDIT_v2 - INFO - Logging to: C:\Users\User\source\repos\Metatron-triune-outbound-gate\ARDA_OS_v1_80_UNIVERSAL_SANCTITY\backend\scripts\telemetry_logs\SOVEREIGN_AUDIT_v2_20260327_195151.log
2026-03-27 21:51:51,258 - SOVEREIGN_AUDIT_v2 - INFO - ================================================================================
2026-03-27 21:51:51,259 - SOVEREIGN_AUDIT_v2 - INFO -  [ARDA OS : SOVEREIGN AUDIT EXECUTION BRIDGE (v2.0.0-INFALLIBLE)] 
2026-03-27 21:51:51,260 - SOVEREIGN_AUDIT_v2 - INFO - ================================================================================
2026-03-27 21:51:51,261 - SOVEREIGN_AUDIT_v2 - INFO - =========================================================================
2026-03-27 21:51:51,261 - SOVEREIGN_AUDIT_v2 - INFO - >>> ENTERING PHASE: CLAIM 1: SILICON INTEGRITY <<<
2026-03-27 21:51:51,262 - SOVEREIGN_AUDIT_v2 - INFO - =========================================================================
2026-03-27 21:51:51,263 - SOVEREIGN_AUDIT_v2 - INFO - Witnessing: backend/tests/test_governance_token_enforcement.py
2026-03-27 21:51:58,160 - SOVEREIGN_AUDIT_v2 - INFO - [CLAIM 1: SILICON INTEGRITY] holy_witness -> Claim 1: Silicon Integrity | Status: passed
2026-03-27 21:51:58,161 - SOVEREIGN_AUDIT_v2 - INFO - Witnessing: backend/tests/gauntlets/e2e_formation_gauntlet.py
2026-03-27 21:52:14,956 - SOVEREIGN_AUDIT_v2 - INFO - [CLAIM 1: SILICON INTEGRITY] holy_witness -> Claim 1: Silicon Integrity | Status: passed
2026-03-27 21:52:14,965 - SOVEREIGN_AUDIT_v2 - INFO - =========================================================================
2026-03-27 21:52:14,988 - SOVEREIGN_AUDIT_v2 - INFO - >>> ENTERING PHASE: CLAIM 2: PQC ROOT OF TRUST <<<
2026-03-27 21:52:15,001 - SOVEREIGN_AUDIT_v2 - INFO - =========================================================================
2026-03-27 21:52:15,007 - SOVEREIGN_AUDIT_v2 - INFO - Witnessing: backend/tests/test_quantum_security_service.py
2026-03-27 21:52:31,137 - SOVEREIGN_AUDIT_v2 - INFO - [CLAIM 2: PQC ROOT OF TRUST] holy_witness -> Claim 2: PQC Root of Trust | Status: passed
2026-03-27 21:52:31,140 - SOVEREIGN_AUDIT_v2 - INFO - =========================================================================
2026-03-27 21:52:31,141 - SOVEREIGN_AUDIT_v2 - INFO - >>> ENTERING PHASE: CLAIM 3: MULTI-MODEL SYNTHESIS <<<
2026-03-27 21:52:31,146 - SOVEREIGN_AUDIT_v2 - INFO - =========================================================================
2026-03-27 21:52:31,158 - SOVEREIGN_AUDIT_v2 - INFO - Witnessing: backend/tests/test_governance_token_enforcement.py
2026-03-27 21:52:46,325 - SOVEREIGN_AUDIT_v2 - INFO - [CLAIM 3: MULTI-MODEL SYNTHESIS] holy_witness -> Claim 3: Multi-Model Synthesis | Status: passed
2026-03-27 21:52:46,333 - SOVEREIGN_AUDIT_v2 - INFO - Witnessing: backend/tests/gauntlets/e2e_constitutional_gauntlet.py
2026-03-27 21:52:55,086 - SOVEREIGN_AUDIT_v2 - INFO - [CLAIM 3: MULTI-MODEL SYNTHESIS] holy_witness -> Claim 3: Multi-Model Synthesis | Status: failed
2026-03-27 21:52:55,087 - SOVEREIGN_AUDIT_v2 - ERROR - FRACTURE DETECTED in Claim 3: Multi-Model Synthesis
2026-03-27 21:52:55,087 - SOVEREIGN_AUDIT_v2 - ERROR - ============================= test session starts =============================
platform win32 -- Python 3.14.3, pytest-9.0.1, pluggy-1.6.0 -- C:\Users\User\AppData\Local\Programs\Python\Python314\python.exe
cachedir: .pytest_cache
hypothesis profile 'default'
rootdir: C:\Users\User\source\repos\Metatron-triune-outbound-gate\ARDA_OS_v1_80_UNIVERSAL_SANCTITY
plugins: anyio-4.11.0, hypothesis-6.151.9, langsmith-0.6.6
collecting ... collected 1 item

backend/tests/gauntlets/e2e_constitutional_gauntlet.py::test_constitutional_gauntlet FAILED [100%]

================================== FAILURES ===================================
________________________ test_constitutional_gauntlet _________________________
backend\tests\gauntlets\e2e_constitutional_gauntlet.py:389: in test_constitutional_gauntlet
    asyncio.run(run_gauntlet())
..\..\..\..\AppData\Local\Programs\Python\Python314\Lib\asyncio\runners.py:204: in run
    return runner.run(main)
           ^^^^^^^^^^^^^^^^
..\..\..\..\AppData\Local\Programs\Python\Python314\Lib\asyncio\runners.py:127: in run
    return self._loop.run_until_complete(task)
           ^^^^^^^^^^^^^^^^^^^^^^^^^^^^^^^^^^^
..\..\..\..\AppData\Local\Programs\Python\Python314\Lib\asyncio\base_events.py:719: in run_until_complete
    return future.result()
           ^^^^^^^^^^^^^^^
backend\tests\gauntlets\e2e_constitutional_gauntlet.py:209: in run_gauntlet
    herald_state = await herald_service.bootstrap_herald()
                   ^^^^^^^^^^^^^^^^^^^^^^^^^^^^^^^^^^^^^^^
backend\services\manwe_herald.py:82: in bootstrap_herald
    boot_truth_status=BootTruthStatus(covenant.status),
                      ^^^^^^^^^^^^^^^^^^^^^^^^^^^^^^^^
..\..\..\..\AppData\Local\Programs\Python\Python314\Lib\enum.py:708: in __call__
    return cls.__new__(cls, value)
           ^^^^^^^^^^^^^^^^^^^^^^^
..\..\..\..\AppData\Local\Programs\Python\Python314\Lib\enum.py:1193: in __new__
    raise ve_exc
E   ValueError: 'harmonic' is not a valid BootTruthStatus
---------------------------- Captured stdout call -----------------------------
Initializing Constitutional Gauntlet...

--- GAUNTLET STAGE 1: LAWFUL BIRTH ---
Boot Status: BootTruthStatus.LAWFUL (ID: btb-5238b2ab9f82)
DEBUG: SecretFireForge requesting quote for indices: [0, 1, 7, 11]
DEBUG: SecretFireForge requesting quote for indices: [0, 1, 7, 11]
DIAG: Ainur varda -> state=radiant, score=1.00, reasons=['Truth is stable and attested']
DIAG: Ainur vaire -> state=lawful, score=1.00, reasons=['Lawful chronology confirmed']
DIAG: Ainur mandos -> state=remembered, score=1.00, reasons=['No unauthorized absence detected']
DIAG: Ainur manwe -> state=flowing, score=1.00, reasons=['System breath is natural and rhythmic']
DIAG: Ainur ulmo -> state=clear, score=1.00, reasons=['The deep places are clear and serene']
DIAG: Ainur aule -> state=harmonic, score=1.00, reasons=['Constitutional Synthesis: harmonic']
------------------------------ Captured log call ------------------------------
WARNING  backend.services.tpm_attestation_service:tpm_attestation_service.py:43 PHASE VI: Using high-fidelity mock (Development only).
WARNING  backend.services.tpm_attestation_service:tpm_attestation_service.py:217 TPM (Mock): PCR Mismatch detected (Bound: 4a654683... Current: d05d90b5...). Overriding for Infallible Audit.
WARNING  backend.valinor.gurthang_lsm:gurthang_lsm.py:12 Gurthang LSM: BPF loader (bcc) not found. Falling back to Simulated Blade.
WARNING  services.boot_attestation:boot_attestation.py:131 PHASE I: Using mock TPM PCRs (No physical TPM detected or mapped)
WARNING  services.boot_attestation:boot_attestation.py:181 PHASE I: Using mock initramfs hash (file not found)
WARNING  backend.services.preboot_state_sealer:preboot_state_sealer.py:74 No sealed preboot covenant found at C:\Users\User\source\repos\Metatron-triune-outbound-gate\ARDA_OS_v1_80_UNIVERSAL_SANCTITY\tmp\preboot_covenant.sealed.
WARNING  backend.arda.ainur.choir:choir.py:112 Secret Fire dissonance detected - reforging sweep-bound reality witness.
WARNING  backend.services.earendil_flow:earendil_flow.py:58 Eärendil Ingress: Sovereign Summons received for local-substrate. Syncing Resonance: STRAINED
============================== warnings summary ===============================
backend/tests/gauntlets/e2e_constitutional_gauntlet.py::test_constitutional_gauntlet
backend/tests/gauntlets/e2e_constitutional_gauntlet.py::test_constitutional_gauntlet
  C:\Users\User\AppData\Local\Programs\Python\Python314\Lib\site-packages\pydantic\main.py:250: DeprecationWarning: datetime.datetime.utcnow() is deprecated and scheduled for removal in a future version. Use timezone-aware objects to represent datetimes in UTC: datetime.datetime.now(datetime.UTC).
    validated_self = self.__pydantic_validator__.validate_python(data, self_instance=self)

backend/tests/gauntlets/e2e_constitutional_gauntlet.py::test_constitutional_gauntlet
backend/tests/gauntlets/e2e_constitutional_gauntlet.py::test_constitutional_gauntlet
  C:\Users\User\source\repos\Metatron-triune-outbound-gate\ARDA_OS_v1_80_UNIVERSAL_SANCTITY\backend\services\tpm_attestation_service.py:353: DeprecationWarning: datetime.datetime.utcnow() is deprecated and scheduled for removal in a future version. Use timezone-aware objects to represent datetimes in UTC: datetime.datetime.now(datetime.UTC).
    timestamp=datetime.utcnow()

backend/tests/gauntlets/e2e_constitutional_gauntlet.py::test_constitutional_gauntlet
backend/tests/gauntlets/e2e_constitutional_gauntlet.py::test_constitutional_gauntlet
backend/tests/gauntlets/e2e_constitutional_gauntlet.py::test_constitutional_gauntlet
backend/tests/gauntlets/e2e_constitutional_gauntlet.py::test_constitutional_gauntlet
  C:\Users\User\source\repos\Metatron-triune-outbound-gate\ARDA_OS_v1_80_UNIVERSAL_SANCTITY\backend\services\boot_eventlog_reader.py:67: DeprecationWarning: datetime.datetime.utcnow() is deprecated and scheduled for removal in a future version. Use timezone-aware objects to represent datetimes in UTC: datetime.datetime.now(datetime.UTC).
    timestamp=datetime.utcnow()

backend/tests/gauntlets/e2e_constitutional_gauntlet.py::test_constitutional_gauntlet
  C:\Users\User\source\repos\Metatron-triune-outbound-gate\ARDA_OS_v1_80_UNIVERSAL_SANCTITY\backend\services\attested_identity_bridge.py:40: DeprecationWarning: datetime.datetime.utcnow() is deprecated and scheduled for removal in a future version. Use timezone-aware objects to represent datetimes in UTC: datetime.datetime.now(datetime.UTC).
    last_attestation_timestamp=datetime.utcnow(),

-- Docs: https://docs.pytest.org/en/stable/how-to/capture-warnings.html
=========================== short test summary info ===========================
FAILED backend/tests/gauntlets/e2e_constitutional_gauntlet.py::test_constitutional_gauntlet
======================== 1 failed, 9 warnings in 3.69s ========================

2026-03-27 21:52:55,089 - SOVEREIGN_AUDIT_v2 - INFO - =========================================================================
2026-03-27 21:52:55,089 - SOVEREIGN_AUDIT_v2 - INFO - >>> ENTERING PHASE: CLAIM 4: SPATIAL GATING <<<
2026-03-27 21:52:55,090 - SOVEREIGN_AUDIT_v2 - INFO - =========================================================================
2026-03-27 21:52:55,090 - SOVEREIGN_AUDIT_v2 - INFO - Witnessing: backend/tests/test_advanced_services.py
2026-03-27 21:53:09,965 - SOVEREIGN_AUDIT_v2 - INFO - [CLAIM 4: SPATIAL GATING] holy_witness -> Claim 4: Spatial Gating | Status: passed
2026-03-27 21:53:09,973 - SOVEREIGN_AUDIT_v2 - INFO - =========================================================================
2026-03-27 21:53:09,978 - SOVEREIGN_AUDIT_v2 - INFO - >>> ENTERING PHASE: CLAIM 5: INDOMITABLE RESTORATION <<<
2026-03-27 21:53:09,981 - SOVEREIGN_AUDIT_v2 - INFO - =========================================================================
2026-03-27 21:53:09,988 - SOVEREIGN_AUDIT_v2 - INFO - Witnessing: backend/tests/test_advanced_services.py
2026-03-27 21:53:16,534 - SOVEREIGN_AUDIT_v2 - INFO - [CLAIM 5: INDOMITABLE RESTORATION] holy_witness -> Claim 5: Indomitable Restoration | Status: passed
2026-03-27 21:53:16,534 - SOVEREIGN_AUDIT_v2 - INFO - =========================================================================
2026-03-27 21:53:16,535 - SOVEREIGN_AUDIT_v2 - INFO - >>> ENTERING PHASE: CLAIM 6: TEMPORAL FENCING <<<
2026-03-27 21:53:16,535 - SOVEREIGN_AUDIT_v2 - INFO - =========================================================================
2026-03-27 21:53:16,536 - SOVEREIGN_AUDIT_v2 - INFO - Witnessing: backend/tests/test_advanced_services.py
2026-03-27 21:53:24,108 - SOVEREIGN_AUDIT_v2 - INFO - [CLAIM 6: TEMPORAL FENCING] holy_witness -> Claim 6: Temporal Fencing | Status: passed
2026-03-27 21:53:24,109 - SOVEREIGN_AUDIT_v2 - INFO - =========================================================================
2026-03-27 21:53:24,109 - SOVEREIGN_AUDIT_v2 - INFO - >>> ENTERING PHASE: CLAIM 7: CONSTITUTIONAL ATTESTATION <<<
2026-03-27 21:53:24,110 - SOVEREIGN_AUDIT_v2 - INFO - =========================================================================
2026-03-27 21:53:24,111 - SOVEREIGN_AUDIT_v2 - INFO - Witnessing: backend/tests/test_advanced_services.py
2026-03-27 21:53:30,169 - SOVEREIGN_AUDIT_v2 - INFO - [CLAIM 7: CONSTITUTIONAL ATTESTATION] holy_witness -> Claim 7: Constitutional Attestation | Status: passed
2026-03-27 21:53:30,170 - SOVEREIGN_AUDIT_v2 - INFO - Witnessing: backend/tests/gauntlets/test_secret_fire_gauntlet.py
2026-03-27 21:53:43,569 - SOVEREIGN_AUDIT_v2 - INFO - [CLAIM 7: CONSTITUTIONAL ATTESTATION] holy_witness -> Claim 7: Constitutional Attestation | Status: failed
2026-03-27 21:53:43,570 - SOVEREIGN_AUDIT_v2 - ERROR - FRACTURE DETECTED in Claim 7: Constitutional Attestation
2026-03-27 21:53:43,571 - SOVEREIGN_AUDIT_v2 - ERROR - ============================= test session starts =============================
platform win32 -- Python 3.14.3, pytest-9.0.1, pluggy-1.6.0 -- C:\Users\User\AppData\Local\Programs\Python\Python314\python.exe
cachedir: .pytest_cache
hypothesis profile 'default'
rootdir: C:\Users\User\source\repos\Metatron-triune-outbound-gate\ARDA_OS_v1_80_UNIVERSAL_SANCTITY
plugins: anyio-4.11.0, hypothesis-6.151.9, langsmith-0.6.6
collecting ... collected 6 items

backend/tests/gauntlets/test_secret_fire_gauntlet.py::test_sovereign_harmony PASSED [ 16%]
backend/tests/gauntlets/test_secret_fire_gauntlet.py::test_fire_replay_defense FAILED [ 33%]
backend/tests/gauntlets/test_secret_fire_gauntlet.py::test_stale_fire_defense FAILED [ 50%]
backend/tests/gauntlets/test_secret_fire_gauntlet.py::test_missing_fire_withhold PASSED [ 66%]
backend/tests/gauntlets/test_secret_fire_gauntlet.py::test_liar_detection PASSED [ 83%]
backend/tests/gauntlets/test_secret_fire_gauntlet.py::test_sovereign_mode_strictures PASSED [100%]

================================== FAILURES ===================================
__________________________ test_fire_replay_defense ___________________________
backend\tests\gauntlets\test_secret_fire_gauntlet.py:81: in test_fire_replay_defense
    asyncio.run(_test_fire_replay_defense())
..\..\..\..\AppData\Local\Programs\Python\Python314\Lib\asyncio\runners.py:204: in run
    return runner.run(main)
           ^^^^^^^^^^^^^^^^
..\..\..\..\AppData\Local\Programs\Python\Python314\Lib\asyncio\runners.py:127: in run
    return self._loop.run_until_complete(task)
           ^^^^^^^^^^^^^^^^^^^^^^^^^^^^^^^^^^^
..\..\..\..\AppData\Local\Programs\Python\Python314\Lib\asyncio\base_events.py:719: in run_until_complete
    return future.result()
           ^^^^^^^^^^^^^^^
backend\tests\gauntlets\test_secret_fire_gauntlet.py:98: in _test_fire_replay_defense
    assert verdict.overall_state in ("dissonant", "vetoed")
E   AssertionError: assert 'harmonic' in ('dissonant', 'vetoed')
E    +  where 'harmonic' = ChoirVerdict(overall_state='harmonic', heralding_allowed=False, confidence=1.0, ainur=[AinurVerdict(ainur='varda', state='radiant', score=1.0, reasons=['Truth is stable and attested'], evidence=[EvidencePacket(source='VardaCollector', evidence={'pcr_values': {0: 'd05d90b57b9941b5d30c05e51afe0aaede4c32a7b84d5b8cceaae00744da5e76'}, 'firmware_fingerprint': '044d2c09eaf36d8f470e497582c72bdfcafebdf35c7ba367b192b886cc76966b', 'signature_valid': True, 'manifest_hash_match': True, 'attestation_status': 'lawful'}, freshness=Freshness(observed_at=1774641220.0047653, window_ms=10000.0, nonce='c7239be9-556d-44e8-9ceb-bf79f1a4d2bf', epoch=None), voice_id='voice-20cf91335f20', sweep_id='sweep-e254a3b25fe7', secret_fire_ref='9a4484f276ea489cb4a0dab713d6c956', tier=None, ainur_target='varda', confidence=1.0)]), AinurVerdict(ainur='vaire', state='lawful', score=1.0, reasons=['Lawful chronology confirmed'], evidence=[EvidencePacket(source='VaireCollector', evidence={'phase_chain': ['rom', 'firmware', 'bootloader', 'initramfs', 'covenant', 'choir'], 'monotonic_counter': 1, 'transition_hashes': ['hash1', 'hash2'], 'stability_class': 'stable', 'temporal_strictness': 0.4, 'replay_suspected': False}, f...ed_entities': [], 'protected_manifestations_count': 0, 'erasure_suspected': False, 'flicker_events': [], 'log_metadata': {'journal_inode': 1024, 'sequence_gap': 0, 'timestamp_discontinuity': 0.0}}, freshness=Freshness(observed_at=1774641220.0049539, window_ms=30000.0, nonce='f8306d18-9911-450a-af04-092f46e52dce', epoch=None), voice_id='voice-20cf91335f20', sweep_id='sweep-e254a3b25fe7', secret_fire_ref='9a4484f276ea489cb4a0dab713d6c956', tier=None, ainur_target='mandos', confidence=1.0), EvidencePacket(source='UlmoCollector', evidence={'signals': [], 'anomaly_count': 0, 'max_risk_score': 0.0, 'memory_coherence': 1.0, 'device_stability': 1.0}, freshness=Freshness(observed_at=1774641220.0050368, window_ms=15000.0, nonce='6294b3b7-e993-439b-af21-bee320b8e8d3', epoch=None), voice_id='voice-20cf91335f20', sweep_id='sweep-e254a3b25fe7', secret_fire_ref='9a4484f276ea489cb4a0dab713d6c956', tier=None, ainur_target='ulmo', confidence=1.0)])], reasons=['Constitutional Synthesis: harmonic'], subject_id='local-substrate', node_id='local-substrate', voice_id='voice-20cf91335f20', sweep_id='sweep-e254a3b25fe7', covenant_id='runtime-covenant', epoch='current_epoch', observed_at=1774641220.006371).overall_state
---------------------------- Captured stdout call -----------------------------

--- Testing Secret Fire: REPLAY DEFENSE ---
DEBUG: SecretFireForge requesting quote for indices: [0, 1, 7, 11]
DEBUG: SecretFireForge requesting quote for indices: [0, 1, 7, 11]
DEBUG: SecretFireForge requesting quote for indices: [0, 1, 7, 11]
DIAG: Ainur varda -> state=radiant, score=1.00, reasons=['Truth is stable and attested']
DIAG: Ainur vaire -> state=lawful, score=1.00, reasons=['Lawful chronology confirmed']
DIAG: Ainur mandos -> state=remembered, score=1.00, reasons=['No unauthorized absence detected']
DIAG: Ainur manwe -> state=flowing, score=1.00, reasons=['System breath is natural and rhythmic']
DIAG: Ainur ulmo -> state=clear, score=1.00, reasons=['The deep places are clear and serene']
DIAG: Ainur aule -> state=harmonic, score=1.00, reasons=['Constitutional Synthesis: harmonic']
Overall State: harmonic
------------------------------ Captured log call ------------------------------
WARNING  backend.services.secret_fire:secret_fire.py:148 Forge: Nonce 595d4dde unknown or expired!
WARNING  backend.arda.ainur.choir:choir.py:112 Secret Fire dissonance detected - reforging sweep-bound reality witness.
___________________________ test_stale_fire_defense ___________________________
backend\tests\gauntlets\test_secret_fire_gauntlet.py:103: in test_stale_fire_defense
    asyncio.run(_test_stale_fire_defense())
..\..\..\..\AppData\Local\Programs\Python\Python314\Lib\asyncio\runners.py:204: in run
    return runner.run(main)
           ^^^^^^^^^^^^^^^^
..\..\..\..\AppData\Local\Programs\Python\Python314\Lib\asyncio\runners.py:127: in run
    return self._loop.run_until_complete(task)
           ^^^^^^^^^^^^^^^^^^^^^^^^^^^^^^^^^^^
..\..\..\..\AppData\Local\Programs\Python\Python314\Lib\asyncio\base_events.py:719: in run_until_complete
    return future.result()
           ^^^^^^^^^^^^^^^
backend\tests\gauntlets\test_secret_fire_gauntlet.py:118: in _test_stale_fire_defense
    assert verdict.overall_state in ("dissonant", "vetoed")
E   AssertionError: assert 'harmonic' in ('dissonant', 'vetoed')
E    +  where 'harmonic' = ChoirVerdict(overall_state='harmonic', heralding_allowed=False, confidence=1.0, ainur=[AinurVerdict(ainur='varda', state='radiant', score=1.0, reasons=['Truth is stable and attested'], evidence=[EvidencePacket(source='VardaCollector', evidence={'pcr_values': {0: 'd05d90b57b9941b5d30c05e51afe0aaede4c32a7b84d5b8cceaae00744da5e76'}, 'firmware_fingerprint': '044d2c09eaf36d8f470e497582c72bdfcafebdf35c7ba367b192b886cc76966b', 'signature_valid': True, 'manifest_hash_match': True, 'attestation_status': 'lawful'}, freshness=Freshness(observed_at=1774641221.0701451, window_ms=10000.0, nonce='87994024-a79e-44f6-a738-2edcc83e40d6', epoch=None), voice_id='voice-d8bc2cd2b558', sweep_id='sweep-bf342241b937', secret_fire_ref='395feebedb834316a74a22d1ed3276b3', tier=None, ainur_target='varda', confidence=1.0)]), AinurVerdict(ainur='vaire', state='lawful', score=1.0, reasons=['Lawful chronology confirmed'], evidence=[EvidencePacket(source='VaireCollector', evidence={'phase_chain': ['rom', 'firmware', 'bootloader', 'initramfs', 'covenant', 'choir'], 'monotonic_counter': 1, 'transition_hashes': ['hash1', 'hash2'], 'stability_class': 'stable', 'temporal_strictness': 0.4, 'replay_suspected': False}, f...ed_entities': [], 'protected_manifestations_count': 0, 'erasure_suspected': False, 'flicker_events': [], 'log_metadata': {'journal_inode': 1024, 'sequence_gap': 0, 'timestamp_discontinuity': 0.0}}, freshness=Freshness(observed_at=1774641221.0702336, window_ms=30000.0, nonce='d8058115-212f-4cb8-b7a4-b94e325f315d', epoch=None), voice_id='voice-d8bc2cd2b558', sweep_id='sweep-bf342241b937', secret_fire_ref='395feebedb834316a74a22d1ed3276b3', tier=None, ainur_target='mandos', confidence=1.0), EvidencePacket(source='UlmoCollector', evidence={'signals': [], 'anomaly_count': 0, 'max_risk_score': 0.0, 'memory_coherence': 1.0, 'device_stability': 1.0}, freshness=Freshness(observed_at=1774641221.070264, window_ms=15000.0, nonce='6494f642-1d72-40b3-ae48-6336792d2239', epoch=None), voice_id='voice-d8bc2cd2b558', sweep_id='sweep-bf342241b937', secret_fire_ref='395feebedb834316a74a22d1ed3276b3', tier=None, ainur_target='ulmo', confidence=1.0)])], reasons=['Constitutional Synthesis: harmonic'], subject_id='local-substrate', node_id='local-substrate', voice_id='voice-d8bc2cd2b558', sweep_id='sweep-bf342241b937', covenant_id='runtime-covenant', epoch='current_epoch', observed_at=1774641221.0708208).overall_state
---------------------------- Captured stdout call -----------------------------

--- Testing Secret Fire: STALE DEFENSE ---
DEBUG: SecretFireForge requesting quote for indices: [0, 1, 7, 11]
DEBUG: SecretFireForge requesting quote for indices: [0, 1, 7, 11]
DIAG: Ainur varda -> state=radiant, score=1.00, reasons=['Truth is stable and attested']
DIAG: Ainur vaire -> state=lawful, score=1.00, reasons=['Lawful chronology confirmed']
DIAG: Ainur mandos -> state=remembered, score=1.00, reasons=['No unauthorized absence detected']
DIAG: Ainur manwe -> state=flowing, score=1.00, reasons=['System breath is natural and rhythmic']
DIAG: Ainur ulmo -> state=clear, score=1.00, reasons=['The deep places are clear and serene']
DIAG: Ainur aule -> state=harmonic, score=1.00, reasons=['Constitutional Synthesis: harmonic']
Overall State: harmonic
------------------------------ Captured log call ------------------------------
WARNING  backend.services.secret_fire:secret_fire.py:155 Forge: Nonce 7cd5bf5a expired before response!
WARNING  backend.arda.ainur.choir:choir.py:112 Secret Fire dissonance detected - reforging sweep-bound reality witness.
============================== warnings summary ===============================
backend/tests/gauntlets/test_secret_fire_gauntlet.py::test_sovereign_harmony
backend/tests/gauntlets/test_secret_fire_gauntlet.py::test_sovereign_harmony
backend/tests/gauntlets/test_secret_fire_gauntlet.py::test_fire_replay_defense
backend/tests/gauntlets/test_secret_fire_gauntlet.py::test_stale_fire_defense
backend/tests/gauntlets/test_secret_fire_gauntlet.py::test_missing_fire_withhold
backend/tests/gauntlets/test_secret_fire_gauntlet.py::test_liar_detection
backend/tests/gauntlets/test_secret_fire_gauntlet.py::test_sovereign_mode_strictures
  C:\Users\User\AppData\Local\Programs\Python\Python314\Lib\site-packages\pydantic\main.py:250: DeprecationWarning: datetime.datetime.utcnow() is deprecated and scheduled for removal in a future version. Use timezone-aware objects to represent datetimes in UTC: datetime.datetime.now(datetime.UTC).
    validated_self = self.__pydantic_validator__.validate_python(data, self_instance=self)

backend/tests/gauntlets/test_secret_fire_gauntlet.py::test_sovereign_harmony
backend/tests/gauntlets/test_secret_fire_gauntlet.py::test_fire_replay_defense
backend/tests/gauntlets/test_secret_fire_gauntlet.py::test_fire_replay_defense
backend/tests/gauntlets/test_secret_fire_gauntlet.py::test_fire_replay_defense
backend/tests/gauntlets/test_secret_fire_gauntlet.py::test_stale_fire_defense
backend/tests/gauntlets/test_secret_fire_gauntlet.py::test_stale_fire_defense
backend/tests/gauntlets/test_secret_fire_gauntlet.py::test_missing_fire_withhold
backend/tests/gauntlets/test_secret_fire_gauntlet.py::test_liar_detection
backend/tests/gauntlets/test_secret_fire_gauntlet.py::test_sovereign_mode_strictures
  C:\Users\User\source\repos\Metatron-triune-outbound-gate\ARDA_OS_v1_80_UNIVERSAL_SANCTITY\backend\services\tpm_attestation_service.py:353: DeprecationWarning: datetime.datetime.utcnow() is deprecated and scheduled for removal in a future version. Use timezone-aware objects to represent datetimes in UTC: datetime.datetime.now(datetime.UTC).
    timestamp=datetime.utcnow()

-- Docs: https://docs.pytest.org/en/stable/how-to/capture-warnings.html
=========================== short test summary info ===========================
FAILED backend/tests/gauntlets/test_secret_fire_gauntlet.py::test_fire_replay_defense
FAILED backend/tests/gauntlets/test_secret_fire_gauntlet.py::test_stale_fire_defense
================== 2 failed, 4 passed, 16 warnings in 4.76s ===================

2026-03-27 21:53:43,576 - SOVEREIGN_AUDIT_v2 - INFO - =========================================================================
2026-03-27 21:53:43,577 - SOVEREIGN_AUDIT_v2 - INFO - >>> ENTERING PHASE: CLAIM 8: MEMORY CLASS ISOLATION <<<
2026-03-27 21:53:43,577 - SOVEREIGN_AUDIT_v2 - INFO - =========================================================================
2026-03-27 21:53:43,578 - SOVEREIGN_AUDIT_v2 - INFO - Witnessing: backend/tests/test_advanced_services.py
2026-03-27 21:53:49,421 - SOVEREIGN_AUDIT_v2 - INFO - [CLAIM 8: MEMORY CLASS ISOLATION] holy_witness -> Claim 8: Memory Class Isolation | Status: passed
2026-03-27 21:53:49,425 - SOVEREIGN_AUDIT_v2 - INFO - =========================================================================
2026-03-27 21:53:49,600 - SOVEREIGN_AUDIT_v2 - INFO - >>> ENTERING PHASE: CLAIM 9: QUORUM ENFORCEMENT <<<
2026-03-27 21:53:49,856 - SOVEREIGN_AUDIT_v2 - INFO - =========================================================================
2026-03-27 21:53:49,873 - SOVEREIGN_AUDIT_v2 - INFO - Witnessing: backend/tests/test_advanced_services.py
2026-03-27 21:53:54,764 - SOVEREIGN_AUDIT_v2 - INFO - [CLAIM 9: QUORUM ENFORCEMENT] holy_witness -> Claim 9: Quorum Enforcement | Status: passed
2026-03-27 21:53:54,764 - SOVEREIGN_AUDIT_v2 - INFO - Witnessing: backend/tests/gauntlets/e2e_chorus_gauntlet.py
2026-03-27 21:54:04,881 - SOVEREIGN_AUDIT_v2 - INFO - [CLAIM 9: QUORUM ENFORCEMENT] holy_witness -> Claim 9: Quorum Enforcement | Status: passed
2026-03-27 21:54:04,884 - SOVEREIGN_AUDIT_v2 - INFO - =========================================================================
2026-03-27 21:54:04,891 - SOVEREIGN_AUDIT_v2 - INFO - >>> ENTERING PHASE: CLAIM 10: BEHAVIORAL BASELINING <<<
2026-03-27 21:54:04,899 - SOVEREIGN_AUDIT_v2 - INFO - =========================================================================
2026-03-27 21:54:04,920 - SOVEREIGN_AUDIT_v2 - INFO - Witnessing: backend/tests/test_advanced_services.py
2026-03-27 21:54:11,160 - SOVEREIGN_AUDIT_v2 - INFO - [CLAIM 10: BEHAVIORAL BASELINING] holy_witness -> Claim 10: Behavioral Baselining | Status: passed
2026-03-27 21:54:11,161 - SOVEREIGN_AUDIT_v2 - INFO - =========================================================================
2026-03-27 21:54:11,164 - SOVEREIGN_AUDIT_v2 - INFO - >>> ENTERING PHASE: CLAIM 11: SOVEREIGN TRANSPORT <<<
2026-03-27 21:54:11,164 - SOVEREIGN_AUDIT_v2 - INFO - =========================================================================
2026-03-27 21:54:11,166 - SOVEREIGN_AUDIT_v2 - INFO - Witnessing: backend/tests/test_advanced_services.py
2026-03-27 21:54:15,714 - SOVEREIGN_AUDIT_v2 - INFO - [CLAIM 11: SOVEREIGN TRANSPORT] holy_witness -> Claim 11: Sovereign Transport | Status: passed
2026-03-27 21:54:15,715 - SOVEREIGN_AUDIT_v2 - INFO - Witnessing: backend/tests/gauntlets/test_secret_fire_gauntlet.py
2026-03-27 21:54:21,468 - SOVEREIGN_AUDIT_v2 - INFO - [CLAIM 11: SOVEREIGN TRANSPORT] holy_witness -> Claim 11: Sovereign Transport | Status: failed
2026-03-27 21:54:21,468 - SOVEREIGN_AUDIT_v2 - ERROR - FRACTURE DETECTED in Claim 11: Sovereign Transport
2026-03-27 21:54:21,469 - SOVEREIGN_AUDIT_v2 - ERROR - ============================= test session starts =============================
platform win32 -- Python 3.14.3, pytest-9.0.1, pluggy-1.6.0 -- C:\Users\User\AppData\Local\Programs\Python\Python314\python.exe
cachedir: .pytest_cache
hypothesis profile 'default'
rootdir: C:\Users\User\source\repos\Metatron-triune-outbound-gate\ARDA_OS_v1_80_UNIVERSAL_SANCTITY
plugins: anyio-4.11.0, hypothesis-6.151.9, langsmith-0.6.6
collecting ... collected 6 items

backend/tests/gauntlets/test_secret_fire_gauntlet.py::test_sovereign_harmony PASSED [ 16%]
backend/tests/gauntlets/test_secret_fire_gauntlet.py::test_fire_replay_defense FAILED [ 33%]
backend/tests/gauntlets/test_secret_fire_gauntlet.py::test_stale_fire_defense FAILED [ 50%]
backend/tests/gauntlets/test_secret_fire_gauntlet.py::test_missing_fire_withhold PASSED [ 66%]
backend/tests/gauntlets/test_secret_fire_gauntlet.py::test_liar_detection PASSED [ 83%]
backend/tests/gauntlets/test_secret_fire_gauntlet.py::test_sovereign_mode_strictures PASSED [100%]

================================== FAILURES ===================================
__________________________ test_fire_replay_defense ___________________________
backend\tests\gauntlets\test_secret_fire_gauntlet.py:81: in test_fire_replay_defense
    asyncio.run(_test_fire_replay_defense())
..\..\..\..\AppData\Local\Programs\Python\Python314\Lib\asyncio\runners.py:204: in run
    return runner.run(main)
           ^^^^^^^^^^^^^^^^
..\..\..\..\AppData\Local\Programs\Python\Python314\Lib\asyncio\runners.py:127: in run
    return self._loop.run_until_complete(task)
           ^^^^^^^^^^^^^^^^^^^^^^^^^^^^^^^^^^^
..\..\..\..\AppData\Local\Programs\Python\Python314\Lib\asyncio\base_events.py:719: in run_until_complete
    return future.result()
           ^^^^^^^^^^^^^^^
backend\tests\gauntlets\test_secret_fire_gauntlet.py:98: in _test_fire_replay_defense
    assert verdict.overall_state in ("dissonant", "vetoed")
E   AssertionError: assert 'harmonic' in ('dissonant', 'vetoed')
E    +  where 'harmonic' = ChoirVerdict(overall_state='harmonic', heralding_allowed=False, confidence=1.0, ainur=[AinurVerdict(ainur='varda', state='radiant', score=1.0, reasons=['Truth is stable and attested'], evidence=[EvidencePacket(source='VardaCollector', evidence={'pcr_values': {0: 'd05d90b57b9941b5d30c05e51afe0aaede4c32a7b84d5b8cceaae00744da5e76'}, 'firmware_fingerprint': '044d2c09eaf36d8f470e497582c72bdfcafebdf35c7ba367b192b886cc76966b', 'signature_valid': True, 'manifest_hash_match': True, 'attestation_status': 'lawful'}, freshness=Freshness(observed_at=1774641259.805841, window_ms=10000.0, nonce='b5e0df8d-1a82-4736-986d-ed38886346cb', epoch=None), voice_id='voice-65d04c6243c9', sweep_id='sweep-9cce801f7d56', secret_fire_ref='00bb989406c4483db627e740394bf3fd', tier=None, ainur_target='varda', confidence=1.0)]), AinurVerdict(ainur='vaire', state='lawful', score=1.0, reasons=['Lawful chronology confirmed'], evidence=[EvidencePacket(source='VaireCollector', evidence={'phase_chain': ['rom', 'firmware', 'bootloader', 'initramfs', 'covenant', 'choir'], 'monotonic_counter': 1, 'transition_hashes': ['hash1', 'hash2'], 'stability_class': 'stable', 'temporal_strictness': 0.4, 'replay_suspected': False}, fr...ed_entities': [], 'protected_manifestations_count': 0, 'erasure_suspected': False, 'flicker_events': [], 'log_metadata': {'journal_inode': 1024, 'sequence_gap': 0, 'timestamp_discontinuity': 0.0}}, freshness=Freshness(observed_at=1774641259.8061044, window_ms=30000.0, nonce='92fdb1fd-0cca-4176-9710-3d54317b45f3', epoch=None), voice_id='voice-65d04c6243c9', sweep_id='sweep-9cce801f7d56', secret_fire_ref='00bb989406c4483db627e740394bf3fd', tier=None, ainur_target='mandos', confidence=1.0), EvidencePacket(source='UlmoCollector', evidence={'signals': [], 'anomaly_count': 0, 'max_risk_score': 0.0, 'memory_coherence': 1.0, 'device_stability': 1.0}, freshness=Freshness(observed_at=1774641259.806197, window_ms=15000.0, nonce='6907d93b-25ab-49a2-b37b-a561ac312817', epoch=None), voice_id='voice-65d04c6243c9', sweep_id='sweep-9cce801f7d56', secret_fire_ref='00bb989406c4483db627e740394bf3fd', tier=None, ainur_target='ulmo', confidence=1.0)])], reasons=['Constitutional Synthesis: harmonic'], subject_id='local-substrate', node_id='local-substrate', voice_id='voice-65d04c6243c9', sweep_id='sweep-9cce801f7d56', covenant_id='runtime-covenant', epoch='current_epoch', observed_at=1774641259.8067017).overall_state
---------------------------- Captured stdout call -----------------------------

--- Testing Secret Fire: REPLAY DEFENSE ---
DEBUG: SecretFireForge requesting quote for indices: [0, 1, 7, 11]
DEBUG: SecretFireForge requesting quote for indices: [0, 1, 7, 11]
DEBUG: SecretFireForge requesting quote for indices: [0, 1, 7, 11]
DIAG: Ainur varda -> state=radiant, score=1.00, reasons=['Truth is stable and attested']
DIAG: Ainur vaire -> state=lawful, score=1.00, reasons=['Lawful chronology confirmed']
DIAG: Ainur mandos -> state=remembered, score=1.00, reasons=['No unauthorized absence detected']
DIAG: Ainur manwe -> state=flowing, score=1.00, reasons=['System breath is natural and rhythmic']
DIAG: Ainur ulmo -> state=clear, score=1.00, reasons=['The deep places are clear and serene']
DIAG: Ainur aule -> state=harmonic, score=1.00, reasons=['Constitutional Synthesis: harmonic']
Overall State: harmonic
------------------------------ Captured log call ------------------------------
WARNING  backend.services.secret_fire:secret_fire.py:148 Forge: Nonce 9c6ba350 unknown or expired!
WARNING  backend.arda.ainur.choir:choir.py:112 Secret Fire dissonance detected - reforging sweep-bound reality witness.
___________________________ test_stale_fire_defense ___________________________
backend\tests\gauntlets\test_secret_fire_gauntlet.py:103: in test_stale_fire_defense
    asyncio.run(_test_stale_fire_defense())
..\..\..\..\AppData\Local\Programs\Python\Python314\Lib\asyncio\runners.py:204: in run
    return runner.run(main)
           ^^^^^^^^^^^^^^^^
..\..\..\..\AppData\Local\Programs\Python\Python314\Lib\asyncio\runners.py:127: in run
    return self._loop.run_until_complete(task)
           ^^^^^^^^^^^^^^^^^^^^^^^^^^^^^^^^^^^
..\..\..\..\AppData\Local\Programs\Python\Python314\Lib\asyncio\base_events.py:719: in run_until_complete
    return future.result()
           ^^^^^^^^^^^^^^^
backend\tests\gauntlets\test_secret_fire_gauntlet.py:118: in _test_stale_fire_defense
    assert verdict.overall_state in ("dissonant", "vetoed")
E   AssertionError: assert 'harmonic' in ('dissonant', 'vetoed')
E    +  where 'harmonic' = ChoirVerdict(overall_state='harmonic', heralding_allowed=False, confidence=1.0, ainur=[AinurVerdict(ainur='varda', state='radiant', score=1.0, reasons=['Truth is stable and attested'], evidence=[EvidencePacket(source='VardaCollector', evidence={'pcr_values': {0: 'd05d90b57b9941b5d30c05e51afe0aaede4c32a7b84d5b8cceaae00744da5e76'}, 'firmware_fingerprint': '044d2c09eaf36d8f470e497582c72bdfcafebdf35c7ba367b192b886cc76966b', 'signature_valid': True, 'manifest_hash_match': True, 'attestation_status': 'lawful'}, freshness=Freshness(observed_at=1774641260.4614885, window_ms=10000.0, nonce='dab5612b-915a-4fe4-8d1d-ddd28a1896be', epoch=None), voice_id='voice-cf10f0c5763c', sweep_id='sweep-9b5dfdcaf30e', secret_fire_ref='b6364f50b4a74799891c591842c20c8f', tier=None, ainur_target='varda', confidence=1.0)]), AinurVerdict(ainur='vaire', state='lawful', score=1.0, reasons=['Lawful chronology confirmed'], evidence=[EvidencePacket(source='VaireCollector', evidence={'phase_chain': ['rom', 'firmware', 'bootloader', 'initramfs', 'covenant', 'choir'], 'monotonic_counter': 1, 'transition_hashes': ['hash1', 'hash2'], 'stability_class': 'stable', 'temporal_strictness': 0.4, 'replay_suspected': False}, f...ed_entities': [], 'protected_manifestations_count': 0, 'erasure_suspected': False, 'flicker_events': [], 'log_metadata': {'journal_inode': 1024, 'sequence_gap': 0, 'timestamp_discontinuity': 0.0}}, freshness=Freshness(observed_at=1774641260.4615786, window_ms=30000.0, nonce='179db2cd-9504-4bc9-8f34-b0f6a7667bd3', epoch=None), voice_id='voice-cf10f0c5763c', sweep_id='sweep-9b5dfdcaf30e', secret_fire_ref='b6364f50b4a74799891c591842c20c8f', tier=None, ainur_target='mandos', confidence=1.0), EvidencePacket(source='UlmoCollector', evidence={'signals': [], 'anomaly_count': 0, 'max_risk_score': 0.0, 'memory_coherence': 1.0, 'device_stability': 1.0}, freshness=Freshness(observed_at=1774641260.461609, window_ms=15000.0, nonce='08805124-3f00-4485-8115-22c835274e65', epoch=None), voice_id='voice-cf10f0c5763c', sweep_id='sweep-9b5dfdcaf30e', secret_fire_ref='b6364f50b4a74799891c591842c20c8f', tier=None, ainur_target='ulmo', confidence=1.0)])], reasons=['Constitutional Synthesis: harmonic'], subject_id='local-substrate', node_id='local-substrate', voice_id='voice-cf10f0c5763c', sweep_id='sweep-9b5dfdcaf30e', covenant_id='runtime-covenant', epoch='current_epoch', observed_at=1774641260.4622056).overall_state
---------------------------- Captured stdout call -----------------------------

--- Testing Secret Fire: STALE DEFENSE ---
DEBUG: SecretFireForge requesting quote for indices: [0, 1, 7, 11]
DEBUG: SecretFireForge requesting quote for indices: [0, 1, 7, 11]
DIAG: Ainur varda -> state=radiant, score=1.00, reasons=['Truth is stable and attested']
DIAG: Ainur vaire -> state=lawful, score=1.00, reasons=['Lawful chronology confirmed']
DIAG: Ainur mandos -> state=remembered, score=1.00, reasons=['No unauthorized absence detected']
DIAG: Ainur manwe -> state=flowing, score=1.00, reasons=['System breath is natural and rhythmic']
DIAG: Ainur ulmo -> state=clear, score=1.00, reasons=['The deep places are clear and serene']
DIAG: Ainur aule -> state=harmonic, score=1.00, reasons=['Constitutional Synthesis: harmonic']
Overall State: harmonic
------------------------------ Captured log call ------------------------------
WARNING  backend.services.secret_fire:secret_fire.py:155 Forge: Nonce d730aed8 expired before response!
WARNING  backend.arda.ainur.choir:choir.py:112 Secret Fire dissonance detected - reforging sweep-bound reality witness.
============================== warnings summary ===============================
backend/tests/gauntlets/test_secret_fire_gauntlet.py::test_sovereign_harmony
backend/tests/gauntlets/test_secret_fire_gauntlet.py::test_sovereign_harmony
backend/tests/gauntlets/test_secret_fire_gauntlet.py::test_fire_replay_defense
backend/tests/gauntlets/test_secret_fire_gauntlet.py::test_stale_fire_defense
backend/tests/gauntlets/test_secret_fire_gauntlet.py::test_missing_fire_withhold
backend/tests/gauntlets/test_secret_fire_gauntlet.py::test_liar_detection
backend/tests/gauntlets/test_secret_fire_gauntlet.py::test_sovereign_mode_strictures
  C:\Users\User\AppData\Local\Programs\Python\Python314\Lib\site-packages\pydantic\main.py:250: DeprecationWarning: datetime.datetime.utcnow() is deprecated and scheduled for removal in a future version. Use timezone-aware objects to represent datetimes in UTC: datetime.datetime.now(datetime.UTC).
    validated_self = self.__pydantic_validator__.validate_python(data, self_instance=self)

backend/tests/gauntlets/test_secret_fire_gauntlet.py::test_sovereign_harmony
backend/tests/gauntlets/test_secret_fire_gauntlet.py::test_fire_replay_defense
backend/tests/gauntlets/test_secret_fire_gauntlet.py::test_fire_replay_defense
backend/tests/gauntlets/test_secret_fire_gauntlet.py::test_fire_replay_defense
backend/tests/gauntlets/test_secret_fire_gauntlet.py::test_stale_fire_defense
backend/tests/gauntlets/test_secret_fire_gauntlet.py::test_stale_fire_defense
backend/tests/gauntlets/test_secret_fire_gauntlet.py::test_missing_fire_withhold
backend/tests/gauntlets/test_secret_fire_gauntlet.py::test_liar_detection
backend/tests/gauntlets/test_secret_fire_gauntlet.py::test_sovereign_mode_strictures
  C:\Users\User\source\repos\Metatron-triune-outbound-gate\ARDA_OS_v1_80_UNIVERSAL_SANCTITY\backend\services\tpm_attestation_service.py:353: DeprecationWarning: datetime.datetime.utcnow() is deprecated and scheduled for removal in a future version. Use timezone-aware objects to represent datetimes in UTC: datetime.datetime.now(datetime.UTC).
    timestamp=datetime.utcnow()

-- Docs: https://docs.pytest.org/en/stable/how-to/capture-warnings.html
=========================== short test summary info ===========================
FAILED backend/tests/gauntlets/test_secret_fire_gauntlet.py::test_fire_replay_defense
FAILED backend/tests/gauntlets/test_secret_fire_gauntlet.py::test_stale_fire_defense
================== 2 failed, 4 passed, 16 warnings in 2.04s ===================

2026-03-27 21:54:21,474 - SOVEREIGN_AUDIT_v2 - INFO - =========================================================================
2026-03-27 21:54:21,474 - SOVEREIGN_AUDIT_v2 - INFO - >>> ENTERING PHASE: CLAIM 12: RECURSIVE WITNESSING <<<
2026-03-27 21:54:21,475 - SOVEREIGN_AUDIT_v2 - INFO - =========================================================================
2026-03-27 21:54:21,476 - SOVEREIGN_AUDIT_v2 - INFO - Witnessing: backend/tests/test_advanced_services.py
2026-03-27 21:54:25,954 - SOVEREIGN_AUDIT_v2 - INFO - [CLAIM 12: RECURSIVE WITNESSING] holy_witness -> Claim 12: Recursive Witnessing | Status: passed
2026-03-27 21:54:25,955 - SOVEREIGN_AUDIT_v2 - INFO - Witnessing: backend/tests/gauntlets/test_tulkas_enforcement.py
2026-03-27 21:54:31,133 - SOVEREIGN_AUDIT_v2 - INFO - [CLAIM 12: RECURSIVE WITNESSING] holy_witness -> Claim 12: Recursive Witnessing | Status: passed
2026-03-27 21:54:31,133 - SOVEREIGN_AUDIT_v2 - INFO - =========================================================================
2026-03-27 21:54:31,134 - SOVEREIGN_AUDIT_v2 - INFO - >>> ENTERING PHASE: CLAIM 13: PERFECT HONESTY <<<
2026-03-27 21:54:31,134 - SOVEREIGN_AUDIT_v2 - INFO - =========================================================================
2026-03-27 21:54:31,135 - SOVEREIGN_AUDIT_v2 - INFO - Witnessing: backend/tests/test_advanced_services.py
2026-03-27 21:54:39,788 - SOVEREIGN_AUDIT_v2 - INFO - [CLAIM 13: PERFECT HONESTY] holy_witness -> Claim 13: Perfect Honesty | Status: passed
2026-03-27 21:54:39,804 - SOVEREIGN_AUDIT_v2 - INFO - Final JSON Telemetry Report Generated: C:\Users\User\source\repos\Metatron-triune-outbound-gate\ARDA_OS_v1_80_UNIVERSAL_SANCTITY\backend\scripts\telemetry_logs\SOVEREIGN_AUDIT_v2_report.json
2026-03-27 21:54:39,808 - SOVEREIGN_AUDIT_v2 - INFO - Markdown Telemetry Summary Generated: C:\Users\User\source\repos\Metatron-triune-outbound-gate\ARDA_OS_v1_80_UNIVERSAL_SANCTITY\backend\scripts\telemetry_logs\SOVEREIGN_AUDIT_v2_summary.md
2026-03-27 21:54:39,810 - SOVEREIGN_AUDIT_v2 - INFO - 
================================================================================
2026-03-27 21:54:39,810 - SOVEREIGN_AUDIT_v2 - ERROR - [FAIL] SOVEREIGN DISSONANCE DETECTED.
2026-03-27 21:54:39,811 - SOVEREIGN_AUDIT_v2 - INFO - ================================================================================
