2026-03-27 20:57:33,760 - SOVEREIGN_AUDIT_v2 - INFO - Telemetry Collector Initialized: SOVEREIGN_AUDIT_v2
2026-03-27 20:57:33,761 - SOVEREIGN_AUDIT_v2 - INFO - Logging to: C:\Users\User\source\repos\Metatron-triune-outbound-gate\ARDA_OS_v1_80_UNIVERSAL_SANCTITY\backend\scripts\telemetry_logs\SOVEREIGN_AUDIT_v2_20260327_185733.log
2026-03-27 20:57:33,761 - SOVEREIGN_AUDIT_v2 - INFO - ================================================================================
2026-03-27 20:57:33,761 - SOVEREIGN_AUDIT_v2 - INFO -  [ARDA OS : SOVEREIGN AUDIT EXECUTION BRIDGE (v2.0.0-INFALLIBLE)] 
2026-03-27 20:57:33,762 - SOVEREIGN_AUDIT_v2 - INFO - ================================================================================
2026-03-27 20:57:33,762 - SOVEREIGN_AUDIT_v2 - INFO - =========================================================================
2026-03-27 20:57:33,762 - SOVEREIGN_AUDIT_v2 - INFO - >>> ENTERING PHASE: CLAIM 1: SILICON INTEGRITY <<<
2026-03-27 20:57:33,762 - SOVEREIGN_AUDIT_v2 - INFO - =========================================================================
2026-03-27 20:57:33,763 - SOVEREIGN_AUDIT_v2 - INFO - Witnessing: backend/tests/test_governance_token_enforcement.py
2026-03-27 20:57:39,074 - SOVEREIGN_AUDIT_v2 - INFO - [CLAIM 1: SILICON INTEGRITY] holy_witness -> Claim 1: Silicon Integrity | Status: passed
2026-03-27 20:57:39,074 - SOVEREIGN_AUDIT_v2 - INFO - Witnessing: backend/tests/gauntlets/e2e_formation_gauntlet.py
2026-03-27 20:57:47,594 - SOVEREIGN_AUDIT_v2 - INFO - [CLAIM 1: SILICON INTEGRITY] holy_witness -> Claim 1: Silicon Integrity | Status: passed
2026-03-27 20:57:47,595 - SOVEREIGN_AUDIT_v2 - INFO - =========================================================================
2026-03-27 20:57:47,595 - SOVEREIGN_AUDIT_v2 - INFO - >>> ENTERING PHASE: CLAIM 2: PQC ROOT OF TRUST <<<
2026-03-27 20:57:47,596 - SOVEREIGN_AUDIT_v2 - INFO - =========================================================================
2026-03-27 20:57:47,596 - SOVEREIGN_AUDIT_v2 - INFO - Witnessing: backend/tests/test_quantum_security_service.py
2026-03-27 20:57:51,553 - SOVEREIGN_AUDIT_v2 - INFO - [CLAIM 2: PQC ROOT OF TRUST] holy_witness -> Claim 2: PQC Root of Trust | Status: passed
2026-03-27 20:57:51,554 - SOVEREIGN_AUDIT_v2 - INFO - =========================================================================
2026-03-27 20:57:51,554 - SOVEREIGN_AUDIT_v2 - INFO - >>> ENTERING PHASE: CLAIM 3: MULTI-MODEL SYNTHESIS <<<
2026-03-27 20:57:51,554 - SOVEREIGN_AUDIT_v2 - INFO - =========================================================================
2026-03-27 20:57:51,555 - SOVEREIGN_AUDIT_v2 - INFO - Witnessing: backend/tests/test_governance_token_enforcement.py
2026-03-27 20:57:56,374 - SOVEREIGN_AUDIT_v2 - INFO - [CLAIM 3: MULTI-MODEL SYNTHESIS] holy_witness -> Claim 3: Multi-Model Synthesis | Status: passed
2026-03-27 20:57:56,375 - SOVEREIGN_AUDIT_v2 - INFO - Witnessing: backend/tests/gauntlets/e2e_constitutional_gauntlet.py
2026-03-27 20:58:07,159 - SOVEREIGN_AUDIT_v2 - INFO - [CLAIM 3: MULTI-MODEL SYNTHESIS] holy_witness -> Claim 3: Multi-Model Synthesis | Status: passed
2026-03-27 20:58:07,161 - SOVEREIGN_AUDIT_v2 - INFO - =========================================================================
2026-03-27 20:58:07,161 - SOVEREIGN_AUDIT_v2 - INFO - >>> ENTERING PHASE: CLAIM 4: SPATIAL GATING <<<
2026-03-27 20:58:07,161 - SOVEREIGN_AUDIT_v2 - INFO - =========================================================================
2026-03-27 20:58:07,162 - SOVEREIGN_AUDIT_v2 - INFO - Witnessing: backend/tests/test_advanced_services.py
2026-03-27 20:58:12,163 - SOVEREIGN_AUDIT_v2 - INFO - [CLAIM 4: SPATIAL GATING] holy_witness -> Claim 4: Spatial Gating | Status: passed
2026-03-27 20:58:12,164 - SOVEREIGN_AUDIT_v2 - INFO - =========================================================================
2026-03-27 20:58:12,165 - SOVEREIGN_AUDIT_v2 - INFO - >>> ENTERING PHASE: CLAIM 5: INDOMITABLE RESTORATION <<<
2026-03-27 20:58:12,165 - SOVEREIGN_AUDIT_v2 - INFO - =========================================================================
2026-03-27 20:58:12,165 - SOVEREIGN_AUDIT_v2 - INFO - Witnessing: backend/tests/test_advanced_services.py
2026-03-27 20:58:15,260 - SOVEREIGN_AUDIT_v2 - INFO - [CLAIM 5: INDOMITABLE RESTORATION] holy_witness -> Claim 5: Indomitable Restoration | Status: passed
2026-03-27 20:58:15,260 - SOVEREIGN_AUDIT_v2 - INFO - =========================================================================
2026-03-27 20:58:15,260 - SOVEREIGN_AUDIT_v2 - INFO - >>> ENTERING PHASE: CLAIM 6: TEMPORAL FENCING <<<
2026-03-27 20:58:15,261 - SOVEREIGN_AUDIT_v2 - INFO - =========================================================================
2026-03-27 20:58:15,261 - SOVEREIGN_AUDIT_v2 - INFO - Witnessing: backend/tests/test_advanced_services.py
2026-03-27 20:58:17,816 - SOVEREIGN_AUDIT_v2 - INFO - [CLAIM 6: TEMPORAL FENCING] holy_witness -> Claim 6: Temporal Fencing | Status: passed
2026-03-27 20:58:17,816 - SOVEREIGN_AUDIT_v2 - INFO - =========================================================================
2026-03-27 20:58:17,817 - SOVEREIGN_AUDIT_v2 - INFO - >>> ENTERING PHASE: CLAIM 7: CONSTITUTIONAL ATTESTATION <<<
2026-03-27 20:58:17,817 - SOVEREIGN_AUDIT_v2 - INFO - =========================================================================
2026-03-27 20:58:17,817 - SOVEREIGN_AUDIT_v2 - INFO - Witnessing: backend/tests/test_advanced_services.py
2026-03-27 20:58:21,713 - SOVEREIGN_AUDIT_v2 - INFO - [CLAIM 7: CONSTITUTIONAL ATTESTATION] holy_witness -> Claim 7: Constitutional Attestation | Status: passed
2026-03-27 20:58:21,714 - SOVEREIGN_AUDIT_v2 - INFO - Witnessing: backend/tests/gauntlets/test_secret_fire_gauntlet.py
2026-03-27 20:58:25,744 - SOVEREIGN_AUDIT_v2 - INFO - [CLAIM 7: CONSTITUTIONAL ATTESTATION] holy_witness -> Claim 7: Constitutional Attestation | Status: failed
2026-03-27 20:58:25,745 - SOVEREIGN_AUDIT_v2 - ERROR - FRACTURE DETECTED in Claim 7: Constitutional Attestation
2026-03-27 20:58:25,746 - SOVEREIGN_AUDIT_v2 - ERROR - ============================= test session starts =============================
platform win32 -- Python 3.14.3, pytest-9.0.1, pluggy-1.6.0 -- C:\Users\User\AppData\Local\Programs\Python\Python314\python.exe
cachedir: .pytest_cache
hypothesis profile 'default'
rootdir: C:\Users\User\source\repos\Metatron-triune-outbound-gate\ARDA_OS_v1_80_UNIVERSAL_SANCTITY
plugins: anyio-4.11.0, hypothesis-6.151.9, langsmith-0.6.6
collecting ... collected 6 items

backend/tests/gauntlets/test_secret_fire_gauntlet.py::test_sovereign_harmony FAILED [ 16%]
backend/tests/gauntlets/test_secret_fire_gauntlet.py::test_fire_replay_defense PASSED [ 33%]
backend/tests/gauntlets/test_secret_fire_gauntlet.py::test_stale_fire_defense PASSED [ 50%]
backend/tests/gauntlets/test_secret_fire_gauntlet.py::test_missing_fire_withhold PASSED [ 66%]
backend/tests/gauntlets/test_secret_fire_gauntlet.py::test_liar_detection PASSED [ 83%]
backend/tests/gauntlets/test_secret_fire_gauntlet.py::test_sovereign_mode_strictures PASSED [100%]

================================== FAILURES ===================================
___________________________ test_sovereign_harmony ____________________________
backend\tests\gauntlets\test_secret_fire_gauntlet.py:63: in test_sovereign_harmony
    asyncio.run(_test_sovereign_harmony())
..\..\..\..\AppData\Local\Programs\Python\Python314\Lib\asyncio\runners.py:204: in run
    return runner.run(main)
           ^^^^^^^^^^^^^^^^
..\..\..\..\AppData\Local\Programs\Python\Python314\Lib\asyncio\runners.py:127: in run
    return self._loop.run_until_complete(task)
           ^^^^^^^^^^^^^^^^^^^^^^^^^^^^^^^^^^^
..\..\..\..\AppData\Local\Programs\Python\Python314\Lib\asyncio\base_events.py:719: in run_until_complete
    return future.result()
           ^^^^^^^^^^^^^^^
backend\tests\gauntlets\test_secret_fire_gauntlet.py:76: in _test_sovereign_harmony
    assert verdict.overall_state == "harmonic"
E   AssertionError: assert 'vetoed' == 'harmonic'
E     
E     - harmonic
E     + vetoed
---------------------------- Captured stdout call -----------------------------

--- Testing Secret Fire: SOVEREIGN HARMONY ---
DEBUG: SecretFireForge requesting quote for indices: [0, 1, 7, 11]
Overall State: vetoed
Reasons: ['Catastrophic Choral Dissonance (Sweep Veto)']
------------------------------ Captured log call ------------------------------
WARNING  backend.arda.ainur.choir:choir.py:112 Secret Fire dissonance detected - reforging sweep-bound reality witness.
WARNING  arda.resonance:resonance_service.py:47 DISSONANCE DETECTED: MESO Choir - mandos is strained (0.4)
ERROR    backend.arda.ainur.choir:choir.py:224 Tier meso Dissonance Detected! (Harmony: 0.4)
WARNING  backend.arda.ainur.choir:choir.py:200 Choral Handoff: MACRO tier inhibited due to lower tier dissonance.
WARNING  arda.resonance:resonance_service.py:47 DISSONANCE DETECTED: MACRO Choir - tier_macro_gate is strained (0.0)
============================== warnings summary ===============================
backend/tests/gauntlets/test_secret_fire_gauntlet.py::test_sovereign_harmony
backend/tests/gauntlets/test_secret_fire_gauntlet.py::test_sovereign_harmony
backend/tests/gauntlets/test_secret_fire_gauntlet.py::test_fire_replay_defense
backend/tests/gauntlets/test_secret_fire_gauntlet.py::test_stale_fire_defense
backend/tests/gauntlets/test_secret_fire_gauntlet.py::test_missing_fire_withhold
backend/tests/gauntlets/test_secret_fire_gauntlet.py::test_liar_detection
backend/tests/gauntlets/test_secret_fire_gauntlet.py::test_sovereign_mode_strictures
  C:\Users\User\AppData\Local\Programs\Python\Python314\Lib\site-packages\pydantic\main.py:250: DeprecationWarning: datetime.datetime.utcnow() is deprecated and scheduled for removal in a future version. Use timezone-aware objects to represent datetimes in UTC: datetime.datetime.now(datetime.UTC).
    validated_self = self.__pydantic_validator__.validate_python(data, self_instance=self)

backend/tests/gauntlets/test_secret_fire_gauntlet.py::test_sovereign_harmony
backend/tests/gauntlets/test_secret_fire_gauntlet.py::test_fire_replay_defense
backend/tests/gauntlets/test_secret_fire_gauntlet.py::test_fire_replay_defense
backend/tests/gauntlets/test_secret_fire_gauntlet.py::test_fire_replay_defense
backend/tests/gauntlets/test_secret_fire_gauntlet.py::test_stale_fire_defense
backend/tests/gauntlets/test_secret_fire_gauntlet.py::test_stale_fire_defense
backend/tests/gauntlets/test_secret_fire_gauntlet.py::test_missing_fire_withhold
backend/tests/gauntlets/test_secret_fire_gauntlet.py::test_liar_detection
backend/tests/gauntlets/test_secret_fire_gauntlet.py::test_sovereign_mode_strictures
  C:\Users\User\source\repos\Metatron-triune-outbound-gate\ARDA_OS_v1_80_UNIVERSAL_SANCTITY\backend\services\tpm_attestation_service.py:353: DeprecationWarning: datetime.datetime.utcnow() is deprecated and scheduled for removal in a future version. Use timezone-aware objects to represent datetimes in UTC: datetime.datetime.now(datetime.UTC).
    timestamp=datetime.utcnow()

-- Docs: https://docs.pytest.org/en/stable/how-to/capture-warnings.html
=========================== short test summary info ===========================
FAILED backend/tests/gauntlets/test_secret_fire_gauntlet.py::test_sovereign_harmony
================== 1 failed, 5 passed, 16 warnings in 1.57s ===================

2026-03-27 20:58:25,748 - SOVEREIGN_AUDIT_v2 - INFO - =========================================================================
2026-03-27 20:58:25,748 - SOVEREIGN_AUDIT_v2 - INFO - >>> ENTERING PHASE: CLAIM 8: MEMORY CLASS ISOLATION <<<
2026-03-27 20:58:25,748 - SOVEREIGN_AUDIT_v2 - INFO - =========================================================================
2026-03-27 20:58:25,748 - SOVEREIGN_AUDIT_v2 - INFO - Witnessing: backend/tests/test_advanced_services.py
2026-03-27 20:58:28,193 - SOVEREIGN_AUDIT_v2 - INFO - [CLAIM 8: MEMORY CLASS ISOLATION] holy_witness -> Claim 8: Memory Class Isolation | Status: passed
2026-03-27 20:58:28,194 - SOVEREIGN_AUDIT_v2 - INFO - =========================================================================
2026-03-27 20:58:28,195 - SOVEREIGN_AUDIT_v2 - INFO - >>> ENTERING PHASE: CLAIM 9: QUORUM ENFORCEMENT <<<
2026-03-27 20:58:28,196 - SOVEREIGN_AUDIT_v2 - INFO - =========================================================================
2026-03-27 20:58:28,196 - SOVEREIGN_AUDIT_v2 - INFO - Witnessing: backend/tests/test_advanced_services.py
2026-03-27 20:58:31,080 - SOVEREIGN_AUDIT_v2 - INFO - [CLAIM 9: QUORUM ENFORCEMENT] holy_witness -> Claim 9: Quorum Enforcement | Status: passed
2026-03-27 20:58:31,080 - SOVEREIGN_AUDIT_v2 - INFO - Witnessing: backend/tests/gauntlets/e2e_chorus_gauntlet.py
2026-03-27 20:58:36,680 - SOVEREIGN_AUDIT_v2 - INFO - [CLAIM 9: QUORUM ENFORCEMENT] holy_witness -> Claim 9: Quorum Enforcement | Status: passed
2026-03-27 20:58:36,680 - SOVEREIGN_AUDIT_v2 - INFO - =========================================================================
2026-03-27 20:58:36,682 - SOVEREIGN_AUDIT_v2 - INFO - >>> ENTERING PHASE: CLAIM 10: BEHAVIORAL BASELINING <<<
2026-03-27 20:58:36,683 - SOVEREIGN_AUDIT_v2 - INFO - =========================================================================
2026-03-27 20:58:36,684 - SOVEREIGN_AUDIT_v2 - INFO - Witnessing: backend/tests/test_advanced_services.py
2026-03-27 20:58:40,128 - SOVEREIGN_AUDIT_v2 - INFO - [CLAIM 10: BEHAVIORAL BASELINING] holy_witness -> Claim 10: Behavioral Baselining | Status: passed
2026-03-27 20:58:40,128 - SOVEREIGN_AUDIT_v2 - INFO - =========================================================================
2026-03-27 20:58:40,128 - SOVEREIGN_AUDIT_v2 - INFO - >>> ENTERING PHASE: CLAIM 11: SOVEREIGN TRANSPORT <<<
2026-03-27 20:58:40,129 - SOVEREIGN_AUDIT_v2 - INFO - =========================================================================
2026-03-27 20:58:40,129 - SOVEREIGN_AUDIT_v2 - INFO - Witnessing: backend/tests/test_advanced_services.py
2026-03-27 20:58:43,237 - SOVEREIGN_AUDIT_v2 - INFO - [CLAIM 11: SOVEREIGN TRANSPORT] holy_witness -> Claim 11: Sovereign Transport | Status: passed
2026-03-27 20:58:43,237 - SOVEREIGN_AUDIT_v2 - INFO - Witnessing: backend/tests/gauntlets/test_secret_fire_gauntlet.py
2026-03-27 20:58:47,831 - SOVEREIGN_AUDIT_v2 - INFO - [CLAIM 11: SOVEREIGN TRANSPORT] holy_witness -> Claim 11: Sovereign Transport | Status: failed
2026-03-27 20:58:47,832 - SOVEREIGN_AUDIT_v2 - ERROR - FRACTURE DETECTED in Claim 11: Sovereign Transport
2026-03-27 20:58:47,832 - SOVEREIGN_AUDIT_v2 - ERROR - ============================= test session starts =============================
platform win32 -- Python 3.14.3, pytest-9.0.1, pluggy-1.6.0 -- C:\Users\User\AppData\Local\Programs\Python\Python314\python.exe
cachedir: .pytest_cache
hypothesis profile 'default'
rootdir: C:\Users\User\source\repos\Metatron-triune-outbound-gate\ARDA_OS_v1_80_UNIVERSAL_SANCTITY
plugins: anyio-4.11.0, hypothesis-6.151.9, langsmith-0.6.6
collecting ... collected 6 items

backend/tests/gauntlets/test_secret_fire_gauntlet.py::test_sovereign_harmony FAILED [ 16%]
backend/tests/gauntlets/test_secret_fire_gauntlet.py::test_fire_replay_defense PASSED [ 33%]
backend/tests/gauntlets/test_secret_fire_gauntlet.py::test_stale_fire_defense PASSED [ 50%]
backend/tests/gauntlets/test_secret_fire_gauntlet.py::test_missing_fire_withhold PASSED [ 66%]
backend/tests/gauntlets/test_secret_fire_gauntlet.py::test_liar_detection PASSED [ 83%]
backend/tests/gauntlets/test_secret_fire_gauntlet.py::test_sovereign_mode_strictures PASSED [100%]

================================== FAILURES ===================================
___________________________ test_sovereign_harmony ____________________________
backend\tests\gauntlets\test_secret_fire_gauntlet.py:63: in test_sovereign_harmony
    asyncio.run(_test_sovereign_harmony())
..\..\..\..\AppData\Local\Programs\Python\Python314\Lib\asyncio\runners.py:204: in run
    return runner.run(main)
           ^^^^^^^^^^^^^^^^
..\..\..\..\AppData\Local\Programs\Python\Python314\Lib\asyncio\runners.py:127: in run
    return self._loop.run_until_complete(task)
           ^^^^^^^^^^^^^^^^^^^^^^^^^^^^^^^^^^^
..\..\..\..\AppData\Local\Programs\Python\Python314\Lib\asyncio\base_events.py:719: in run_until_complete
    return future.result()
           ^^^^^^^^^^^^^^^
backend\tests\gauntlets\test_secret_fire_gauntlet.py:76: in _test_sovereign_harmony
    assert verdict.overall_state == "harmonic"
E   AssertionError: assert 'vetoed' == 'harmonic'
E     
E     - harmonic
E     + vetoed
---------------------------- Captured stdout call -----------------------------

--- Testing Secret Fire: SOVEREIGN HARMONY ---
DEBUG: SecretFireForge requesting quote for indices: [0, 1, 7, 11]
Overall State: vetoed
Reasons: ['Catastrophic Choral Dissonance (Sweep Veto)']
------------------------------ Captured log call ------------------------------
WARNING  backend.arda.ainur.choir:choir.py:112 Secret Fire dissonance detected - reforging sweep-bound reality witness.
WARNING  arda.resonance:resonance_service.py:47 DISSONANCE DETECTED: MESO Choir - mandos is strained (0.4)
ERROR    backend.arda.ainur.choir:choir.py:224 Tier meso Dissonance Detected! (Harmony: 0.4)
WARNING  backend.arda.ainur.choir:choir.py:200 Choral Handoff: MACRO tier inhibited due to lower tier dissonance.
WARNING  arda.resonance:resonance_service.py:47 DISSONANCE DETECTED: MACRO Choir - tier_macro_gate is strained (0.0)
============================== warnings summary ===============================
backend/tests/gauntlets/test_secret_fire_gauntlet.py::test_sovereign_harmony
backend/tests/gauntlets/test_secret_fire_gauntlet.py::test_sovereign_harmony
backend/tests/gauntlets/test_secret_fire_gauntlet.py::test_fire_replay_defense
backend/tests/gauntlets/test_secret_fire_gauntlet.py::test_stale_fire_defense
backend/tests/gauntlets/test_secret_fire_gauntlet.py::test_missing_fire_withhold
backend/tests/gauntlets/test_secret_fire_gauntlet.py::test_liar_detection
backend/tests/gauntlets/test_secret_fire_gauntlet.py::test_sovereign_mode_strictures
  C:\Users\User\AppData\Local\Programs\Python\Python314\Lib\site-packages\pydantic\main.py:250: DeprecationWarning: datetime.datetime.utcnow() is deprecated and scheduled for removal in a future version. Use timezone-aware objects to represent datetimes in UTC: datetime.datetime.now(datetime.UTC).
    validated_self = self.__pydantic_validator__.validate_python(data, self_instance=self)

backend/tests/gauntlets/test_secret_fire_gauntlet.py::test_sovereign_harmony
backend/tests/gauntlets/test_secret_fire_gauntlet.py::test_fire_replay_defense
backend/tests/gauntlets/test_secret_fire_gauntlet.py::test_fire_replay_defense
backend/tests/gauntlets/test_secret_fire_gauntlet.py::test_fire_replay_defense
backend/tests/gauntlets/test_secret_fire_gauntlet.py::test_stale_fire_defense
backend/tests/gauntlets/test_secret_fire_gauntlet.py::test_stale_fire_defense
backend/tests/gauntlets/test_secret_fire_gauntlet.py::test_missing_fire_withhold
backend/tests/gauntlets/test_secret_fire_gauntlet.py::test_liar_detection
backend/tests/gauntlets/test_secret_fire_gauntlet.py::test_sovereign_mode_strictures
  C:\Users\User\source\repos\Metatron-triune-outbound-gate\ARDA_OS_v1_80_UNIVERSAL_SANCTITY\backend\services\tpm_attestation_service.py:353: DeprecationWarning: datetime.datetime.utcnow() is deprecated and scheduled for removal in a future version. Use timezone-aware objects to represent datetimes in UTC: datetime.datetime.now(datetime.UTC).
    timestamp=datetime.utcnow()

-- Docs: https://docs.pytest.org/en/stable/how-to/capture-warnings.html
=========================== short test summary info ===========================
FAILED backend/tests/gauntlets/test_secret_fire_gauntlet.py::test_sovereign_harmony
================== 1 failed, 5 passed, 16 warnings in 1.80s ===================

2026-03-27 20:58:47,834 - SOVEREIGN_AUDIT_v2 - INFO - =========================================================================
2026-03-27 20:58:47,835 - SOVEREIGN_AUDIT_v2 - INFO - >>> ENTERING PHASE: CLAIM 12: RECURSIVE WITNESSING <<<
2026-03-27 20:58:47,835 - SOVEREIGN_AUDIT_v2 - INFO - =========================================================================
2026-03-27 20:58:47,835 - SOVEREIGN_AUDIT_v2 - INFO - Witnessing: backend/tests/test_advanced_services.py
2026-03-27 20:58:50,402 - SOVEREIGN_AUDIT_v2 - INFO - [CLAIM 12: RECURSIVE WITNESSING] holy_witness -> Claim 12: Recursive Witnessing | Status: passed
2026-03-27 20:58:50,402 - SOVEREIGN_AUDIT_v2 - INFO - Witnessing: backend/tests/gauntlets/test_tulkas_enforcement.py
2026-03-27 20:58:54,695 - SOVEREIGN_AUDIT_v2 - INFO - [CLAIM 12: RECURSIVE WITNESSING] holy_witness -> Claim 12: Recursive Witnessing | Status: passed
2026-03-27 20:58:54,696 - SOVEREIGN_AUDIT_v2 - INFO - =========================================================================
2026-03-27 20:58:54,696 - SOVEREIGN_AUDIT_v2 - INFO - >>> ENTERING PHASE: CLAIM 13: PERFECT HONESTY <<<
2026-03-27 20:58:54,696 - SOVEREIGN_AUDIT_v2 - INFO - =========================================================================
2026-03-27 20:58:54,697 - SOVEREIGN_AUDIT_v2 - INFO - Witnessing: backend/tests/test_advanced_services.py
2026-03-27 20:58:57,343 - SOVEREIGN_AUDIT_v2 - INFO - [CLAIM 13: PERFECT HONESTY] holy_witness -> Claim 13: Perfect Honesty | Status: passed
2026-03-27 20:58:57,347 - SOVEREIGN_AUDIT_v2 - INFO - Final JSON Telemetry Report Generated: C:\Users\User\source\repos\Metatron-triune-outbound-gate\ARDA_OS_v1_80_UNIVERSAL_SANCTITY\backend\scripts\telemetry_logs\SOVEREIGN_AUDIT_v2_report.json
2026-03-27 20:58:57,352 - SOVEREIGN_AUDIT_v2 - INFO - Markdown Telemetry Summary Generated: C:\Users\User\source\repos\Metatron-triune-outbound-gate\ARDA_OS_v1_80_UNIVERSAL_SANCTITY\backend\scripts\telemetry_logs\SOVEREIGN_AUDIT_v2_summary.md
2026-03-27 20:58:57,356 - SOVEREIGN_AUDIT_v2 - INFO - 
================================================================================
2026-03-27 20:58:57,356 - SOVEREIGN_AUDIT_v2 - ERROR - [FAIL] SOVEREIGN DISSONANCE DETECTED.
2026-03-27 20:58:57,356 - SOVEREIGN_AUDIT_v2 - INFO - ================================================================================
