2026-03-27 23:19:10,956 - SOVEREIGN_AUDIT_v2 - INFO - Telemetry Collector Initialized: SOVEREIGN_AUDIT_v2
2026-03-27 23:19:10,957 - SOVEREIGN_AUDIT_v2 - INFO - Logging to: C:\Users\User\source\repos\Metatron-triune-outbound-gate\ARDA_OS_v1_80_UNIVERSAL_SANCTITY\backend\scripts\telemetry_logs\SOVEREIGN_AUDIT_v2_20260327_211910.log
2026-03-27 23:19:10,957 - SOVEREIGN_AUDIT_v2 - INFO - ================================================================================
2026-03-27 23:19:10,957 - SOVEREIGN_AUDIT_v2 - INFO -  [ARDA OS : SOVEREIGN AUDIT EXECUTION BRIDGE (v2.0.0-INFALLIBLE)] 
2026-03-27 23:19:10,957 - SOVEREIGN_AUDIT_v2 - INFO - ================================================================================
2026-03-27 23:19:10,958 - SOVEREIGN_AUDIT_v2 - INFO - =========================================================================
2026-03-27 23:19:10,958 - SOVEREIGN_AUDIT_v2 - INFO - >>> ENTERING PHASE: CLAIM 1: SILICON INTEGRITY <<<
2026-03-27 23:19:10,958 - SOVEREIGN_AUDIT_v2 - INFO - =========================================================================
2026-03-27 23:19:10,958 - SOVEREIGN_AUDIT_v2 - INFO - Witnessing: backend/tests/test_governance_token_enforcement.py
2026-03-27 23:19:14,065 - SOVEREIGN_AUDIT_v2 - INFO - [CLAIM 1: SILICON INTEGRITY] holy_witness -> Claim 1: Silicon Integrity | Status: passed
2026-03-27 23:19:14,065 - SOVEREIGN_AUDIT_v2 - INFO - Witnessing: backend/tests/gauntlets/e2e_formation_gauntlet.py
2026-03-27 23:19:19,413 - SOVEREIGN_AUDIT_v2 - INFO - [CLAIM 1: SILICON INTEGRITY] holy_witness -> Claim 1: Silicon Integrity | Status: passed
2026-03-27 23:19:19,413 - SOVEREIGN_AUDIT_v2 - INFO - =========================================================================
2026-03-27 23:19:19,413 - SOVEREIGN_AUDIT_v2 - INFO - >>> ENTERING PHASE: CLAIM 2: PQC ROOT OF TRUST <<<
2026-03-27 23:19:19,413 - SOVEREIGN_AUDIT_v2 - INFO - =========================================================================
2026-03-27 23:19:19,414 - SOVEREIGN_AUDIT_v2 - INFO - Witnessing: backend/tests/test_quantum_security_service.py
2026-03-27 23:19:22,143 - SOVEREIGN_AUDIT_v2 - INFO - [CLAIM 2: PQC ROOT OF TRUST] holy_witness -> Claim 2: PQC Root of Trust | Status: passed
2026-03-27 23:19:22,143 - SOVEREIGN_AUDIT_v2 - INFO - =========================================================================
2026-03-27 23:19:22,143 - SOVEREIGN_AUDIT_v2 - INFO - >>> ENTERING PHASE: CLAIM 3: MULTI-MODEL SYNTHESIS <<<
2026-03-27 23:19:22,143 - SOVEREIGN_AUDIT_v2 - INFO - =========================================================================
2026-03-27 23:19:22,143 - SOVEREIGN_AUDIT_v2 - INFO - Witnessing: backend/tests/test_governance_token_enforcement.py
2026-03-27 23:19:25,660 - SOVEREIGN_AUDIT_v2 - INFO - [CLAIM 3: MULTI-MODEL SYNTHESIS] holy_witness -> Claim 3: Multi-Model Synthesis | Status: passed
2026-03-27 23:19:25,661 - SOVEREIGN_AUDIT_v2 - INFO - Witnessing: backend/tests/gauntlets/e2e_constitutional_gauntlet.py
2026-03-27 23:19:29,626 - SOVEREIGN_AUDIT_v2 - INFO - [CLAIM 3: MULTI-MODEL SYNTHESIS] holy_witness -> Claim 3: Multi-Model Synthesis | Status: failed
2026-03-27 23:19:29,627 - SOVEREIGN_AUDIT_v2 - ERROR - FRACTURE DETECTED in Claim 3: Multi-Model Synthesis
2026-03-27 23:19:29,627 - SOVEREIGN_AUDIT_v2 - ERROR - ============================= test session starts =============================
platform win32 -- Python 3.14.3, pytest-9.0.1, pluggy-1.6.0 -- C:\Users\User\AppData\Local\Programs\Python\Python314\python.exe
cachedir: .pytest_cache
hypothesis profile 'default'
rootdir: C:\Users\User\source\repos\Metatron-triune-outbound-gate\ARDA_OS_v1_80_UNIVERSAL_SANCTITY
plugins: anyio-4.11.0, hypothesis-6.151.9, langsmith-0.6.6
collecting ... collected 1 item

backend/tests/gauntlets/e2e_constitutional_gauntlet.py::test_constitutional_gauntlet FAILED [100%]

================================== FAILURES ===================================
________________________ test_constitutional_gauntlet _________________________
backend\tests\gauntlets\e2e_constitutional_gauntlet.py:390: in test_constitutional_gauntlet
    asyncio.run(run_gauntlet())
..\..\..\..\AppData\Local\Programs\Python\Python314\Lib\asyncio\runners.py:204: in run
    return runner.run(main)
           ^^^^^^^^^^^^^^^^
..\..\..\..\AppData\Local\Programs\Python\Python314\Lib\asyncio\runners.py:127: in run
    return self._loop.run_until_complete(task)
           ^^^^^^^^^^^^^^^^^^^^^^^^^^^^^^^^^^^
..\..\..\..\AppData\Local\Programs\Python\Python314\Lib\asyncio\base_events.py:719: in run_until_complete
    return future.result()
           ^^^^^^^^^^^^^^^
backend\tests\gauntlets\e2e_constitutional_gauntlet.py:209: in run_gauntlet
    herald_state = await herald_service.bootstrap_herald()
                   ^^^^^^^^^^^^^^^^^^^^^^^^^^^^^^^^^^^^^^^
backend\services\manwe_herald.py:82: in bootstrap_herald
    boot_truth_status=BootTruthStatus(covenant.status),
                      ^^^^^^^^^^^^^^^^^^^^^^^^^^^^^^^^
..\..\..\..\AppData\Local\Programs\Python\Python314\Lib\enum.py:708: in __call__
    return cls.__new__(cls, value)
           ^^^^^^^^^^^^^^^^^^^^^^^
..\..\..\..\AppData\Local\Programs\Python\Python314\Lib\enum.py:1193: in __new__
    raise ve_exc
E   ValueError: 'harmonic' is not a valid BootTruthStatus
---------------------------- Captured stdout call -----------------------------
Initializing Constitutional Gauntlet...

--- GAUNTLET STAGE 1: LAWFUL BIRTH ---
Boot Status: BootTruthStatus.LAWFUL (ID: btb-ec2ca9a96663)
DEBUG: SecretFireForge requesting quote for indices: [0, 1, 7, 11]
DEBUG: SecretFireForge requesting quote for indices: [0, 1, 7, 11]
DIAG: Ainur varda -> state=radiant, score=1.00, reasons=['Truth is stable and attested']
DIAG: Ainur vaire -> state=lawful, score=1.00, reasons=['Lawful chronology confirmed']
DIAG: Ainur mandos -> state=remembered, score=1.00, reasons=['No unauthorized absence detected']
DIAG: Ainur manwe -> state=flowing, score=1.00, reasons=['System breath is natural and rhythmic']
DIAG: Ainur ulmo -> state=clear, score=1.00, reasons=['The deep places are clear and serene']
DIAG: Ainur aule -> state=harmonic, score=1.00, reasons=['Constitutional Synthesis: harmonic']
------------------------------ Captured log call ------------------------------
WARNING  backend.services.tpm_attestation_service:tpm_attestation_service.py:43 PHASE VI: Using high-fidelity mock (Development only).
WARNING  backend.services.tpm_attestation_service:tpm_attestation_service.py:217 TPM (Mock): PCR Mismatch detected (Bound: 4a654683... Current: d05d90b5...). Overriding for Infallible Audit.
WARNING  backend.valinor.gurthang_lsm:gurthang_lsm.py:12 Gurthang LSM: BPF loader (bcc) not found. Falling back to Simulated Blade.
WARNING  services.boot_attestation:boot_attestation.py:131 PHASE I: Using mock TPM PCRs (No physical TPM detected or mapped)
WARNING  services.boot_attestation:boot_attestation.py:181 PHASE I: Using mock initramfs hash (file not found)
WARNING  backend.services.preboot_state_sealer:preboot_state_sealer.py:74 No sealed preboot covenant found at C:\Users\User\source\repos\Metatron-triune-outbound-gate\ARDA_OS_v1_80_UNIVERSAL_SANCTITY\tmp\preboot_covenant.sealed.
WARNING  backend.arda.ainur.choir:choir.py:112 Secret Fire dissonance detected - reforging sweep-bound reality witness.
WARNING  backend.services.earendil_flow:earendil_flow.py:58 Eärendil Ingress: Sovereign Summons received for local-substrate. Syncing Resonance: STRAINED
============================== warnings summary ===============================
backend/tests/gauntlets/e2e_constitutional_gauntlet.py::test_constitutional_gauntlet
backend/tests/gauntlets/e2e_constitutional_gauntlet.py::test_constitutional_gauntlet
  C:\Users\User\AppData\Local\Programs\Python\Python314\Lib\site-packages\pydantic\main.py:250: DeprecationWarning: datetime.datetime.utcnow() is deprecated and scheduled for removal in a future version. Use timezone-aware objects to represent datetimes in UTC: datetime.datetime.now(datetime.UTC).
    validated_self = self.__pydantic_validator__.validate_python(data, self_instance=self)

backend/tests/gauntlets/e2e_constitutional_gauntlet.py::test_constitutional_gauntlet
backend/tests/gauntlets/e2e_constitutional_gauntlet.py::test_constitutional_gauntlet
  C:\Users\User\source\repos\Metatron-triune-outbound-gate\ARDA_OS_v1_80_UNIVERSAL_SANCTITY\backend\services\tpm_attestation_service.py:353: DeprecationWarning: datetime.datetime.utcnow() is deprecated and scheduled for removal in a future version. Use timezone-aware objects to represent datetimes in UTC: datetime.datetime.now(datetime.UTC).
    timestamp=datetime.utcnow()

backend/tests/gauntlets/e2e_constitutional_gauntlet.py::test_constitutional_gauntlet
backend/tests/gauntlets/e2e_constitutional_gauntlet.py::test_constitutional_gauntlet
backend/tests/gauntlets/e2e_constitutional_gauntlet.py::test_constitutional_gauntlet
backend/tests/gauntlets/e2e_constitutional_gauntlet.py::test_constitutional_gauntlet
  C:\Users\User\source\repos\Metatron-triune-outbound-gate\ARDA_OS_v1_80_UNIVERSAL_SANCTITY\backend\services\boot_eventlog_reader.py:67: DeprecationWarning: datetime.datetime.utcnow() is deprecated and scheduled for removal in a future version. Use timezone-aware objects to represent datetimes in UTC: datetime.datetime.now(datetime.UTC).
    timestamp=datetime.utcnow()

backend/tests/gauntlets/e2e_constitutional_gauntlet.py::test_constitutional_gauntlet
  C:\Users\User\source\repos\Metatron-triune-outbound-gate\ARDA_OS_v1_80_UNIVERSAL_SANCTITY\backend\services\attested_identity_bridge.py:40: DeprecationWarning: datetime.datetime.utcnow() is deprecated and scheduled for removal in a future version. Use timezone-aware objects to represent datetimes in UTC: datetime.datetime.now(datetime.UTC).
    last_attestation_timestamp=datetime.utcnow(),

..\..\..\..\AppData\Local\Programs\Python\Python314\Lib\site-packages\_pytest\cacheprovider.py:475
  C:\Users\User\AppData\Local\Programs\Python\Python314\Lib\site-packages\_pytest\cacheprovider.py:475: PytestCacheWarning: could not create cache path C:\Users\User\source\repos\Metatron-triune-outbound-gate\ARDA_OS_v1_80_UNIVERSAL_SANCTITY\.pytest_cache\v\cache\nodeids: [WinError 183] Cannot create a file when that file already exists: 'C:\\Users\\User\\source\\repos\\Metatron-triune-outbound-gate\\ARDA_OS_v1_80_UNIVERSAL_SANCTITY\\.pytest_cache\\v\\cache'
    config.cache.set("cache/nodeids", sorted(self.cached_nodeids))

..\..\..\..\AppData\Local\Programs\Python\Python314\Lib\site-packages\_pytest\cacheprovider.py:429
  C:\Users\User\AppData\Local\Programs\Python\Python314\Lib\site-packages\_pytest\cacheprovider.py:429: PytestCacheWarning: could not create cache path C:\Users\User\source\repos\Metatron-triune-outbound-gate\ARDA_OS_v1_80_UNIVERSAL_SANCTITY\.pytest_cache\v\cache\lastfailed: [WinError 183] Cannot create a file when that file already exists: 'C:\\Users\\User\\source\\repos\\Metatron-triune-outbound-gate\\ARDA_OS_v1_80_UNIVERSAL_SANCTITY\\.pytest_cache\\v\\cache'
    config.cache.set("cache/lastfailed", self.lastfailed)

-- Docs: https://docs.pytest.org/en/stable/how-to/capture-warnings.html
=========================== short test summary info ===========================
FAILED backend/tests/gauntlets/e2e_constitutional_gauntlet.py::test_constitutional_gauntlet
======================= 1 failed, 11 warnings in 1.56s ========================

2026-03-27 23:19:29,627 - SOVEREIGN_AUDIT_v2 - INFO - =========================================================================
2026-03-27 23:19:29,627 - SOVEREIGN_AUDIT_v2 - INFO - >>> ENTERING PHASE: CLAIM 4: SPATIAL GATING <<<
2026-03-27 23:19:29,627 - SOVEREIGN_AUDIT_v2 - INFO - =========================================================================
2026-03-27 23:19:29,628 - SOVEREIGN_AUDIT_v2 - INFO - Witnessing: backend/tests/test_advanced_services.py
2026-03-27 23:19:31,798 - SOVEREIGN_AUDIT_v2 - INFO - [CLAIM 4: SPATIAL GATING] holy_witness -> Claim 4: Spatial Gating | Status: passed
2026-03-27 23:19:31,799 - SOVEREIGN_AUDIT_v2 - INFO - =========================================================================
2026-03-27 23:19:31,799 - SOVEREIGN_AUDIT_v2 - INFO - >>> ENTERING PHASE: CLAIM 5: INDOMITABLE RESTORATION <<<
2026-03-27 23:19:31,799 - SOVEREIGN_AUDIT_v2 - INFO - =========================================================================
2026-03-27 23:19:31,799 - SOVEREIGN_AUDIT_v2 - INFO - Witnessing: backend/tests/test_advanced_services.py
2026-03-27 23:19:34,107 - SOVEREIGN_AUDIT_v2 - INFO - [CLAIM 5: INDOMITABLE RESTORATION] holy_witness -> Claim 5: Indomitable Restoration | Status: passed
2026-03-27 23:19:34,107 - SOVEREIGN_AUDIT_v2 - INFO - =========================================================================
2026-03-27 23:19:34,107 - SOVEREIGN_AUDIT_v2 - INFO - >>> ENTERING PHASE: CLAIM 6: TEMPORAL FENCING <<<
2026-03-27 23:19:34,107 - SOVEREIGN_AUDIT_v2 - INFO - =========================================================================
2026-03-27 23:19:34,107 - SOVEREIGN_AUDIT_v2 - INFO - Witnessing: backend/tests/test_advanced_services.py
2026-03-27 23:19:36,273 - SOVEREIGN_AUDIT_v2 - INFO - [CLAIM 6: TEMPORAL FENCING] holy_witness -> Claim 6: Temporal Fencing | Status: passed
2026-03-27 23:19:36,274 - SOVEREIGN_AUDIT_v2 - INFO - =========================================================================
2026-03-27 23:19:36,274 - SOVEREIGN_AUDIT_v2 - INFO - >>> ENTERING PHASE: CLAIM 7: CONSTITUTIONAL ATTESTATION <<<
2026-03-27 23:19:36,274 - SOVEREIGN_AUDIT_v2 - INFO - =========================================================================
2026-03-27 23:19:36,274 - SOVEREIGN_AUDIT_v2 - INFO - Witnessing: backend/tests/test_advanced_services.py
2026-03-27 23:19:38,415 - SOVEREIGN_AUDIT_v2 - INFO - [CLAIM 7: CONSTITUTIONAL ATTESTATION] holy_witness -> Claim 7: Constitutional Attestation | Status: passed
2026-03-27 23:19:38,415 - SOVEREIGN_AUDIT_v2 - INFO - Witnessing: backend/tests/gauntlets/test_secret_fire_gauntlet.py
2026-03-27 23:19:41,742 - SOVEREIGN_AUDIT_v2 - INFO - [CLAIM 7: CONSTITUTIONAL ATTESTATION] holy_witness -> Claim 7: Constitutional Attestation | Status: failed
2026-03-27 23:19:41,743 - SOVEREIGN_AUDIT_v2 - ERROR - FRACTURE DETECTED in Claim 7: Constitutional Attestation
2026-03-27 23:19:41,743 - SOVEREIGN_AUDIT_v2 - ERROR - ============================= test session starts =============================
platform win32 -- Python 3.14.3, pytest-9.0.1, pluggy-1.6.0 -- C:\Users\User\AppData\Local\Programs\Python\Python314\python.exe
cachedir: .pytest_cache
hypothesis profile 'default'
rootdir: C:\Users\User\source\repos\Metatron-triune-outbound-gate\ARDA_OS_v1_80_UNIVERSAL_SANCTITY
plugins: anyio-4.11.0, hypothesis-6.151.9, langsmith-0.6.6
collecting ... collected 6 items

backend/tests/gauntlets/test_secret_fire_gauntlet.py::test_sovereign_harmony PASSED [ 16%]
backend/tests/gauntlets/test_secret_fire_gauntlet.py::test_fire_replay_defense FAILED [ 33%]
backend/tests/gauntlets/test_secret_fire_gauntlet.py::test_stale_fire_defense FAILED [ 50%]
backend/tests/gauntlets/test_secret_fire_gauntlet.py::test_missing_fire_withhold PASSED [ 66%]
backend/tests/gauntlets/test_secret_fire_gauntlet.py::test_liar_detection PASSED [ 83%]
backend/tests/gauntlets/test_secret_fire_gauntlet.py::test_sovereign_mode_strictures PASSED [100%]

================================== FAILURES ===================================
__________________________ test_fire_replay_defense ___________________________
backend\tests\gauntlets\test_secret_fire_gauntlet.py:81: in test_fire_replay_defense
    asyncio.run(_test_fire_replay_defense())
..\..\..\..\AppData\Local\Programs\Python\Python314\Lib\asyncio\runners.py:204: in run
    return runner.run(main)
           ^^^^^^^^^^^^^^^^
..\..\..\..\AppData\Local\Programs\Python\Python314\Lib\asyncio\runners.py:127: in run
    return self._loop.run_until_complete(task)
           ^^^^^^^^^^^^^^^^^^^^^^^^^^^^^^^^^^^
..\..\..\..\AppData\Local\Programs\Python\Python314\Lib\asyncio\base_events.py:719: in run_until_complete
    return future.result()
           ^^^^^^^^^^^^^^^
backend\tests\gauntlets\test_secret_fire_gauntlet.py:98: in _test_fire_replay_defense
    assert verdict.overall_state in ("dissonant", "vetoed")
E   AssertionError: assert 'harmonic' in ('dissonant', 'vetoed')
E    +  where 'harmonic' = ChoirVerdict(overall_state='harmonic', heralding_allowed=False, confidence=1.0, ainur=[AinurVerdict(ainur='varda', state='radiant', score=1.0, reasons=['Truth is stable and attested'], evidence=[EvidencePacket(source='VardaCollector', evidence={'pcr_values': {0: 'd05d90b57b9941b5d30c05e51afe0aaede4c32a7b84d5b8cceaae00744da5e76'}, 'firmware_fingerprint': '044d2c09eaf36d8f470e497582c72bdfcafebdf35c7ba367b192b886cc76966b', 'signature_valid': True, 'manifest_hash_match': True, 'attestation_status': 'lawful', 'status': 'lawful'}, freshness=Freshness(observed_at=1774646380.6286294, window_ms=10000.0, nonce='1ee75fbf-a822-4f08-a230-f54897bf3e95', epoch=None), voice_id='voice-f4437c53c9d0', sweep_id='sweep-0d691a6a4f09', secret_fire_ref='308354d8e23742b9a2f491f37025369c', tier=None, ainur_target='varda', confidence=1.0)]), AinurVerdict(ainur='vaire', state='lawful', score=1.0, reasons=['Lawful chronology confirmed'], evidence=[EvidencePacket(source='VaireCollector', evidence={'phase_chain': ['rom', 'firmware', 'bootloader', 'initramfs', 'covenant', 'choir'], 'monotonic_counter': 1, 'transition_hashes': ['hash1', 'hash2'], 'stability_class': 'stable', 'temporal_strictness': 0.4, 'replay_s...d_entities': [], 'protected_manifestations_count': 0, 'erasure_suspected': False, 'flicker_events': [], 'log_metadata': {'journal_inode': 1024, 'sequence_gap': 0, 'timestamp_discontinuity': 0.0}}, freshness=Freshness(observed_at=1774646380.6287053, window_ms=30000.0, nonce='83447a7d-b455-45c2-bf63-eca23ff4306a', epoch=None), voice_id='voice-f4437c53c9d0', sweep_id='sweep-0d691a6a4f09', secret_fire_ref='308354d8e23742b9a2f491f37025369c', tier=None, ainur_target='mandos', confidence=1.0), EvidencePacket(source='UlmoCollector', evidence={'signals': [], 'anomaly_count': 0, 'max_risk_score': 0.0, 'memory_coherence': 1.0, 'device_stability': 1.0}, freshness=Freshness(observed_at=1774646380.6287355, window_ms=15000.0, nonce='1d740574-6a37-4e69-a568-4415277228c5', epoch=None), voice_id='voice-f4437c53c9d0', sweep_id='sweep-0d691a6a4f09', secret_fire_ref='308354d8e23742b9a2f491f37025369c', tier=None, ainur_target='ulmo', confidence=1.0)])], reasons=['Constitutional Synthesis: harmonic'], subject_id='local-substrate', node_id='local-substrate', voice_id='voice-f4437c53c9d0', sweep_id='sweep-0d691a6a4f09', covenant_id='runtime-covenant', epoch='current_epoch', observed_at=1774646380.6293604).overall_state
---------------------------- Captured stdout call -----------------------------

--- Testing Secret Fire: REPLAY DEFENSE ---
DEBUG: SecretFireForge requesting quote for indices: [0, 1, 7, 11]
DEBUG: SecretFireForge requesting quote for indices: [0, 1, 7, 11]
DEBUG: SecretFireForge requesting quote for indices: [0, 1, 7, 11]
DIAG: Ainur varda -> state=radiant, score=1.00, reasons=['Truth is stable and attested']
DIAG: Ainur vaire -> state=lawful, score=1.00, reasons=['Lawful chronology confirmed']
DIAG: Ainur mandos -> state=remembered, score=1.00, reasons=['No unauthorized absence detected']
DIAG: Ainur manwe -> state=flowing, score=1.00, reasons=['System breath is natural and rhythmic']
DIAG: Ainur ulmo -> state=clear, score=1.00, reasons=['The deep places are clear and serene']
DIAG: Ainur aule -> state=harmonic, score=1.00, reasons=['Constitutional Synthesis: harmonic']
Overall State: harmonic
------------------------------ Captured log call ------------------------------
WARNING  backend.services.secret_fire:secret_fire.py:148 Forge: Nonce 3bcc3a53 unknown or expired!
WARNING  backend.arda.ainur.choir:choir.py:112 Secret Fire dissonance detected - reforging sweep-bound reality witness.
___________________________ test_stale_fire_defense ___________________________
backend\tests\gauntlets\test_secret_fire_gauntlet.py:103: in test_stale_fire_defense
    asyncio.run(_test_stale_fire_defense())
..\..\..\..\AppData\Local\Programs\Python\Python314\Lib\asyncio\runners.py:204: in run
    return runner.run(main)
           ^^^^^^^^^^^^^^^^
..\..\..\..\AppData\Local\Programs\Python\Python314\Lib\asyncio\runners.py:127: in run
    return self._loop.run_until_complete(task)
           ^^^^^^^^^^^^^^^^^^^^^^^^^^^^^^^^^^^
..\..\..\..\AppData\Local\Programs\Python\Python314\Lib\asyncio\base_events.py:719: in run_until_complete
    return future.result()
           ^^^^^^^^^^^^^^^
backend\tests\gauntlets\test_secret_fire_gauntlet.py:118: in _test_stale_fire_defense
    assert verdict.overall_state in ("dissonant", "vetoed")
E   AssertionError: assert 'harmonic' in ('dissonant', 'vetoed')
E    +  where 'harmonic' = ChoirVerdict(overall_state='harmonic', heralding_allowed=False, confidence=1.0, ainur=[AinurVerdict(ainur='varda', state='radiant', score=1.0, reasons=['Truth is stable and attested'], evidence=[EvidencePacket(source='VardaCollector', evidence={'pcr_values': {0: 'd05d90b57b9941b5d30c05e51afe0aaede4c32a7b84d5b8cceaae00744da5e76'}, 'firmware_fingerprint': '044d2c09eaf36d8f470e497582c72bdfcafebdf35c7ba367b192b886cc76966b', 'signature_valid': True, 'manifest_hash_match': True, 'attestation_status': 'lawful', 'status': 'lawful'}, freshness=Freshness(observed_at=1774646381.0526145, window_ms=10000.0, nonce='a2dbc0ed-b2d8-47d9-874e-8375c8b5cc01', epoch=None), voice_id='voice-d7eec0dab82d', sweep_id='sweep-928ac81a5734', secret_fire_ref='2a67cf336bf54d9285c79d3d9b87cf5c', tier=None, ainur_target='varda', confidence=1.0)]), AinurVerdict(ainur='vaire', state='lawful', score=1.0, reasons=['Lawful chronology confirmed'], evidence=[EvidencePacket(source='VaireCollector', evidence={'phase_chain': ['rom', 'firmware', 'bootloader', 'initramfs', 'covenant', 'choir'], 'monotonic_counter': 1, 'transition_hashes': ['hash1', 'hash2'], 'stability_class': 'stable', 'temporal_strictness': 0.4, 'replay_s...pected_entities': [], 'protected_manifestations_count': 0, 'erasure_suspected': False, 'flicker_events': [], 'log_metadata': {'journal_inode': 1024, 'sequence_gap': 0, 'timestamp_discontinuity': 0.0}}, freshness=Freshness(observed_at=1774646381.05268, window_ms=30000.0, nonce='69004620-bdba-45b0-af2f-7ceb68b3ec35', epoch=None), voice_id='voice-d7eec0dab82d', sweep_id='sweep-928ac81a5734', secret_fire_ref='2a67cf336bf54d9285c79d3d9b87cf5c', tier=None, ainur_target='mandos', confidence=1.0), EvidencePacket(source='UlmoCollector', evidence={'signals': [], 'anomaly_count': 0, 'max_risk_score': 0.0, 'memory_coherence': 1.0, 'device_stability': 1.0}, freshness=Freshness(observed_at=1774646381.0527, window_ms=15000.0, nonce='9ca9d623-17f6-4521-a7c1-d809053d9724', epoch=None), voice_id='voice-d7eec0dab82d', sweep_id='sweep-928ac81a5734', secret_fire_ref='2a67cf336bf54d9285c79d3d9b87cf5c', tier=None, ainur_target='ulmo', confidence=1.0)])], reasons=['Constitutional Synthesis: harmonic'], subject_id='local-substrate', node_id='local-substrate', voice_id='voice-d7eec0dab82d', sweep_id='sweep-928ac81a5734', covenant_id='runtime-covenant', epoch='current_epoch', observed_at=1774646381.0532389).overall_state
---------------------------- Captured stdout call -----------------------------

--- Testing Secret Fire: STALE DEFENSE ---
DEBUG: SecretFireForge requesting quote for indices: [0, 1, 7, 11]
DEBUG: SecretFireForge requesting quote for indices: [0, 1, 7, 11]
DIAG: Ainur varda -> state=radiant, score=1.00, reasons=['Truth is stable and attested']
DIAG: Ainur vaire -> state=lawful, score=1.00, reasons=['Lawful chronology confirmed']
DIAG: Ainur mandos -> state=remembered, score=1.00, reasons=['No unauthorized absence detected']
DIAG: Ainur manwe -> state=flowing, score=1.00, reasons=['System breath is natural and rhythmic']
DIAG: Ainur ulmo -> state=clear, score=1.00, reasons=['The deep places are clear and serene']
DIAG: Ainur aule -> state=harmonic, score=1.00, reasons=['Constitutional Synthesis: harmonic']
Overall State: harmonic
------------------------------ Captured log call ------------------------------
WARNING  backend.services.secret_fire:secret_fire.py:155 Forge: Nonce 279d23be expired before response!
WARNING  backend.arda.ainur.choir:choir.py:112 Secret Fire dissonance detected - reforging sweep-bound reality witness.
============================== warnings summary ===============================
backend/tests/gauntlets/test_secret_fire_gauntlet.py::test_sovereign_harmony
backend/tests/gauntlets/test_secret_fire_gauntlet.py::test_sovereign_harmony
backend/tests/gauntlets/test_secret_fire_gauntlet.py::test_fire_replay_defense
backend/tests/gauntlets/test_secret_fire_gauntlet.py::test_stale_fire_defense
backend/tests/gauntlets/test_secret_fire_gauntlet.py::test_missing_fire_withhold
backend/tests/gauntlets/test_secret_fire_gauntlet.py::test_liar_detection
backend/tests/gauntlets/test_secret_fire_gauntlet.py::test_sovereign_mode_strictures
  C:\Users\User\AppData\Local\Programs\Python\Python314\Lib\site-packages\pydantic\main.py:250: DeprecationWarning: datetime.datetime.utcnow() is deprecated and scheduled for removal in a future version. Use timezone-aware objects to represent datetimes in UTC: datetime.datetime.now(datetime.UTC).
    validated_self = self.__pydantic_validator__.validate_python(data, self_instance=self)

backend/tests/gauntlets/test_secret_fire_gauntlet.py::test_sovereign_harmony
backend/tests/gauntlets/test_secret_fire_gauntlet.py::test_fire_replay_defense
backend/tests/gauntlets/test_secret_fire_gauntlet.py::test_fire_replay_defense
backend/tests/gauntlets/test_secret_fire_gauntlet.py::test_fire_replay_defense
backend/tests/gauntlets/test_secret_fire_gauntlet.py::test_stale_fire_defense
backend/tests/gauntlets/test_secret_fire_gauntlet.py::test_stale_fire_defense
backend/tests/gauntlets/test_secret_fire_gauntlet.py::test_missing_fire_withhold
backend/tests/gauntlets/test_secret_fire_gauntlet.py::test_liar_detection
backend/tests/gauntlets/test_secret_fire_gauntlet.py::test_sovereign_mode_strictures
  C:\Users\User\source\repos\Metatron-triune-outbound-gate\ARDA_OS_v1_80_UNIVERSAL_SANCTITY\backend\services\tpm_attestation_service.py:353: DeprecationWarning: datetime.datetime.utcnow() is deprecated and scheduled for removal in a future version. Use timezone-aware objects to represent datetimes in UTC: datetime.datetime.now(datetime.UTC).
    timestamp=datetime.utcnow()

..\..\..\..\AppData\Local\Programs\Python\Python314\Lib\site-packages\_pytest\cacheprovider.py:475
  C:\Users\User\AppData\Local\Programs\Python\Python314\Lib\site-packages\_pytest\cacheprovider.py:475: PytestCacheWarning: could not create cache path C:\Users\User\source\repos\Metatron-triune-outbound-gate\ARDA_OS_v1_80_UNIVERSAL_SANCTITY\.pytest_cache\v\cache\nodeids: [WinError 183] Cannot create a file when that file already exists: 'C:\\Users\\User\\source\\repos\\Metatron-triune-outbound-gate\\ARDA_OS_v1_80_UNIVERSAL_SANCTITY\\.pytest_cache\\v\\cache'
    config.cache.set("cache/nodeids", sorted(self.cached_nodeids))

..\..\..\..\AppData\Local\Programs\Python\Python314\Lib\site-packages\_pytest\cacheprovider.py:429
  C:\Users\User\AppData\Local\Programs\Python\Python314\Lib\site-packages\_pytest\cacheprovider.py:429: PytestCacheWarning: could not create cache path C:\Users\User\source\repos\Metatron-triune-outbound-gate\ARDA_OS_v1_80_UNIVERSAL_SANCTITY\.pytest_cache\v\cache\lastfailed: [WinError 183] Cannot create a file when that file already exists: 'C:\\Users\\User\\source\\repos\\Metatron-triune-outbound-gate\\ARDA_OS_v1_80_UNIVERSAL_SANCTITY\\.pytest_cache\\v\\cache'
    config.cache.set("cache/lastfailed", self.lastfailed)

-- Docs: https://docs.pytest.org/en/stable/how-to/capture-warnings.html
=========================== short test summary info ===========================
FAILED backend/tests/gauntlets/test_secret_fire_gauntlet.py::test_fire_replay_defense
FAILED backend/tests/gauntlets/test_secret_fire_gauntlet.py::test_stale_fire_defense
================== 2 failed, 4 passed, 18 warnings in 1.24s ===================

2026-03-27 23:19:41,744 - SOVEREIGN_AUDIT_v2 - INFO - =========================================================================
2026-03-27 23:19:41,744 - SOVEREIGN_AUDIT_v2 - INFO - >>> ENTERING PHASE: CLAIM 8: MEMORY CLASS ISOLATION <<<
2026-03-27 23:19:41,744 - SOVEREIGN_AUDIT_v2 - INFO - =========================================================================
2026-03-27 23:19:41,744 - SOVEREIGN_AUDIT_v2 - INFO - Witnessing: backend/tests/test_advanced_services.py
2026-03-27 23:19:43,896 - SOVEREIGN_AUDIT_v2 - INFO - [CLAIM 8: MEMORY CLASS ISOLATION] holy_witness -> Claim 8: Memory Class Isolation | Status: passed
2026-03-27 23:19:43,896 - SOVEREIGN_AUDIT_v2 - INFO - =========================================================================
2026-03-27 23:19:43,896 - SOVEREIGN_AUDIT_v2 - INFO - >>> ENTERING PHASE: CLAIM 9: QUORUM ENFORCEMENT <<<
2026-03-27 23:19:43,896 - SOVEREIGN_AUDIT_v2 - INFO - =========================================================================
2026-03-27 23:19:43,897 - SOVEREIGN_AUDIT_v2 - INFO - Witnessing: backend/tests/test_advanced_services.py
2026-03-27 23:19:46,065 - SOVEREIGN_AUDIT_v2 - INFO - [CLAIM 9: QUORUM ENFORCEMENT] holy_witness -> Claim 9: Quorum Enforcement | Status: passed
2026-03-27 23:19:46,065 - SOVEREIGN_AUDIT_v2 - INFO - Witnessing: backend/tests/gauntlets/e2e_chorus_gauntlet.py
2026-03-27 23:19:50,274 - SOVEREIGN_AUDIT_v2 - INFO - [CLAIM 9: QUORUM ENFORCEMENT] holy_witness -> Claim 9: Quorum Enforcement | Status: passed
2026-03-27 23:19:50,274 - SOVEREIGN_AUDIT_v2 - INFO - =========================================================================
2026-03-27 23:19:50,274 - SOVEREIGN_AUDIT_v2 - INFO - >>> ENTERING PHASE: CLAIM 10: BEHAVIORAL BASELINING <<<
2026-03-27 23:19:50,274 - SOVEREIGN_AUDIT_v2 - INFO - =========================================================================
2026-03-27 23:19:50,274 - SOVEREIGN_AUDIT_v2 - INFO - Witnessing: backend/tests/test_advanced_services.py
2026-03-27 23:19:52,503 - SOVEREIGN_AUDIT_v2 - INFO - [CLAIM 10: BEHAVIORAL BASELINING] holy_witness -> Claim 10: Behavioral Baselining | Status: passed
2026-03-27 23:19:52,503 - SOVEREIGN_AUDIT_v2 - INFO - =========================================================================
2026-03-27 23:19:52,503 - SOVEREIGN_AUDIT_v2 - INFO - >>> ENTERING PHASE: CLAIM 11: SOVEREIGN TRANSPORT <<<
2026-03-27 23:19:52,503 - SOVEREIGN_AUDIT_v2 - INFO - =========================================================================
2026-03-27 23:19:52,503 - SOVEREIGN_AUDIT_v2 - INFO - Witnessing: backend/tests/test_advanced_services.py
2026-03-27 23:19:54,794 - SOVEREIGN_AUDIT_v2 - INFO - [CLAIM 11: SOVEREIGN TRANSPORT] holy_witness -> Claim 11: Sovereign Transport | Status: passed
2026-03-27 23:19:54,794 - SOVEREIGN_AUDIT_v2 - INFO - Witnessing: backend/tests/gauntlets/test_secret_fire_gauntlet.py
2026-03-27 23:19:57,967 - SOVEREIGN_AUDIT_v2 - INFO - [CLAIM 11: SOVEREIGN TRANSPORT] holy_witness -> Claim 11: Sovereign Transport | Status: failed
2026-03-27 23:19:57,967 - SOVEREIGN_AUDIT_v2 - ERROR - FRACTURE DETECTED in Claim 11: Sovereign Transport
2026-03-27 23:19:57,968 - SOVEREIGN_AUDIT_v2 - ERROR - ============================= test session starts =============================
platform win32 -- Python 3.14.3, pytest-9.0.1, pluggy-1.6.0 -- C:\Users\User\AppData\Local\Programs\Python\Python314\python.exe
cachedir: .pytest_cache
hypothesis profile 'default'
rootdir: C:\Users\User\source\repos\Metatron-triune-outbound-gate\ARDA_OS_v1_80_UNIVERSAL_SANCTITY
plugins: anyio-4.11.0, hypothesis-6.151.9, langsmith-0.6.6
collecting ... collected 6 items

backend/tests/gauntlets/test_secret_fire_gauntlet.py::test_sovereign_harmony PASSED [ 16%]
backend/tests/gauntlets/test_secret_fire_gauntlet.py::test_fire_replay_defense FAILED [ 33%]
backend/tests/gauntlets/test_secret_fire_gauntlet.py::test_stale_fire_defense FAILED [ 50%]
backend/tests/gauntlets/test_secret_fire_gauntlet.py::test_missing_fire_withhold PASSED [ 66%]
backend/tests/gauntlets/test_secret_fire_gauntlet.py::test_liar_detection PASSED [ 83%]
backend/tests/gauntlets/test_secret_fire_gauntlet.py::test_sovereign_mode_strictures PASSED [100%]

================================== FAILURES ===================================
__________________________ test_fire_replay_defense ___________________________
backend\tests\gauntlets\test_secret_fire_gauntlet.py:81: in test_fire_replay_defense
    asyncio.run(_test_fire_replay_defense())
..\..\..\..\AppData\Local\Programs\Python\Python314\Lib\asyncio\runners.py:204: in run
    return runner.run(main)
           ^^^^^^^^^^^^^^^^
..\..\..\..\AppData\Local\Programs\Python\Python314\Lib\asyncio\runners.py:127: in run
    return self._loop.run_until_complete(task)
           ^^^^^^^^^^^^^^^^^^^^^^^^^^^^^^^^^^^
..\..\..\..\AppData\Local\Programs\Python\Python314\Lib\asyncio\base_events.py:719: in run_until_complete
    return future.result()
           ^^^^^^^^^^^^^^^
backend\tests\gauntlets\test_secret_fire_gauntlet.py:98: in _test_fire_replay_defense
    assert verdict.overall_state in ("dissonant", "vetoed")
E   AssertionError: assert 'harmonic' in ('dissonant', 'vetoed')
E    +  where 'harmonic' = ChoirVerdict(overall_state='harmonic', heralding_allowed=False, confidence=1.0, ainur=[AinurVerdict(ainur='varda', state='radiant', score=1.0, reasons=['Truth is stable and attested'], evidence=[EvidencePacket(source='VardaCollector', evidence={'pcr_values': {0: 'd05d90b57b9941b5d30c05e51afe0aaede4c32a7b84d5b8cceaae00744da5e76'}, 'firmware_fingerprint': '044d2c09eaf36d8f470e497582c72bdfcafebdf35c7ba367b192b886cc76966b', 'signature_valid': True, 'manifest_hash_match': True, 'attestation_status': 'lawful', 'status': 'lawful'}, freshness=Freshness(observed_at=1774646396.9820457, window_ms=10000.0, nonce='3f9222cc-d87f-42de-a6fb-88e3ed37f718', epoch=None), voice_id='voice-394155e17c10', sweep_id='sweep-9621439d5f06', secret_fire_ref='cd9bc97286d341b18d0496488b5b5ff4', tier=None, ainur_target='varda', confidence=1.0)]), AinurVerdict(ainur='vaire', state='lawful', score=1.0, reasons=['Lawful chronology confirmed'], evidence=[EvidencePacket(source='VaireCollector', evidence={'phase_chain': ['rom', 'firmware', 'bootloader', 'initramfs', 'covenant', 'choir'], 'monotonic_counter': 1, 'transition_hashes': ['hash1', 'hash2'], 'stability_class': 'stable', 'temporal_strictness': 0.4, 'replay_s...d_entities': [], 'protected_manifestations_count': 0, 'erasure_suspected': False, 'flicker_events': [], 'log_metadata': {'journal_inode': 1024, 'sequence_gap': 0, 'timestamp_discontinuity': 0.0}}, freshness=Freshness(observed_at=1774646396.9820871, window_ms=30000.0, nonce='411f1078-51a7-4229-9ba7-1bad11dfe401', epoch=None), voice_id='voice-394155e17c10', sweep_id='sweep-9621439d5f06', secret_fire_ref='cd9bc97286d341b18d0496488b5b5ff4', tier=None, ainur_target='mandos', confidence=1.0), EvidencePacket(source='UlmoCollector', evidence={'signals': [], 'anomaly_count': 0, 'max_risk_score': 0.0, 'memory_coherence': 1.0, 'device_stability': 1.0}, freshness=Freshness(observed_at=1774646396.9821033, window_ms=15000.0, nonce='26351ee4-23c3-4137-b184-eac079bc5028', epoch=None), voice_id='voice-394155e17c10', sweep_id='sweep-9621439d5f06', secret_fire_ref='cd9bc97286d341b18d0496488b5b5ff4', tier=None, ainur_target='ulmo', confidence=1.0)])], reasons=['Constitutional Synthesis: harmonic'], subject_id='local-substrate', node_id='local-substrate', voice_id='voice-394155e17c10', sweep_id='sweep-9621439d5f06', covenant_id='runtime-covenant', epoch='current_epoch', observed_at=1774646396.9824052).overall_state
---------------------------- Captured stdout call -----------------------------

--- Testing Secret Fire: REPLAY DEFENSE ---
DEBUG: SecretFireForge requesting quote for indices: [0, 1, 7, 11]
DEBUG: SecretFireForge requesting quote for indices: [0, 1, 7, 11]
DEBUG: SecretFireForge requesting quote for indices: [0, 1, 7, 11]
DIAG: Ainur varda -> state=radiant, score=1.00, reasons=['Truth is stable and attested']
DIAG: Ainur vaire -> state=lawful, score=1.00, reasons=['Lawful chronology confirmed']
DIAG: Ainur mandos -> state=remembered, score=1.00, reasons=['No unauthorized absence detected']
DIAG: Ainur manwe -> state=flowing, score=1.00, reasons=['System breath is natural and rhythmic']
DIAG: Ainur ulmo -> state=clear, score=1.00, reasons=['The deep places are clear and serene']
DIAG: Ainur aule -> state=harmonic, score=1.00, reasons=['Constitutional Synthesis: harmonic']
Overall State: harmonic
------------------------------ Captured log call ------------------------------
WARNING  backend.services.secret_fire:secret_fire.py:148 Forge: Nonce ac718263 unknown or expired!
WARNING  backend.arda.ainur.choir:choir.py:112 Secret Fire dissonance detected - reforging sweep-bound reality witness.
___________________________ test_stale_fire_defense ___________________________
backend\tests\gauntlets\test_secret_fire_gauntlet.py:103: in test_stale_fire_defense
    asyncio.run(_test_stale_fire_defense())
..\..\..\..\AppData\Local\Programs\Python\Python314\Lib\asyncio\runners.py:204: in run
    return runner.run(main)
           ^^^^^^^^^^^^^^^^
..\..\..\..\AppData\Local\Programs\Python\Python314\Lib\asyncio\runners.py:127: in run
    return self._loop.run_until_complete(task)
           ^^^^^^^^^^^^^^^^^^^^^^^^^^^^^^^^^^^
..\..\..\..\AppData\Local\Programs\Python\Python314\Lib\asyncio\base_events.py:719: in run_until_complete
    return future.result()
           ^^^^^^^^^^^^^^^
backend\tests\gauntlets\test_secret_fire_gauntlet.py:118: in _test_stale_fire_defense
    assert verdict.overall_state in ("dissonant", "vetoed")
E   AssertionError: assert 'harmonic' in ('dissonant', 'vetoed')
E    +  where 'harmonic' = ChoirVerdict(overall_state='harmonic', heralding_allowed=False, confidence=1.0, ainur=[AinurVerdict(ainur='varda', state='radiant', score=1.0, reasons=['Truth is stable and attested'], evidence=[EvidencePacket(source='VardaCollector', evidence={'pcr_values': {0: 'd05d90b57b9941b5d30c05e51afe0aaede4c32a7b84d5b8cceaae00744da5e76'}, 'firmware_fingerprint': '044d2c09eaf36d8f470e497582c72bdfcafebdf35c7ba367b192b886cc76966b', 'signature_valid': True, 'manifest_hash_match': True, 'attestation_status': 'lawful', 'status': 'lawful'}, freshness=Freshness(observed_at=1774646397.3717916, window_ms=10000.0, nonce='7d84c5e5-f1b5-40ad-9f46-033cb3cacd70', epoch=None), voice_id='voice-c722b2bf591f', sweep_id='sweep-5d2582d4110d', secret_fire_ref='64dbf5621bba4b94b0f94911e3503cd0', tier=None, ainur_target='varda', confidence=1.0)]), AinurVerdict(ainur='vaire', state='lawful', score=1.0, reasons=['Lawful chronology confirmed'], evidence=[EvidencePacket(source='VaireCollector', evidence={'phase_chain': ['rom', 'firmware', 'bootloader', 'initramfs', 'covenant', 'choir'], 'monotonic_counter': 1, 'transition_hashes': ['hash1', 'hash2'], 'stability_class': 'stable', 'temporal_strictness': 0.4, 'replay_s...ed_entities': [], 'protected_manifestations_count': 0, 'erasure_suspected': False, 'flicker_events': [], 'log_metadata': {'journal_inode': 1024, 'sequence_gap': 0, 'timestamp_discontinuity': 0.0}}, freshness=Freshness(observed_at=1774646397.371854, window_ms=30000.0, nonce='0ec646b6-8b5d-4ac2-8c40-625a4916be0b', epoch=None), voice_id='voice-c722b2bf591f', sweep_id='sweep-5d2582d4110d', secret_fire_ref='64dbf5621bba4b94b0f94911e3503cd0', tier=None, ainur_target='mandos', confidence=1.0), EvidencePacket(source='UlmoCollector', evidence={'signals': [], 'anomaly_count': 0, 'max_risk_score': 0.0, 'memory_coherence': 1.0, 'device_stability': 1.0}, freshness=Freshness(observed_at=1774646397.3718743, window_ms=15000.0, nonce='c4183695-56e8-445d-905e-28758ecd5cd6', epoch=None), voice_id='voice-c722b2bf591f', sweep_id='sweep-5d2582d4110d', secret_fire_ref='64dbf5621bba4b94b0f94911e3503cd0', tier=None, ainur_target='ulmo', confidence=1.0)])], reasons=['Constitutional Synthesis: harmonic'], subject_id='local-substrate', node_id='local-substrate', voice_id='voice-c722b2bf591f', sweep_id='sweep-5d2582d4110d', covenant_id='runtime-covenant', epoch='current_epoch', observed_at=1774646397.3722978).overall_state
---------------------------- Captured stdout call -----------------------------

--- Testing Secret Fire: STALE DEFENSE ---
DEBUG: SecretFireForge requesting quote for indices: [0, 1, 7, 11]
DEBUG: SecretFireForge requesting quote for indices: [0, 1, 7, 11]
DIAG: Ainur varda -> state=radiant, score=1.00, reasons=['Truth is stable and attested']
DIAG: Ainur vaire -> state=lawful, score=1.00, reasons=['Lawful chronology confirmed']
DIAG: Ainur mandos -> state=remembered, score=1.00, reasons=['No unauthorized absence detected']
DIAG: Ainur manwe -> state=flowing, score=1.00, reasons=['System breath is natural and rhythmic']
DIAG: Ainur ulmo -> state=clear, score=1.00, reasons=['The deep places are clear and serene']
DIAG: Ainur aule -> state=harmonic, score=1.00, reasons=['Constitutional Synthesis: harmonic']
Overall State: harmonic
------------------------------ Captured log call ------------------------------
WARNING  backend.services.secret_fire:secret_fire.py:155 Forge: Nonce c1c62edf expired before response!
WARNING  backend.arda.ainur.choir:choir.py:112 Secret Fire dissonance detected - reforging sweep-bound reality witness.
============================== warnings summary ===============================
backend/tests/gauntlets/test_secret_fire_gauntlet.py::test_sovereign_harmony
backend/tests/gauntlets/test_secret_fire_gauntlet.py::test_sovereign_harmony
backend/tests/gauntlets/test_secret_fire_gauntlet.py::test_fire_replay_defense
backend/tests/gauntlets/test_secret_fire_gauntlet.py::test_stale_fire_defense
backend/tests/gauntlets/test_secret_fire_gauntlet.py::test_missing_fire_withhold
backend/tests/gauntlets/test_secret_fire_gauntlet.py::test_liar_detection
backend/tests/gauntlets/test_secret_fire_gauntlet.py::test_sovereign_mode_strictures
  C:\Users\User\AppData\Local\Programs\Python\Python314\Lib\site-packages\pydantic\main.py:250: DeprecationWarning: datetime.datetime.utcnow() is deprecated and scheduled for removal in a future version. Use timezone-aware objects to represent datetimes in UTC: datetime.datetime.now(datetime.UTC).
    validated_self = self.__pydantic_validator__.validate_python(data, self_instance=self)

backend/tests/gauntlets/test_secret_fire_gauntlet.py::test_sovereign_harmony
backend/tests/gauntlets/test_secret_fire_gauntlet.py::test_fire_replay_defense
backend/tests/gauntlets/test_secret_fire_gauntlet.py::test_fire_replay_defense
backend/tests/gauntlets/test_secret_fire_gauntlet.py::test_fire_replay_defense
backend/tests/gauntlets/test_secret_fire_gauntlet.py::test_stale_fire_defense
backend/tests/gauntlets/test_secret_fire_gauntlet.py::test_stale_fire_defense
backend/tests/gauntlets/test_secret_fire_gauntlet.py::test_missing_fire_withhold
backend/tests/gauntlets/test_secret_fire_gauntlet.py::test_liar_detection
backend/tests/gauntlets/test_secret_fire_gauntlet.py::test_sovereign_mode_strictures
  C:\Users\User\source\repos\Metatron-triune-outbound-gate\ARDA_OS_v1_80_UNIVERSAL_SANCTITY\backend\services\tpm_attestation_service.py:353: DeprecationWarning: datetime.datetime.utcnow() is deprecated and scheduled for removal in a future version. Use timezone-aware objects to represent datetimes in UTC: datetime.datetime.now(datetime.UTC).
    timestamp=datetime.utcnow()

..\..\..\..\AppData\Local\Programs\Python\Python314\Lib\site-packages\_pytest\cacheprovider.py:475
  C:\Users\User\AppData\Local\Programs\Python\Python314\Lib\site-packages\_pytest\cacheprovider.py:475: PytestCacheWarning: could not create cache path C:\Users\User\source\repos\Metatron-triune-outbound-gate\ARDA_OS_v1_80_UNIVERSAL_SANCTITY\.pytest_cache\v\cache\nodeids: [WinError 183] Cannot create a file when that file already exists: 'C:\\Users\\User\\source\\repos\\Metatron-triune-outbound-gate\\ARDA_OS_v1_80_UNIVERSAL_SANCTITY\\.pytest_cache\\v\\cache'
    config.cache.set("cache/nodeids", sorted(self.cached_nodeids))

..\..\..\..\AppData\Local\Programs\Python\Python314\Lib\site-packages\_pytest\cacheprovider.py:429
  C:\Users\User\AppData\Local\Programs\Python\Python314\Lib\site-packages\_pytest\cacheprovider.py:429: PytestCacheWarning: could not create cache path C:\Users\User\source\repos\Metatron-triune-outbound-gate\ARDA_OS_v1_80_UNIVERSAL_SANCTITY\.pytest_cache\v\cache\lastfailed: [WinError 183] Cannot create a file when that file already exists: 'C:\\Users\\User\\source\\repos\\Metatron-triune-outbound-gate\\ARDA_OS_v1_80_UNIVERSAL_SANCTITY\\.pytest_cache\\v\\cache'
    config.cache.set("cache/lastfailed", self.lastfailed)

-- Docs: https://docs.pytest.org/en/stable/how-to/capture-warnings.html
=========================== short test summary info ===========================
FAILED backend/tests/gauntlets/test_secret_fire_gauntlet.py::test_fire_replay_defense
FAILED backend/tests/gauntlets/test_secret_fire_gauntlet.py::test_stale_fire_defense
================== 2 failed, 4 passed, 18 warnings in 1.19s ===================

2026-03-27 23:19:57,968 - SOVEREIGN_AUDIT_v2 - INFO - =========================================================================
2026-03-27 23:19:57,968 - SOVEREIGN_AUDIT_v2 - INFO - >>> ENTERING PHASE: CLAIM 12: RECURSIVE WITNESSING <<<
2026-03-27 23:19:57,968 - SOVEREIGN_AUDIT_v2 - INFO - =========================================================================
2026-03-27 23:19:57,968 - SOVEREIGN_AUDIT_v2 - INFO - Witnessing: backend/tests/test_advanced_services.py
2026-03-27 23:20:00,574 - SOVEREIGN_AUDIT_v2 - INFO - [CLAIM 12: RECURSIVE WITNESSING] holy_witness -> Claim 12: Recursive Witnessing | Status: passed
2026-03-27 23:20:00,574 - SOVEREIGN_AUDIT_v2 - INFO - Witnessing: backend/tests/gauntlets/test_tulkas_enforcement.py
2026-03-27 23:20:03,251 - SOVEREIGN_AUDIT_v2 - INFO - [CLAIM 12: RECURSIVE WITNESSING] holy_witness -> Claim 12: Recursive Witnessing | Status: passed
2026-03-27 23:20:03,252 - SOVEREIGN_AUDIT_v2 - INFO - =========================================================================
2026-03-27 23:20:03,252 - SOVEREIGN_AUDIT_v2 - INFO - >>> ENTERING PHASE: CLAIM 13: PERFECT HONESTY <<<
2026-03-27 23:20:03,252 - SOVEREIGN_AUDIT_v2 - INFO - =========================================================================
2026-03-27 23:20:03,253 - SOVEREIGN_AUDIT_v2 - INFO - Witnessing: backend/tests/test_advanced_services.py
2026-03-27 23:20:05,564 - SOVEREIGN_AUDIT_v2 - INFO - [CLAIM 13: PERFECT HONESTY] holy_witness -> Claim 13: Perfect Honesty | Status: passed
2026-03-27 23:20:05,566 - SOVEREIGN_AUDIT_v2 - INFO - Final JSON Telemetry Report Generated: C:\Users\User\source\repos\Metatron-triune-outbound-gate\ARDA_OS_v1_80_UNIVERSAL_SANCTITY\backend\scripts\telemetry_logs\SOVEREIGN_AUDIT_v2_report.json
2026-03-27 23:20:05,568 - SOVEREIGN_AUDIT_v2 - INFO - Markdown Telemetry Summary Generated: C:\Users\User\source\repos\Metatron-triune-outbound-gate\ARDA_OS_v1_80_UNIVERSAL_SANCTITY\backend\scripts\telemetry_logs\SOVEREIGN_AUDIT_v2_summary.md
2026-03-27 23:20:05,568 - SOVEREIGN_AUDIT_v2 - INFO - 
================================================================================
2026-03-27 23:20:05,568 - SOVEREIGN_AUDIT_v2 - ERROR - [FAIL] SOVEREIGN DISSONANCE DETECTED.
2026-03-27 23:20:05,569 - SOVEREIGN_AUDIT_v2 - INFO - ================================================================================
