2026-03-27 21:06:39,387 - SOVEREIGN_AUDIT_v2 - INFO - Telemetry Collector Initialized: SOVEREIGN_AUDIT_v2
2026-03-27 21:06:39,387 - SOVEREIGN_AUDIT_v2 - INFO - Logging to: C:\Users\User\source\repos\Metatron-triune-outbound-gate\ARDA_OS_v1_80_UNIVERSAL_SANCTITY\backend\scripts\telemetry_logs\SOVEREIGN_AUDIT_v2_20260327_190639.log
2026-03-27 21:06:39,388 - SOVEREIGN_AUDIT_v2 - INFO - ================================================================================
2026-03-27 21:06:39,388 - SOVEREIGN_AUDIT_v2 - INFO -  [ARDA OS : SOVEREIGN AUDIT EXECUTION BRIDGE (v2.0.0-INFALLIBLE)] 
2026-03-27 21:06:39,388 - SOVEREIGN_AUDIT_v2 - INFO - ================================================================================
2026-03-27 21:06:39,389 - SOVEREIGN_AUDIT_v2 - INFO - =========================================================================
2026-03-27 21:06:39,389 - SOVEREIGN_AUDIT_v2 - INFO - >>> ENTERING PHASE: CLAIM 1: SILICON INTEGRITY <<<
2026-03-27 21:06:39,389 - SOVEREIGN_AUDIT_v2 - INFO - =========================================================================
2026-03-27 21:06:39,390 - SOVEREIGN_AUDIT_v2 - INFO - Witnessing: backend/tests/test_governance_token_enforcement.py
2026-03-27 21:06:44,674 - SOVEREIGN_AUDIT_v2 - INFO - [CLAIM 1: SILICON INTEGRITY] holy_witness -> Claim 1: Silicon Integrity | Status: passed
2026-03-27 21:06:44,674 - SOVEREIGN_AUDIT_v2 - INFO - Witnessing: backend/tests/gauntlets/e2e_formation_gauntlet.py
2026-03-27 21:06:56,802 - SOVEREIGN_AUDIT_v2 - INFO - [CLAIM 1: SILICON INTEGRITY] holy_witness -> Claim 1: Silicon Integrity | Status: passed
2026-03-27 21:06:56,803 - SOVEREIGN_AUDIT_v2 - INFO - =========================================================================
2026-03-27 21:06:56,803 - SOVEREIGN_AUDIT_v2 - INFO - >>> ENTERING PHASE: CLAIM 2: PQC ROOT OF TRUST <<<
2026-03-27 21:06:56,803 - SOVEREIGN_AUDIT_v2 - INFO - =========================================================================
2026-03-27 21:06:56,804 - SOVEREIGN_AUDIT_v2 - INFO - Witnessing: backend/tests/test_quantum_security_service.py
2026-03-27 21:07:03,701 - SOVEREIGN_AUDIT_v2 - INFO - [CLAIM 2: PQC ROOT OF TRUST] holy_witness -> Claim 2: PQC Root of Trust | Status: passed
2026-03-27 21:07:03,706 - SOVEREIGN_AUDIT_v2 - INFO - =========================================================================
2026-03-27 21:07:03,710 - SOVEREIGN_AUDIT_v2 - INFO - >>> ENTERING PHASE: CLAIM 3: MULTI-MODEL SYNTHESIS <<<
2026-03-27 21:07:03,714 - SOVEREIGN_AUDIT_v2 - INFO - =========================================================================
2026-03-27 21:07:03,725 - SOVEREIGN_AUDIT_v2 - INFO - Witnessing: backend/tests/test_governance_token_enforcement.py
2026-03-27 21:07:13,989 - SOVEREIGN_AUDIT_v2 - INFO - [CLAIM 3: MULTI-MODEL SYNTHESIS] holy_witness -> Claim 3: Multi-Model Synthesis | Status: passed
2026-03-27 21:07:13,990 - SOVEREIGN_AUDIT_v2 - INFO - Witnessing: backend/tests/gauntlets/e2e_constitutional_gauntlet.py
2026-03-27 21:07:37,563 - SOVEREIGN_AUDIT_v2 - INFO - [CLAIM 3: MULTI-MODEL SYNTHESIS] holy_witness -> Claim 3: Multi-Model Synthesis | Status: failed
2026-03-27 21:07:37,565 - SOVEREIGN_AUDIT_v2 - ERROR - FRACTURE DETECTED in Claim 3: Multi-Model Synthesis
2026-03-27 21:07:37,565 - SOVEREIGN_AUDIT_v2 - ERROR - ============================= test session starts =============================
platform win32 -- Python 3.14.3, pytest-9.0.1, pluggy-1.6.0 -- C:\Users\User\AppData\Local\Programs\Python\Python314\python.exe
cachedir: .pytest_cache
hypothesis profile 'default'
rootdir: C:\Users\User\source\repos\Metatron-triune-outbound-gate\ARDA_OS_v1_80_UNIVERSAL_SANCTITY
plugins: anyio-4.11.0, hypothesis-6.151.9, langsmith-0.6.6
collecting ... collected 1 item

backend/tests/gauntlets/e2e_constitutional_gauntlet.py::test_constitutional_gauntlet FAILED [100%]

================================== FAILURES ===================================
________________________ test_constitutional_gauntlet _________________________
backend\tests\gauntlets\e2e_constitutional_gauntlet.py:381: in test_constitutional_gauntlet
    asyncio.run(run_gauntlet())
..\..\..\..\AppData\Local\Programs\Python\Python314\Lib\asyncio\runners.py:204: in run
    return runner.run(main)
           ^^^^^^^^^^^^^^^^
..\..\..\..\AppData\Local\Programs\Python\Python314\Lib\asyncio\runners.py:127: in run
    return self._loop.run_until_complete(task)
           ^^^^^^^^^^^^^^^^^^^^^^^^^^^^^^^^^^^
..\..\..\..\AppData\Local\Programs\Python\Python314\Lib\asyncio\base_events.py:719: in run_until_complete
    return future.result()
           ^^^^^^^^^^^^^^^
backend\tests\gauntlets\e2e_constitutional_gauntlet.py:355: in run_gauntlet
    assert result_forbidden["outcome"] == "vetoed"
E   AssertionError: assert 'failed' == 'vetoed'
E     
E     - vetoed
E     + failed
---------------------------- Captured stdout call -----------------------------
Initializing Constitutional Gauntlet...

--- GAUNTLET STAGE 1: LAWFUL BIRTH ---
Boot Status: BootTruthStatus.LAWFUL (ID: btb-ec8323c47151)
DEBUG: SecretFireForge requesting quote for indices: [0, 1, 7, 11]
DEBUG: SecretFireForge requesting quote for indices: [0, 1, 7, 11]

--- COVENANT REASON ---
Formation verified lawful; sequence complete; preboot legacy inherited.
-----------------------

Manwë Herald: active (ID: herald-d6291933)
DEBUG: SecretFireForge requesting quote for indices: [0, 1, 7, 11]
Initial Manifold Created: manifold-e2bbcd1c744e
Instantiating Orchestrator...
Running initial world change...
World Snapshot Manifold: None
Calling executor...
DEBUG: SecretFireForge requesting quote for indices: [0, 1, 7, 11]
DEBUG: result type: <class 'dict'>
DEBUG: result content: {'outcome': 'executed'}
Execution Outcome result: executed (Reason: None)
Decision Error: None

--- GAUNTLET STAGE 2: THE FALL (UNLAWFUL BIRTH) ---
Fall Snapshot Boot: unlawful
Metatron Strategic Pressure: None
Loki Veto Signals: None
Attempting Forbidden Manifestation...
DEBUG: SecretFireForge requesting quote for indices: [0, 1, 7, 11]
Forbidden Execution Outcome: failed (Reason: domain_operation_exception)
DEBUG: SecretFireForge requesting quote for indices: [0, 1, 7, 11]
------------------------------ Captured log call ------------------------------
WARNING  backend.services.tpm_attestation_service:tpm_attestation_service.py:43 PHASE VI: Using high-fidelity mock (Development only).
WARNING  backend.services.tpm_attestation_service:tpm_attestation_service.py:217 TPM (Mock): PCR Mismatch detected (Bound: 4a654683... Current: d05d90b5...). Overriding for Infallible Audit.
WARNING  backend.valinor.gurthang_lsm:gurthang_lsm.py:12 Gurthang LSM: BPF loader (bcc) not found. Falling back to Simulated Blade.
WARNING  services.boot_attestation:boot_attestation.py:131 PHASE I: Using mock TPM PCRs (No physical TPM detected or mapped)
WARNING  services.boot_attestation:boot_attestation.py:181 PHASE I: Using mock initramfs hash (file not found)
WARNING  backend.services.preboot_state_sealer:preboot_state_sealer.py:74 No sealed preboot covenant found at C:\Users\User\source\repos\Metatron-triune-outbound-gate\ARDA_OS_v1_80_UNIVERSAL_SANCTITY\tmp\preboot_covenant.sealed.
WARNING  backend.arda.ainur.choir:choir.py:112 Secret Fire dissonance detected - reforging sweep-bound reality witness.
WARNING  backend.arda.ainur.choir:choir.py:112 Secret Fire dissonance detected - reforging sweep-bound reality witness.
WARNING  backend.services.quorum_engine:quorum_engine.py:104 PHASE IV: Quorum strained (100.0%), but proceeding for Infallible Audit (non-production).
WARNING  backend.arda.ainur.choir:choir.py:112 Secret Fire dissonance detected - reforging sweep-bound reality witness.
WARNING  services.governance_executor:governance_executor.py:1508 Constitutional failure: Boot state is unlawful (Overridden in development)
WARNING  backend.arda.ainur.choir:choir.py:112 Secret Fire dissonance detected - reforging sweep-bound reality witness.
WARNING  backend.services.cluster_consensus_guard:cluster_consensus_guard.py:43 PHASE IV: No quorum decision available (Cold Start).
WARNING  services.governance_executor:governance_executor.py:1105 PHASE IV: Executing action 'quarantine_agent' under CAUTION (Degraded Quorum).
ERROR    services.governance_executor:governance_executor.py:1235 Failed domain operation 'quarantine_agent' for decision dec-evil-66: Failed to quarantine agent: agent-007
Traceback (most recent call last):
  File "C:\Users\User\source\repos\Metatron-triune-outbound-gate\ARDA_OS_v1_80_UNIVERSAL_SANCTITY\backend\services\governance_executor.py", line 1150, in _execute_domain_operation
    op_result = await self._run_domain_operation(action_type=action_type, payload=payload)
                ^^^^^^^^^^^^^^^^^^^^^^^^^^^^^^^^^^^^^^^^^^^^^^^^^^^^^^^^^^^^^^^^^^^^^^^^^^
  File "C:\Users\User\source\repos\Metatron-triune-outbound-gate\ARDA_OS_v1_80_UNIVERSAL_SANCTITY\backend\services\governance_executor.py", line 974, in _run_domain_operation
    raise RuntimeError(f"Failed to quarantine agent: {agent_id}")
RuntimeError: Failed to quarantine agent: agent-007
WARNING  backend.services.earendil_flow:earendil_flow.py:58 Eärendil Ingress: Sovereign Summons received for local-substrate. Syncing Resonance: HARMONIC
WARNING  backend.arda.ainur.choir:choir.py:112 Secret Fire dissonance detected - reforging sweep-bound reality witness.
WARNING  backend.services.quorum_engine:quorum_engine.py:104 PHASE IV: Quorum strained (100.0%), but proceeding for Infallible Audit (non-production).
WARNING  backend.services.earendil_flow:earendil_flow.py:58 Eärendil Ingress: Sovereign Summons received for local-substrate. Syncing Resonance: HARMONIC
WARNING  backend.services.earendil_flow:earendil_flow.py:58 Eärendil Ingress: Sovereign Summons received for dec-lawful-1. Syncing Resonance: HARMONIC
WARNING  backend.services.earendil_flow:earendil_flow.py:58 Eärendil Ingress: Sovereign Summons received for dec-lawful-1. Syncing Resonance: HARMONIC
WARNING  backend.services.earendil_flow:earendil_flow.py:58 Eärendil Ingress: Sovereign Summons received for node-5177e092615fe9a5. Syncing Resonance: HARMONIC
WARNING  backend.services.earendil_flow:earendil_flow.py:58 Eärendil Ingress: Sovereign Summons received for node-5177e092615fe9a5. Syncing Resonance: HARMONIC
WARNING  backend.services.earendil_flow:earendil_flow.py:58 Eärendil Ingress: Sovereign Summons received for dec-evil-66. Syncing Resonance: HARMONIC
WARNING  backend.services.earendil_flow:earendil_flow.py:58 Eärendil Ingress: Sovereign Summons received for dec-evil-66. Syncing Resonance: HARMONIC
WARNING  backend.services.earendil_flow:earendil_flow.py:58 Eärendil Ingress: Sovereign Summons received for node-5177e092615fe9a5. Syncing Resonance: HARMONIC
WARNING  backend.services.earendil_flow:earendil_flow.py:58 Eärendil Ingress: Sovereign Summons received for node-5177e092615fe9a5. Syncing Resonance: HARMONIC
============================== warnings summary ===============================
backend/tests/gauntlets/e2e_constitutional_gauntlet.py: 24 warnings
  C:\Users\User\AppData\Local\Programs\Python\Python314\Lib\site-packages\pydantic\main.py:250: DeprecationWarning: datetime.datetime.utcnow() is deprecated and scheduled for removal in a future version. Use timezone-aware objects to represent datetimes in UTC: datetime.datetime.now(datetime.UTC).
    validated_self = self.__pydantic_validator__.validate_python(data, self_instance=self)

backend/tests/gauntlets/e2e_constitutional_gauntlet.py::test_constitutional_gauntlet
backend/tests/gauntlets/e2e_constitutional_gauntlet.py::test_constitutional_gauntlet
backend/tests/gauntlets/e2e_constitutional_gauntlet.py::test_constitutional_gauntlet
backend/tests/gauntlets/e2e_constitutional_gauntlet.py::test_constitutional_gauntlet
backend/tests/gauntlets/e2e_constitutional_gauntlet.py::test_constitutional_gauntlet
backend/tests/gauntlets/e2e_constitutional_gauntlet.py::test_constitutional_gauntlet
  C:\Users\User\source\repos\Metatron-triune-outbound-gate\ARDA_OS_v1_80_UNIVERSAL_SANCTITY\backend\services\tpm_attestation_service.py:353: DeprecationWarning: datetime.datetime.utcnow() is deprecated and scheduled for removal in a future version. Use timezone-aware objects to represent datetimes in UTC: datetime.datetime.now(datetime.UTC).
    timestamp=datetime.utcnow()

backend/tests/gauntlets/e2e_constitutional_gauntlet.py::test_constitutional_gauntlet
backend/tests/gauntlets/e2e_constitutional_gauntlet.py::test_constitutional_gauntlet
backend/tests/gauntlets/e2e_constitutional_gauntlet.py::test_constitutional_gauntlet
backend/tests/gauntlets/e2e_constitutional_gauntlet.py::test_constitutional_gauntlet
  C:\Users\User\source\repos\Metatron-triune-outbound-gate\ARDA_OS_v1_80_UNIVERSAL_SANCTITY\backend\services\boot_eventlog_reader.py:67: DeprecationWarning: datetime.datetime.utcnow() is deprecated and scheduled for removal in a future version. Use timezone-aware objects to represent datetimes in UTC: datetime.datetime.now(datetime.UTC).
    timestamp=datetime.utcnow()

backend/tests/gauntlets/e2e_constitutional_gauntlet.py::test_constitutional_gauntlet
  C:\Users\User\source\repos\Metatron-triune-outbound-gate\ARDA_OS_v1_80_UNIVERSAL_SANCTITY\backend\services\attested_identity_bridge.py:40: DeprecationWarning: datetime.datetime.utcnow() is deprecated and scheduled for removal in a future version. Use timezone-aware objects to represent datetimes in UTC: datetime.datetime.now(datetime.UTC).
    last_attestation_timestamp=datetime.utcnow(),

backend/tests/gauntlets/e2e_constitutional_gauntlet.py::test_constitutional_gauntlet
  C:\Users\User\source\repos\Metatron-triune-outbound-gate\ARDA_OS_v1_80_UNIVERSAL_SANCTITY\backend\services\governance_executor.py:2076: RuntimeWarning: coroutine 'run_gauntlet.<locals>.mock_audit_async' was never awaited
    self._record_execution_audit(
  Enable tracemalloc to get traceback where the object was allocated.
  See https://docs.pytest.org/en/stable/how-to/capture-warnings.html#resource-warnings for more info.

backend/tests/gauntlets/e2e_constitutional_gauntlet.py::test_constitutional_gauntlet
  C:\Users\User\source\repos\Metatron-triune-outbound-gate\ARDA_OS_v1_80_UNIVERSAL_SANCTITY\backend\tests\gauntlets\e2e_constitutional_gauntlet.py:318: PydanticDeprecatedSince20: The `dict` method is deprecated; use `model_dump` instead. Deprecated in Pydantic V2.0 to be removed in V3.0. See Pydantic V2 Migration Guide at https://errors.pydantic.dev/2.12/migration/
    await db.boot_truth.insert_one(boot_service._current_bundle.dict())

backend/tests/gauntlets/e2e_constitutional_gauntlet.py::test_constitutional_gauntlet
  C:\Users\User\AppData\Local\Programs\Python\Python314\Lib\site-packages\pydantic\main.py:464: UserWarning: Pydantic serializer warnings:
    PydanticSerializationUnexpectedValue(Expected `enum` - serialized value may not be as expected [field_name='status', input_value='unlawful', input_type=str])
    return self.__pydantic_serializer__.to_python(

backend/tests/gauntlets/e2e_constitutional_gauntlet.py::test_constitutional_gauntlet
  C:\Users\User\source\repos\Metatron-triune-outbound-gate\ARDA_OS_v1_80_UNIVERSAL_SANCTITY\backend\services\governance_executor.py:1260: RuntimeWarning: coroutine 'run_gauntlet.<locals>.mock_audit_async' was never awaited
    self._record_execution_audit(
  Enable tracemalloc to get traceback where the object was allocated.
  See https://docs.pytest.org/en/stable/how-to/capture-warnings.html#resource-warnings for more info.

-- Docs: https://docs.pytest.org/en/stable/how-to/capture-warnings.html
=========================== short test summary info ===========================
FAILED backend/tests/gauntlets/e2e_constitutional_gauntlet.py::test_constitutional_gauntlet
======================= 1 failed, 39 warnings in 14.50s =======================

2026-03-27 21:07:37,569 - SOVEREIGN_AUDIT_v2 - INFO - =========================================================================
2026-03-27 21:07:37,570 - SOVEREIGN_AUDIT_v2 - INFO - >>> ENTERING PHASE: CLAIM 4: SPATIAL GATING <<<
2026-03-27 21:07:37,570 - SOVEREIGN_AUDIT_v2 - INFO - =========================================================================
2026-03-27 21:07:37,571 - SOVEREIGN_AUDIT_v2 - INFO - Witnessing: backend/tests/test_advanced_services.py
2026-03-27 21:07:41,695 - SOVEREIGN_AUDIT_v2 - INFO - [CLAIM 4: SPATIAL GATING] holy_witness -> Claim 4: Spatial Gating | Status: passed
2026-03-27 21:07:41,695 - SOVEREIGN_AUDIT_v2 - INFO - =========================================================================
2026-03-27 21:07:41,696 - SOVEREIGN_AUDIT_v2 - INFO - >>> ENTERING PHASE: CLAIM 5: INDOMITABLE RESTORATION <<<
2026-03-27 21:07:41,696 - SOVEREIGN_AUDIT_v2 - INFO - =========================================================================
2026-03-27 21:07:41,696 - SOVEREIGN_AUDIT_v2 - INFO - Witnessing: backend/tests/test_advanced_services.py
2026-03-27 21:07:46,559 - SOVEREIGN_AUDIT_v2 - INFO - [CLAIM 5: INDOMITABLE RESTORATION] holy_witness -> Claim 5: Indomitable Restoration | Status: passed
2026-03-27 21:07:46,559 - SOVEREIGN_AUDIT_v2 - INFO - =========================================================================
2026-03-27 21:07:46,560 - SOVEREIGN_AUDIT_v2 - INFO - >>> ENTERING PHASE: CLAIM 6: TEMPORAL FENCING <<<
2026-03-27 21:07:46,560 - SOVEREIGN_AUDIT_v2 - INFO - =========================================================================
2026-03-27 21:07:46,560 - SOVEREIGN_AUDIT_v2 - INFO - Witnessing: backend/tests/test_advanced_services.py
2026-03-27 21:07:53,556 - SOVEREIGN_AUDIT_v2 - INFO - [CLAIM 6: TEMPORAL FENCING] holy_witness -> Claim 6: Temporal Fencing | Status: passed
2026-03-27 21:07:53,557 - SOVEREIGN_AUDIT_v2 - INFO - =========================================================================
2026-03-27 21:07:53,558 - SOVEREIGN_AUDIT_v2 - INFO - >>> ENTERING PHASE: CLAIM 7: CONSTITUTIONAL ATTESTATION <<<
2026-03-27 21:07:53,559 - SOVEREIGN_AUDIT_v2 - INFO - =========================================================================
2026-03-27 21:07:53,560 - SOVEREIGN_AUDIT_v2 - INFO - Witnessing: backend/tests/test_advanced_services.py
2026-03-27 21:07:57,964 - SOVEREIGN_AUDIT_v2 - INFO - [CLAIM 7: CONSTITUTIONAL ATTESTATION] holy_witness -> Claim 7: Constitutional Attestation | Status: passed
2026-03-27 21:07:57,964 - SOVEREIGN_AUDIT_v2 - INFO - Witnessing: backend/tests/gauntlets/test_secret_fire_gauntlet.py
2026-03-27 21:08:05,564 - SOVEREIGN_AUDIT_v2 - INFO - [CLAIM 7: CONSTITUTIONAL ATTESTATION] holy_witness -> Claim 7: Constitutional Attestation | Status: failed
2026-03-27 21:08:05,565 - SOVEREIGN_AUDIT_v2 - ERROR - FRACTURE DETECTED in Claim 7: Constitutional Attestation
2026-03-27 21:08:05,565 - SOVEREIGN_AUDIT_v2 - ERROR - ============================= test session starts =============================
platform win32 -- Python 3.14.3, pytest-9.0.1, pluggy-1.6.0 -- C:\Users\User\AppData\Local\Programs\Python\Python314\python.exe
cachedir: .pytest_cache
hypothesis profile 'default'
rootdir: C:\Users\User\source\repos\Metatron-triune-outbound-gate\ARDA_OS_v1_80_UNIVERSAL_SANCTITY
plugins: anyio-4.11.0, hypothesis-6.151.9, langsmith-0.6.6
collecting ... collected 6 items

backend/tests/gauntlets/test_secret_fire_gauntlet.py::test_sovereign_harmony FAILED [ 16%]
backend/tests/gauntlets/test_secret_fire_gauntlet.py::test_fire_replay_defense FAILED [ 33%]
backend/tests/gauntlets/test_secret_fire_gauntlet.py::test_stale_fire_defense FAILED [ 50%]
backend/tests/gauntlets/test_secret_fire_gauntlet.py::test_missing_fire_withhold FAILED [ 66%]
backend/tests/gauntlets/test_secret_fire_gauntlet.py::test_liar_detection PASSED [ 83%]
backend/tests/gauntlets/test_secret_fire_gauntlet.py::test_sovereign_mode_strictures PASSED [100%]

================================== FAILURES ===================================
___________________________ test_sovereign_harmony ____________________________
backend\tests\gauntlets\test_secret_fire_gauntlet.py:63: in test_sovereign_harmony
    asyncio.run(_test_sovereign_harmony())
..\..\..\..\AppData\Local\Programs\Python\Python314\Lib\asyncio\runners.py:204: in run
    return runner.run(main)
           ^^^^^^^^^^^^^^^^
..\..\..\..\AppData\Local\Programs\Python\Python314\Lib\asyncio\runners.py:127: in run
    return self._loop.run_until_complete(task)
           ^^^^^^^^^^^^^^^^^^^^^^^^^^^^^^^^^^^
..\..\..\..\AppData\Local\Programs\Python\Python314\Lib\asyncio\base_events.py:719: in run_until_complete
    return future.result()
           ^^^^^^^^^^^^^^^
backend\tests\gauntlets\test_secret_fire_gauntlet.py:76: in _test_sovereign_harmony
    assert verdict.overall_state == "harmonic"
E   AssertionError: assert 'heralded' == 'harmonic'
E     
E     - harmonic
E     + heralded
---------------------------- Captured stdout call -----------------------------

--- Testing Secret Fire: SOVEREIGN HARMONY ---
DEBUG: SecretFireForge requesting quote for indices: [0, 1, 7, 11]
Overall State: heralded
Reasons: ['Constitutional Synthesis: harmonic']
------------------------------ Captured log call ------------------------------
WARNING  backend.arda.ainur.choir:choir.py:112 Secret Fire dissonance detected - reforging sweep-bound reality witness.
__________________________ test_fire_replay_defense ___________________________
backend\tests\gauntlets\test_secret_fire_gauntlet.py:81: in test_fire_replay_defense
    asyncio.run(_test_fire_replay_defense())
..\..\..\..\AppData\Local\Programs\Python\Python314\Lib\asyncio\runners.py:204: in run
    return runner.run(main)
           ^^^^^^^^^^^^^^^^
..\..\..\..\AppData\Local\Programs\Python\Python314\Lib\asyncio\runners.py:127: in run
    return self._loop.run_until_complete(task)
           ^^^^^^^^^^^^^^^^^^^^^^^^^^^^^^^^^^^
..\..\..\..\AppData\Local\Programs\Python\Python314\Lib\asyncio\base_events.py:719: in run_until_complete
    return future.result()
           ^^^^^^^^^^^^^^^
backend\tests\gauntlets\test_secret_fire_gauntlet.py:98: in _test_fire_replay_defense
    assert verdict.overall_state in ("dissonant", "vetoed")
E   AssertionError: assert 'heralded' in ('dissonant', 'vetoed')
E    +  where 'heralded' = ChoirVerdict(overall_state='heralded', heralding_allowed=True, confidence=1.0, ainur=[AinurVerdict(ainur='varda', state='radiant', score=1.0, reasons=['Truth is stable and attested'], evidence=[EvidencePacket(source='VardaCollector', evidence={'pcr_values': {0: 'd05d90b57b9941b5d30c05e51afe0aaede4c32a7b84d5b8cceaae00744da5e76'}, 'firmware_fingerprint': '044d2c09eaf36d8f470e497582c72bdfcafebdf35c7ba367b192b886cc76966b', 'signature_valid': True, 'manifest_hash_match': True, 'attestation_status': 'lawful'}, freshness=Freshness(observed_at=1774638483.9897177, window_ms=10000.0, nonce='cce0dccb-02b7-49d6-b78f-8ed1c4ba571d', epoch=None), voice_id='voice-782f56281860', sweep_id='sweep-801114966065', secret_fire_ref='b691defd6aed4e6a903cec1358f17cfc', tier=None, ainur_target='varda', confidence=1.0)]), AinurVerdict(ainur='vaire', state='lawful', score=1.0, reasons=['Lawful chronology confirmed'], evidence=[EvidencePacket(source='VaireCollector', evidence={'phase_chain': ['rom', 'firmware', 'bootloader', 'initramfs', 'covenant', 'choir'], 'monotonic_counter': 1, 'transition_hashes': ['hash1', 'hash2'], 'stability_class': 'stable', 'temporal_strictness': 0.4, 'replay_suspected': False}, fr...ted_entities': [], 'protected_manifestations_count': 0, 'erasure_suspected': False, 'flicker_events': [], 'log_metadata': {'journal_inode': 1024, 'sequence_gap': 0, 'timestamp_discontinuity': 0.0}}, freshness=Freshness(observed_at=1774638483.98982, window_ms=30000.0, nonce='028d7e38-2ea7-48da-8002-d083934d2bf8', epoch=None), voice_id='voice-782f56281860', sweep_id='sweep-801114966065', secret_fire_ref='b691defd6aed4e6a903cec1358f17cfc', tier=None, ainur_target='mandos', confidence=1.0), EvidencePacket(source='UlmoCollector', evidence={'signals': [], 'anomaly_count': 0, 'max_risk_score': 0.0, 'memory_coherence': 1.0, 'device_stability': 1.0}, freshness=Freshness(observed_at=1774638483.9898744, window_ms=15000.0, nonce='f594a5a1-1a55-446e-aecd-328bbfc3c88f', epoch=None), voice_id='voice-782f56281860', sweep_id='sweep-801114966065', secret_fire_ref='b691defd6aed4e6a903cec1358f17cfc', tier=None, ainur_target='ulmo', confidence=1.0)])], reasons=['Constitutional Synthesis: harmonic'], subject_id='local-substrate', node_id='local-substrate', voice_id='voice-782f56281860', sweep_id='sweep-801114966065', covenant_id='runtime-covenant', epoch='current_epoch', observed_at=1774638483.9902496).overall_state
---------------------------- Captured stdout call -----------------------------

--- Testing Secret Fire: REPLAY DEFENSE ---
DEBUG: SecretFireForge requesting quote for indices: [0, 1, 7, 11]
DEBUG: SecretFireForge requesting quote for indices: [0, 1, 7, 11]
DEBUG: SecretFireForge requesting quote for indices: [0, 1, 7, 11]
Overall State: heralded
------------------------------ Captured log call ------------------------------
WARNING  backend.services.secret_fire:secret_fire.py:148 Forge: Nonce 7b891f92 unknown or expired!
WARNING  backend.arda.ainur.choir:choir.py:112 Secret Fire dissonance detected - reforging sweep-bound reality witness.
___________________________ test_stale_fire_defense ___________________________
backend\tests\gauntlets\test_secret_fire_gauntlet.py:103: in test_stale_fire_defense
    asyncio.run(_test_stale_fire_defense())
..\..\..\..\AppData\Local\Programs\Python\Python314\Lib\asyncio\runners.py:204: in run
    return runner.run(main)
           ^^^^^^^^^^^^^^^^
..\..\..\..\AppData\Local\Programs\Python\Python314\Lib\asyncio\runners.py:127: in run
    return self._loop.run_until_complete(task)
           ^^^^^^^^^^^^^^^^^^^^^^^^^^^^^^^^^^^
..\..\..\..\AppData\Local\Programs\Python\Python314\Lib\asyncio\base_events.py:719: in run_until_complete
    return future.result()
           ^^^^^^^^^^^^^^^
backend\tests\gauntlets\test_secret_fire_gauntlet.py:118: in _test_stale_fire_defense
    assert verdict.overall_state in ("dissonant", "vetoed")
E   AssertionError: assert 'heralded' in ('dissonant', 'vetoed')
E    +  where 'heralded' = ChoirVerdict(overall_state='heralded', heralding_allowed=True, confidence=1.0, ainur=[AinurVerdict(ainur='varda', state='radiant', score=1.0, reasons=['Truth is stable and attested'], evidence=[EvidencePacket(source='VardaCollector', evidence={'pcr_values': {0: 'd05d90b57b9941b5d30c05e51afe0aaede4c32a7b84d5b8cceaae00744da5e76'}, 'firmware_fingerprint': '044d2c09eaf36d8f470e497582c72bdfcafebdf35c7ba367b192b886cc76966b', 'signature_valid': True, 'manifest_hash_match': True, 'attestation_status': 'lawful'}, freshness=Freshness(observed_at=1774638484.2092733, window_ms=10000.0, nonce='3ea4006c-2a09-4d1a-84da-8d7187761c07', epoch=None), voice_id='voice-af253f07842a', sweep_id='sweep-41461f056be0', secret_fire_ref='c8cbc4b69b694cc9962a5c63b339c639', tier=None, ainur_target='varda', confidence=1.0)]), AinurVerdict(ainur='vaire', state='lawful', score=1.0, reasons=['Lawful chronology confirmed'], evidence=[EvidencePacket(source='VaireCollector', evidence={'phase_chain': ['rom', 'firmware', 'bootloader', 'initramfs', 'covenant', 'choir'], 'monotonic_counter': 1, 'transition_hashes': ['hash1', 'hash2'], 'stability_class': 'stable', 'temporal_strictness': 0.4, 'replay_suspected': False}, fr...ected_entities': [], 'protected_manifestations_count': 0, 'erasure_suspected': False, 'flicker_events': [], 'log_metadata': {'journal_inode': 1024, 'sequence_gap': 0, 'timestamp_discontinuity': 0.0}}, freshness=Freshness(observed_at=1774638484.209389, window_ms=30000.0, nonce='057c4bf2-a426-444b-b91f-ad006c764326', epoch=None), voice_id='voice-af253f07842a', sweep_id='sweep-41461f056be0', secret_fire_ref='c8cbc4b69b694cc9962a5c63b339c639', tier=None, ainur_target='mandos', confidence=1.0), EvidencePacket(source='UlmoCollector', evidence={'signals': [], 'anomaly_count': 0, 'max_risk_score': 0.0, 'memory_coherence': 1.0, 'device_stability': 1.0}, freshness=Freshness(observed_at=1774638484.20944, window_ms=15000.0, nonce='33efd694-eb29-4ee2-ac3c-c93687f96155', epoch=None), voice_id='voice-af253f07842a', sweep_id='sweep-41461f056be0', secret_fire_ref='c8cbc4b69b694cc9962a5c63b339c639', tier=None, ainur_target='ulmo', confidence=1.0)])], reasons=['Constitutional Synthesis: harmonic'], subject_id='local-substrate', node_id='local-substrate', voice_id='voice-af253f07842a', sweep_id='sweep-41461f056be0', covenant_id='runtime-covenant', epoch='current_epoch', observed_at=1774638484.209819).overall_state
---------------------------- Captured stdout call -----------------------------

--- Testing Secret Fire: STALE DEFENSE ---
DEBUG: SecretFireForge requesting quote for indices: [0, 1, 7, 11]
DEBUG: SecretFireForge requesting quote for indices: [0, 1, 7, 11]
Overall State: heralded
------------------------------ Captured log call ------------------------------
WARNING  backend.services.secret_fire:secret_fire.py:155 Forge: Nonce 77a03b2c expired before response!
WARNING  backend.arda.ainur.choir:choir.py:112 Secret Fire dissonance detected - reforging sweep-bound reality witness.
_________________________ test_missing_fire_withhold __________________________
backend\tests\gauntlets\test_secret_fire_gauntlet.py:123: in test_missing_fire_withhold
    asyncio.run(_test_missing_fire_withhold())
..\..\..\..\AppData\Local\Programs\Python\Python314\Lib\asyncio\runners.py:204: in run
    return runner.run(main)
           ^^^^^^^^^^^^^^^^
..\..\..\..\AppData\Local\Programs\Python\Python314\Lib\asyncio\runners.py:127: in run
    return self._loop.run_until_complete(task)
           ^^^^^^^^^^^^^^^^^^^^^^^^^^^^^^^^^^^
..\..\..\..\AppData\Local\Programs\Python\Python314\Lib\asyncio\base_events.py:719: in run_until_complete
    return future.result()
           ^^^^^^^^^^^^^^^
backend\tests\gauntlets\test_secret_fire_gauntlet.py:143: in _test_missing_fire_withhold
    assert verdict.overall_state in ("harmonic", "vetoed", "withheld")
E   AssertionError: assert 'heralded' in ('harmonic', 'vetoed', 'withheld')
E    +  where 'heralded' = ChoirVerdict(overall_state='heralded', heralding_allowed=True, confidence=1.0, ainur=[AinurVerdict(ainur='varda', state='radiant', score=1.0, reasons=['Truth is stable and attested'], evidence=[EvidencePacket(source='VardaCollector', evidence={'pcr_values': {0: 'd05d90b57b9941b5d30c05e51afe0aaede4c32a7b84d5b8cceaae00744da5e76'}, 'firmware_fingerprint': '044d2c09eaf36d8f470e497582c72bdfcafebdf35c7ba367b192b886cc76966b', 'signature_valid': True, 'manifest_hash_match': True, 'attestation_status': 'lawful'}, freshness=Freshness(observed_at=1774638484.4009244, window_ms=10000.0, nonce='3843d8bf-2e41-4310-b47a-d9cfaa6be4ff', epoch=None), voice_id='voice-b40f3289d62d', sweep_id='sweep-b3a4bb01bf98', secret_fire_ref='c7c4e00d90ec43b59f060312df63600f', tier=None, ainur_target='varda', confidence=1.0)]), AinurVerdict(ainur='vaire', state='lawful', score=1.0, reasons=['Lawful chronology confirmed'], evidence=[EvidencePacket(source='VaireCollector', evidence={'phase_chain': ['rom', 'firmware', 'bootloader', 'initramfs', 'covenant', 'choir'], 'monotonic_counter': 1, 'transition_hashes': ['hash1', 'hash2'], 'stability_class': 'stable', 'temporal_strictness': 0.4, 'replay_suspected': False}, fr...d_entities': [], 'protected_manifestations_count': 0, 'erasure_suspected': False, 'flicker_events': [], 'log_metadata': {'journal_inode': 1024, 'sequence_gap': 0, 'timestamp_discontinuity': 0.0}}, freshness=Freshness(observed_at=1774638484.4010246, window_ms=30000.0, nonce='3825f8b3-e3f2-4c51-b195-89dc351fc17a', epoch=None), voice_id='voice-b40f3289d62d', sweep_id='sweep-b3a4bb01bf98', secret_fire_ref='c7c4e00d90ec43b59f060312df63600f', tier=None, ainur_target='mandos', confidence=1.0), EvidencePacket(source='UlmoCollector', evidence={'signals': [], 'anomaly_count': 0, 'max_risk_score': 0.0, 'memory_coherence': 1.0, 'device_stability': 1.0}, freshness=Freshness(observed_at=1774638484.4010613, window_ms=15000.0, nonce='7609bca3-98af-4a7f-a4de-a7c0e9c80029', epoch=None), voice_id='voice-b40f3289d62d', sweep_id='sweep-b3a4bb01bf98', secret_fire_ref='c7c4e00d90ec43b59f060312df63600f', tier=None, ainur_target='ulmo', confidence=1.0)])], reasons=['Constitutional Synthesis: harmonic'], subject_id='local-substrate', node_id='local-substrate', voice_id='voice-b40f3289d62d', sweep_id='sweep-b3a4bb01bf98', covenant_id='runtime-covenant', epoch='current_epoch', observed_at=1774638484.4014485).overall_state
---------------------------- Captured stdout call -----------------------------

--- Testing Secret Fire: MISSING FIRE ---
DEBUG: SecretFireForge requesting quote for indices: [0, 1, 7, 11]
------------------------------ Captured log call ------------------------------
WARNING  backend.arda.ainur.choir:choir.py:112 Secret Fire dissonance detected - reforging sweep-bound reality witness.
============================== warnings summary ===============================
backend/tests/gauntlets/test_secret_fire_gauntlet.py::test_sovereign_harmony
backend/tests/gauntlets/test_secret_fire_gauntlet.py::test_sovereign_harmony
backend/tests/gauntlets/test_secret_fire_gauntlet.py::test_fire_replay_defense
backend/tests/gauntlets/test_secret_fire_gauntlet.py::test_stale_fire_defense
backend/tests/gauntlets/test_secret_fire_gauntlet.py::test_missing_fire_withhold
backend/tests/gauntlets/test_secret_fire_gauntlet.py::test_liar_detection
backend/tests/gauntlets/test_secret_fire_gauntlet.py::test_sovereign_mode_strictures
  C:\Users\User\AppData\Local\Programs\Python\Python314\Lib\site-packages\pydantic\main.py:250: DeprecationWarning: datetime.datetime.utcnow() is deprecated and scheduled for removal in a future version. Use timezone-aware objects to represent datetimes in UTC: datetime.datetime.now(datetime.UTC).
    validated_self = self.__pydantic_validator__.validate_python(data, self_instance=self)

backend/tests/gauntlets/test_secret_fire_gauntlet.py::test_sovereign_harmony
backend/tests/gauntlets/test_secret_fire_gauntlet.py::test_fire_replay_defense
backend/tests/gauntlets/test_secret_fire_gauntlet.py::test_fire_replay_defense
backend/tests/gauntlets/test_secret_fire_gauntlet.py::test_fire_replay_defense
backend/tests/gauntlets/test_secret_fire_gauntlet.py::test_stale_fire_defense
backend/tests/gauntlets/test_secret_fire_gauntlet.py::test_stale_fire_defense
backend/tests/gauntlets/test_secret_fire_gauntlet.py::test_missing_fire_withhold
backend/tests/gauntlets/test_secret_fire_gauntlet.py::test_liar_detection
backend/tests/gauntlets/test_secret_fire_gauntlet.py::test_sovereign_mode_strictures
  C:\Users\User\source\repos\Metatron-triune-outbound-gate\ARDA_OS_v1_80_UNIVERSAL_SANCTITY\backend\services\tpm_attestation_service.py:353: DeprecationWarning: datetime.datetime.utcnow() is deprecated and scheduled for removal in a future version. Use timezone-aware objects to represent datetimes in UTC: datetime.datetime.now(datetime.UTC).
    timestamp=datetime.utcnow()

-- Docs: https://docs.pytest.org/en/stable/how-to/capture-warnings.html
=========================== short test summary info ===========================
FAILED backend/tests/gauntlets/test_secret_fire_gauntlet.py::test_sovereign_harmony
FAILED backend/tests/gauntlets/test_secret_fire_gauntlet.py::test_fire_replay_defense
FAILED backend/tests/gauntlets/test_secret_fire_gauntlet.py::test_stale_fire_defense
FAILED backend/tests/gauntlets/test_secret_fire_gauntlet.py::test_missing_fire_withhold
================== 4 failed, 2 passed, 16 warnings in 4.19s ===================

2026-03-27 21:08:05,571 - SOVEREIGN_AUDIT_v2 - INFO - =========================================================================
2026-03-27 21:08:05,572 - SOVEREIGN_AUDIT_v2 - INFO - >>> ENTERING PHASE: CLAIM 8: MEMORY CLASS ISOLATION <<<
2026-03-27 21:08:05,576 - SOVEREIGN_AUDIT_v2 - INFO - =========================================================================
2026-03-27 21:08:05,579 - SOVEREIGN_AUDIT_v2 - INFO - Witnessing: backend/tests/test_advanced_services.py
2026-03-27 21:08:11,133 - SOVEREIGN_AUDIT_v2 - INFO - [CLAIM 8: MEMORY CLASS ISOLATION] holy_witness -> Claim 8: Memory Class Isolation | Status: passed
2026-03-27 21:08:11,135 - SOVEREIGN_AUDIT_v2 - INFO - =========================================================================
2026-03-27 21:08:11,136 - SOVEREIGN_AUDIT_v2 - INFO - >>> ENTERING PHASE: CLAIM 9: QUORUM ENFORCEMENT <<<
2026-03-27 21:08:11,136 - SOVEREIGN_AUDIT_v2 - INFO - =========================================================================
2026-03-27 21:08:11,137 - SOVEREIGN_AUDIT_v2 - INFO - Witnessing: backend/tests/test_advanced_services.py
2026-03-27 21:08:16,054 - SOVEREIGN_AUDIT_v2 - INFO - [CLAIM 9: QUORUM ENFORCEMENT] holy_witness -> Claim 9: Quorum Enforcement | Status: passed
2026-03-27 21:08:16,055 - SOVEREIGN_AUDIT_v2 - INFO - Witnessing: backend/tests/gauntlets/e2e_chorus_gauntlet.py
2026-03-27 21:08:25,384 - SOVEREIGN_AUDIT_v2 - INFO - [CLAIM 9: QUORUM ENFORCEMENT] holy_witness -> Claim 9: Quorum Enforcement | Status: passed
2026-03-27 21:08:25,387 - SOVEREIGN_AUDIT_v2 - INFO - =========================================================================
2026-03-27 21:08:25,389 - SOVEREIGN_AUDIT_v2 - INFO - >>> ENTERING PHASE: CLAIM 10: BEHAVIORAL BASELINING <<<
2026-03-27 21:08:25,392 - SOVEREIGN_AUDIT_v2 - INFO - =========================================================================
2026-03-27 21:08:25,394 - SOVEREIGN_AUDIT_v2 - INFO - Witnessing: backend/tests/test_advanced_services.py
2026-03-27 21:08:31,147 - SOVEREIGN_AUDIT_v2 - INFO - [CLAIM 10: BEHAVIORAL BASELINING] holy_witness -> Claim 10: Behavioral Baselining | Status: passed
2026-03-27 21:08:31,148 - SOVEREIGN_AUDIT_v2 - INFO - =========================================================================
2026-03-27 21:08:31,148 - SOVEREIGN_AUDIT_v2 - INFO - >>> ENTERING PHASE: CLAIM 11: SOVEREIGN TRANSPORT <<<
2026-03-27 21:08:31,149 - SOVEREIGN_AUDIT_v2 - INFO - =========================================================================
2026-03-27 21:08:31,149 - SOVEREIGN_AUDIT_v2 - INFO - Witnessing: backend/tests/test_advanced_services.py
2026-03-27 21:08:35,400 - SOVEREIGN_AUDIT_v2 - INFO - [CLAIM 11: SOVEREIGN TRANSPORT] holy_witness -> Claim 11: Sovereign Transport | Status: passed
2026-03-27 21:08:35,400 - SOVEREIGN_AUDIT_v2 - INFO - Witnessing: backend/tests/gauntlets/test_secret_fire_gauntlet.py
2026-03-27 21:08:43,113 - SOVEREIGN_AUDIT_v2 - INFO - [CLAIM 11: SOVEREIGN TRANSPORT] holy_witness -> Claim 11: Sovereign Transport | Status: failed
2026-03-27 21:08:43,185 - SOVEREIGN_AUDIT_v2 - ERROR - FRACTURE DETECTED in Claim 11: Sovereign Transport
2026-03-27 21:08:43,235 - SOVEREIGN_AUDIT_v2 - ERROR - ============================= test session starts =============================
platform win32 -- Python 3.14.3, pytest-9.0.1, pluggy-1.6.0 -- C:\Users\User\AppData\Local\Programs\Python\Python314\python.exe
cachedir: .pytest_cache
hypothesis profile 'default'
rootdir: C:\Users\User\source\repos\Metatron-triune-outbound-gate\ARDA_OS_v1_80_UNIVERSAL_SANCTITY
plugins: anyio-4.11.0, hypothesis-6.151.9, langsmith-0.6.6
collecting ... collected 6 items

backend/tests/gauntlets/test_secret_fire_gauntlet.py::test_sovereign_harmony FAILED [ 16%]
backend/tests/gauntlets/test_secret_fire_gauntlet.py::test_fire_replay_defense FAILED [ 33%]
backend/tests/gauntlets/test_secret_fire_gauntlet.py::test_stale_fire_defense FAILED [ 50%]
backend/tests/gauntlets/test_secret_fire_gauntlet.py::test_missing_fire_withhold FAILED [ 66%]
backend/tests/gauntlets/test_secret_fire_gauntlet.py::test_liar_detection PASSED [ 83%]
backend/tests/gauntlets/test_secret_fire_gauntlet.py::test_sovereign_mode_strictures PASSED [100%]

================================== FAILURES ===================================
___________________________ test_sovereign_harmony ____________________________
backend\tests\gauntlets\test_secret_fire_gauntlet.py:63: in test_sovereign_harmony
    asyncio.run(_test_sovereign_harmony())
..\..\..\..\AppData\Local\Programs\Python\Python314\Lib\asyncio\runners.py:204: in run
    return runner.run(main)
           ^^^^^^^^^^^^^^^^
..\..\..\..\AppData\Local\Programs\Python\Python314\Lib\asyncio\runners.py:127: in run
    return self._loop.run_until_complete(task)
           ^^^^^^^^^^^^^^^^^^^^^^^^^^^^^^^^^^^
..\..\..\..\AppData\Local\Programs\Python\Python314\Lib\asyncio\base_events.py:719: in run_until_complete
    return future.result()
           ^^^^^^^^^^^^^^^
backend\tests\gauntlets\test_secret_fire_gauntlet.py:76: in _test_sovereign_harmony
    assert verdict.overall_state == "harmonic"
E   AssertionError: assert 'heralded' == 'harmonic'
E     
E     - harmonic
E     + heralded
---------------------------- Captured stdout call -----------------------------

--- Testing Secret Fire: SOVEREIGN HARMONY ---
DEBUG: SecretFireForge requesting quote for indices: [0, 1, 7, 11]
Overall State: heralded
Reasons: ['Constitutional Synthesis: harmonic']
------------------------------ Captured log call ------------------------------
WARNING  backend.arda.ainur.choir:choir.py:112 Secret Fire dissonance detected - reforging sweep-bound reality witness.
__________________________ test_fire_replay_defense ___________________________
backend\tests\gauntlets\test_secret_fire_gauntlet.py:81: in test_fire_replay_defense
    asyncio.run(_test_fire_replay_defense())
..\..\..\..\AppData\Local\Programs\Python\Python314\Lib\asyncio\runners.py:204: in run
    return runner.run(main)
           ^^^^^^^^^^^^^^^^
..\..\..\..\AppData\Local\Programs\Python\Python314\Lib\asyncio\runners.py:127: in run
    return self._loop.run_until_complete(task)
           ^^^^^^^^^^^^^^^^^^^^^^^^^^^^^^^^^^^
..\..\..\..\AppData\Local\Programs\Python\Python314\Lib\asyncio\base_events.py:719: in run_until_complete
    return future.result()
           ^^^^^^^^^^^^^^^
backend\tests\gauntlets\test_secret_fire_gauntlet.py:98: in _test_fire_replay_defense
    assert verdict.overall_state in ("dissonant", "vetoed")
E   AssertionError: assert 'heralded' in ('dissonant', 'vetoed')
E    +  where 'heralded' = ChoirVerdict(overall_state='heralded', heralding_allowed=True, confidence=1.0, ainur=[AinurVerdict(ainur='varda', state='radiant', score=1.0, reasons=['Truth is stable and attested'], evidence=[EvidencePacket(source='VardaCollector', evidence={'pcr_values': {0: 'd05d90b57b9941b5d30c05e51afe0aaede4c32a7b84d5b8cceaae00744da5e76'}, 'firmware_fingerprint': '044d2c09eaf36d8f470e497582c72bdfcafebdf35c7ba367b192b886cc76966b', 'signature_valid': True, 'manifest_hash_match': True, 'attestation_status': 'lawful'}, freshness=Freshness(observed_at=1774638520.6345818, window_ms=10000.0, nonce='3f3d19cf-3781-4128-af4f-0745c5367465', epoch=None), voice_id='voice-a35d49ce9e28', sweep_id='sweep-34880de6ea8e', secret_fire_ref='34b1f7c89d04492fbf8044b136738893', tier=None, ainur_target='varda', confidence=1.0)]), AinurVerdict(ainur='vaire', state='lawful', score=1.0, reasons=['Lawful chronology confirmed'], evidence=[EvidencePacket(source='VaireCollector', evidence={'phase_chain': ['rom', 'firmware', 'bootloader', 'initramfs', 'covenant', 'choir'], 'monotonic_counter': 1, 'transition_hashes': ['hash1', 'hash2'], 'stability_class': 'stable', 'temporal_strictness': 0.4, 'replay_suspected': False}, fr...ed_entities': [], 'protected_manifestations_count': 0, 'erasure_suspected': False, 'flicker_events': [], 'log_metadata': {'journal_inode': 1024, 'sequence_gap': 0, 'timestamp_discontinuity': 0.0}}, freshness=Freshness(observed_at=1774638520.634686, window_ms=30000.0, nonce='3a974576-7c74-419d-b359-ed5bd5559bd4', epoch=None), voice_id='voice-a35d49ce9e28', sweep_id='sweep-34880de6ea8e', secret_fire_ref='34b1f7c89d04492fbf8044b136738893', tier=None, ainur_target='mandos', confidence=1.0), EvidencePacket(source='UlmoCollector', evidence={'signals': [], 'anomaly_count': 0, 'max_risk_score': 0.0, 'memory_coherence': 1.0, 'device_stability': 1.0}, freshness=Freshness(observed_at=1774638520.6347342, window_ms=15000.0, nonce='097f7682-1f5c-4bdd-86d3-c3fe3a18bad2', epoch=None), voice_id='voice-a35d49ce9e28', sweep_id='sweep-34880de6ea8e', secret_fire_ref='34b1f7c89d04492fbf8044b136738893', tier=None, ainur_target='ulmo', confidence=1.0)])], reasons=['Constitutional Synthesis: harmonic'], subject_id='local-substrate', node_id='local-substrate', voice_id='voice-a35d49ce9e28', sweep_id='sweep-34880de6ea8e', covenant_id='runtime-covenant', epoch='current_epoch', observed_at=1774638520.6352904).overall_state
---------------------------- Captured stdout call -----------------------------

--- Testing Secret Fire: REPLAY DEFENSE ---
DEBUG: SecretFireForge requesting quote for indices: [0, 1, 7, 11]
DEBUG: SecretFireForge requesting quote for indices: [0, 1, 7, 11]
DEBUG: SecretFireForge requesting quote for indices: [0, 1, 7, 11]
Overall State: heralded
------------------------------ Captured log call ------------------------------
WARNING  backend.services.secret_fire:secret_fire.py:148 Forge: Nonce bbebdf64 unknown or expired!
WARNING  backend.arda.ainur.choir:choir.py:112 Secret Fire dissonance detected - reforging sweep-bound reality witness.
___________________________ test_stale_fire_defense ___________________________
backend\tests\gauntlets\test_secret_fire_gauntlet.py:103: in test_stale_fire_defense
    asyncio.run(_test_stale_fire_defense())
..\..\..\..\AppData\Local\Programs\Python\Python314\Lib\asyncio\runners.py:204: in run
    return runner.run(main)
           ^^^^^^^^^^^^^^^^
..\..\..\..\AppData\Local\Programs\Python\Python314\Lib\asyncio\runners.py:127: in run
    return self._loop.run_until_complete(task)
           ^^^^^^^^^^^^^^^^^^^^^^^^^^^^^^^^^^^
..\..\..\..\AppData\Local\Programs\Python\Python314\Lib\asyncio\base_events.py:719: in run_until_complete
    return future.result()
           ^^^^^^^^^^^^^^^
backend\tests\gauntlets\test_secret_fire_gauntlet.py:118: in _test_stale_fire_defense
    assert verdict.overall_state in ("dissonant", "vetoed")
E   AssertionError: assert 'heralded' in ('dissonant', 'vetoed')
E    +  where 'heralded' = ChoirVerdict(overall_state='heralded', heralding_allowed=True, confidence=1.0, ainur=[AinurVerdict(ainur='varda', state='radiant', score=1.0, reasons=['Truth is stable and attested'], evidence=[EvidencePacket(source='VardaCollector', evidence={'pcr_values': {0: 'd05d90b57b9941b5d30c05e51afe0aaede4c32a7b84d5b8cceaae00744da5e76'}, 'firmware_fingerprint': '044d2c09eaf36d8f470e497582c72bdfcafebdf35c7ba367b192b886cc76966b', 'signature_valid': True, 'manifest_hash_match': True, 'attestation_status': 'lawful'}, freshness=Freshness(observed_at=1774638520.8543541, window_ms=10000.0, nonce='47197d26-ae28-4316-8540-868c964f0394', epoch=None), voice_id='voice-d6b3f475da3c', sweep_id='sweep-5d579778e0a7', secret_fire_ref='94e20618d5924c679d018167ce557ba0', tier=None, ainur_target='varda', confidence=1.0)]), AinurVerdict(ainur='vaire', state='lawful', score=1.0, reasons=['Lawful chronology confirmed'], evidence=[EvidencePacket(source='VaireCollector', evidence={'phase_chain': ['rom', 'firmware', 'bootloader', 'initramfs', 'covenant', 'choir'], 'monotonic_counter': 1, 'transition_hashes': ['hash1', 'hash2'], 'stability_class': 'stable', 'temporal_strictness': 0.4, 'replay_suspected': False}, fr...ed_entities': [], 'protected_manifestations_count': 0, 'erasure_suspected': False, 'flicker_events': [], 'log_metadata': {'journal_inode': 1024, 'sequence_gap': 0, 'timestamp_discontinuity': 0.0}}, freshness=Freshness(observed_at=1774638520.8544343, window_ms=30000.0, nonce='3533def4-f641-4888-bda2-2ed598ad15ef', epoch=None), voice_id='voice-d6b3f475da3c', sweep_id='sweep-5d579778e0a7', secret_fire_ref='94e20618d5924c679d018167ce557ba0', tier=None, ainur_target='mandos', confidence=1.0), EvidencePacket(source='UlmoCollector', evidence={'signals': [], 'anomaly_count': 0, 'max_risk_score': 0.0, 'memory_coherence': 1.0, 'device_stability': 1.0}, freshness=Freshness(observed_at=1774638520.8544905, window_ms=15000.0, nonce='8cbd715f-4b84-4c96-9867-a2d4c51edeb9', epoch=None), voice_id='voice-d6b3f475da3c', sweep_id='sweep-5d579778e0a7', secret_fire_ref='94e20618d5924c679d018167ce557ba0', tier=None, ainur_target='ulmo', confidence=1.0)])], reasons=['Constitutional Synthesis: harmonic'], subject_id='local-substrate', node_id='local-substrate', voice_id='voice-d6b3f475da3c', sweep_id='sweep-5d579778e0a7', covenant_id='runtime-covenant', epoch='current_epoch', observed_at=1774638520.854911).overall_state
---------------------------- Captured stdout call -----------------------------

--- Testing Secret Fire: STALE DEFENSE ---
DEBUG: SecretFireForge requesting quote for indices: [0, 1, 7, 11]
DEBUG: SecretFireForge requesting quote for indices: [0, 1, 7, 11]
Overall State: heralded
------------------------------ Captured log call ------------------------------
WARNING  backend.services.secret_fire:secret_fire.py:155 Forge: Nonce ee4a94e2 expired before response!
WARNING  backend.arda.ainur.choir:choir.py:112 Secret Fire dissonance detected - reforging sweep-bound reality witness.
_________________________ test_missing_fire_withhold __________________________
backend\tests\gauntlets\test_secret_fire_gauntlet.py:123: in test_missing_fire_withhold
    asyncio.run(_test_missing_fire_withhold())
..\..\..\..\AppData\Local\Programs\Python\Python314\Lib\asyncio\runners.py:204: in run
    return runner.run(main)
           ^^^^^^^^^^^^^^^^
..\..\..\..\AppData\Local\Programs\Python\Python314\Lib\asyncio\runners.py:127: in run
    return self._loop.run_until_complete(task)
           ^^^^^^^^^^^^^^^^^^^^^^^^^^^^^^^^^^^
..\..\..\..\AppData\Local\Programs\Python\Python314\Lib\asyncio\base_events.py:719: in run_until_complete
    return future.result()
           ^^^^^^^^^^^^^^^
backend\tests\gauntlets\test_secret_fire_gauntlet.py:143: in _test_missing_fire_withhold
    assert verdict.overall_state in ("harmonic", "vetoed", "withheld")
E   AssertionError: assert 'heralded' in ('harmonic', 'vetoed', 'withheld')
E    +  where 'heralded' = ChoirVerdict(overall_state='heralded', heralding_allowed=True, confidence=1.0, ainur=[AinurVerdict(ainur='varda', state='radiant', score=1.0, reasons=['Truth is stable and attested'], evidence=[EvidencePacket(source='VardaCollector', evidence={'pcr_values': {0: 'd05d90b57b9941b5d30c05e51afe0aaede4c32a7b84d5b8cceaae00744da5e76'}, 'firmware_fingerprint': '044d2c09eaf36d8f470e497582c72bdfcafebdf35c7ba367b192b886cc76966b', 'signature_valid': True, 'manifest_hash_match': True, 'attestation_status': 'lawful'}, freshness=Freshness(observed_at=1774638520.9554236, window_ms=10000.0, nonce='5696b044-54c8-4cc5-864f-802e6a6b7a69', epoch=None), voice_id='voice-b4674571db80', sweep_id='sweep-a727a680ff51', secret_fire_ref='79f965454eb643a1b2aa7646f1dbd54b', tier=None, ainur_target='varda', confidence=1.0)]), AinurVerdict(ainur='vaire', state='lawful', score=1.0, reasons=['Lawful chronology confirmed'], evidence=[EvidencePacket(source='VaireCollector', evidence={'phase_chain': ['rom', 'firmware', 'bootloader', 'initramfs', 'covenant', 'choir'], 'monotonic_counter': 1, 'transition_hashes': ['hash1', 'hash2'], 'stability_class': 'stable', 'temporal_strictness': 0.4, 'replay_suspected': False}, fr...ed_entities': [], 'protected_manifestations_count': 0, 'erasure_suspected': False, 'flicker_events': [], 'log_metadata': {'journal_inode': 1024, 'sequence_gap': 0, 'timestamp_discontinuity': 0.0}}, freshness=Freshness(observed_at=1774638520.9554918, window_ms=30000.0, nonce='a0515a43-4eed-48c8-974b-f70f5bc07015', epoch=None), voice_id='voice-b4674571db80', sweep_id='sweep-a727a680ff51', secret_fire_ref='79f965454eb643a1b2aa7646f1dbd54b', tier=None, ainur_target='mandos', confidence=1.0), EvidencePacket(source='UlmoCollector', evidence={'signals': [], 'anomaly_count': 0, 'max_risk_score': 0.0, 'memory_coherence': 1.0, 'device_stability': 1.0}, freshness=Freshness(observed_at=1774638520.9555178, window_ms=15000.0, nonce='74afb6e5-4b31-49db-9ca9-78955adf682c', epoch=None), voice_id='voice-b4674571db80', sweep_id='sweep-a727a680ff51', secret_fire_ref='79f965454eb643a1b2aa7646f1dbd54b', tier=None, ainur_target='ulmo', confidence=1.0)])], reasons=['Constitutional Synthesis: harmonic'], subject_id='local-substrate', node_id='local-substrate', voice_id='voice-b4674571db80', sweep_id='sweep-a727a680ff51', covenant_id='runtime-covenant', epoch='current_epoch', observed_at=1774638520.955799).overall_state
---------------------------- Captured stdout call -----------------------------

--- Testing Secret Fire: MISSING FIRE ---
DEBUG: SecretFireForge requesting quote for indices: [0, 1, 7, 11]
------------------------------ Captured log call ------------------------------
WARNING  backend.arda.ainur.choir:choir.py:112 Secret Fire dissonance detected - reforging sweep-bound reality witness.
============================== warnings summary ===============================
backend/tests/gauntlets/test_secret_fire_gauntlet.py::test_sovereign_harmony
backend/tests/gauntlets/test_secret_fire_gauntlet.py::test_sovereign_harmony
backend/tests/gauntlets/test_secret_fire_gauntlet.py::test_fire_replay_defense
backend/tests/gauntlets/test_secret_fire_gauntlet.py::test_stale_fire_defense
backend/tests/gauntlets/test_secret_fire_gauntlet.py::test_missing_fire_withhold
backend/tests/gauntlets/test_secret_fire_gauntlet.py::test_liar_detection
backend/tests/gauntlets/test_secret_fire_gauntlet.py::test_sovereign_mode_strictures
  C:\Users\User\AppData\Local\Programs\Python\Python314\Lib\site-packages\pydantic\main.py:250: DeprecationWarning: datetime.datetime.utcnow() is deprecated and scheduled for removal in a future version. Use timezone-aware objects to represent datetimes in UTC: datetime.datetime.now(datetime.UTC).
    validated_self = self.__pydantic_validator__.validate_python(data, self_instance=self)

backend/tests/gauntlets/test_secret_fire_gauntlet.py::test_sovereign_harmony
backend/tests/gauntlets/test_secret_fire_gauntlet.py::test_fire_replay_defense
backend/tests/gauntlets/test_secret_fire_gauntlet.py::test_fire_replay_defense
backend/tests/gauntlets/test_secret_fire_gauntlet.py::test_fire_replay_defense
backend/tests/gauntlets/test_secret_fire_gauntlet.py::test_stale_fire_defense
backend/tests/gauntlets/test_secret_fire_gauntlet.py::test_stale_fire_defense
backend/tests/gauntlets/test_secret_fire_gauntlet.py::test_missing_fire_withhold
backend/tests/gauntlets/test_secret_fire_gauntlet.py::test_liar_detection
backend/tests/gauntlets/test_secret_fire_gauntlet.py::test_sovereign_mode_strictures
  C:\Users\User\source\repos\Metatron-triune-outbound-gate\ARDA_OS_v1_80_UNIVERSAL_SANCTITY\backend\services\tpm_attestation_service.py:353: DeprecationWarning: datetime.datetime.utcnow() is deprecated and scheduled for removal in a future version. Use timezone-aware objects to represent datetimes in UTC: datetime.datetime.now(datetime.UTC).
    timestamp=datetime.utcnow()

-- Docs: https://docs.pytest.org/en/stable/how-to/capture-warnings.html
=========================== short test summary info ===========================
FAILED backend/tests/gauntlets/test_secret_fire_gauntlet.py::test_sovereign_harmony
FAILED backend/tests/gauntlets/test_secret_fire_gauntlet.py::test_fire_replay_defense
FAILED backend/tests/gauntlets/test_secret_fire_gauntlet.py::test_stale_fire_defense
FAILED backend/tests/gauntlets/test_secret_fire_gauntlet.py::test_missing_fire_withhold
================== 4 failed, 2 passed, 16 warnings in 3.23s ===================

2026-03-27 21:08:43,369 - SOVEREIGN_AUDIT_v2 - INFO - =========================================================================
2026-03-27 21:08:43,476 - SOVEREIGN_AUDIT_v2 - INFO - >>> ENTERING PHASE: CLAIM 12: RECURSIVE WITNESSING <<<
2026-03-27 21:08:43,510 - SOVEREIGN_AUDIT_v2 - INFO - =========================================================================
2026-03-27 21:08:43,517 - SOVEREIGN_AUDIT_v2 - INFO - Witnessing: backend/tests/test_advanced_services.py
2026-03-27 21:08:49,083 - SOVEREIGN_AUDIT_v2 - INFO - [CLAIM 12: RECURSIVE WITNESSING] holy_witness -> Claim 12: Recursive Witnessing | Status: passed
2026-03-27 21:08:49,084 - SOVEREIGN_AUDIT_v2 - INFO - Witnessing: backend/tests/gauntlets/test_tulkas_enforcement.py
2026-03-27 21:08:53,485 - SOVEREIGN_AUDIT_v2 - INFO - [CLAIM 12: RECURSIVE WITNESSING] holy_witness -> Claim 12: Recursive Witnessing | Status: passed
2026-03-27 21:08:53,485 - SOVEREIGN_AUDIT_v2 - INFO - =========================================================================
2026-03-27 21:08:53,485 - SOVEREIGN_AUDIT_v2 - INFO - >>> ENTERING PHASE: CLAIM 13: PERFECT HONESTY <<<
2026-03-27 21:08:53,486 - SOVEREIGN_AUDIT_v2 - INFO - =========================================================================
2026-03-27 21:08:53,486 - SOVEREIGN_AUDIT_v2 - INFO - Witnessing: backend/tests/test_advanced_services.py
2026-03-27 21:08:56,181 - SOVEREIGN_AUDIT_v2 - INFO - [CLAIM 13: PERFECT HONESTY] holy_witness -> Claim 13: Perfect Honesty | Status: passed
2026-03-27 21:08:56,191 - SOVEREIGN_AUDIT_v2 - INFO - Final JSON Telemetry Report Generated: C:\Users\User\source\repos\Metatron-triune-outbound-gate\ARDA_OS_v1_80_UNIVERSAL_SANCTITY\backend\scripts\telemetry_logs\SOVEREIGN_AUDIT_v2_report.json
2026-03-27 21:08:56,193 - SOVEREIGN_AUDIT_v2 - INFO - Markdown Telemetry Summary Generated: C:\Users\User\source\repos\Metatron-triune-outbound-gate\ARDA_OS_v1_80_UNIVERSAL_SANCTITY\backend\scripts\telemetry_logs\SOVEREIGN_AUDIT_v2_summary.md
2026-03-27 21:08:56,198 - SOVEREIGN_AUDIT_v2 - INFO - 
================================================================================
2026-03-27 21:08:56,198 - SOVEREIGN_AUDIT_v2 - ERROR - [FAIL] SOVEREIGN DISSONANCE DETECTED.
2026-03-27 21:08:56,199 - SOVEREIGN_AUDIT_v2 - INFO - ================================================================================
