2026-03-27 08:05:16,499 - SOVEREIGN_AUDIT_v2 - INFO - Telemetry Collector Initialized: SOVEREIGN_AUDIT_v2
2026-03-27 08:05:16,501 - SOVEREIGN_AUDIT_v2 - INFO - Logging to: C:\Users\User\source\repos\Metatron-triune-outbound-gate\ARDA_OS_v1_80_UNIVERSAL_SANCTITY\backend\scripts\telemetry_logs\SOVEREIGN_AUDIT_v2_20260327_060516.log
2026-03-27 08:05:16,502 - SOVEREIGN_AUDIT_v2 - INFO - ================================================================================
2026-03-27 08:05:16,502 - SOVEREIGN_AUDIT_v2 - INFO -  [ARDA OS : SOVEREIGN AUDIT EXECUTION BRIDGE (v2.0.0-INFALLIBLE)] 
2026-03-27 08:05:16,502 - SOVEREIGN_AUDIT_v2 - INFO - ================================================================================
2026-03-27 08:05:16,502 - SOVEREIGN_AUDIT_v2 - INFO - =========================================================================
2026-03-27 08:05:16,503 - SOVEREIGN_AUDIT_v2 - INFO - >>> ENTERING PHASE: CLAIM 1: SILICON INTEGRITY <<<
2026-03-27 08:05:16,503 - SOVEREIGN_AUDIT_v2 - INFO - =========================================================================
2026-03-27 08:05:16,503 - SOVEREIGN_AUDIT_v2 - INFO - Witnessing: backend/tests/test_governance_token_enforcement.py
2026-03-27 08:05:26,832 - SOVEREIGN_AUDIT_v2 - INFO - [CLAIM 1: SILICON INTEGRITY] holy_witness -> Claim 1: Silicon Integrity | Status: passed
2026-03-27 08:05:26,833 - SOVEREIGN_AUDIT_v2 - INFO - Witnessing: backend/tests/gauntlets/e2e_formation_gauntlet.py
2026-03-27 08:05:34,241 - SOVEREIGN_AUDIT_v2 - INFO - [CLAIM 1: SILICON INTEGRITY] holy_witness -> Claim 1: Silicon Integrity | Status: passed
2026-03-27 08:05:34,241 - SOVEREIGN_AUDIT_v2 - INFO - =========================================================================
2026-03-27 08:05:34,241 - SOVEREIGN_AUDIT_v2 - INFO - >>> ENTERING PHASE: CLAIM 2: PQC ROOT OF TRUST <<<
2026-03-27 08:05:34,241 - SOVEREIGN_AUDIT_v2 - INFO - =========================================================================
2026-03-27 08:05:34,242 - SOVEREIGN_AUDIT_v2 - INFO - Witnessing: backend/tests/test_quantum_security_service.py
2026-03-27 08:05:40,636 - SOVEREIGN_AUDIT_v2 - INFO - [CLAIM 2: PQC ROOT OF TRUST] holy_witness -> Claim 2: PQC Root of Trust | Status: passed
2026-03-27 08:05:40,636 - SOVEREIGN_AUDIT_v2 - INFO - =========================================================================
2026-03-27 08:05:40,636 - SOVEREIGN_AUDIT_v2 - INFO - >>> ENTERING PHASE: CLAIM 3: MULTI-MODEL SYNTHESIS <<<
2026-03-27 08:05:40,637 - SOVEREIGN_AUDIT_v2 - INFO - =========================================================================
2026-03-27 08:05:40,637 - SOVEREIGN_AUDIT_v2 - INFO - Witnessing: backend/tests/test_governance_token_enforcement.py
2026-03-27 08:05:47,728 - SOVEREIGN_AUDIT_v2 - INFO - [CLAIM 3: MULTI-MODEL SYNTHESIS] holy_witness -> Claim 3: Multi-Model Synthesis | Status: passed
2026-03-27 08:05:47,729 - SOVEREIGN_AUDIT_v2 - INFO - Witnessing: backend/tests/gauntlets/e2e_constitutional_gauntlet.py
2026-03-27 08:05:55,118 - SOVEREIGN_AUDIT_v2 - INFO - [CLAIM 3: MULTI-MODEL SYNTHESIS] holy_witness -> Claim 3: Multi-Model Synthesis | Status: failed
2026-03-27 08:05:55,118 - SOVEREIGN_AUDIT_v2 - ERROR - FRACTURE DETECTED in Claim 3: Multi-Model Synthesis
2026-03-27 08:05:55,118 - SOVEREIGN_AUDIT_v2 - ERROR - ============================= test session starts =============================
platform win32 -- Python 3.14.3, pytest-9.0.1, pluggy-1.6.0 -- C:\Users\User\AppData\Local\Programs\Python\Python314\python.exe
cachedir: .pytest_cache
hypothesis profile 'default'
rootdir: C:\Users\User\source\repos\Metatron-triune-outbound-gate\ARDA_OS_v1_80_UNIVERSAL_SANCTITY
plugins: anyio-4.11.0, hypothesis-6.151.9, langsmith-0.6.6
collecting ... collected 1 item

backend/tests/gauntlets/e2e_constitutional_gauntlet.py::test_constitutional_gauntlet FAILED [100%]

================================== FAILURES ===================================
________________________ test_constitutional_gauntlet _________________________
backend\tests\gauntlets\e2e_constitutional_gauntlet.py:374: in test_constitutional_gauntlet
    asyncio.run(run_gauntlet())
..\..\..\..\AppData\Local\Programs\Python\Python314\Lib\asyncio\runners.py:204: in run
    return runner.run(main)
           ^^^^^^^^^^^^^^^^
..\..\..\..\AppData\Local\Programs\Python\Python314\Lib\asyncio\runners.py:127: in run
    return self._loop.run_until_complete(task)
           ^^^^^^^^^^^^^^^^^^^^^^^^^^^^^^^^^^^
..\..\..\..\AppData\Local\Programs\Python\Python314\Lib\asyncio\base_events.py:719: in run_until_complete
    return future.result()
           ^^^^^^^^^^^^^^^
backend\tests\gauntlets\e2e_constitutional_gauntlet.py:200: in run_gauntlet
    from backend.services.kernel_signal_adapter import get_kernel_signal_adapter
E   ModuleNotFoundError: No module named 'backend.services.kernel_signal_adapter'
---------------------------- Captured stdout call -----------------------------
Initializing Constitutional Gauntlet...

--- GAUNTLET STAGE 1: LAWFUL BIRTH ---
Boot Status: BootTruthStatus.LAWFUL (ID: btb-2f9efc8012a0)
DEBUG: SecretFireForge requesting quote for indices: [0, 1, 7, 11]
------------------------------ Captured log call ------------------------------
WARNING  backend.services.tpm_attestation_service:tpm_attestation_service.py:43 PHASE VI: Using high-fidelity mock (Development only).
ERROR    backend.services.tpm_attestation_service:tpm_attestation_service.py:217 TPM (Mock): Unseal FAILED. PCR Mismatch. Bound: 4a654683... Current: d05d90b5...
ERROR    backend.services.flame_imperishable:flame_imperishable.py:34 PHASE VI: Unsealing FAILED. Boot state may be UNLAWFUL.
WARNING  backend.valinor.gurthang_lsm:gurthang_lsm.py:12 Gurthang LSM: BPF loader (bcc) not found. Falling back to Simulated Blade.
WARNING  services.boot_attestation:boot_attestation.py:131 PHASE I: Using mock TPM PCRs (No physical TPM detected or mapped)
WARNING  services.boot_attestation:boot_attestation.py:181 PHASE I: Using mock initramfs hash (file not found)
============================== warnings summary ===============================
backend/tests/gauntlets/e2e_constitutional_gauntlet.py::test_constitutional_gauntlet
  C:\Users\User\AppData\Local\Programs\Python\Python314\Lib\site-packages\pydantic\main.py:250: DeprecationWarning: datetime.datetime.utcnow() is deprecated and scheduled for removal in a future version. Use timezone-aware objects to represent datetimes in UTC: datetime.datetime.now(datetime.UTC).
    validated_self = self.__pydantic_validator__.validate_python(data, self_instance=self)

backend/tests/gauntlets/e2e_constitutional_gauntlet.py::test_constitutional_gauntlet
  C:\Users\User\source\repos\Metatron-triune-outbound-gate\ARDA_OS_v1_80_UNIVERSAL_SANCTITY\backend\services\tpm_attestation_service.py:350: DeprecationWarning: datetime.datetime.utcnow() is deprecated and scheduled for removal in a future version. Use timezone-aware objects to represent datetimes in UTC: datetime.datetime.now(datetime.UTC).
    timestamp=datetime.utcnow()

-- Docs: https://docs.pytest.org/en/stable/how-to/capture-warnings.html
=========================== short test summary info ===========================
FAILED backend/tests/gauntlets/e2e_constitutional_gauntlet.py::test_constitutional_gauntlet
======================== 1 failed, 2 warnings in 3.07s ========================

2026-03-27 08:05:55,119 - SOVEREIGN_AUDIT_v2 - INFO - =========================================================================
2026-03-27 08:05:55,119 - SOVEREIGN_AUDIT_v2 - INFO - >>> ENTERING PHASE: CLAIM 4: SPATIAL GATING <<<
2026-03-27 08:05:55,119 - SOVEREIGN_AUDIT_v2 - INFO - =========================================================================
2026-03-27 08:05:55,119 - SOVEREIGN_AUDIT_v2 - INFO - Witnessing: backend/tests/test_advanced_services.py
2026-03-27 08:05:59,178 - SOVEREIGN_AUDIT_v2 - INFO - [CLAIM 4: SPATIAL GATING] holy_witness -> Claim 4: Spatial Gating | Status: passed
2026-03-27 08:05:59,178 - SOVEREIGN_AUDIT_v2 - INFO - =========================================================================
2026-03-27 08:05:59,178 - SOVEREIGN_AUDIT_v2 - INFO - >>> ENTERING PHASE: CLAIM 5: INDOMITABLE RESTORATION <<<
2026-03-27 08:05:59,178 - SOVEREIGN_AUDIT_v2 - INFO - =========================================================================
2026-03-27 08:05:59,178 - SOVEREIGN_AUDIT_v2 - INFO - Witnessing: backend/tests/test_advanced_services.py
2026-03-27 08:06:04,278 - SOVEREIGN_AUDIT_v2 - INFO - [CLAIM 5: INDOMITABLE RESTORATION] holy_witness -> Claim 5: Indomitable Restoration | Status: passed
2026-03-27 08:06:04,278 - SOVEREIGN_AUDIT_v2 - INFO - =========================================================================
2026-03-27 08:06:04,278 - SOVEREIGN_AUDIT_v2 - INFO - >>> ENTERING PHASE: CLAIM 6: TEMPORAL FENCING <<<
2026-03-27 08:06:04,279 - SOVEREIGN_AUDIT_v2 - INFO - =========================================================================
2026-03-27 08:06:04,279 - SOVEREIGN_AUDIT_v2 - INFO - Witnessing: backend/tests/test_advanced_services.py
2026-03-27 08:06:09,496 - SOVEREIGN_AUDIT_v2 - INFO - [CLAIM 6: TEMPORAL FENCING] holy_witness -> Claim 6: Temporal Fencing | Status: passed
2026-03-27 08:06:09,497 - SOVEREIGN_AUDIT_v2 - INFO - =========================================================================
2026-03-27 08:06:09,497 - SOVEREIGN_AUDIT_v2 - INFO - >>> ENTERING PHASE: CLAIM 7: CONSTITUTIONAL ATTESTATION <<<
2026-03-27 08:06:09,497 - SOVEREIGN_AUDIT_v2 - INFO - =========================================================================
2026-03-27 08:06:09,497 - SOVEREIGN_AUDIT_v2 - INFO - Witnessing: backend/tests/test_advanced_services.py
2026-03-27 08:06:14,798 - SOVEREIGN_AUDIT_v2 - INFO - [CLAIM 7: CONSTITUTIONAL ATTESTATION] holy_witness -> Claim 7: Constitutional Attestation | Status: passed
2026-03-27 08:06:14,799 - SOVEREIGN_AUDIT_v2 - INFO - Witnessing: backend/tests/gauntlets/test_secret_fire_gauntlet.py
2026-03-27 08:06:23,017 - SOVEREIGN_AUDIT_v2 - INFO - [CLAIM 7: CONSTITUTIONAL ATTESTATION] holy_witness -> Claim 7: Constitutional Attestation | Status: failed
2026-03-27 08:06:23,018 - SOVEREIGN_AUDIT_v2 - ERROR - FRACTURE DETECTED in Claim 7: Constitutional Attestation
2026-03-27 08:06:23,018 - SOVEREIGN_AUDIT_v2 - ERROR - ============================= test session starts =============================
platform win32 -- Python 3.14.3, pytest-9.0.1, pluggy-1.6.0 -- C:\Users\User\AppData\Local\Programs\Python\Python314\python.exe
cachedir: .pytest_cache
hypothesis profile 'default'
rootdir: C:\Users\User\source\repos\Metatron-triune-outbound-gate\ARDA_OS_v1_80_UNIVERSAL_SANCTITY
plugins: anyio-4.11.0, hypothesis-6.151.9, langsmith-0.6.6
collecting ... collected 6 items

backend/tests/gauntlets/test_secret_fire_gauntlet.py::test_sovereign_harmony FAILED [ 16%]
backend/tests/gauntlets/test_secret_fire_gauntlet.py::test_fire_replay_defense FAILED [ 33%]
backend/tests/gauntlets/test_secret_fire_gauntlet.py::test_stale_fire_defense FAILED [ 50%]
backend/tests/gauntlets/test_secret_fire_gauntlet.py::test_missing_fire_withhold FAILED [ 66%]
backend/tests/gauntlets/test_secret_fire_gauntlet.py::test_liar_detection FAILED [ 83%]
backend/tests/gauntlets/test_secret_fire_gauntlet.py::test_sovereign_mode_strictures FAILED [100%]

================================== FAILURES ===================================
___________________________ test_sovereign_harmony ____________________________
backend\tests\gauntlets\test_secret_fire_gauntlet.py:14: in test_sovereign_harmony
    asyncio.run(_test_sovereign_harmony())
..\..\..\..\AppData\Local\Programs\Python\Python314\Lib\asyncio\runners.py:204: in run
    return runner.run(main)
           ^^^^^^^^^^^^^^^^
..\..\..\..\AppData\Local\Programs\Python\Python314\Lib\asyncio\runners.py:127: in run
    return self._loop.run_until_complete(task)
           ^^^^^^^^^^^^^^^^^^^^^^^^^^^^^^^^^^^
..\..\..\..\AppData\Local\Programs\Python\Python314\Lib\asyncio\base_events.py:719: in run_until_complete
    return future.result()
           ^^^^^^^^^^^^^^^
backend\tests\gauntlets\test_secret_fire_gauntlet.py:48: in _test_sovereign_harmony
    assert verdict.overall_state == "heralded"
E   AssertionError: assert 'vetoed' == 'heralded'
E     
E     - heralded
E     + vetoed
---------------------------- Captured stdout call -----------------------------

--- Testing Secret Fire: SOVEREIGN HARMONY ---
DEBUG: SecretFireForge requesting quote for indices: [0, 1, 7, 11]
DEBUG: SecretFireForge requesting quote for indices: [0, 1, 7, 11]
Overall State: vetoed
Confidence: 0.00
------------------------------ Captured log call ------------------------------
WARNING  backend.arda.ainur.choir:choir.py:106 Secret Fire dissonance detected - reforging sweep-bound reality witness.
WARNING  arda.secure_boot:secure_boot.py:48 SecureBoot: TPM is uninitialized (0s). Status set to UNLAWFUL.
ERROR    backend.arda.ainur.choir:choir.py:133 Collector ulmo failed: No module named 'backend.services.kernel_signal_adapter'
WARNING  arda.resonance:resonance_service.py:47 DISSONANCE DETECTED: MICRO Choir - varda is strained (0.0)
ERROR    backend.arda.ainur.choir:choir.py:168 Tier micro Dissonance Detected! (Harmony: 0.0)
WARNING  backend.arda.ainur.choir:choir.py:144 Choral Handoff: MESO tier inhibited due to lower tier dissonance.
WARNING  arda.resonance:resonance_service.py:47 DISSONANCE DETECTED: MESO Choir - tier_meso_gate is strained (0.0)
WARNING  backend.arda.ainur.choir:choir.py:144 Choral Handoff: MACRO tier inhibited due to lower tier dissonance.
WARNING  arda.resonance:resonance_service.py:47 DISSONANCE DETECTED: MACRO Choir - tier_macro_gate is strained (0.0)
__________________________ test_fire_replay_defense ___________________________
backend\tests\gauntlets\test_secret_fire_gauntlet.py:53: in test_fire_replay_defense
    asyncio.run(_test_fire_replay_defense())
..\..\..\..\AppData\Local\Programs\Python\Python314\Lib\asyncio\runners.py:204: in run
    return runner.run(main)
           ^^^^^^^^^^^^^^^^
..\..\..\..\AppData\Local\Programs\Python\Python314\Lib\asyncio\runners.py:127: in run
    return self._loop.run_until_complete(task)
           ^^^^^^^^^^^^^^^^^^^^^^^^^^^^^^^^^^^
..\..\..\..\AppData\Local\Programs\Python\Python314\Lib\asyncio\base_events.py:719: in run_until_complete
    return future.result()
           ^^^^^^^^^^^^^^^
backend\tests\gauntlets\test_secret_fire_gauntlet.py:66: in _test_fire_replay_defense
    assert fire_2.replay_suspected is True
E   AssertionError: assert False is True
E    +  where False = SecretFirePacket(node_id='node-0', covenant_id='cov-1', voice_id=None, root_nonce_ref=None, tier=None, ainur_target=None, sweep_id=None, nonce='1659ef7408b6419d9556c3bb98ce1b34', issued_at=1774591579.6517773, expires_at=1774591584.6517773, responded_at=1774591579.6617773, latency_ms=9.999990463256836, epoch='ep-1', monotonic_counter=1, attestation_digest='d1', order_digest='d2', runtime_digest='d3', witness_id='quorum-witness-alpha', witness_signature='b4b89028665946297f3529186f8c49e016face93ea131ded0afd23643db738e3', workload_hash=None, entropy_digest=None, cadence_profile={}, replay_suspected=False, freshness_valid=False, tpm_quote={'quote': 'bW9ja190cG1fcXVvdGVfZGF0YV9mb3JfMTY1OWVmNzQwOGI2NDE5ZDk1NTZjM2JiOThjZTFiMzQ=', 'signature': 'bW9ja190cG1fc2lnbmF0dXJl', 'pcr_mask': '0,1,7,11', 'nonce': '1659ef7408b6419d9556c3bb98ce1b34', 'timestamp': datetime.datetime(2026, 3, 27, 6, 6, 19, 662124)}).replay_suspected
---------------------------- Captured stdout call -----------------------------

--- Testing Secret Fire: REPLAY DEFENSE ---
DEBUG: SecretFireForge requesting quote for indices: [0, 1, 7, 11]
DEBUG: SecretFireForge requesting quote for indices: [0, 1, 7, 11]
------------------------------ Captured log call ------------------------------
WARNING  backend.services.secret_fire:secret_fire.py:147 Forge: Nonce 1659ef74 unknown or expired!
___________________________ test_stale_fire_defense ___________________________
backend\tests\gauntlets\test_secret_fire_gauntlet.py:77: in test_stale_fire_defense
    asyncio.run(_test_stale_fire_defense())
..\..\..\..\AppData\Local\Programs\Python\Python314\Lib\asyncio\runners.py:204: in run
    return runner.run(main)
           ^^^^^^^^^^^^^^^^
..\..\..\..\AppData\Local\Programs\Python\Python314\Lib\asyncio\runners.py:127: in run
    return self._loop.run_until_complete(task)
           ^^^^^^^^^^^^^^^^^^^^^^^^^^^^^^^^^^^
..\..\..\..\AppData\Local\Programs\Python\Python314\Lib\asyncio\base_events.py:719: in run_until_complete
    return future.result()
           ^^^^^^^^^^^^^^^
backend\tests\gauntlets\test_secret_fire_gauntlet.py:94: in _test_stale_fire_defense
    assert any("stale" in r.lower() for r in verdict.reasons)
E   assert False
E    +  where False = any(<generator object _test_stale_fire_defense.<locals>.<genexpr> at 0x000001B5971A9700>)
---------------------------- Captured stdout call -----------------------------

--- Testing Secret Fire: STALE DEFENSE ---
DEBUG: SecretFireForge requesting quote for indices: [0, 1, 7, 11]
DEBUG: SecretFireForge requesting quote for indices: [0, 1, 7, 11]
Overall State: vetoed
------------------------------ Captured log call ------------------------------
WARNING  backend.services.secret_fire:secret_fire.py:154 Forge: Nonce 55a9f17c expired before response!
WARNING  backend.arda.ainur.choir:choir.py:106 Secret Fire dissonance detected - reforging sweep-bound reality witness.
ERROR    backend.arda.ainur.choir:choir.py:133 Collector ulmo failed: No module named 'backend.services.kernel_signal_adapter'
WARNING  arda.resonance:resonance_service.py:47 DISSONANCE DETECTED: MICRO Choir - varda is strained (0.0)
ERROR    backend.arda.ainur.choir:choir.py:168 Tier micro Dissonance Detected! (Harmony: 0.0)
WARNING  backend.arda.ainur.choir:choir.py:144 Choral Handoff: MESO tier inhibited due to lower tier dissonance.
WARNING  arda.resonance:resonance_service.py:47 DISSONANCE DETECTED: MESO Choir - tier_meso_gate is strained (0.0)
WARNING  backend.arda.ainur.choir:choir.py:144 Choral Handoff: MACRO tier inhibited due to lower tier dissonance.
WARNING  arda.resonance:resonance_service.py:47 DISSONANCE DETECTED: MACRO Choir - tier_macro_gate is strained (0.0)
_________________________ test_missing_fire_withhold __________________________
backend\tests\gauntlets\test_secret_fire_gauntlet.py:99: in test_missing_fire_withhold
    asyncio.run(_test_missing_fire_withhold())
..\..\..\..\AppData\Local\Programs\Python\Python314\Lib\asyncio\runners.py:204: in run
    return runner.run(main)
           ^^^^^^^^^^^^^^^^
..\..\..\..\AppData\Local\Programs\Python\Python314\Lib\asyncio\runners.py:127: in run
    return self._loop.run_until_complete(task)
           ^^^^^^^^^^^^^^^^^^^^^^^^^^^^^^^^^^^
..\..\..\..\AppData\Local\Programs\Python\Python314\Lib\asyncio\base_events.py:719: in run_until_complete
    return future.result()
           ^^^^^^^^^^^^^^^
backend\tests\gauntlets\test_secret_fire_gauntlet.py:108: in _test_missing_fire_withhold
    assert verdict.overall_state == "withheld"
E   AssertionError: assert 'vetoed' == 'withheld'
E     
E     - withheld
E     + vetoed
---------------------------- Captured stdout call -----------------------------

--- Testing Secret Fire: MISSING FIRE ---
DEBUG: SecretFireForge requesting quote for indices: [0, 1, 7, 11]
Overall State: vetoed
------------------------------ Captured log call ------------------------------
WARNING  backend.arda.ainur.choir:choir.py:106 Secret Fire dissonance detected - reforging sweep-bound reality witness.
ERROR    backend.arda.ainur.choir:choir.py:133 Collector ulmo failed: No module named 'backend.services.kernel_signal_adapter'
WARNING  arda.resonance:resonance_service.py:47 DISSONANCE DETECTED: MICRO Choir - varda is strained (0.0)
ERROR    backend.arda.ainur.choir:choir.py:168 Tier micro Dissonance Detected! (Harmony: 0.0)
WARNING  backend.arda.ainur.choir:choir.py:144 Choral Handoff: MESO tier inhibited due to lower tier dissonance.
WARNING  arda.resonance:resonance_service.py:47 DISSONANCE DETECTED: MESO Choir - tier_meso_gate is strained (0.0)
WARNING  backend.arda.ainur.choir:choir.py:144 Choral Handoff: MACRO tier inhibited due to lower tier dissonance.
WARNING  arda.resonance:resonance_service.py:47 DISSONANCE DETECTED: MACRO Choir - tier_macro_gate is strained (0.0)
_____________________________ test_liar_detection _____________________________
backend\tests\gauntlets\test_secret_fire_gauntlet.py:114: in test_liar_detection
    asyncio.run(_test_liar_detection())
..\..\..\..\AppData\Local\Programs\Python\Python314\Lib\asyncio\runners.py:204: in run
    return runner.run(main)
           ^^^^^^^^^^^^^^^^
..\..\..\..\AppData\Local\Programs\Python\Python314\Lib\asyncio\runners.py:127: in run
    return self._loop.run_until_complete(task)
           ^^^^^^^^^^^^^^^^^^^^^^^^^^^^^^^^^^^
..\..\..\..\AppData\Local\Programs\Python\Python314\Lib\asyncio\base_events.py:719: in run_until_complete
    return future.result()
           ^^^^^^^^^^^^^^^
backend\tests\gauntlets\test_secret_fire_gauntlet.py:124: in _test_liar_detection
    mock_varda.return_value = AinurVerdict(name="varda", state="radiant", confidence=1.0, reasons=["Truth is clear"], evidence=[])
                              ^^^^^^^^^^^^^^^^^^^^^^^^^^^^^^^^^^^^^^^^^^^^^^^^^^^^^^^^^^^^^^^^^^^^^^^^^^^^^^^^^^^^^^^^^^^^^^^^^^^^
E   pydantic_core._pydantic_core.ValidationError: 2 validation errors for AinurVerdict
E   ainur
E     Field required [type=missing, input_value={'name': 'varda', 'state'...clear'], 'evidence': []}, input_type=dict]
E       For further information visit https://errors.pydantic.dev/2.12/v/missing
E   score
E     Field required [type=missing, input_value={'name': 'varda', 'state'...clear'], 'evidence': []}, input_type=dict]
E       For further information visit https://errors.pydantic.dev/2.12/v/missing
---------------------------- Captured stdout call -----------------------------

--- Testing Trinity: LIAR DETECTION ---
_______________________ test_sovereign_mode_strictures ________________________
backend\tests\gauntlets\test_secret_fire_gauntlet.py:143: in test_sovereign_mode_strictures
    asyncio.run(_test_sovereign_mode_strictures())
..\..\..\..\AppData\Local\Programs\Python\Python314\Lib\asyncio\runners.py:204: in run
    return runner.run(main)
           ^^^^^^^^^^^^^^^^
..\..\..\..\AppData\Local\Programs\Python\Python314\Lib\asyncio\runners.py:127: in run
    return self._loop.run_until_complete(task)
           ^^^^^^^^^^^^^^^^^^^^^^^^^^^^^^^^^^^
..\..\..\..\AppData\Local\Programs\Python\Python314\Lib\asyncio\base_events.py:719: in run_until_complete
    return future.result()
           ^^^^^^^^^^^^^^^
backend\tests\gauntlets\test_secret_fire_gauntlet.py:153: in _test_sovereign_mode_strictures
    mock_manwe.return_value = AinurVerdict(name="manwe", state="strained", confidence=0.7, reasons=["Breath is rhythmic but heavy"], evidence=[])
                              ^^^^^^^^^^^^^^^^^^^^^^^^^^^^^^^^^^^^^^^^^^^^^^^^^^^^^^^^^^^^^^^^^^^^^^^^^^^^^^^^^^^^^^^^^^^^^^^^^^^^^^^^^^^^^^^^^^^
E   pydantic_core._pydantic_core.ValidationError: 2 validation errors for AinurVerdict
E   ainur
E     Field required [type=missing, input_value={'name': 'manwe', 'state'...heavy'], 'evidence': []}, input_type=dict]
E       For further information visit https://errors.pydantic.dev/2.12/v/missing
E   score
E     Field required [type=missing, input_value={'name': 'manwe', 'state'...heavy'], 'evidence': []}, input_type=dict]
E       For further information visit https://errors.pydantic.dev/2.12/v/missing
---------------------------- Captured stdout call -----------------------------

--- Testing Trinity: SOVEREIGN MODE ---
============================== warnings summary ===============================
backend/tests/gauntlets/test_secret_fire_gauntlet.py::test_sovereign_harmony
backend/tests/gauntlets/test_secret_fire_gauntlet.py::test_sovereign_harmony
backend/tests/gauntlets/test_secret_fire_gauntlet.py::test_fire_replay_defense
backend/tests/gauntlets/test_secret_fire_gauntlet.py::test_fire_replay_defense
backend/tests/gauntlets/test_secret_fire_gauntlet.py::test_stale_fire_defense
backend/tests/gauntlets/test_secret_fire_gauntlet.py::test_stale_fire_defense
backend/tests/gauntlets/test_secret_fire_gauntlet.py::test_missing_fire_withhold
  C:\Users\User\source\repos\Metatron-triune-outbound-gate\ARDA_OS_v1_80_UNIVERSAL_SANCTITY\backend\services\tpm_attestation_service.py:350: DeprecationWarning: datetime.datetime.utcnow() is deprecated and scheduled for removal in a future version. Use timezone-aware objects to represent datetimes in UTC: datetime.datetime.now(datetime.UTC).
    timestamp=datetime.utcnow()

backend/tests/gauntlets/test_secret_fire_gauntlet.py::test_sovereign_harmony
  C:\Users\User\AppData\Local\Programs\Python\Python314\Lib\site-packages\pydantic\main.py:250: DeprecationWarning: datetime.datetime.utcnow() is deprecated and scheduled for removal in a future version. Use timezone-aware objects to represent datetimes in UTC: datetime.datetime.now(datetime.UTC).
    validated_self = self.__pydantic_validator__.validate_python(data, self_instance=self)

-- Docs: https://docs.pytest.org/en/stable/how-to/capture-warnings.html
=========================== short test summary info ===========================
FAILED backend/tests/gauntlets/test_secret_fire_gauntlet.py::test_sovereign_harmony
FAILED backend/tests/gauntlets/test_secret_fire_gauntlet.py::test_fire_replay_defense
FAILED backend/tests/gauntlets/test_secret_fire_gauntlet.py::test_stale_fire_defense
FAILED backend/tests/gauntlets/test_secret_fire_gauntlet.py::test_missing_fire_withhold
FAILED backend/tests/gauntlets/test_secret_fire_gauntlet.py::test_liar_detection
FAILED backend/tests/gauntlets/test_secret_fire_gauntlet.py::test_sovereign_mode_strictures
======================== 6 failed, 8 warnings in 4.23s ========================

2026-03-27 08:06:23,022 - SOVEREIGN_AUDIT_v2 - INFO - =========================================================================
2026-03-27 08:06:23,022 - SOVEREIGN_AUDIT_v2 - INFO - >>> ENTERING PHASE: CLAIM 8: MEMORY CLASS ISOLATION <<<
2026-03-27 08:06:23,022 - SOVEREIGN_AUDIT_v2 - INFO - =========================================================================
2026-03-27 08:06:23,022 - SOVEREIGN_AUDIT_v2 - INFO - Witnessing: backend/tests/test_advanced_services.py
2026-03-27 08:06:30,003 - SOVEREIGN_AUDIT_v2 - INFO - [CLAIM 8: MEMORY CLASS ISOLATION] holy_witness -> Claim 8: Memory Class Isolation | Status: passed
2026-03-27 08:06:30,004 - SOVEREIGN_AUDIT_v2 - INFO - =========================================================================
2026-03-27 08:06:30,004 - SOVEREIGN_AUDIT_v2 - INFO - >>> ENTERING PHASE: CLAIM 9: QUORUM ENFORCEMENT <<<
2026-03-27 08:06:30,004 - SOVEREIGN_AUDIT_v2 - INFO - =========================================================================
2026-03-27 08:06:30,005 - SOVEREIGN_AUDIT_v2 - INFO - Witnessing: backend/tests/test_advanced_services.py
2026-03-27 08:06:36,939 - SOVEREIGN_AUDIT_v2 - INFO - [CLAIM 9: QUORUM ENFORCEMENT] holy_witness -> Claim 9: Quorum Enforcement | Status: passed
2026-03-27 08:06:36,940 - SOVEREIGN_AUDIT_v2 - INFO - Witnessing: backend/tests/gauntlets/e2e_chorus_gauntlet.py
2026-03-27 08:06:51,088 - SOVEREIGN_AUDIT_v2 - INFO - [CLAIM 9: QUORUM ENFORCEMENT] holy_witness -> Claim 9: Quorum Enforcement | Status: failed
2026-03-27 08:06:51,089 - SOVEREIGN_AUDIT_v2 - ERROR - FRACTURE DETECTED in Claim 9: Quorum Enforcement
2026-03-27 08:06:51,089 - SOVEREIGN_AUDIT_v2 - ERROR - ============================= test session starts =============================
platform win32 -- Python 3.14.3, pytest-9.0.1, pluggy-1.6.0 -- C:\Users\User\AppData\Local\Programs\Python\Python314\python.exe
cachedir: .pytest_cache
hypothesis profile 'default'
rootdir: C:\Users\User\source\repos\Metatron-triune-outbound-gate\ARDA_OS_v1_80_UNIVERSAL_SANCTITY
plugins: anyio-4.11.0, hypothesis-6.151.9, langsmith-0.6.6
collecting ... collected 1 item

backend/tests/gauntlets/e2e_chorus_gauntlet.py::test_chorus_gauntlet FAILED [100%]

================================== FAILURES ===================================
____________________________ test_chorus_gauntlet _____________________________
backend\tests\gauntlets\e2e_chorus_gauntlet.py:145: in test_chorus_gauntlet
    asyncio.run(main())
..\..\..\..\AppData\Local\Programs\Python\Python314\Lib\asyncio\runners.py:204: in run
    return runner.run(main)
           ^^^^^^^^^^^^^^^^
..\..\..\..\AppData\Local\Programs\Python\Python314\Lib\asyncio\runners.py:127: in run
    return self._loop.run_until_complete(task)
           ^^^^^^^^^^^^^^^^^^^^^^^^^^^^^^^^^^^
..\..\..\..\AppData\Local\Programs\Python\Python314\Lib\asyncio\base_events.py:719: in run_until_complete
    return future.result()
           ^^^^^^^^^^^^^^^
backend\tests\gauntlets\e2e_chorus_gauntlet.py:63: in main
    await manwe_herald.bootstrap_herald()
backend\services\manwe_herald.py:48: in bootstrap_herald
    covenant = await self.covenant_service.seal_covenant()
               ^^^^^^^^^^^^^^^^^^^^^^^^^^^^^^^^^^^^^^^^^^^
backend\services\handoff_covenant.py:78: in seal_covenant
    await project_choir_truth(choir_verdict)
backend\services\constitutional_projection.py:68: in project_choir_truth
    fabric.ensure_subject(node_id, workload_hash=workload_hash)
E   TypeError: ArdaFabricEngine.ensure_subject() got an unexpected keyword argument 'workload_hash'
---------------------------- Captured stdout call -----------------------------

--- PHASE III: THE CHORUS GAUNTLET ---
[1] Bootstrapping Lawful Node...
DEBUG: SecretFireForge requesting quote for indices: [0, 1, 7, 11]
------------------------------ Captured log call ------------------------------
ERROR    backend.services.formation_manifest:formation_manifest.py:82 Failed to load/appraise constitutional manifest: [Errno 2] No such file or directory: 'backend/config/formation_manifest.signed.json'
WARNING  backend.services.preboot_state_sealer:preboot_state_sealer.py:74 No sealed preboot covenant found at C:\Users\User\source\repos\Metatron-triune-outbound-gate\ARDA_OS_v1_80_UNIVERSAL_SANCTITY\tmp\preboot_covenant.sealed.
WARNING  backend.arda.ainur.choir:choir.py:106 Secret Fire dissonance detected - reforging sweep-bound reality witness.
ERROR    backend.arda.ainur.choir:choir.py:133 Collector ulmo failed: No module named 'backend.schemas.phase7_models'
WARNING  arda.resonance:resonance_service.py:47 DISSONANCE DETECTED: MICRO Choir - varda is strained (0.0)
ERROR    backend.arda.ainur.choir:choir.py:168 Tier micro Dissonance Detected! (Harmony: 0.0)
WARNING  backend.arda.ainur.choir:choir.py:144 Choral Handoff: MESO tier inhibited due to lower tier dissonance.
WARNING  arda.resonance:resonance_service.py:47 DISSONANCE DETECTED: MESO Choir - tier_meso_gate is strained (0.0)
WARNING  backend.arda.ainur.choir:choir.py:144 Choral Handoff: MACRO tier inhibited due to lower tier dissonance.
WARNING  arda.resonance:resonance_service.py:47 DISSONANCE DETECTED: MACRO Choir - tier_macro_gate is strained (0.0)
============================== warnings summary ===============================
backend/tests/gauntlets/e2e_chorus_gauntlet.py::test_chorus_gauntlet
backend/tests/gauntlets/e2e_chorus_gauntlet.py::test_chorus_gauntlet
backend/tests/gauntlets/e2e_chorus_gauntlet.py::test_chorus_gauntlet
backend/tests/gauntlets/e2e_chorus_gauntlet.py::test_chorus_gauntlet
  C:\Users\User\source\repos\Metatron-triune-outbound-gate\ARDA_OS_v1_80_UNIVERSAL_SANCTITY\backend\services\boot_eventlog_reader.py:67: DeprecationWarning: datetime.datetime.utcnow() is deprecated and scheduled for removal in a future version. Use timezone-aware objects to represent datetimes in UTC: datetime.datetime.now(datetime.UTC).
    timestamp=datetime.utcnow()

backend/tests/gauntlets/e2e_chorus_gauntlet.py::test_chorus_gauntlet
  C:\Users\User\source\repos\Metatron-triune-outbound-gate\ARDA_OS_v1_80_UNIVERSAL_SANCTITY\backend\services\tpm_attestation_service.py:350: DeprecationWarning: datetime.datetime.utcnow() is deprecated and scheduled for removal in a future version. Use timezone-aware objects to represent datetimes in UTC: datetime.datetime.now(datetime.UTC).
    timestamp=datetime.utcnow()

backend/tests/gauntlets/e2e_chorus_gauntlet.py::test_chorus_gauntlet
  C:\Users\User\AppData\Local\Programs\Python\Python314\Lib\site-packages\pydantic\main.py:250: DeprecationWarning: datetime.datetime.utcnow() is deprecated and scheduled for removal in a future version. Use timezone-aware objects to represent datetimes in UTC: datetime.datetime.now(datetime.UTC).
    validated_self = self.__pydantic_validator__.validate_python(data, self_instance=self)

-- Docs: https://docs.pytest.org/en/stable/how-to/capture-warnings.html
=========================== short test summary info ===========================
FAILED backend/tests/gauntlets/e2e_chorus_gauntlet.py::test_chorus_gauntlet
======================== 1 failed, 6 warnings in 6.08s ========================

2026-03-27 08:06:55,438 - SOVEREIGN_AUDIT_v2 - INFO - =========================================================================
2026-03-27 08:06:55,438 - SOVEREIGN_AUDIT_v2 - INFO - >>> ENTERING PHASE: CLAIM 10: BEHAVIORAL BASELINING <<<
2026-03-27 08:06:55,438 - SOVEREIGN_AUDIT_v2 - INFO - =========================================================================
2026-03-27 08:06:55,438 - SOVEREIGN_AUDIT_v2 - INFO - Witnessing: backend/tests/test_advanced_services.py
2026-03-27 08:07:07,582 - SOVEREIGN_AUDIT_v2 - INFO - [CLAIM 10: BEHAVIORAL BASELINING] holy_witness -> Claim 10: Behavioral Baselining | Status: passed
2026-03-27 08:07:07,584 - SOVEREIGN_AUDIT_v2 - INFO - =========================================================================
2026-03-27 08:07:07,584 - SOVEREIGN_AUDIT_v2 - INFO - >>> ENTERING PHASE: CLAIM 11: SOVEREIGN TRANSPORT <<<
2026-03-27 08:07:07,584 - SOVEREIGN_AUDIT_v2 - INFO - =========================================================================
2026-03-27 08:07:07,584 - SOVEREIGN_AUDIT_v2 - INFO - Witnessing: backend/tests/test_advanced_services.py
2026-03-27 08:07:19,307 - SOVEREIGN_AUDIT_v2 - INFO - [CLAIM 11: SOVEREIGN TRANSPORT] holy_witness -> Claim 11: Sovereign Transport | Status: passed
2026-03-27 08:07:19,308 - SOVEREIGN_AUDIT_v2 - INFO - Witnessing: backend/tests/gauntlets/test_secret_fire_gauntlet.py
2026-03-27 08:07:33,827 - SOVEREIGN_AUDIT_v2 - INFO - [CLAIM 11: SOVEREIGN TRANSPORT] holy_witness -> Claim 11: Sovereign Transport | Status: failed
2026-03-27 08:07:33,827 - SOVEREIGN_AUDIT_v2 - ERROR - FRACTURE DETECTED in Claim 11: Sovereign Transport
2026-03-27 08:07:33,827 - SOVEREIGN_AUDIT_v2 - ERROR - ============================= test session starts =============================
platform win32 -- Python 3.14.3, pytest-9.0.1, pluggy-1.6.0 -- C:\Users\User\AppData\Local\Programs\Python\Python314\python.exe
cachedir: .pytest_cache
hypothesis profile 'default'
rootdir: C:\Users\User\source\repos\Metatron-triune-outbound-gate\ARDA_OS_v1_80_UNIVERSAL_SANCTITY
plugins: anyio-4.11.0, hypothesis-6.151.9, langsmith-0.6.6
collecting ... collected 6 items

backend/tests/gauntlets/test_secret_fire_gauntlet.py::test_sovereign_harmony FAILED [ 16%]
backend/tests/gauntlets/test_secret_fire_gauntlet.py::test_fire_replay_defense FAILED [ 33%]
backend/tests/gauntlets/test_secret_fire_gauntlet.py::test_stale_fire_defense FAILED [ 50%]
backend/tests/gauntlets/test_secret_fire_gauntlet.py::test_missing_fire_withhold FAILED [ 66%]
backend/tests/gauntlets/test_secret_fire_gauntlet.py::test_liar_detection FAILED [ 83%]
backend/tests/gauntlets/test_secret_fire_gauntlet.py::test_sovereign_mode_strictures FAILED [100%]

================================== FAILURES ===================================
___________________________ test_sovereign_harmony ____________________________
backend\tests\gauntlets\test_secret_fire_gauntlet.py:14: in test_sovereign_harmony
    asyncio.run(_test_sovereign_harmony())
..\..\..\..\AppData\Local\Programs\Python\Python314\Lib\asyncio\runners.py:204: in run
    return runner.run(main)
           ^^^^^^^^^^^^^^^^
..\..\..\..\AppData\Local\Programs\Python\Python314\Lib\asyncio\runners.py:127: in run
    return self._loop.run_until_complete(task)
           ^^^^^^^^^^^^^^^^^^^^^^^^^^^^^^^^^^^
..\..\..\..\AppData\Local\Programs\Python\Python314\Lib\asyncio\base_events.py:719: in run_until_complete
    return future.result()
           ^^^^^^^^^^^^^^^
backend\tests\gauntlets\test_secret_fire_gauntlet.py:48: in _test_sovereign_harmony
    assert verdict.overall_state == "heralded"
E   AssertionError: assert 'vetoed' == 'heralded'
E     
E     - heralded
E     + vetoed
---------------------------- Captured stdout call -----------------------------

--- Testing Secret Fire: SOVEREIGN HARMONY ---
DEBUG: SecretFireForge requesting quote for indices: [0, 1, 7, 11]
DEBUG: SecretFireForge requesting quote for indices: [0, 1, 7, 11]
Overall State: vetoed
Confidence: 0.00
------------------------------ Captured log call ------------------------------
WARNING  backend.arda.ainur.choir:choir.py:106 Secret Fire dissonance detected - reforging sweep-bound reality witness.
WARNING  arda.secure_boot:secure_boot.py:48 SecureBoot: TPM is uninitialized (0s). Status set to UNLAWFUL.
ERROR    backend.arda.ainur.choir:choir.py:133 Collector ulmo failed: No module named 'backend.schemas.phase7_models'
WARNING  arda.resonance:resonance_service.py:47 DISSONANCE DETECTED: MICRO Choir - varda is strained (0.0)
ERROR    backend.arda.ainur.choir:choir.py:168 Tier micro Dissonance Detected! (Harmony: 0.0)
WARNING  backend.arda.ainur.choir:choir.py:144 Choral Handoff: MESO tier inhibited due to lower tier dissonance.
WARNING  arda.resonance:resonance_service.py:47 DISSONANCE DETECTED: MESO Choir - tier_meso_gate is strained (0.0)
WARNING  backend.arda.ainur.choir:choir.py:144 Choral Handoff: MACRO tier inhibited due to lower tier dissonance.
WARNING  arda.resonance:resonance_service.py:47 DISSONANCE DETECTED: MACRO Choir - tier_macro_gate is strained (0.0)
__________________________ test_fire_replay_defense ___________________________
backend\tests\gauntlets\test_secret_fire_gauntlet.py:53: in test_fire_replay_defense
    asyncio.run(_test_fire_replay_defense())
..\..\..\..\AppData\Local\Programs\Python\Python314\Lib\asyncio\runners.py:204: in run
    return runner.run(main)
           ^^^^^^^^^^^^^^^^
..\..\..\..\AppData\Local\Programs\Python\Python314\Lib\asyncio\runners.py:127: in run
    return self._loop.run_until_complete(task)
           ^^^^^^^^^^^^^^^^^^^^^^^^^^^^^^^^^^^
..\..\..\..\AppData\Local\Programs\Python\Python314\Lib\asyncio\base_events.py:719: in run_until_complete
    return future.result()
           ^^^^^^^^^^^^^^^
backend\tests\gauntlets\test_secret_fire_gauntlet.py:66: in _test_fire_replay_defense
    assert fire_2.replay_suspected is True
E   AssertionError: assert False is True
E    +  where False = SecretFirePacket(node_id='node-0', covenant_id='cov-1', voice_id=None, root_nonce_ref=None, tier=None, ainur_target=None, sweep_id=None, nonce='43a5ae2475d54449942be3737872022a', issued_at=1774591650.742731, expires_at=1774591655.742731, responded_at=1774591650.752731, latency_ms=9.999990463256836, epoch='ep-1', monotonic_counter=1, attestation_digest='d1', order_digest='d2', runtime_digest='d3', witness_id='quorum-witness-alpha', witness_signature='367631d28814db7bd8859cfb56e628a9ee5ed98ca5f9f21ea40ccdb7da576638', workload_hash=None, entropy_digest=None, cadence_profile={}, replay_suspected=False, freshness_valid=False, tpm_quote={'quote': 'bW9ja190cG1fcXVvdGVfZGF0YV9mb3JfNDNhNWFlMjQ3NWQ1NDQ0OTk0MmJlMzczNzg3MjAyMmE=', 'signature': 'bW9ja190cG1fc2lnbmF0dXJl', 'pcr_mask': '0,1,7,11', 'nonce': '43a5ae2475d54449942be3737872022a', 'timestamp': datetime.datetime(2026, 3, 27, 6, 7, 30, 753018)}).replay_suspected
---------------------------- Captured stdout call -----------------------------

--- Testing Secret Fire: REPLAY DEFENSE ---
DEBUG: SecretFireForge requesting quote for indices: [0, 1, 7, 11]
DEBUG: SecretFireForge requesting quote for indices: [0, 1, 7, 11]
------------------------------ Captured log call ------------------------------
WARNING  backend.services.secret_fire:secret_fire.py:147 Forge: Nonce 43a5ae24 unknown or expired!
___________________________ test_stale_fire_defense ___________________________
backend\tests\gauntlets\test_secret_fire_gauntlet.py:77: in test_stale_fire_defense
    asyncio.run(_test_stale_fire_defense())
..\..\..\..\AppData\Local\Programs\Python\Python314\Lib\asyncio\runners.py:204: in run
    return runner.run(main)
           ^^^^^^^^^^^^^^^^
..\..\..\..\AppData\Local\Programs\Python\Python314\Lib\asyncio\runners.py:127: in run
    return self._loop.run_until_complete(task)
           ^^^^^^^^^^^^^^^^^^^^^^^^^^^^^^^^^^^
..\..\..\..\AppData\Local\Programs\Python\Python314\Lib\asyncio\base_events.py:719: in run_until_complete
    return future.result()
           ^^^^^^^^^^^^^^^
backend\tests\gauntlets\test_secret_fire_gauntlet.py:94: in _test_stale_fire_defense
    assert any("stale" in r.lower() for r in verdict.reasons)
E   assert False
E    +  where False = any(<generator object _test_stale_fire_defense.<locals>.<genexpr> at 0x000001A81D0D9700>)
---------------------------- Captured stdout call -----------------------------

--- Testing Secret Fire: STALE DEFENSE ---
DEBUG: SecretFireForge requesting quote for indices: [0, 1, 7, 11]
DEBUG: SecretFireForge requesting quote for indices: [0, 1, 7, 11]
Overall State: vetoed
------------------------------ Captured log call ------------------------------
WARNING  backend.services.secret_fire:secret_fire.py:154 Forge: Nonce e96b1c53 expired before response!
WARNING  backend.arda.ainur.choir:choir.py:106 Secret Fire dissonance detected - reforging sweep-bound reality witness.
ERROR    backend.arda.ainur.choir:choir.py:133 Collector ulmo failed: No module named 'backend.schemas.phase7_models'
WARNING  arda.resonance:resonance_service.py:47 DISSONANCE DETECTED: MICRO Choir - varda is strained (0.0)
ERROR    backend.arda.ainur.choir:choir.py:168 Tier micro Dissonance Detected! (Harmony: 0.0)
WARNING  backend.arda.ainur.choir:choir.py:144 Choral Handoff: MESO tier inhibited due to lower tier dissonance.
WARNING  arda.resonance:resonance_service.py:47 DISSONANCE DETECTED: MESO Choir - tier_meso_gate is strained (0.0)
WARNING  backend.arda.ainur.choir:choir.py:144 Choral Handoff: MACRO tier inhibited due to lower tier dissonance.
WARNING  arda.resonance:resonance_service.py:47 DISSONANCE DETECTED: MACRO Choir - tier_macro_gate is strained (0.0)
_________________________ test_missing_fire_withhold __________________________
backend\tests\gauntlets\test_secret_fire_gauntlet.py:99: in test_missing_fire_withhold
    asyncio.run(_test_missing_fire_withhold())
..\..\..\..\AppData\Local\Programs\Python\Python314\Lib\asyncio\runners.py:204: in run
    return runner.run(main)
           ^^^^^^^^^^^^^^^^
..\..\..\..\AppData\Local\Programs\Python\Python314\Lib\asyncio\runners.py:127: in run
    return self._loop.run_until_complete(task)
           ^^^^^^^^^^^^^^^^^^^^^^^^^^^^^^^^^^^
..\..\..\..\AppData\Local\Programs\Python\Python314\Lib\asyncio\base_events.py:719: in run_until_complete
    return future.result()
           ^^^^^^^^^^^^^^^
backend\tests\gauntlets\test_secret_fire_gauntlet.py:108: in _test_missing_fire_withhold
    assert verdict.overall_state == "withheld"
E   AssertionError: assert 'vetoed' == 'withheld'
E     
E     - withheld
E     + vetoed
---------------------------- Captured stdout call -----------------------------

--- Testing Secret Fire: MISSING FIRE ---
DEBUG: SecretFireForge requesting quote for indices: [0, 1, 7, 11]
Overall State: vetoed
------------------------------ Captured log call ------------------------------
WARNING  backend.arda.ainur.choir:choir.py:106 Secret Fire dissonance detected - reforging sweep-bound reality witness.
ERROR    backend.arda.ainur.choir:choir.py:133 Collector ulmo failed: No module named 'backend.schemas.phase7_models'
WARNING  arda.resonance:resonance_service.py:47 DISSONANCE DETECTED: MICRO Choir - varda is strained (0.0)
ERROR    backend.arda.ainur.choir:choir.py:168 Tier micro Dissonance Detected! (Harmony: 0.0)
WARNING  backend.arda.ainur.choir:choir.py:144 Choral Handoff: MESO tier inhibited due to lower tier dissonance.
WARNING  arda.resonance:resonance_service.py:47 DISSONANCE DETECTED: MESO Choir - tier_meso_gate is strained (0.0)
WARNING  backend.arda.ainur.choir:choir.py:144 Choral Handoff: MACRO tier inhibited due to lower tier dissonance.
WARNING  arda.resonance:resonance_service.py:47 DISSONANCE DETECTED: MACRO Choir - tier_macro_gate is strained (0.0)
_____________________________ test_liar_detection _____________________________
backend\tests\gauntlets\test_secret_fire_gauntlet.py:114: in test_liar_detection
    asyncio.run(_test_liar_detection())
..\..\..\..\AppData\Local\Programs\Python\Python314\Lib\asyncio\runners.py:204: in run
    return runner.run(main)
           ^^^^^^^^^^^^^^^^
..\..\..\..\AppData\Local\Programs\Python\Python314\Lib\asyncio\runners.py:127: in run
    return self._loop.run_until_complete(task)
           ^^^^^^^^^^^^^^^^^^^^^^^^^^^^^^^^^^^
..\..\..\..\AppData\Local\Programs\Python\Python314\Lib\asyncio\base_events.py:719: in run_until_complete
    return future.result()
           ^^^^^^^^^^^^^^^
backend\tests\gauntlets\test_secret_fire_gauntlet.py:124: in _test_liar_detection
    mock_varda.return_value = AinurVerdict(name="varda", state="radiant", confidence=1.0, reasons=["Truth is clear"], evidence=[])
                              ^^^^^^^^^^^^^^^^^^^^^^^^^^^^^^^^^^^^^^^^^^^^^^^^^^^^^^^^^^^^^^^^^^^^^^^^^^^^^^^^^^^^^^^^^^^^^^^^^^^^
E   pydantic_core._pydantic_core.ValidationError: 2 validation errors for AinurVerdict
E   ainur
E     Field required [type=missing, input_value={'name': 'varda', 'state'...clear'], 'evidence': []}, input_type=dict]
E       For further information visit https://errors.pydantic.dev/2.12/v/missing
E   score
E     Field required [type=missing, input_value={'name': 'varda', 'state'...clear'], 'evidence': []}, input_type=dict]
E       For further information visit https://errors.pydantic.dev/2.12/v/missing
---------------------------- Captured stdout call -----------------------------

--- Testing Trinity: LIAR DETECTION ---
_______________________ test_sovereign_mode_strictures ________________________
backend\tests\gauntlets\test_secret_fire_gauntlet.py:143: in test_sovereign_mode_strictures
    asyncio.run(_test_sovereign_mode_strictures())
..\..\..\..\AppData\Local\Programs\Python\Python314\Lib\asyncio\runners.py:204: in run
    return runner.run(main)
           ^^^^^^^^^^^^^^^^
..\..\..\..\AppData\Local\Programs\Python\Python314\Lib\asyncio\runners.py:127: in run
    return self._loop.run_until_complete(task)
           ^^^^^^^^^^^^^^^^^^^^^^^^^^^^^^^^^^^
..\..\..\..\AppData\Local\Programs\Python\Python314\Lib\asyncio\base_events.py:719: in run_until_complete
    return future.result()
           ^^^^^^^^^^^^^^^
backend\tests\gauntlets\test_secret_fire_gauntlet.py:153: in _test_sovereign_mode_strictures
    mock_manwe.return_value = AinurVerdict(name="manwe", state="strained", confidence=0.7, reasons=["Breath is rhythmic but heavy"], evidence=[])
                              ^^^^^^^^^^^^^^^^^^^^^^^^^^^^^^^^^^^^^^^^^^^^^^^^^^^^^^^^^^^^^^^^^^^^^^^^^^^^^^^^^^^^^^^^^^^^^^^^^^^^^^^^^^^^^^^^^^^
E   pydantic_core._pydantic_core.ValidationError: 2 validation errors for AinurVerdict
E   ainur
E     Field required [type=missing, input_value={'name': 'manwe', 'state'...heavy'], 'evidence': []}, input_type=dict]
E       For further information visit https://errors.pydantic.dev/2.12/v/missing
E   score
E     Field required [type=missing, input_value={'name': 'manwe', 'state'...heavy'], 'evidence': []}, input_type=dict]
E       For further information visit https://errors.pydantic.dev/2.12/v/missing
---------------------------- Captured stdout call -----------------------------

--- Testing Trinity: SOVEREIGN MODE ---
============================== warnings summary ===============================
backend/tests/gauntlets/test_secret_fire_gauntlet.py::test_sovereign_harmony
backend/tests/gauntlets/test_secret_fire_gauntlet.py::test_sovereign_harmony
backend/tests/gauntlets/test_secret_fire_gauntlet.py::test_fire_replay_defense
backend/tests/gauntlets/test_secret_fire_gauntlet.py::test_fire_replay_defense
backend/tests/gauntlets/test_secret_fire_gauntlet.py::test_stale_fire_defense
backend/tests/gauntlets/test_secret_fire_gauntlet.py::test_stale_fire_defense
backend/tests/gauntlets/test_secret_fire_gauntlet.py::test_missing_fire_withhold
  C:\Users\User\source\repos\Metatron-triune-outbound-gate\ARDA_OS_v1_80_UNIVERSAL_SANCTITY\backend\services\tpm_attestation_service.py:350: DeprecationWarning: datetime.datetime.utcnow() is deprecated and scheduled for removal in a future version. Use timezone-aware objects to represent datetimes in UTC: datetime.datetime.now(datetime.UTC).
    timestamp=datetime.utcnow()

backend/tests/gauntlets/test_secret_fire_gauntlet.py::test_sovereign_harmony
  C:\Users\User\AppData\Local\Programs\Python\Python314\Lib\site-packages\pydantic\main.py:250: DeprecationWarning: datetime.datetime.utcnow() is deprecated and scheduled for removal in a future version. Use timezone-aware objects to represent datetimes in UTC: datetime.datetime.now(datetime.UTC).
    validated_self = self.__pydantic_validator__.validate_python(data, self_instance=self)

-- Docs: https://docs.pytest.org/en/stable/how-to/capture-warnings.html
=========================== short test summary info ===========================
FAILED backend/tests/gauntlets/test_secret_fire_gauntlet.py::test_sovereign_harmony
FAILED backend/tests/gauntlets/test_secret_fire_gauntlet.py::test_fire_replay_defense
FAILED backend/tests/gauntlets/test_secret_fire_gauntlet.py::test_stale_fire_defense
FAILED backend/tests/gauntlets/test_secret_fire_gauntlet.py::test_missing_fire_withhold
FAILED backend/tests/gauntlets/test_secret_fire_gauntlet.py::test_liar_detection
FAILED backend/tests/gauntlets/test_secret_fire_gauntlet.py::test_sovereign_mode_strictures
======================== 6 failed, 8 warnings in 5.44s ========================

2026-03-27 08:08:19,917 - SOVEREIGN_AUDIT_v2 - INFO - =========================================================================
2026-03-27 08:08:19,917 - SOVEREIGN_AUDIT_v2 - INFO - >>> ENTERING PHASE: CLAIM 12: RECURSIVE WITNESSING <<<
2026-03-27 08:08:19,917 - SOVEREIGN_AUDIT_v2 - INFO - =========================================================================
2026-03-27 08:08:19,917 - SOVEREIGN_AUDIT_v2 - INFO - Witnessing: backend/tests/test_advanced_services.py
2026-03-27 08:08:26,202 - SOVEREIGN_AUDIT_v2 - INFO - [CLAIM 12: RECURSIVE WITNESSING] holy_witness -> Claim 12: Recursive Witnessing | Status: passed
2026-03-27 08:08:26,203 - SOVEREIGN_AUDIT_v2 - INFO - Witnessing: backend/tests/gauntlets/test_tulkas_enforcement.py
2026-03-27 08:08:32,879 - SOVEREIGN_AUDIT_v2 - INFO - [CLAIM 12: RECURSIVE WITNESSING] holy_witness -> Claim 12: Recursive Witnessing | Status: passed
2026-03-27 08:08:32,879 - SOVEREIGN_AUDIT_v2 - INFO - =========================================================================
2026-03-27 08:08:32,879 - SOVEREIGN_AUDIT_v2 - INFO - >>> ENTERING PHASE: CLAIM 13: PERFECT HONESTY <<<
2026-03-27 08:08:32,879 - SOVEREIGN_AUDIT_v2 - INFO - =========================================================================
2026-03-27 08:08:32,880 - SOVEREIGN_AUDIT_v2 - INFO - Witnessing: backend/tests/test_advanced_services.py
2026-03-27 08:08:37,502 - SOVEREIGN_AUDIT_v2 - INFO - [CLAIM 13: PERFECT HONESTY] holy_witness -> Claim 13: Perfect Honesty | Status: passed
2026-03-27 08:08:37,581 - SOVEREIGN_AUDIT_v2 - INFO - Final JSON Telemetry Report Generated: C:\Users\User\source\repos\Metatron-triune-outbound-gate\ARDA_OS_v1_80_UNIVERSAL_SANCTITY\backend\scripts\telemetry_logs\SOVEREIGN_AUDIT_v2_report.json
2026-03-27 08:08:37,585 - SOVEREIGN_AUDIT_v2 - INFO - Markdown Telemetry Summary Generated: C:\Users\User\source\repos\Metatron-triune-outbound-gate\ARDA_OS_v1_80_UNIVERSAL_SANCTITY\backend\scripts\telemetry_logs\SOVEREIGN_AUDIT_v2_summary.md
2026-03-27 08:08:37,587 - SOVEREIGN_AUDIT_v2 - INFO - 
================================================================================
2026-03-27 08:08:37,758 - SOVEREIGN_AUDIT_v2 - INFO - ================================================================================
