2026-03-27 21:43:07,334 - SOVEREIGN_AUDIT_v2 - INFO - Telemetry Collector Initialized: SOVEREIGN_AUDIT_v2
2026-03-27 21:43:07,335 - SOVEREIGN_AUDIT_v2 - INFO - Logging to: C:\Users\User\source\repos\Metatron-triune-outbound-gate\ARDA_OS_v1_80_UNIVERSAL_SANCTITY\backend\scripts\telemetry_logs\SOVEREIGN_AUDIT_v2_20260327_194307.log
2026-03-27 21:43:07,335 - SOVEREIGN_AUDIT_v2 - INFO - ================================================================================
2026-03-27 21:43:07,336 - SOVEREIGN_AUDIT_v2 - INFO -  [ARDA OS : SOVEREIGN AUDIT EXECUTION BRIDGE (v2.0.0-INFALLIBLE)] 
2026-03-27 21:43:07,336 - SOVEREIGN_AUDIT_v2 - INFO - ================================================================================
2026-03-27 21:43:07,337 - SOVEREIGN_AUDIT_v2 - INFO - =========================================================================
2026-03-27 21:43:07,337 - SOVEREIGN_AUDIT_v2 - INFO - >>> ENTERING PHASE: CLAIM 1: SILICON INTEGRITY <<<
2026-03-27 21:43:07,337 - SOVEREIGN_AUDIT_v2 - INFO - =========================================================================
2026-03-27 21:43:07,337 - SOVEREIGN_AUDIT_v2 - INFO - Witnessing: backend/tests/test_governance_token_enforcement.py
2026-03-27 21:43:12,708 - SOVEREIGN_AUDIT_v2 - INFO - [CLAIM 1: SILICON INTEGRITY] holy_witness -> Claim 1: Silicon Integrity | Status: passed
2026-03-27 21:43:12,712 - SOVEREIGN_AUDIT_v2 - INFO - Witnessing: backend/tests/gauntlets/e2e_formation_gauntlet.py
2026-03-27 21:43:22,160 - SOVEREIGN_AUDIT_v2 - INFO - [CLAIM 1: SILICON INTEGRITY] holy_witness -> Claim 1: Silicon Integrity | Status: passed
2026-03-27 21:43:22,160 - SOVEREIGN_AUDIT_v2 - INFO - =========================================================================
2026-03-27 21:43:22,162 - SOVEREIGN_AUDIT_v2 - INFO - >>> ENTERING PHASE: CLAIM 2: PQC ROOT OF TRUST <<<
2026-03-27 21:43:22,162 - SOVEREIGN_AUDIT_v2 - INFO - =========================================================================
2026-03-27 21:43:22,163 - SOVEREIGN_AUDIT_v2 - INFO - Witnessing: backend/tests/test_quantum_security_service.py
2026-03-27 21:43:25,338 - SOVEREIGN_AUDIT_v2 - INFO - [CLAIM 2: PQC ROOT OF TRUST] holy_witness -> Claim 2: PQC Root of Trust | Status: passed
2026-03-27 21:43:25,339 - SOVEREIGN_AUDIT_v2 - INFO - =========================================================================
2026-03-27 21:43:25,339 - SOVEREIGN_AUDIT_v2 - INFO - >>> ENTERING PHASE: CLAIM 3: MULTI-MODEL SYNTHESIS <<<
2026-03-27 21:43:25,339 - SOVEREIGN_AUDIT_v2 - INFO - =========================================================================
2026-03-27 21:43:25,340 - SOVEREIGN_AUDIT_v2 - INFO - Witnessing: backend/tests/test_governance_token_enforcement.py
2026-03-27 21:43:29,551 - SOVEREIGN_AUDIT_v2 - INFO - [CLAIM 3: MULTI-MODEL SYNTHESIS] holy_witness -> Claim 3: Multi-Model Synthesis | Status: passed
2026-03-27 21:43:29,552 - SOVEREIGN_AUDIT_v2 - INFO - Witnessing: backend/tests/gauntlets/e2e_constitutional_gauntlet.py
2026-03-27 21:43:39,174 - SOVEREIGN_AUDIT_v2 - INFO - [CLAIM 3: MULTI-MODEL SYNTHESIS] holy_witness -> Claim 3: Multi-Model Synthesis | Status: failed
2026-03-27 21:43:39,175 - SOVEREIGN_AUDIT_v2 - ERROR - FRACTURE DETECTED in Claim 3: Multi-Model Synthesis
2026-03-27 21:43:39,176 - SOVEREIGN_AUDIT_v2 - ERROR - ============================= test session starts =============================
platform win32 -- Python 3.14.3, pytest-9.0.1, pluggy-1.6.0 -- C:\Users\User\AppData\Local\Programs\Python\Python314\python.exe
cachedir: .pytest_cache
hypothesis profile 'default'
rootdir: C:\Users\User\source\repos\Metatron-triune-outbound-gate\ARDA_OS_v1_80_UNIVERSAL_SANCTITY
plugins: anyio-4.11.0, hypothesis-6.151.9, langsmith-0.6.6
collecting ... collected 1 item

backend/tests/gauntlets/e2e_constitutional_gauntlet.py::test_constitutional_gauntlet FAILED [100%]

================================== FAILURES ===================================
________________________ test_constitutional_gauntlet _________________________
backend\tests\gauntlets\e2e_constitutional_gauntlet.py:381: in test_constitutional_gauntlet
    asyncio.run(run_gauntlet())
..\..\..\..\AppData\Local\Programs\Python\Python314\Lib\asyncio\runners.py:204: in run
    return runner.run(main)
           ^^^^^^^^^^^^^^^^
..\..\..\..\AppData\Local\Programs\Python\Python314\Lib\asyncio\runners.py:127: in run
    return self._loop.run_until_complete(task)
           ^^^^^^^^^^^^^^^^^^^^^^^^^^^^^^^^^^^
..\..\..\..\AppData\Local\Programs\Python\Python314\Lib\asyncio\base_events.py:719: in run_until_complete
    return future.result()
           ^^^^^^^^^^^^^^^
backend\tests\gauntlets\e2e_constitutional_gauntlet.py:209: in run_gauntlet
    herald_state = await herald_service.bootstrap_herald()
                   ^^^^^^^^^^^^^^^^^^^^^^^^^^^^^^^^^^^^^^^
backend\services\manwe_herald.py:82: in bootstrap_herald
    boot_truth_status=BootTruthStatus(covenant.status),
                      ^^^^^^^^^^^^^^^^^^^^^^^^^^^^^^^^
..\..\..\..\AppData\Local\Programs\Python\Python314\Lib\enum.py:708: in __call__
    return cls.__new__(cls, value)
           ^^^^^^^^^^^^^^^^^^^^^^^
..\..\..\..\AppData\Local\Programs\Python\Python314\Lib\enum.py:1193: in __new__
    raise ve_exc
E   ValueError: 'harmonic' is not a valid BootTruthStatus
---------------------------- Captured stdout call -----------------------------
Initializing Constitutional Gauntlet...

--- GAUNTLET STAGE 1: LAWFUL BIRTH ---
Boot Status: BootTruthStatus.LAWFUL (ID: btb-3c9501eb0f89)
DEBUG: SecretFireForge requesting quote for indices: [0, 1, 7, 11]
DEBUG: SecretFireForge requesting quote for indices: [0, 1, 7, 11]
DIAG: Ainur varda -> state=radiant, score=1.00, reasons=['Truth is stable and attested']
DIAG: Ainur vaire -> state=lawful, score=1.00, reasons=['Lawful chronology confirmed']
DIAG: Ainur mandos -> state=remembered, score=1.00, reasons=['No unauthorized absence detected']
DIAG: Ainur manwe -> state=flowing, score=1.00, reasons=['System breath is natural and rhythmic']
DIAG: Ainur ulmo -> state=clear, score=1.00, reasons=['The deep places are clear and serene']
DIAG: Ainur aule -> state=harmonic, score=1.00, reasons=['Constitutional Synthesis: harmonic']
------------------------------ Captured log call ------------------------------
WARNING  backend.services.tpm_attestation_service:tpm_attestation_service.py:43 PHASE VI: Using high-fidelity mock (Development only).
WARNING  backend.services.tpm_attestation_service:tpm_attestation_service.py:217 TPM (Mock): PCR Mismatch detected (Bound: 4a654683... Current: d05d90b5...). Overriding for Infallible Audit.
WARNING  backend.valinor.gurthang_lsm:gurthang_lsm.py:12 Gurthang LSM: BPF loader (bcc) not found. Falling back to Simulated Blade.
WARNING  services.boot_attestation:boot_attestation.py:131 PHASE I: Using mock TPM PCRs (No physical TPM detected or mapped)
WARNING  services.boot_attestation:boot_attestation.py:181 PHASE I: Using mock initramfs hash (file not found)
WARNING  backend.services.preboot_state_sealer:preboot_state_sealer.py:74 No sealed preboot covenant found at C:\Users\User\source\repos\Metatron-triune-outbound-gate\ARDA_OS_v1_80_UNIVERSAL_SANCTITY\tmp\preboot_covenant.sealed.
WARNING  backend.arda.ainur.choir:choir.py:112 Secret Fire dissonance detected - reforging sweep-bound reality witness.
WARNING  backend.services.earendil_flow:earendil_flow.py:58 Eärendil Ingress: Sovereign Summons received for local-substrate. Syncing Resonance: STRAINED
============================== warnings summary ===============================
backend/tests/gauntlets/e2e_constitutional_gauntlet.py::test_constitutional_gauntlet
backend/tests/gauntlets/e2e_constitutional_gauntlet.py::test_constitutional_gauntlet
  C:\Users\User\AppData\Local\Programs\Python\Python314\Lib\site-packages\pydantic\main.py:250: DeprecationWarning: datetime.datetime.utcnow() is deprecated and scheduled for removal in a future version. Use timezone-aware objects to represent datetimes in UTC: datetime.datetime.now(datetime.UTC).
    validated_self = self.__pydantic_validator__.validate_python(data, self_instance=self)

backend/tests/gauntlets/e2e_constitutional_gauntlet.py::test_constitutional_gauntlet
backend/tests/gauntlets/e2e_constitutional_gauntlet.py::test_constitutional_gauntlet
  C:\Users\User\source\repos\Metatron-triune-outbound-gate\ARDA_OS_v1_80_UNIVERSAL_SANCTITY\backend\services\tpm_attestation_service.py:353: DeprecationWarning: datetime.datetime.utcnow() is deprecated and scheduled for removal in a future version. Use timezone-aware objects to represent datetimes in UTC: datetime.datetime.now(datetime.UTC).
    timestamp=datetime.utcnow()

backend/tests/gauntlets/e2e_constitutional_gauntlet.py::test_constitutional_gauntlet
backend/tests/gauntlets/e2e_constitutional_gauntlet.py::test_constitutional_gauntlet
backend/tests/gauntlets/e2e_constitutional_gauntlet.py::test_constitutional_gauntlet
backend/tests/gauntlets/e2e_constitutional_gauntlet.py::test_constitutional_gauntlet
  C:\Users\User\source\repos\Metatron-triune-outbound-gate\ARDA_OS_v1_80_UNIVERSAL_SANCTITY\backend\services\boot_eventlog_reader.py:67: DeprecationWarning: datetime.datetime.utcnow() is deprecated and scheduled for removal in a future version. Use timezone-aware objects to represent datetimes in UTC: datetime.datetime.now(datetime.UTC).
    timestamp=datetime.utcnow()

backend/tests/gauntlets/e2e_constitutional_gauntlet.py::test_constitutional_gauntlet
  C:\Users\User\source\repos\Metatron-triune-outbound-gate\ARDA_OS_v1_80_UNIVERSAL_SANCTITY\backend\services\attested_identity_bridge.py:40: DeprecationWarning: datetime.datetime.utcnow() is deprecated and scheduled for removal in a future version. Use timezone-aware objects to represent datetimes in UTC: datetime.datetime.now(datetime.UTC).
    last_attestation_timestamp=datetime.utcnow(),

-- Docs: https://docs.pytest.org/en/stable/how-to/capture-warnings.html
=========================== short test summary info ===========================
FAILED backend/tests/gauntlets/e2e_constitutional_gauntlet.py::test_constitutional_gauntlet
======================== 1 failed, 9 warnings in 5.93s ========================

2026-03-27 21:43:39,178 - SOVEREIGN_AUDIT_v2 - INFO - =========================================================================
2026-03-27 21:43:39,179 - SOVEREIGN_AUDIT_v2 - INFO - >>> ENTERING PHASE: CLAIM 4: SPATIAL GATING <<<
2026-03-27 21:43:39,179 - SOVEREIGN_AUDIT_v2 - INFO - =========================================================================
2026-03-27 21:43:39,179 - SOVEREIGN_AUDIT_v2 - INFO - Witnessing: backend/tests/test_advanced_services.py
2026-03-27 21:43:42,903 - SOVEREIGN_AUDIT_v2 - INFO - [CLAIM 4: SPATIAL GATING] holy_witness -> Claim 4: Spatial Gating | Status: passed
2026-03-27 21:43:42,903 - SOVEREIGN_AUDIT_v2 - INFO - =========================================================================
2026-03-27 21:43:42,904 - SOVEREIGN_AUDIT_v2 - INFO - >>> ENTERING PHASE: CLAIM 5: INDOMITABLE RESTORATION <<<
2026-03-27 21:43:42,904 - SOVEREIGN_AUDIT_v2 - INFO - =========================================================================
2026-03-27 21:43:42,904 - SOVEREIGN_AUDIT_v2 - INFO - Witnessing: backend/tests/test_advanced_services.py
2026-03-27 21:43:47,412 - SOVEREIGN_AUDIT_v2 - INFO - [CLAIM 5: INDOMITABLE RESTORATION] holy_witness -> Claim 5: Indomitable Restoration | Status: passed
2026-03-27 21:43:47,413 - SOVEREIGN_AUDIT_v2 - INFO - =========================================================================
2026-03-27 21:43:47,413 - SOVEREIGN_AUDIT_v2 - INFO - >>> ENTERING PHASE: CLAIM 6: TEMPORAL FENCING <<<
2026-03-27 21:43:47,414 - SOVEREIGN_AUDIT_v2 - INFO - =========================================================================
2026-03-27 21:43:47,415 - SOVEREIGN_AUDIT_v2 - INFO - Witnessing: backend/tests/test_advanced_services.py
2026-03-27 21:43:51,820 - SOVEREIGN_AUDIT_v2 - INFO - [CLAIM 6: TEMPORAL FENCING] holy_witness -> Claim 6: Temporal Fencing | Status: passed
2026-03-27 21:43:51,823 - SOVEREIGN_AUDIT_v2 - INFO - =========================================================================
2026-03-27 21:43:51,824 - SOVEREIGN_AUDIT_v2 - INFO - >>> ENTERING PHASE: CLAIM 7: CONSTITUTIONAL ATTESTATION <<<
2026-03-27 21:43:51,826 - SOVEREIGN_AUDIT_v2 - INFO - =========================================================================
2026-03-27 21:43:51,826 - SOVEREIGN_AUDIT_v2 - INFO - Witnessing: backend/tests/test_advanced_services.py
2026-03-27 21:43:58,943 - SOVEREIGN_AUDIT_v2 - INFO - [CLAIM 7: CONSTITUTIONAL ATTESTATION] holy_witness -> Claim 7: Constitutional Attestation | Status: passed
2026-03-27 21:43:58,944 - SOVEREIGN_AUDIT_v2 - INFO - Witnessing: backend/tests/gauntlets/test_secret_fire_gauntlet.py
2026-03-27 21:44:04,030 - SOVEREIGN_AUDIT_v2 - INFO - [CLAIM 7: CONSTITUTIONAL ATTESTATION] holy_witness -> Claim 7: Constitutional Attestation | Status: failed
2026-03-27 21:44:04,030 - SOVEREIGN_AUDIT_v2 - ERROR - FRACTURE DETECTED in Claim 7: Constitutional Attestation
2026-03-27 21:44:04,030 - SOVEREIGN_AUDIT_v2 - ERROR - ============================= test session starts =============================
platform win32 -- Python 3.14.3, pytest-9.0.1, pluggy-1.6.0 -- C:\Users\User\AppData\Local\Programs\Python\Python314\python.exe
cachedir: .pytest_cache
hypothesis profile 'default'
rootdir: C:\Users\User\source\repos\Metatron-triune-outbound-gate\ARDA_OS_v1_80_UNIVERSAL_SANCTITY
plugins: anyio-4.11.0, hypothesis-6.151.9, langsmith-0.6.6
collecting ... collected 6 items

backend/tests/gauntlets/test_secret_fire_gauntlet.py::test_sovereign_harmony PASSED [ 16%]
backend/tests/gauntlets/test_secret_fire_gauntlet.py::test_fire_replay_defense FAILED [ 33%]
backend/tests/gauntlets/test_secret_fire_gauntlet.py::test_stale_fire_defense FAILED [ 50%]
backend/tests/gauntlets/test_secret_fire_gauntlet.py::test_missing_fire_withhold PASSED [ 66%]
backend/tests/gauntlets/test_secret_fire_gauntlet.py::test_liar_detection PASSED [ 83%]
backend/tests/gauntlets/test_secret_fire_gauntlet.py::test_sovereign_mode_strictures PASSED [100%]

================================== FAILURES ===================================
__________________________ test_fire_replay_defense ___________________________
backend\tests\gauntlets\test_secret_fire_gauntlet.py:81: in test_fire_replay_defense
    asyncio.run(_test_fire_replay_defense())
..\..\..\..\AppData\Local\Programs\Python\Python314\Lib\asyncio\runners.py:204: in run
    return runner.run(main)
           ^^^^^^^^^^^^^^^^
..\..\..\..\AppData\Local\Programs\Python\Python314\Lib\asyncio\runners.py:127: in run
    return self._loop.run_until_complete(task)
           ^^^^^^^^^^^^^^^^^^^^^^^^^^^^^^^^^^^
..\..\..\..\AppData\Local\Programs\Python\Python314\Lib\asyncio\base_events.py:719: in run_until_complete
    return future.result()
           ^^^^^^^^^^^^^^^
backend\tests\gauntlets\test_secret_fire_gauntlet.py:98: in _test_fire_replay_defense
    assert verdict.overall_state in ("dissonant", "vetoed")
E   AssertionError: assert 'harmonic' in ('dissonant', 'vetoed')
E    +  where 'harmonic' = ChoirVerdict(overall_state='harmonic', heralding_allowed=False, confidence=1.0, ainur=[AinurVerdict(ainur='varda', state='radiant', score=1.0, reasons=['Truth is stable and attested'], evidence=[EvidencePacket(source='VardaCollector', evidence={'pcr_values': {0: 'd05d90b57b9941b5d30c05e51afe0aaede4c32a7b84d5b8cceaae00744da5e76'}, 'firmware_fingerprint': '044d2c09eaf36d8f470e497582c72bdfcafebdf35c7ba367b192b886cc76966b', 'signature_valid': True, 'manifest_hash_match': True, 'attestation_status': 'lawful'}, freshness=Freshness(observed_at=1774640642.7063408, window_ms=10000.0, nonce='2e31f628-7940-41b9-bbcd-6b7a1c7980bb', epoch=None), voice_id='voice-362b7fcbc93c', sweep_id='sweep-d870bc3b930b', secret_fire_ref='1ddeea1e6c954740958405f2fade1f16', tier=None, ainur_target='varda', confidence=1.0)]), AinurVerdict(ainur='vaire', state='lawful', score=1.0, reasons=['Lawful chronology confirmed'], evidence=[EvidencePacket(source='VaireCollector', evidence={'phase_chain': ['rom', 'firmware', 'bootloader', 'initramfs', 'covenant', 'choir'], 'monotonic_counter': 1, 'transition_hashes': ['hash1', 'hash2'], 'stability_class': 'stable', 'temporal_strictness': 0.4, 'replay_suspected': False}, f...d_entities': [], 'protected_manifestations_count': 0, 'erasure_suspected': False, 'flicker_events': [], 'log_metadata': {'journal_inode': 1024, 'sequence_gap': 0, 'timestamp_discontinuity': 0.0}}, freshness=Freshness(observed_at=1774640642.7063954, window_ms=30000.0, nonce='559549d5-7aae-42a4-a915-e89a1a182a51', epoch=None), voice_id='voice-362b7fcbc93c', sweep_id='sweep-d870bc3b930b', secret_fire_ref='1ddeea1e6c954740958405f2fade1f16', tier=None, ainur_target='mandos', confidence=1.0), EvidencePacket(source='UlmoCollector', evidence={'signals': [], 'anomaly_count': 0, 'max_risk_score': 0.0, 'memory_coherence': 1.0, 'device_stability': 1.0}, freshness=Freshness(observed_at=1774640642.7064128, window_ms=15000.0, nonce='84efdbd3-9f89-4f43-9ca9-b3128da00ad1', epoch=None), voice_id='voice-362b7fcbc93c', sweep_id='sweep-d870bc3b930b', secret_fire_ref='1ddeea1e6c954740958405f2fade1f16', tier=None, ainur_target='ulmo', confidence=1.0)])], reasons=['Constitutional Synthesis: harmonic'], subject_id='local-substrate', node_id='local-substrate', voice_id='voice-362b7fcbc93c', sweep_id='sweep-d870bc3b930b', covenant_id='runtime-covenant', epoch='current_epoch', observed_at=1774640642.7067769).overall_state
---------------------------- Captured stdout call -----------------------------

--- Testing Secret Fire: REPLAY DEFENSE ---
DEBUG: SecretFireForge requesting quote for indices: [0, 1, 7, 11]
DEBUG: SecretFireForge requesting quote for indices: [0, 1, 7, 11]
DEBUG: SecretFireForge requesting quote for indices: [0, 1, 7, 11]
DIAG: Ainur varda -> state=radiant, score=1.00, reasons=['Truth is stable and attested']
DIAG: Ainur vaire -> state=lawful, score=1.00, reasons=['Lawful chronology confirmed']
DIAG: Ainur mandos -> state=remembered, score=1.00, reasons=['No unauthorized absence detected']
DIAG: Ainur manwe -> state=flowing, score=1.00, reasons=['System breath is natural and rhythmic']
DIAG: Ainur ulmo -> state=clear, score=1.00, reasons=['The deep places are clear and serene']
DIAG: Ainur aule -> state=harmonic, score=1.00, reasons=['Constitutional Synthesis: harmonic']
Overall State: harmonic
------------------------------ Captured log call ------------------------------
WARNING  backend.services.secret_fire:secret_fire.py:148 Forge: Nonce a04b360b unknown or expired!
WARNING  backend.arda.ainur.choir:choir.py:112 Secret Fire dissonance detected - reforging sweep-bound reality witness.
___________________________ test_stale_fire_defense ___________________________
backend\tests\gauntlets\test_secret_fire_gauntlet.py:103: in test_stale_fire_defense
    asyncio.run(_test_stale_fire_defense())
..\..\..\..\AppData\Local\Programs\Python\Python314\Lib\asyncio\runners.py:204: in run
    return runner.run(main)
           ^^^^^^^^^^^^^^^^
..\..\..\..\AppData\Local\Programs\Python\Python314\Lib\asyncio\runners.py:127: in run
    return self._loop.run_until_complete(task)
           ^^^^^^^^^^^^^^^^^^^^^^^^^^^^^^^^^^^
..\..\..\..\AppData\Local\Programs\Python\Python314\Lib\asyncio\base_events.py:719: in run_until_complete
    return future.result()
           ^^^^^^^^^^^^^^^
backend\tests\gauntlets\test_secret_fire_gauntlet.py:118: in _test_stale_fire_defense
    assert verdict.overall_state in ("dissonant", "vetoed")
E   AssertionError: assert 'harmonic' in ('dissonant', 'vetoed')
E    +  where 'harmonic' = ChoirVerdict(overall_state='harmonic', heralding_allowed=False, confidence=1.0, ainur=[AinurVerdict(ainur='varda', state='radiant', score=1.0, reasons=['Truth is stable and attested'], evidence=[EvidencePacket(source='VardaCollector', evidence={'pcr_values': {0: 'd05d90b57b9941b5d30c05e51afe0aaede4c32a7b84d5b8cceaae00744da5e76'}, 'firmware_fingerprint': '044d2c09eaf36d8f470e497582c72bdfcafebdf35c7ba367b192b886cc76966b', 'signature_valid': True, 'manifest_hash_match': True, 'attestation_status': 'lawful'}, freshness=Freshness(observed_at=1774640643.195591, window_ms=10000.0, nonce='8112940a-f77e-423a-a932-8080456a71a3', epoch=None), voice_id='voice-de42ef13b6c8', sweep_id='sweep-684b22b4e19f', secret_fire_ref='65c66c8c78754de1a609f4ee58f4e919', tier=None, ainur_target='varda', confidence=1.0)]), AinurVerdict(ainur='vaire', state='lawful', score=1.0, reasons=['Lawful chronology confirmed'], evidence=[EvidencePacket(source='VaireCollector', evidence={'phase_chain': ['rom', 'firmware', 'bootloader', 'initramfs', 'covenant', 'choir'], 'monotonic_counter': 1, 'transition_hashes': ['hash1', 'hash2'], 'stability_class': 'stable', 'temporal_strictness': 0.4, 'replay_suspected': False}, fr...ed_entities': [], 'protected_manifestations_count': 0, 'erasure_suspected': False, 'flicker_events': [], 'log_metadata': {'journal_inode': 1024, 'sequence_gap': 0, 'timestamp_discontinuity': 0.0}}, freshness=Freshness(observed_at=1774640643.1957452, window_ms=30000.0, nonce='a5498314-d892-483f-ad14-4ade232ba30a', epoch=None), voice_id='voice-de42ef13b6c8', sweep_id='sweep-684b22b4e19f', secret_fire_ref='65c66c8c78754de1a609f4ee58f4e919', tier=None, ainur_target='mandos', confidence=1.0), EvidencePacket(source='UlmoCollector', evidence={'signals': [], 'anomaly_count': 0, 'max_risk_score': 0.0, 'memory_coherence': 1.0, 'device_stability': 1.0}, freshness=Freshness(observed_at=1774640643.195786, window_ms=15000.0, nonce='6283f5ec-5f26-4961-9568-706127d72784', epoch=None), voice_id='voice-de42ef13b6c8', sweep_id='sweep-684b22b4e19f', secret_fire_ref='65c66c8c78754de1a609f4ee58f4e919', tier=None, ainur_target='ulmo', confidence=1.0)])], reasons=['Constitutional Synthesis: harmonic'], subject_id='local-substrate', node_id='local-substrate', voice_id='voice-de42ef13b6c8', sweep_id='sweep-684b22b4e19f', covenant_id='runtime-covenant', epoch='current_epoch', observed_at=1774640643.1970963).overall_state
---------------------------- Captured stdout call -----------------------------

--- Testing Secret Fire: STALE DEFENSE ---
DEBUG: SecretFireForge requesting quote for indices: [0, 1, 7, 11]
DEBUG: SecretFireForge requesting quote for indices: [0, 1, 7, 11]
DIAG: Ainur varda -> state=radiant, score=1.00, reasons=['Truth is stable and attested']
DIAG: Ainur vaire -> state=lawful, score=1.00, reasons=['Lawful chronology confirmed']
DIAG: Ainur mandos -> state=remembered, score=1.00, reasons=['No unauthorized absence detected']
DIAG: Ainur manwe -> state=flowing, score=1.00, reasons=['System breath is natural and rhythmic']
DIAG: Ainur ulmo -> state=clear, score=1.00, reasons=['The deep places are clear and serene']
DIAG: Ainur aule -> state=harmonic, score=1.00, reasons=['Constitutional Synthesis: harmonic']
Overall State: harmonic
------------------------------ Captured log call ------------------------------
WARNING  backend.services.secret_fire:secret_fire.py:155 Forge: Nonce 9c347b46 expired before response!
WARNING  backend.arda.ainur.choir:choir.py:112 Secret Fire dissonance detected - reforging sweep-bound reality witness.
============================== warnings summary ===============================
backend/tests/gauntlets/test_secret_fire_gauntlet.py::test_sovereign_harmony
backend/tests/gauntlets/test_secret_fire_gauntlet.py::test_sovereign_harmony
backend/tests/gauntlets/test_secret_fire_gauntlet.py::test_fire_replay_defense
backend/tests/gauntlets/test_secret_fire_gauntlet.py::test_stale_fire_defense
backend/tests/gauntlets/test_secret_fire_gauntlet.py::test_missing_fire_withhold
backend/tests/gauntlets/test_secret_fire_gauntlet.py::test_liar_detection
backend/tests/gauntlets/test_secret_fire_gauntlet.py::test_sovereign_mode_strictures
  C:\Users\User\AppData\Local\Programs\Python\Python314\Lib\site-packages\pydantic\main.py:250: DeprecationWarning: datetime.datetime.utcnow() is deprecated and scheduled for removal in a future version. Use timezone-aware objects to represent datetimes in UTC: datetime.datetime.now(datetime.UTC).
    validated_self = self.__pydantic_validator__.validate_python(data, self_instance=self)

backend/tests/gauntlets/test_secret_fire_gauntlet.py::test_sovereign_harmony
backend/tests/gauntlets/test_secret_fire_gauntlet.py::test_fire_replay_defense
backend/tests/gauntlets/test_secret_fire_gauntlet.py::test_fire_replay_defense
backend/tests/gauntlets/test_secret_fire_gauntlet.py::test_fire_replay_defense
backend/tests/gauntlets/test_secret_fire_gauntlet.py::test_stale_fire_defense
backend/tests/gauntlets/test_secret_fire_gauntlet.py::test_stale_fire_defense
backend/tests/gauntlets/test_secret_fire_gauntlet.py::test_missing_fire_withhold
backend/tests/gauntlets/test_secret_fire_gauntlet.py::test_liar_detection
backend/tests/gauntlets/test_secret_fire_gauntlet.py::test_sovereign_mode_strictures
  C:\Users\User\source\repos\Metatron-triune-outbound-gate\ARDA_OS_v1_80_UNIVERSAL_SANCTITY\backend\services\tpm_attestation_service.py:353: DeprecationWarning: datetime.datetime.utcnow() is deprecated and scheduled for removal in a future version. Use timezone-aware objects to represent datetimes in UTC: datetime.datetime.now(datetime.UTC).
    timestamp=datetime.utcnow()

-- Docs: https://docs.pytest.org/en/stable/how-to/capture-warnings.html
=========================== short test summary info ===========================
FAILED backend/tests/gauntlets/test_secret_fire_gauntlet.py::test_fire_replay_defense
FAILED backend/tests/gauntlets/test_secret_fire_gauntlet.py::test_stale_fire_defense
================== 2 failed, 4 passed, 16 warnings in 1.57s ===================

2026-03-27 21:44:04,034 - SOVEREIGN_AUDIT_v2 - INFO - =========================================================================
2026-03-27 21:44:04,034 - SOVEREIGN_AUDIT_v2 - INFO - >>> ENTERING PHASE: CLAIM 8: MEMORY CLASS ISOLATION <<<
2026-03-27 21:44:04,035 - SOVEREIGN_AUDIT_v2 - INFO - =========================================================================
2026-03-27 21:44:04,035 - SOVEREIGN_AUDIT_v2 - INFO - Witnessing: backend/tests/test_advanced_services.py
2026-03-27 21:44:06,630 - SOVEREIGN_AUDIT_v2 - INFO - [CLAIM 8: MEMORY CLASS ISOLATION] holy_witness -> Claim 8: Memory Class Isolation | Status: passed
2026-03-27 21:44:06,631 - SOVEREIGN_AUDIT_v2 - INFO - =========================================================================
2026-03-27 21:44:06,631 - SOVEREIGN_AUDIT_v2 - INFO - >>> ENTERING PHASE: CLAIM 9: QUORUM ENFORCEMENT <<<
2026-03-27 21:44:06,631 - SOVEREIGN_AUDIT_v2 - INFO - =========================================================================
2026-03-27 21:44:06,632 - SOVEREIGN_AUDIT_v2 - INFO - Witnessing: backend/tests/test_advanced_services.py
2026-03-27 21:44:09,588 - SOVEREIGN_AUDIT_v2 - INFO - [CLAIM 9: QUORUM ENFORCEMENT] holy_witness -> Claim 9: Quorum Enforcement | Status: passed
2026-03-27 21:44:09,589 - SOVEREIGN_AUDIT_v2 - INFO - Witnessing: backend/tests/gauntlets/e2e_chorus_gauntlet.py
2026-03-27 21:44:16,094 - SOVEREIGN_AUDIT_v2 - INFO - [CLAIM 9: QUORUM ENFORCEMENT] holy_witness -> Claim 9: Quorum Enforcement | Status: passed
2026-03-27 21:44:16,094 - SOVEREIGN_AUDIT_v2 - INFO - =========================================================================
2026-03-27 21:44:16,094 - SOVEREIGN_AUDIT_v2 - INFO - >>> ENTERING PHASE: CLAIM 10: BEHAVIORAL BASELINING <<<
2026-03-27 21:44:16,095 - SOVEREIGN_AUDIT_v2 - INFO - =========================================================================
2026-03-27 21:44:16,096 - SOVEREIGN_AUDIT_v2 - INFO - Witnessing: backend/tests/test_advanced_services.py
2026-03-27 21:44:20,686 - SOVEREIGN_AUDIT_v2 - INFO - [CLAIM 10: BEHAVIORAL BASELINING] holy_witness -> Claim 10: Behavioral Baselining | Status: passed
2026-03-27 21:44:20,686 - SOVEREIGN_AUDIT_v2 - INFO - =========================================================================
2026-03-27 21:44:20,686 - SOVEREIGN_AUDIT_v2 - INFO - >>> ENTERING PHASE: CLAIM 11: SOVEREIGN TRANSPORT <<<
2026-03-27 21:44:20,686 - SOVEREIGN_AUDIT_v2 - INFO - =========================================================================
2026-03-27 21:44:20,687 - SOVEREIGN_AUDIT_v2 - INFO - Witnessing: backend/tests/test_advanced_services.py
2026-03-27 21:44:23,506 - SOVEREIGN_AUDIT_v2 - INFO - [CLAIM 11: SOVEREIGN TRANSPORT] holy_witness -> Claim 11: Sovereign Transport | Status: passed
2026-03-27 21:44:23,507 - SOVEREIGN_AUDIT_v2 - INFO - Witnessing: backend/tests/gauntlets/test_secret_fire_gauntlet.py
2026-03-27 21:44:27,471 - SOVEREIGN_AUDIT_v2 - INFO - [CLAIM 11: SOVEREIGN TRANSPORT] holy_witness -> Claim 11: Sovereign Transport | Status: failed
2026-03-27 21:44:27,471 - SOVEREIGN_AUDIT_v2 - ERROR - FRACTURE DETECTED in Claim 11: Sovereign Transport
2026-03-27 21:44:27,472 - SOVEREIGN_AUDIT_v2 - ERROR - ============================= test session starts =============================
platform win32 -- Python 3.14.3, pytest-9.0.1, pluggy-1.6.0 -- C:\Users\User\AppData\Local\Programs\Python\Python314\python.exe
cachedir: .pytest_cache
hypothesis profile 'default'
rootdir: C:\Users\User\source\repos\Metatron-triune-outbound-gate\ARDA_OS_v1_80_UNIVERSAL_SANCTITY
plugins: anyio-4.11.0, hypothesis-6.151.9, langsmith-0.6.6
collecting ... collected 6 items

backend/tests/gauntlets/test_secret_fire_gauntlet.py::test_sovereign_harmony PASSED [ 16%]
backend/tests/gauntlets/test_secret_fire_gauntlet.py::test_fire_replay_defense FAILED [ 33%]
backend/tests/gauntlets/test_secret_fire_gauntlet.py::test_stale_fire_defense FAILED [ 50%]
backend/tests/gauntlets/test_secret_fire_gauntlet.py::test_missing_fire_withhold PASSED [ 66%]
backend/tests/gauntlets/test_secret_fire_gauntlet.py::test_liar_detection PASSED [ 83%]
backend/tests/gauntlets/test_secret_fire_gauntlet.py::test_sovereign_mode_strictures PASSED [100%]

================================== FAILURES ===================================
__________________________ test_fire_replay_defense ___________________________
backend\tests\gauntlets\test_secret_fire_gauntlet.py:81: in test_fire_replay_defense
    asyncio.run(_test_fire_replay_defense())
..\..\..\..\AppData\Local\Programs\Python\Python314\Lib\asyncio\runners.py:204: in run
    return runner.run(main)
           ^^^^^^^^^^^^^^^^
..\..\..\..\AppData\Local\Programs\Python\Python314\Lib\asyncio\runners.py:127: in run
    return self._loop.run_until_complete(task)
           ^^^^^^^^^^^^^^^^^^^^^^^^^^^^^^^^^^^
..\..\..\..\AppData\Local\Programs\Python\Python314\Lib\asyncio\base_events.py:719: in run_until_complete
    return future.result()
           ^^^^^^^^^^^^^^^
backend\tests\gauntlets\test_secret_fire_gauntlet.py:98: in _test_fire_replay_defense
    assert verdict.overall_state in ("dissonant", "vetoed")
E   AssertionError: assert 'harmonic' in ('dissonant', 'vetoed')
E    +  where 'harmonic' = ChoirVerdict(overall_state='harmonic', heralding_allowed=False, confidence=1.0, ainur=[AinurVerdict(ainur='varda', state='radiant', score=1.0, reasons=['Truth is stable and attested'], evidence=[EvidencePacket(source='VardaCollector', evidence={'pcr_values': {0: 'd05d90b57b9941b5d30c05e51afe0aaede4c32a7b84d5b8cceaae00744da5e76'}, 'firmware_fingerprint': '044d2c09eaf36d8f470e497582c72bdfcafebdf35c7ba367b192b886cc76966b', 'signature_valid': True, 'manifest_hash_match': True, 'attestation_status': 'lawful'}, freshness=Freshness(observed_at=1774640666.3418188, window_ms=10000.0, nonce='858b2c5a-790e-458b-90ef-4fc961ccacd8', epoch=None), voice_id='voice-1a9aa20c91dd', sweep_id='sweep-5cb917e1fc57', secret_fire_ref='4713a33d7d564c43889a04d1ecb30af9', tier=None, ainur_target='varda', confidence=1.0)]), AinurVerdict(ainur='vaire', state='lawful', score=1.0, reasons=['Lawful chronology confirmed'], evidence=[EvidencePacket(source='VaireCollector', evidence={'phase_chain': ['rom', 'firmware', 'bootloader', 'initramfs', 'covenant', 'choir'], 'monotonic_counter': 1, 'transition_hashes': ['hash1', 'hash2'], 'stability_class': 'stable', 'temporal_strictness': 0.4, 'replay_suspected': False}, f...ed_entities': [], 'protected_manifestations_count': 0, 'erasure_suspected': False, 'flicker_events': [], 'log_metadata': {'journal_inode': 1024, 'sequence_gap': 0, 'timestamp_discontinuity': 0.0}}, freshness=Freshness(observed_at=1774640666.3418603, window_ms=30000.0, nonce='7aedd0cf-6da7-41d9-88a7-e94d3ffe8b68', epoch=None), voice_id='voice-1a9aa20c91dd', sweep_id='sweep-5cb917e1fc57', secret_fire_ref='4713a33d7d564c43889a04d1ecb30af9', tier=None, ainur_target='mandos', confidence=1.0), EvidencePacket(source='UlmoCollector', evidence={'signals': [], 'anomaly_count': 0, 'max_risk_score': 0.0, 'memory_coherence': 1.0, 'device_stability': 1.0}, freshness=Freshness(observed_at=1774640666.341878, window_ms=15000.0, nonce='6ca2029b-5074-420b-9d1a-8906535b0d23', epoch=None), voice_id='voice-1a9aa20c91dd', sweep_id='sweep-5cb917e1fc57', secret_fire_ref='4713a33d7d564c43889a04d1ecb30af9', tier=None, ainur_target='ulmo', confidence=1.0)])], reasons=['Constitutional Synthesis: harmonic'], subject_id='local-substrate', node_id='local-substrate', voice_id='voice-1a9aa20c91dd', sweep_id='sweep-5cb917e1fc57', covenant_id='runtime-covenant', epoch='current_epoch', observed_at=1774640666.3421578).overall_state
---------------------------- Captured stdout call -----------------------------

--- Testing Secret Fire: REPLAY DEFENSE ---
DEBUG: SecretFireForge requesting quote for indices: [0, 1, 7, 11]
DEBUG: SecretFireForge requesting quote for indices: [0, 1, 7, 11]
DEBUG: SecretFireForge requesting quote for indices: [0, 1, 7, 11]
DIAG: Ainur varda -> state=radiant, score=1.00, reasons=['Truth is stable and attested']
DIAG: Ainur vaire -> state=lawful, score=1.00, reasons=['Lawful chronology confirmed']
DIAG: Ainur mandos -> state=remembered, score=1.00, reasons=['No unauthorized absence detected']
DIAG: Ainur manwe -> state=flowing, score=1.00, reasons=['System breath is natural and rhythmic']
DIAG: Ainur ulmo -> state=clear, score=1.00, reasons=['The deep places are clear and serene']
DIAG: Ainur aule -> state=harmonic, score=1.00, reasons=['Constitutional Synthesis: harmonic']
Overall State: harmonic
------------------------------ Captured log call ------------------------------
WARNING  backend.services.secret_fire:secret_fire.py:148 Forge: Nonce fd8229f8 unknown or expired!
WARNING  backend.arda.ainur.choir:choir.py:112 Secret Fire dissonance detected - reforging sweep-bound reality witness.
___________________________ test_stale_fire_defense ___________________________
backend\tests\gauntlets\test_secret_fire_gauntlet.py:103: in test_stale_fire_defense
    asyncio.run(_test_stale_fire_defense())
..\..\..\..\AppData\Local\Programs\Python\Python314\Lib\asyncio\runners.py:204: in run
    return runner.run(main)
           ^^^^^^^^^^^^^^^^
..\..\..\..\AppData\Local\Programs\Python\Python314\Lib\asyncio\runners.py:127: in run
    return self._loop.run_until_complete(task)
           ^^^^^^^^^^^^^^^^^^^^^^^^^^^^^^^^^^^
..\..\..\..\AppData\Local\Programs\Python\Python314\Lib\asyncio\base_events.py:719: in run_until_complete
    return future.result()
           ^^^^^^^^^^^^^^^
backend\tests\gauntlets\test_secret_fire_gauntlet.py:118: in _test_stale_fire_defense
    assert verdict.overall_state in ("dissonant", "vetoed")
E   AssertionError: assert 'harmonic' in ('dissonant', 'vetoed')
E    +  where 'harmonic' = ChoirVerdict(overall_state='harmonic', heralding_allowed=False, confidence=1.0, ainur=[AinurVerdict(ainur='varda', state='radiant', score=1.0, reasons=['Truth is stable and attested'], evidence=[EvidencePacket(source='VardaCollector', evidence={'pcr_values': {0: 'd05d90b57b9941b5d30c05e51afe0aaede4c32a7b84d5b8cceaae00744da5e76'}, 'firmware_fingerprint': '044d2c09eaf36d8f470e497582c72bdfcafebdf35c7ba367b192b886cc76966b', 'signature_valid': True, 'manifest_hash_match': True, 'attestation_status': 'lawful'}, freshness=Freshness(observed_at=1774640666.739007, window_ms=10000.0, nonce='a97aec76-75be-4845-9f6e-09b24299474b', epoch=None), voice_id='voice-ae7ad3e83f4a', sweep_id='sweep-f32e75f6384f', secret_fire_ref='c103164b4acd4435ab35188c5d038ab0', tier=None, ainur_target='varda', confidence=1.0)]), AinurVerdict(ainur='vaire', state='lawful', score=1.0, reasons=['Lawful chronology confirmed'], evidence=[EvidencePacket(source='VaireCollector', evidence={'phase_chain': ['rom', 'firmware', 'bootloader', 'initramfs', 'covenant', 'choir'], 'monotonic_counter': 1, 'transition_hashes': ['hash1', 'hash2'], 'stability_class': 'stable', 'temporal_strictness': 0.4, 'replay_suspected': False}, fr...d_entities': [], 'protected_manifestations_count': 0, 'erasure_suspected': False, 'flicker_events': [], 'log_metadata': {'journal_inode': 1024, 'sequence_gap': 0, 'timestamp_discontinuity': 0.0}}, freshness=Freshness(observed_at=1774640666.7391322, window_ms=30000.0, nonce='c4063c86-738a-4b2a-8f05-ccc06c0934e8', epoch=None), voice_id='voice-ae7ad3e83f4a', sweep_id='sweep-f32e75f6384f', secret_fire_ref='c103164b4acd4435ab35188c5d038ab0', tier=None, ainur_target='mandos', confidence=1.0), EvidencePacket(source='UlmoCollector', evidence={'signals': [], 'anomaly_count': 0, 'max_risk_score': 0.0, 'memory_coherence': 1.0, 'device_stability': 1.0}, freshness=Freshness(observed_at=1774640666.7391753, window_ms=15000.0, nonce='e6699278-9854-4a8e-b36f-f5c1bbf93e97', epoch=None), voice_id='voice-ae7ad3e83f4a', sweep_id='sweep-f32e75f6384f', secret_fire_ref='c103164b4acd4435ab35188c5d038ab0', tier=None, ainur_target='ulmo', confidence=1.0)])], reasons=['Constitutional Synthesis: harmonic'], subject_id='local-substrate', node_id='local-substrate', voice_id='voice-ae7ad3e83f4a', sweep_id='sweep-f32e75f6384f', covenant_id='runtime-covenant', epoch='current_epoch', observed_at=1774640666.7399578).overall_state
---------------------------- Captured stdout call -----------------------------

--- Testing Secret Fire: STALE DEFENSE ---
DEBUG: SecretFireForge requesting quote for indices: [0, 1, 7, 11]
DEBUG: SecretFireForge requesting quote for indices: [0, 1, 7, 11]
DIAG: Ainur varda -> state=radiant, score=1.00, reasons=['Truth is stable and attested']
DIAG: Ainur vaire -> state=lawful, score=1.00, reasons=['Lawful chronology confirmed']
DIAG: Ainur mandos -> state=remembered, score=1.00, reasons=['No unauthorized absence detected']
DIAG: Ainur manwe -> state=flowing, score=1.00, reasons=['System breath is natural and rhythmic']
DIAG: Ainur ulmo -> state=clear, score=1.00, reasons=['The deep places are clear and serene']
DIAG: Ainur aule -> state=harmonic, score=1.00, reasons=['Constitutional Synthesis: harmonic']
Overall State: harmonic
------------------------------ Captured log call ------------------------------
WARNING  backend.services.secret_fire:secret_fire.py:155 Forge: Nonce 8faa945e expired before response!
WARNING  backend.arda.ainur.choir:choir.py:112 Secret Fire dissonance detected - reforging sweep-bound reality witness.
============================== warnings summary ===============================
backend/tests/gauntlets/test_secret_fire_gauntlet.py::test_sovereign_harmony
backend/tests/gauntlets/test_secret_fire_gauntlet.py::test_sovereign_harmony
backend/tests/gauntlets/test_secret_fire_gauntlet.py::test_fire_replay_defense
backend/tests/gauntlets/test_secret_fire_gauntlet.py::test_stale_fire_defense
backend/tests/gauntlets/test_secret_fire_gauntlet.py::test_missing_fire_withhold
backend/tests/gauntlets/test_secret_fire_gauntlet.py::test_liar_detection
backend/tests/gauntlets/test_secret_fire_gauntlet.py::test_sovereign_mode_strictures
  C:\Users\User\AppData\Local\Programs\Python\Python314\Lib\site-packages\pydantic\main.py:250: DeprecationWarning: datetime.datetime.utcnow() is deprecated and scheduled for removal in a future version. Use timezone-aware objects to represent datetimes in UTC: datetime.datetime.now(datetime.UTC).
    validated_self = self.__pydantic_validator__.validate_python(data, self_instance=self)

backend/tests/gauntlets/test_secret_fire_gauntlet.py::test_sovereign_harmony
backend/tests/gauntlets/test_secret_fire_gauntlet.py::test_fire_replay_defense
backend/tests/gauntlets/test_secret_fire_gauntlet.py::test_fire_replay_defense
backend/tests/gauntlets/test_secret_fire_gauntlet.py::test_fire_replay_defense
backend/tests/gauntlets/test_secret_fire_gauntlet.py::test_stale_fire_defense
backend/tests/gauntlets/test_secret_fire_gauntlet.py::test_stale_fire_defense
backend/tests/gauntlets/test_secret_fire_gauntlet.py::test_missing_fire_withhold
backend/tests/gauntlets/test_secret_fire_gauntlet.py::test_liar_detection
backend/tests/gauntlets/test_secret_fire_gauntlet.py::test_sovereign_mode_strictures
  C:\Users\User\source\repos\Metatron-triune-outbound-gate\ARDA_OS_v1_80_UNIVERSAL_SANCTITY\backend\services\tpm_attestation_service.py:353: DeprecationWarning: datetime.datetime.utcnow() is deprecated and scheduled for removal in a future version. Use timezone-aware objects to represent datetimes in UTC: datetime.datetime.now(datetime.UTC).
    timestamp=datetime.utcnow()

-- Docs: https://docs.pytest.org/en/stable/how-to/capture-warnings.html
=========================== short test summary info ===========================
FAILED backend/tests/gauntlets/test_secret_fire_gauntlet.py::test_fire_replay_defense
FAILED backend/tests/gauntlets/test_secret_fire_gauntlet.py::test_stale_fire_defense
================== 2 failed, 4 passed, 16 warnings in 1.20s ===================

2026-03-27 21:44:27,474 - SOVEREIGN_AUDIT_v2 - INFO - =========================================================================
2026-03-27 21:44:27,474 - SOVEREIGN_AUDIT_v2 - INFO - >>> ENTERING PHASE: CLAIM 12: RECURSIVE WITNESSING <<<
2026-03-27 21:44:27,474 - SOVEREIGN_AUDIT_v2 - INFO - =========================================================================
2026-03-27 21:44:27,474 - SOVEREIGN_AUDIT_v2 - INFO - Witnessing: backend/tests/test_advanced_services.py
2026-03-27 21:44:30,242 - SOVEREIGN_AUDIT_v2 - INFO - [CLAIM 12: RECURSIVE WITNESSING] holy_witness -> Claim 12: Recursive Witnessing | Status: passed
2026-03-27 21:44:30,243 - SOVEREIGN_AUDIT_v2 - INFO - Witnessing: backend/tests/gauntlets/test_tulkas_enforcement.py
2026-03-27 21:44:33,064 - SOVEREIGN_AUDIT_v2 - INFO - [CLAIM 12: RECURSIVE WITNESSING] holy_witness -> Claim 12: Recursive Witnessing | Status: passed
2026-03-27 21:44:33,064 - SOVEREIGN_AUDIT_v2 - INFO - =========================================================================
2026-03-27 21:44:33,064 - SOVEREIGN_AUDIT_v2 - INFO - >>> ENTERING PHASE: CLAIM 13: PERFECT HONESTY <<<
2026-03-27 21:44:33,065 - SOVEREIGN_AUDIT_v2 - INFO - =========================================================================
2026-03-27 21:44:33,065 - SOVEREIGN_AUDIT_v2 - INFO - Witnessing: backend/tests/test_advanced_services.py
2026-03-27 21:44:35,882 - SOVEREIGN_AUDIT_v2 - INFO - [CLAIM 13: PERFECT HONESTY] holy_witness -> Claim 13: Perfect Honesty | Status: passed
2026-03-27 21:44:35,887 - SOVEREIGN_AUDIT_v2 - INFO - Final JSON Telemetry Report Generated: C:\Users\User\source\repos\Metatron-triune-outbound-gate\ARDA_OS_v1_80_UNIVERSAL_SANCTITY\backend\scripts\telemetry_logs\SOVEREIGN_AUDIT_v2_report.json
2026-03-27 21:44:35,890 - SOVEREIGN_AUDIT_v2 - INFO - Markdown Telemetry Summary Generated: C:\Users\User\source\repos\Metatron-triune-outbound-gate\ARDA_OS_v1_80_UNIVERSAL_SANCTITY\backend\scripts\telemetry_logs\SOVEREIGN_AUDIT_v2_summary.md
2026-03-27 21:44:35,891 - SOVEREIGN_AUDIT_v2 - INFO - 
================================================================================
2026-03-27 21:44:35,891 - SOVEREIGN_AUDIT_v2 - ERROR - [FAIL] SOVEREIGN DISSONANCE DETECTED.
2026-03-27 21:44:35,892 - SOVEREIGN_AUDIT_v2 - INFO - ================================================================================
