2026-03-27 22:34:49,359 - SOVEREIGN_AUDIT_v2 - INFO - Telemetry Collector Initialized: SOVEREIGN_AUDIT_v2
2026-03-27 22:34:49,360 - SOVEREIGN_AUDIT_v2 - INFO - Logging to: C:\Users\User\source\repos\Metatron-triune-outbound-gate\ARDA_OS_v1_80_UNIVERSAL_SANCTITY\backend\scripts\telemetry_logs\SOVEREIGN_AUDIT_v2_20260327_203449.log
2026-03-27 22:34:49,361 - SOVEREIGN_AUDIT_v2 - INFO - ================================================================================
2026-03-27 22:34:49,361 - SOVEREIGN_AUDIT_v2 - INFO -  [ARDA OS : SOVEREIGN AUDIT EXECUTION BRIDGE (v2.0.0-INFALLIBLE)] 
2026-03-27 22:34:49,361 - SOVEREIGN_AUDIT_v2 - INFO - ================================================================================
2026-03-27 22:34:49,362 - SOVEREIGN_AUDIT_v2 - INFO - =========================================================================
2026-03-27 22:34:49,363 - SOVEREIGN_AUDIT_v2 - INFO - >>> ENTERING PHASE: CLAIM 1: SILICON INTEGRITY <<<
2026-03-27 22:34:49,363 - SOVEREIGN_AUDIT_v2 - INFO - =========================================================================
2026-03-27 22:34:49,364 - SOVEREIGN_AUDIT_v2 - INFO - Witnessing: backend/tests/test_governance_token_enforcement.py
2026-03-27 22:34:56,727 - SOVEREIGN_AUDIT_v2 - INFO - [CLAIM 1: SILICON INTEGRITY] holy_witness -> Claim 1: Silicon Integrity | Status: passed
2026-03-27 22:34:56,727 - SOVEREIGN_AUDIT_v2 - INFO - Witnessing: backend/tests/gauntlets/e2e_formation_gauntlet.py
2026-03-27 22:35:15,513 - SOVEREIGN_AUDIT_v2 - INFO - [CLAIM 1: SILICON INTEGRITY] holy_witness -> Claim 1: Silicon Integrity | Status: passed
2026-03-27 22:35:15,524 - SOVEREIGN_AUDIT_v2 - INFO - =========================================================================
2026-03-27 22:35:15,526 - SOVEREIGN_AUDIT_v2 - INFO - >>> ENTERING PHASE: CLAIM 2: PQC ROOT OF TRUST <<<
2026-03-27 22:35:15,529 - SOVEREIGN_AUDIT_v2 - INFO - =========================================================================
2026-03-27 22:35:15,530 - SOVEREIGN_AUDIT_v2 - INFO - Witnessing: backend/tests/test_quantum_security_service.py
2026-03-27 22:35:21,461 - SOVEREIGN_AUDIT_v2 - INFO - [CLAIM 2: PQC ROOT OF TRUST] holy_witness -> Claim 2: PQC Root of Trust | Status: passed
2026-03-27 22:35:21,462 - SOVEREIGN_AUDIT_v2 - INFO - =========================================================================
2026-03-27 22:35:21,462 - SOVEREIGN_AUDIT_v2 - INFO - >>> ENTERING PHASE: CLAIM 3: MULTI-MODEL SYNTHESIS <<<
2026-03-27 22:35:21,463 - SOVEREIGN_AUDIT_v2 - INFO - =========================================================================
2026-03-27 22:35:21,464 - SOVEREIGN_AUDIT_v2 - INFO - Witnessing: backend/tests/test_governance_token_enforcement.py
2026-03-27 22:35:26,542 - SOVEREIGN_AUDIT_v2 - INFO - [CLAIM 3: MULTI-MODEL SYNTHESIS] holy_witness -> Claim 3: Multi-Model Synthesis | Status: passed
2026-03-27 22:35:26,543 - SOVEREIGN_AUDIT_v2 - INFO - Witnessing: backend/tests/gauntlets/e2e_constitutional_gauntlet.py
2026-03-27 22:35:33,233 - SOVEREIGN_AUDIT_v2 - INFO - [CLAIM 3: MULTI-MODEL SYNTHESIS] holy_witness -> Claim 3: Multi-Model Synthesis | Status: failed
2026-03-27 22:35:33,239 - SOVEREIGN_AUDIT_v2 - ERROR - FRACTURE DETECTED in Claim 3: Multi-Model Synthesis
2026-03-27 22:35:33,244 - SOVEREIGN_AUDIT_v2 - ERROR - ============================= test session starts =============================
platform win32 -- Python 3.14.3, pytest-9.0.1, pluggy-1.6.0 -- C:\Users\User\AppData\Local\Programs\Python\Python314\python.exe
cachedir: .pytest_cache
hypothesis profile 'default'
rootdir: C:\Users\User\source\repos\Metatron-triune-outbound-gate\ARDA_OS_v1_80_UNIVERSAL_SANCTITY
plugins: anyio-4.11.0, hypothesis-6.151.9, langsmith-0.6.6
collecting ... collected 1 item

backend/tests/gauntlets/e2e_constitutional_gauntlet.py::test_constitutional_gauntlet FAILED [100%]

================================== FAILURES ===================================
________________________ test_constitutional_gauntlet _________________________
backend\tests\gauntlets\e2e_constitutional_gauntlet.py:390: in test_constitutional_gauntlet
    asyncio.run(run_gauntlet())
..\..\..\..\AppData\Local\Programs\Python\Python314\Lib\asyncio\runners.py:204: in run
    return runner.run(main)
           ^^^^^^^^^^^^^^^^
..\..\..\..\AppData\Local\Programs\Python\Python314\Lib\asyncio\runners.py:127: in run
    return self._loop.run_until_complete(task)
           ^^^^^^^^^^^^^^^^^^^^^^^^^^^^^^^^^^^
..\..\..\..\AppData\Local\Programs\Python\Python314\Lib\asyncio\base_events.py:719: in run_until_complete
    return future.result()
           ^^^^^^^^^^^^^^^
backend\tests\gauntlets\e2e_constitutional_gauntlet.py:209: in run_gauntlet
    herald_state = await herald_service.bootstrap_herald()
                   ^^^^^^^^^^^^^^^^^^^^^^^^^^^^^^^^^^^^^^^
backend\services\manwe_herald.py:82: in bootstrap_herald
    boot_truth_status=BootTruthStatus(covenant.status),
                      ^^^^^^^^^^^^^^^^^^^^^^^^^^^^^^^^
..\..\..\..\AppData\Local\Programs\Python\Python314\Lib\enum.py:708: in __call__
    return cls.__new__(cls, value)
           ^^^^^^^^^^^^^^^^^^^^^^^
..\..\..\..\AppData\Local\Programs\Python\Python314\Lib\enum.py:1193: in __new__
    raise ve_exc
E   ValueError: 'harmonic' is not a valid BootTruthStatus
---------------------------- Captured stdout call -----------------------------
Initializing Constitutional Gauntlet...

--- GAUNTLET STAGE 1: LAWFUL BIRTH ---
Boot Status: BootTruthStatus.LAWFUL (ID: btb-a9e6cd7b3f8e)
DEBUG: SecretFireForge requesting quote for indices: [0, 1, 7, 11]
DEBUG: SecretFireForge requesting quote for indices: [0, 1, 7, 11]
DIAG: Ainur varda -> state=radiant, score=1.00, reasons=['Truth is stable and attested']
DIAG: Ainur vaire -> state=lawful, score=1.00, reasons=['Lawful chronology confirmed']
DIAG: Ainur mandos -> state=remembered, score=1.00, reasons=['No unauthorized absence detected']
DIAG: Ainur manwe -> state=flowing, score=1.00, reasons=['System breath is natural and rhythmic']
DIAG: Ainur ulmo -> state=clear, score=1.00, reasons=['The deep places are clear and serene']
DIAG: Ainur aule -> state=harmonic, score=1.00, reasons=['Constitutional Synthesis: harmonic']
------------------------------ Captured log call ------------------------------
WARNING  backend.services.tpm_attestation_service:tpm_attestation_service.py:43 PHASE VI: Using high-fidelity mock (Development only).
WARNING  backend.services.tpm_attestation_service:tpm_attestation_service.py:217 TPM (Mock): PCR Mismatch detected (Bound: 4a654683... Current: d05d90b5...). Overriding for Infallible Audit.
WARNING  backend.valinor.gurthang_lsm:gurthang_lsm.py:12 Gurthang LSM: BPF loader (bcc) not found. Falling back to Simulated Blade.
WARNING  services.boot_attestation:boot_attestation.py:131 PHASE I: Using mock TPM PCRs (No physical TPM detected or mapped)
WARNING  services.boot_attestation:boot_attestation.py:181 PHASE I: Using mock initramfs hash (file not found)
WARNING  backend.services.preboot_state_sealer:preboot_state_sealer.py:74 No sealed preboot covenant found at C:\Users\User\source\repos\Metatron-triune-outbound-gate\ARDA_OS_v1_80_UNIVERSAL_SANCTITY\tmp\preboot_covenant.sealed.
WARNING  backend.arda.ainur.choir:choir.py:112 Secret Fire dissonance detected - reforging sweep-bound reality witness.
WARNING  backend.services.earendil_flow:earendil_flow.py:58 Eärendil Ingress: Sovereign Summons received for local-substrate. Syncing Resonance: STRAINED
============================== warnings summary ===============================
backend/tests/gauntlets/e2e_constitutional_gauntlet.py::test_constitutional_gauntlet
backend/tests/gauntlets/e2e_constitutional_gauntlet.py::test_constitutional_gauntlet
  C:\Users\User\AppData\Local\Programs\Python\Python314\Lib\site-packages\pydantic\main.py:250: DeprecationWarning: datetime.datetime.utcnow() is deprecated and scheduled for removal in a future version. Use timezone-aware objects to represent datetimes in UTC: datetime.datetime.now(datetime.UTC).
    validated_self = self.__pydantic_validator__.validate_python(data, self_instance=self)

backend/tests/gauntlets/e2e_constitutional_gauntlet.py::test_constitutional_gauntlet
backend/tests/gauntlets/e2e_constitutional_gauntlet.py::test_constitutional_gauntlet
  C:\Users\User\source\repos\Metatron-triune-outbound-gate\ARDA_OS_v1_80_UNIVERSAL_SANCTITY\backend\services\tpm_attestation_service.py:353: DeprecationWarning: datetime.datetime.utcnow() is deprecated and scheduled for removal in a future version. Use timezone-aware objects to represent datetimes in UTC: datetime.datetime.now(datetime.UTC).
    timestamp=datetime.utcnow()

backend/tests/gauntlets/e2e_constitutional_gauntlet.py::test_constitutional_gauntlet
backend/tests/gauntlets/e2e_constitutional_gauntlet.py::test_constitutional_gauntlet
backend/tests/gauntlets/e2e_constitutional_gauntlet.py::test_constitutional_gauntlet
backend/tests/gauntlets/e2e_constitutional_gauntlet.py::test_constitutional_gauntlet
  C:\Users\User\source\repos\Metatron-triune-outbound-gate\ARDA_OS_v1_80_UNIVERSAL_SANCTITY\backend\services\boot_eventlog_reader.py:67: DeprecationWarning: datetime.datetime.utcnow() is deprecated and scheduled for removal in a future version. Use timezone-aware objects to represent datetimes in UTC: datetime.datetime.now(datetime.UTC).
    timestamp=datetime.utcnow()

backend/tests/gauntlets/e2e_constitutional_gauntlet.py::test_constitutional_gauntlet
  C:\Users\User\source\repos\Metatron-triune-outbound-gate\ARDA_OS_v1_80_UNIVERSAL_SANCTITY\backend\services\attested_identity_bridge.py:40: DeprecationWarning: datetime.datetime.utcnow() is deprecated and scheduled for removal in a future version. Use timezone-aware objects to represent datetimes in UTC: datetime.datetime.now(datetime.UTC).
    last_attestation_timestamp=datetime.utcnow(),

-- Docs: https://docs.pytest.org/en/stable/how-to/capture-warnings.html
=========================== short test summary info ===========================
FAILED backend/tests/gauntlets/e2e_constitutional_gauntlet.py::test_constitutional_gauntlet
======================== 1 failed, 9 warnings in 2.50s ========================

2026-03-27 22:35:33,310 - SOVEREIGN_AUDIT_v2 - INFO - =========================================================================
2026-03-27 22:35:33,343 - SOVEREIGN_AUDIT_v2 - INFO - >>> ENTERING PHASE: CLAIM 4: SPATIAL GATING <<<
2026-03-27 22:35:33,408 - SOVEREIGN_AUDIT_v2 - INFO - =========================================================================
2026-03-27 22:35:33,425 - SOVEREIGN_AUDIT_v2 - INFO - Witnessing: backend/tests/test_advanced_services.py
2026-03-27 22:35:40,984 - SOVEREIGN_AUDIT_v2 - INFO - [CLAIM 4: SPATIAL GATING] holy_witness -> Claim 4: Spatial Gating | Status: passed
2026-03-27 22:35:40,984 - SOVEREIGN_AUDIT_v2 - INFO - =========================================================================
2026-03-27 22:35:40,985 - SOVEREIGN_AUDIT_v2 - INFO - >>> ENTERING PHASE: CLAIM 5: INDOMITABLE RESTORATION <<<
2026-03-27 22:35:40,986 - SOVEREIGN_AUDIT_v2 - INFO - =========================================================================
2026-03-27 22:35:40,986 - SOVEREIGN_AUDIT_v2 - INFO - Witnessing: backend/tests/test_advanced_services.py
2026-03-27 22:35:45,689 - SOVEREIGN_AUDIT_v2 - INFO - [CLAIM 5: INDOMITABLE RESTORATION] holy_witness -> Claim 5: Indomitable Restoration | Status: passed
2026-03-27 22:35:45,689 - SOVEREIGN_AUDIT_v2 - INFO - =========================================================================
2026-03-27 22:35:45,689 - SOVEREIGN_AUDIT_v2 - INFO - >>> ENTERING PHASE: CLAIM 6: TEMPORAL FENCING <<<
2026-03-27 22:35:45,690 - SOVEREIGN_AUDIT_v2 - INFO - =========================================================================
2026-03-27 22:35:45,690 - SOVEREIGN_AUDIT_v2 - INFO - Witnessing: backend/tests/test_advanced_services.py
2026-03-27 22:35:48,973 - SOVEREIGN_AUDIT_v2 - INFO - [CLAIM 6: TEMPORAL FENCING] holy_witness -> Claim 6: Temporal Fencing | Status: passed
2026-03-27 22:35:48,973 - SOVEREIGN_AUDIT_v2 - INFO - =========================================================================
2026-03-27 22:35:48,974 - SOVEREIGN_AUDIT_v2 - INFO - >>> ENTERING PHASE: CLAIM 7: CONSTITUTIONAL ATTESTATION <<<
2026-03-27 22:35:48,974 - SOVEREIGN_AUDIT_v2 - INFO - =========================================================================
2026-03-27 22:35:48,974 - SOVEREIGN_AUDIT_v2 - INFO - Witnessing: backend/tests/test_advanced_services.py
2026-03-27 22:35:51,646 - SOVEREIGN_AUDIT_v2 - INFO - [CLAIM 7: CONSTITUTIONAL ATTESTATION] holy_witness -> Claim 7: Constitutional Attestation | Status: passed
2026-03-27 22:35:51,646 - SOVEREIGN_AUDIT_v2 - INFO - Witnessing: backend/tests/gauntlets/test_secret_fire_gauntlet.py
2026-03-27 22:35:56,706 - SOVEREIGN_AUDIT_v2 - INFO - [CLAIM 7: CONSTITUTIONAL ATTESTATION] holy_witness -> Claim 7: Constitutional Attestation | Status: failed
2026-03-27 22:35:56,706 - SOVEREIGN_AUDIT_v2 - ERROR - FRACTURE DETECTED in Claim 7: Constitutional Attestation
2026-03-27 22:35:56,706 - SOVEREIGN_AUDIT_v2 - ERROR - ============================= test session starts =============================
platform win32 -- Python 3.14.3, pytest-9.0.1, pluggy-1.6.0 -- C:\Users\User\AppData\Local\Programs\Python\Python314\python.exe
cachedir: .pytest_cache
hypothesis profile 'default'
rootdir: C:\Users\User\source\repos\Metatron-triune-outbound-gate\ARDA_OS_v1_80_UNIVERSAL_SANCTITY
plugins: anyio-4.11.0, hypothesis-6.151.9, langsmith-0.6.6
collecting ... collected 6 items

backend/tests/gauntlets/test_secret_fire_gauntlet.py::test_sovereign_harmony PASSED [ 16%]
backend/tests/gauntlets/test_secret_fire_gauntlet.py::test_fire_replay_defense FAILED [ 33%]
backend/tests/gauntlets/test_secret_fire_gauntlet.py::test_stale_fire_defense FAILED [ 50%]
backend/tests/gauntlets/test_secret_fire_gauntlet.py::test_missing_fire_withhold PASSED [ 66%]
backend/tests/gauntlets/test_secret_fire_gauntlet.py::test_liar_detection PASSED [ 83%]
backend/tests/gauntlets/test_secret_fire_gauntlet.py::test_sovereign_mode_strictures PASSED [100%]

================================== FAILURES ===================================
__________________________ test_fire_replay_defense ___________________________
backend\tests\gauntlets\test_secret_fire_gauntlet.py:81: in test_fire_replay_defense
    asyncio.run(_test_fire_replay_defense())
..\..\..\..\AppData\Local\Programs\Python\Python314\Lib\asyncio\runners.py:204: in run
    return runner.run(main)
           ^^^^^^^^^^^^^^^^
..\..\..\..\AppData\Local\Programs\Python\Python314\Lib\asyncio\runners.py:127: in run
    return self._loop.run_until_complete(task)
           ^^^^^^^^^^^^^^^^^^^^^^^^^^^^^^^^^^^
..\..\..\..\AppData\Local\Programs\Python\Python314\Lib\asyncio\base_events.py:719: in run_until_complete
    return future.result()
           ^^^^^^^^^^^^^^^
backend\tests\gauntlets\test_secret_fire_gauntlet.py:98: in _test_fire_replay_defense
    assert verdict.overall_state in ("dissonant", "vetoed")
E   AssertionError: assert 'harmonic' in ('dissonant', 'vetoed')
E    +  where 'harmonic' = ChoirVerdict(overall_state='harmonic', heralding_allowed=False, confidence=1.0, ainur=[AinurVerdict(ainur='varda', state='radiant', score=1.0, reasons=['Truth is stable and attested'], evidence=[EvidencePacket(source='VardaCollector', evidence={'pcr_values': {0: 'd05d90b57b9941b5d30c05e51afe0aaede4c32a7b84d5b8cceaae00744da5e76'}, 'firmware_fingerprint': '044d2c09eaf36d8f470e497582c72bdfcafebdf35c7ba367b192b886cc76966b', 'signature_valid': True, 'manifest_hash_match': True, 'attestation_status': 'lawful', 'status': 'lawful'}, freshness=Freshness(observed_at=1774643755.6691537, window_ms=10000.0, nonce='c386becf-52d6-42e4-8149-977e89ba1316', epoch=None), voice_id='voice-a081b08bebc6', sweep_id='sweep-0173d158184e', secret_fire_ref='c28c1cbe51f34a10917ab0d4c6bd8755', tier=None, ainur_target='varda', confidence=1.0)]), AinurVerdict(ainur='vaire', state='lawful', score=1.0, reasons=['Lawful chronology confirmed'], evidence=[EvidencePacket(source='VaireCollector', evidence={'phase_chain': ['rom', 'firmware', 'bootloader', 'initramfs', 'covenant', 'choir'], 'monotonic_counter': 1, 'transition_hashes': ['hash1', 'hash2'], 'stability_class': 'stable', 'temporal_strictness': 0.4, 'replay_s...ed_entities': [], 'protected_manifestations_count': 0, 'erasure_suspected': False, 'flicker_events': [], 'log_metadata': {'journal_inode': 1024, 'sequence_gap': 0, 'timestamp_discontinuity': 0.0}}, freshness=Freshness(observed_at=1774643755.669206, window_ms=30000.0, nonce='068dd248-0f02-4bde-ab38-7d1a5cec3894', epoch=None), voice_id='voice-a081b08bebc6', sweep_id='sweep-0173d158184e', secret_fire_ref='c28c1cbe51f34a10917ab0d4c6bd8755', tier=None, ainur_target='mandos', confidence=1.0), EvidencePacket(source='UlmoCollector', evidence={'signals': [], 'anomaly_count': 0, 'max_risk_score': 0.0, 'memory_coherence': 1.0, 'device_stability': 1.0}, freshness=Freshness(observed_at=1774643755.6692297, window_ms=15000.0, nonce='a7951a72-a2a7-4687-990a-a846e8bee5c3', epoch=None), voice_id='voice-a081b08bebc6', sweep_id='sweep-0173d158184e', secret_fire_ref='c28c1cbe51f34a10917ab0d4c6bd8755', tier=None, ainur_target='ulmo', confidence=1.0)])], reasons=['Constitutional Synthesis: harmonic'], subject_id='local-substrate', node_id='local-substrate', voice_id='voice-a081b08bebc6', sweep_id='sweep-0173d158184e', covenant_id='runtime-covenant', epoch='current_epoch', observed_at=1774643755.6696682).overall_state
---------------------------- Captured stdout call -----------------------------

--- Testing Secret Fire: REPLAY DEFENSE ---
DEBUG: SecretFireForge requesting quote for indices: [0, 1, 7, 11]
DEBUG: SecretFireForge requesting quote for indices: [0, 1, 7, 11]
DEBUG: SecretFireForge requesting quote for indices: [0, 1, 7, 11]
DIAG: Ainur varda -> state=radiant, score=1.00, reasons=['Truth is stable and attested']
DIAG: Ainur vaire -> state=lawful, score=1.00, reasons=['Lawful chronology confirmed']
DIAG: Ainur mandos -> state=remembered, score=1.00, reasons=['No unauthorized absence detected']
DIAG: Ainur manwe -> state=flowing, score=1.00, reasons=['System breath is natural and rhythmic']
DIAG: Ainur ulmo -> state=clear, score=1.00, reasons=['The deep places are clear and serene']
DIAG: Ainur aule -> state=harmonic, score=1.00, reasons=['Constitutional Synthesis: harmonic']
Overall State: harmonic
------------------------------ Captured log call ------------------------------
WARNING  backend.services.secret_fire:secret_fire.py:148 Forge: Nonce e30750b4 unknown or expired!
WARNING  backend.arda.ainur.choir:choir.py:112 Secret Fire dissonance detected - reforging sweep-bound reality witness.
___________________________ test_stale_fire_defense ___________________________
backend\tests\gauntlets\test_secret_fire_gauntlet.py:103: in test_stale_fire_defense
    asyncio.run(_test_stale_fire_defense())
..\..\..\..\AppData\Local\Programs\Python\Python314\Lib\asyncio\runners.py:204: in run
    return runner.run(main)
           ^^^^^^^^^^^^^^^^
..\..\..\..\AppData\Local\Programs\Python\Python314\Lib\asyncio\runners.py:127: in run
    return self._loop.run_until_complete(task)
           ^^^^^^^^^^^^^^^^^^^^^^^^^^^^^^^^^^^
..\..\..\..\AppData\Local\Programs\Python\Python314\Lib\asyncio\base_events.py:719: in run_until_complete
    return future.result()
           ^^^^^^^^^^^^^^^
backend\tests\gauntlets\test_secret_fire_gauntlet.py:118: in _test_stale_fire_defense
    assert verdict.overall_state in ("dissonant", "vetoed")
E   AssertionError: assert 'harmonic' in ('dissonant', 'vetoed')
E    +  where 'harmonic' = ChoirVerdict(overall_state='harmonic', heralding_allowed=False, confidence=1.0, ainur=[AinurVerdict(ainur='varda', state='radiant', score=1.0, reasons=['Truth is stable and attested'], evidence=[EvidencePacket(source='VardaCollector', evidence={'pcr_values': {0: 'd05d90b57b9941b5d30c05e51afe0aaede4c32a7b84d5b8cceaae00744da5e76'}, 'firmware_fingerprint': '044d2c09eaf36d8f470e497582c72bdfcafebdf35c7ba367b192b886cc76966b', 'signature_valid': True, 'manifest_hash_match': True, 'attestation_status': 'lawful', 'status': 'lawful'}, freshness=Freshness(observed_at=1774643756.0913844, window_ms=10000.0, nonce='2c945dea-41f2-4da4-b591-618f5a53bc0e', epoch=None), voice_id='voice-1238f9f6f4e3', sweep_id='sweep-ca6ce0496f88', secret_fire_ref='e577a587a30844369099f4ab74d9830f', tier=None, ainur_target='varda', confidence=1.0)]), AinurVerdict(ainur='vaire', state='lawful', score=1.0, reasons=['Lawful chronology confirmed'], evidence=[EvidencePacket(source='VaireCollector', evidence={'phase_chain': ['rom', 'firmware', 'bootloader', 'initramfs', 'covenant', 'choir'], 'monotonic_counter': 1, 'transition_hashes': ['hash1', 'hash2'], 'stability_class': 'stable', 'temporal_strictness': 0.4, 'replay_s...d_entities': [], 'protected_manifestations_count': 0, 'erasure_suspected': False, 'flicker_events': [], 'log_metadata': {'journal_inode': 1024, 'sequence_gap': 0, 'timestamp_discontinuity': 0.0}}, freshness=Freshness(observed_at=1774643756.0914478, window_ms=30000.0, nonce='8886034c-34d2-4e6e-9bbc-927da350c2b5', epoch=None), voice_id='voice-1238f9f6f4e3', sweep_id='sweep-ca6ce0496f88', secret_fire_ref='e577a587a30844369099f4ab74d9830f', tier=None, ainur_target='mandos', confidence=1.0), EvidencePacket(source='UlmoCollector', evidence={'signals': [], 'anomaly_count': 0, 'max_risk_score': 0.0, 'memory_coherence': 1.0, 'device_stability': 1.0}, freshness=Freshness(observed_at=1774643756.0914712, window_ms=15000.0, nonce='494e2c41-ecf9-47ed-82d8-050655106bb1', epoch=None), voice_id='voice-1238f9f6f4e3', sweep_id='sweep-ca6ce0496f88', secret_fire_ref='e577a587a30844369099f4ab74d9830f', tier=None, ainur_target='ulmo', confidence=1.0)])], reasons=['Constitutional Synthesis: harmonic'], subject_id='local-substrate', node_id='local-substrate', voice_id='voice-1238f9f6f4e3', sweep_id='sweep-ca6ce0496f88', covenant_id='runtime-covenant', epoch='current_epoch', observed_at=1774643756.0918965).overall_state
---------------------------- Captured stdout call -----------------------------

--- Testing Secret Fire: STALE DEFENSE ---
DEBUG: SecretFireForge requesting quote for indices: [0, 1, 7, 11]
DEBUG: SecretFireForge requesting quote for indices: [0, 1, 7, 11]
DIAG: Ainur varda -> state=radiant, score=1.00, reasons=['Truth is stable and attested']
DIAG: Ainur vaire -> state=lawful, score=1.00, reasons=['Lawful chronology confirmed']
DIAG: Ainur mandos -> state=remembered, score=1.00, reasons=['No unauthorized absence detected']
DIAG: Ainur manwe -> state=flowing, score=1.00, reasons=['System breath is natural and rhythmic']
DIAG: Ainur ulmo -> state=clear, score=1.00, reasons=['The deep places are clear and serene']
DIAG: Ainur aule -> state=harmonic, score=1.00, reasons=['Constitutional Synthesis: harmonic']
Overall State: harmonic
------------------------------ Captured log call ------------------------------
WARNING  backend.services.secret_fire:secret_fire.py:155 Forge: Nonce 9134d94c expired before response!
WARNING  backend.arda.ainur.choir:choir.py:112 Secret Fire dissonance detected - reforging sweep-bound reality witness.
============================== warnings summary ===============================
backend/tests/gauntlets/test_secret_fire_gauntlet.py::test_sovereign_harmony
backend/tests/gauntlets/test_secret_fire_gauntlet.py::test_sovereign_harmony
backend/tests/gauntlets/test_secret_fire_gauntlet.py::test_fire_replay_defense
backend/tests/gauntlets/test_secret_fire_gauntlet.py::test_stale_fire_defense
backend/tests/gauntlets/test_secret_fire_gauntlet.py::test_missing_fire_withhold
backend/tests/gauntlets/test_secret_fire_gauntlet.py::test_liar_detection
backend/tests/gauntlets/test_secret_fire_gauntlet.py::test_sovereign_mode_strictures
  C:\Users\User\AppData\Local\Programs\Python\Python314\Lib\site-packages\pydantic\main.py:250: DeprecationWarning: datetime.datetime.utcnow() is deprecated and scheduled for removal in a future version. Use timezone-aware objects to represent datetimes in UTC: datetime.datetime.now(datetime.UTC).
    validated_self = self.__pydantic_validator__.validate_python(data, self_instance=self)

backend/tests/gauntlets/test_secret_fire_gauntlet.py::test_sovereign_harmony
backend/tests/gauntlets/test_secret_fire_gauntlet.py::test_fire_replay_defense
backend/tests/gauntlets/test_secret_fire_gauntlet.py::test_fire_replay_defense
backend/tests/gauntlets/test_secret_fire_gauntlet.py::test_fire_replay_defense
backend/tests/gauntlets/test_secret_fire_gauntlet.py::test_stale_fire_defense
backend/tests/gauntlets/test_secret_fire_gauntlet.py::test_stale_fire_defense
backend/tests/gauntlets/test_secret_fire_gauntlet.py::test_missing_fire_withhold
backend/tests/gauntlets/test_secret_fire_gauntlet.py::test_liar_detection
backend/tests/gauntlets/test_secret_fire_gauntlet.py::test_sovereign_mode_strictures
  C:\Users\User\source\repos\Metatron-triune-outbound-gate\ARDA_OS_v1_80_UNIVERSAL_SANCTITY\backend\services\tpm_attestation_service.py:353: DeprecationWarning: datetime.datetime.utcnow() is deprecated and scheduled for removal in a future version. Use timezone-aware objects to represent datetimes in UTC: datetime.datetime.now(datetime.UTC).
    timestamp=datetime.utcnow()

-- Docs: https://docs.pytest.org/en/stable/how-to/capture-warnings.html
=========================== short test summary info ===========================
FAILED backend/tests/gauntlets/test_secret_fire_gauntlet.py::test_fire_replay_defense
FAILED backend/tests/gauntlets/test_secret_fire_gauntlet.py::test_stale_fire_defense
================== 2 failed, 4 passed, 16 warnings in 2.18s ===================

2026-03-27 22:35:56,713 - SOVEREIGN_AUDIT_v2 - INFO - =========================================================================
2026-03-27 22:35:56,714 - SOVEREIGN_AUDIT_v2 - INFO - >>> ENTERING PHASE: CLAIM 8: MEMORY CLASS ISOLATION <<<
2026-03-27 22:35:56,714 - SOVEREIGN_AUDIT_v2 - INFO - =========================================================================
2026-03-27 22:35:56,715 - SOVEREIGN_AUDIT_v2 - INFO - Witnessing: backend/tests/test_advanced_services.py
2026-03-27 22:36:00,206 - SOVEREIGN_AUDIT_v2 - INFO - [CLAIM 8: MEMORY CLASS ISOLATION] holy_witness -> Claim 8: Memory Class Isolation | Status: passed
2026-03-27 22:36:00,206 - SOVEREIGN_AUDIT_v2 - INFO - =========================================================================
2026-03-27 22:36:00,207 - SOVEREIGN_AUDIT_v2 - INFO - >>> ENTERING PHASE: CLAIM 9: QUORUM ENFORCEMENT <<<
2026-03-27 22:36:00,209 - SOVEREIGN_AUDIT_v2 - INFO - =========================================================================
2026-03-27 22:36:00,209 - SOVEREIGN_AUDIT_v2 - INFO - Witnessing: backend/tests/test_advanced_services.py
2026-03-27 22:36:03,185 - SOVEREIGN_AUDIT_v2 - INFO - [CLAIM 9: QUORUM ENFORCEMENT] holy_witness -> Claim 9: Quorum Enforcement | Status: passed
2026-03-27 22:36:03,186 - SOVEREIGN_AUDIT_v2 - INFO - Witnessing: backend/tests/gauntlets/e2e_chorus_gauntlet.py
2026-03-27 22:36:11,167 - SOVEREIGN_AUDIT_v2 - INFO - [CLAIM 9: QUORUM ENFORCEMENT] holy_witness -> Claim 9: Quorum Enforcement | Status: passed
2026-03-27 22:36:11,168 - SOVEREIGN_AUDIT_v2 - INFO - =========================================================================
2026-03-27 22:36:11,168 - SOVEREIGN_AUDIT_v2 - INFO - >>> ENTERING PHASE: CLAIM 10: BEHAVIORAL BASELINING <<<
2026-03-27 22:36:11,168 - SOVEREIGN_AUDIT_v2 - INFO - =========================================================================
2026-03-27 22:36:11,168 - SOVEREIGN_AUDIT_v2 - INFO - Witnessing: backend/tests/test_advanced_services.py
2026-03-27 22:36:14,286 - SOVEREIGN_AUDIT_v2 - INFO - [CLAIM 10: BEHAVIORAL BASELINING] holy_witness -> Claim 10: Behavioral Baselining | Status: passed
2026-03-27 22:36:14,287 - SOVEREIGN_AUDIT_v2 - INFO - =========================================================================
2026-03-27 22:36:14,287 - SOVEREIGN_AUDIT_v2 - INFO - >>> ENTERING PHASE: CLAIM 11: SOVEREIGN TRANSPORT <<<
2026-03-27 22:36:14,288 - SOVEREIGN_AUDIT_v2 - INFO - =========================================================================
2026-03-27 22:36:14,288 - SOVEREIGN_AUDIT_v2 - INFO - Witnessing: backend/tests/test_advanced_services.py
2026-03-27 22:36:20,702 - SOVEREIGN_AUDIT_v2 - INFO - [CLAIM 11: SOVEREIGN TRANSPORT] holy_witness -> Claim 11: Sovereign Transport | Status: passed
2026-03-27 22:36:20,703 - SOVEREIGN_AUDIT_v2 - INFO - Witnessing: backend/tests/gauntlets/test_secret_fire_gauntlet.py
2026-03-27 22:36:25,716 - SOVEREIGN_AUDIT_v2 - INFO - [CLAIM 11: SOVEREIGN TRANSPORT] holy_witness -> Claim 11: Sovereign Transport | Status: failed
2026-03-27 22:36:25,716 - SOVEREIGN_AUDIT_v2 - ERROR - FRACTURE DETECTED in Claim 11: Sovereign Transport
2026-03-27 22:36:25,716 - SOVEREIGN_AUDIT_v2 - ERROR - ============================= test session starts =============================
platform win32 -- Python 3.14.3, pytest-9.0.1, pluggy-1.6.0 -- C:\Users\User\AppData\Local\Programs\Python\Python314\python.exe
cachedir: .pytest_cache
hypothesis profile 'default'
rootdir: C:\Users\User\source\repos\Metatron-triune-outbound-gate\ARDA_OS_v1_80_UNIVERSAL_SANCTITY
plugins: anyio-4.11.0, hypothesis-6.151.9, langsmith-0.6.6
collecting ... collected 6 items

backend/tests/gauntlets/test_secret_fire_gauntlet.py::test_sovereign_harmony PASSED [ 16%]
backend/tests/gauntlets/test_secret_fire_gauntlet.py::test_fire_replay_defense FAILED [ 33%]
backend/tests/gauntlets/test_secret_fire_gauntlet.py::test_stale_fire_defense FAILED [ 50%]
backend/tests/gauntlets/test_secret_fire_gauntlet.py::test_missing_fire_withhold PASSED [ 66%]
backend/tests/gauntlets/test_secret_fire_gauntlet.py::test_liar_detection PASSED [ 83%]
backend/tests/gauntlets/test_secret_fire_gauntlet.py::test_sovereign_mode_strictures PASSED [100%]

================================== FAILURES ===================================
__________________________ test_fire_replay_defense ___________________________
backend\tests\gauntlets\test_secret_fire_gauntlet.py:81: in test_fire_replay_defense
    asyncio.run(_test_fire_replay_defense())
..\..\..\..\AppData\Local\Programs\Python\Python314\Lib\asyncio\runners.py:204: in run
    return runner.run(main)
           ^^^^^^^^^^^^^^^^
..\..\..\..\AppData\Local\Programs\Python\Python314\Lib\asyncio\runners.py:127: in run
    return self._loop.run_until_complete(task)
           ^^^^^^^^^^^^^^^^^^^^^^^^^^^^^^^^^^^
..\..\..\..\AppData\Local\Programs\Python\Python314\Lib\asyncio\base_events.py:719: in run_until_complete
    return future.result()
           ^^^^^^^^^^^^^^^
backend\tests\gauntlets\test_secret_fire_gauntlet.py:98: in _test_fire_replay_defense
    assert verdict.overall_state in ("dissonant", "vetoed")
E   AssertionError: assert 'harmonic' in ('dissonant', 'vetoed')
E    +  where 'harmonic' = ChoirVerdict(overall_state='harmonic', heralding_allowed=False, confidence=1.0, ainur=[AinurVerdict(ainur='varda', state='radiant', score=1.0, reasons=['Truth is stable and attested'], evidence=[EvidencePacket(source='VardaCollector', evidence={'pcr_values': {0: 'd05d90b57b9941b5d30c05e51afe0aaede4c32a7b84d5b8cceaae00744da5e76'}, 'firmware_fingerprint': '044d2c09eaf36d8f470e497582c72bdfcafebdf35c7ba367b192b886cc76966b', 'signature_valid': True, 'manifest_hash_match': True, 'attestation_status': 'lawful', 'status': 'lawful'}, freshness=Freshness(observed_at=1774643784.2430162, window_ms=10000.0, nonce='a778db52-98a1-47d1-9515-26b6bc09630b', epoch=None), voice_id='voice-cd6d5b76562d', sweep_id='sweep-44f1f8eac410', secret_fire_ref='ef37d2bec52b46dea64af9a0feb576a5', tier=None, ainur_target='varda', confidence=1.0)]), AinurVerdict(ainur='vaire', state='lawful', score=1.0, reasons=['Lawful chronology confirmed'], evidence=[EvidencePacket(source='VaireCollector', evidence={'phase_chain': ['rom', 'firmware', 'bootloader', 'initramfs', 'covenant', 'choir'], 'monotonic_counter': 1, 'transition_hashes': ['hash1', 'hash2'], 'stability_class': 'stable', 'temporal_strictness': 0.4, 'replay_s...ed_entities': [], 'protected_manifestations_count': 0, 'erasure_suspected': False, 'flicker_events': [], 'log_metadata': {'journal_inode': 1024, 'sequence_gap': 0, 'timestamp_discontinuity': 0.0}}, freshness=Freshness(observed_at=1774643784.2430856, window_ms=30000.0, nonce='68cf5a9f-b7f2-4b1d-b3f2-9e468292689c', epoch=None), voice_id='voice-cd6d5b76562d', sweep_id='sweep-44f1f8eac410', secret_fire_ref='ef37d2bec52b46dea64af9a0feb576a5', tier=None, ainur_target='mandos', confidence=1.0), EvidencePacket(source='UlmoCollector', evidence={'signals': [], 'anomaly_count': 0, 'max_risk_score': 0.0, 'memory_coherence': 1.0, 'device_stability': 1.0}, freshness=Freshness(observed_at=1774643784.243112, window_ms=15000.0, nonce='c2d906a5-b4fb-4fdc-adb6-85b9ec959cef', epoch=None), voice_id='voice-cd6d5b76562d', sweep_id='sweep-44f1f8eac410', secret_fire_ref='ef37d2bec52b46dea64af9a0feb576a5', tier=None, ainur_target='ulmo', confidence=1.0)])], reasons=['Constitutional Synthesis: harmonic'], subject_id='local-substrate', node_id='local-substrate', voice_id='voice-cd6d5b76562d', sweep_id='sweep-44f1f8eac410', covenant_id='runtime-covenant', epoch='current_epoch', observed_at=1774643784.2435865).overall_state
---------------------------- Captured stdout call -----------------------------

--- Testing Secret Fire: REPLAY DEFENSE ---
DEBUG: SecretFireForge requesting quote for indices: [0, 1, 7, 11]
DEBUG: SecretFireForge requesting quote for indices: [0, 1, 7, 11]
DEBUG: SecretFireForge requesting quote for indices: [0, 1, 7, 11]
DIAG: Ainur varda -> state=radiant, score=1.00, reasons=['Truth is stable and attested']
DIAG: Ainur vaire -> state=lawful, score=1.00, reasons=['Lawful chronology confirmed']
DIAG: Ainur mandos -> state=remembered, score=1.00, reasons=['No unauthorized absence detected']
DIAG: Ainur manwe -> state=flowing, score=1.00, reasons=['System breath is natural and rhythmic']
DIAG: Ainur ulmo -> state=clear, score=1.00, reasons=['The deep places are clear and serene']
DIAG: Ainur aule -> state=harmonic, score=1.00, reasons=['Constitutional Synthesis: harmonic']
Overall State: harmonic
------------------------------ Captured log call ------------------------------
WARNING  backend.services.secret_fire:secret_fire.py:148 Forge: Nonce 373c194b unknown or expired!
WARNING  backend.arda.ainur.choir:choir.py:112 Secret Fire dissonance detected - reforging sweep-bound reality witness.
___________________________ test_stale_fire_defense ___________________________
backend\tests\gauntlets\test_secret_fire_gauntlet.py:103: in test_stale_fire_defense
    asyncio.run(_test_stale_fire_defense())
..\..\..\..\AppData\Local\Programs\Python\Python314\Lib\asyncio\runners.py:204: in run
    return runner.run(main)
           ^^^^^^^^^^^^^^^^
..\..\..\..\AppData\Local\Programs\Python\Python314\Lib\asyncio\runners.py:127: in run
    return self._loop.run_until_complete(task)
           ^^^^^^^^^^^^^^^^^^^^^^^^^^^^^^^^^^^
..\..\..\..\AppData\Local\Programs\Python\Python314\Lib\asyncio\base_events.py:719: in run_until_complete
    return future.result()
           ^^^^^^^^^^^^^^^
backend\tests\gauntlets\test_secret_fire_gauntlet.py:118: in _test_stale_fire_defense
    assert verdict.overall_state in ("dissonant", "vetoed")
E   AssertionError: assert 'harmonic' in ('dissonant', 'vetoed')
E    +  where 'harmonic' = ChoirVerdict(overall_state='harmonic', heralding_allowed=False, confidence=1.0, ainur=[AinurVerdict(ainur='varda', state='radiant', score=1.0, reasons=['Truth is stable and attested'], evidence=[EvidencePacket(source='VardaCollector', evidence={'pcr_values': {0: 'd05d90b57b9941b5d30c05e51afe0aaede4c32a7b84d5b8cceaae00744da5e76'}, 'firmware_fingerprint': '044d2c09eaf36d8f470e497582c72bdfcafebdf35c7ba367b192b886cc76966b', 'signature_valid': True, 'manifest_hash_match': True, 'attestation_status': 'lawful', 'status': 'lawful'}, freshness=Freshness(observed_at=1774643784.824818, window_ms=10000.0, nonce='873611d4-d961-4f7e-9477-27d9fbc974e4', epoch=None), voice_id='voice-631f0e6a0b59', sweep_id='sweep-f49b83333ecd', secret_fire_ref='2230d25029c34979be84aded78702033', tier=None, ainur_target='varda', confidence=1.0)]), AinurVerdict(ainur='vaire', state='lawful', score=1.0, reasons=['Lawful chronology confirmed'], evidence=[EvidencePacket(source='VaireCollector', evidence={'phase_chain': ['rom', 'firmware', 'bootloader', 'initramfs', 'covenant', 'choir'], 'monotonic_counter': 1, 'transition_hashes': ['hash1', 'hash2'], 'stability_class': 'stable', 'temporal_strictness': 0.4, 'replay_su...d_entities': [], 'protected_manifestations_count': 0, 'erasure_suspected': False, 'flicker_events': [], 'log_metadata': {'journal_inode': 1024, 'sequence_gap': 0, 'timestamp_discontinuity': 0.0}}, freshness=Freshness(observed_at=1774643784.8250875, window_ms=30000.0, nonce='6d79b424-b5a3-48f7-8c40-707e17d59c37', epoch=None), voice_id='voice-631f0e6a0b59', sweep_id='sweep-f49b83333ecd', secret_fire_ref='2230d25029c34979be84aded78702033', tier=None, ainur_target='mandos', confidence=1.0), EvidencePacket(source='UlmoCollector', evidence={'signals': [], 'anomaly_count': 0, 'max_risk_score': 0.0, 'memory_coherence': 1.0, 'device_stability': 1.0}, freshness=Freshness(observed_at=1774643784.8253462, window_ms=15000.0, nonce='ca2d7b37-ebc7-45d7-8b32-db7f268de29e', epoch=None), voice_id='voice-631f0e6a0b59', sweep_id='sweep-f49b83333ecd', secret_fire_ref='2230d25029c34979be84aded78702033', tier=None, ainur_target='ulmo', confidence=1.0)])], reasons=['Constitutional Synthesis: harmonic'], subject_id='local-substrate', node_id='local-substrate', voice_id='voice-631f0e6a0b59', sweep_id='sweep-f49b83333ecd', covenant_id='runtime-covenant', epoch='current_epoch', observed_at=1774643784.8280685).overall_state
---------------------------- Captured stdout call -----------------------------

--- Testing Secret Fire: STALE DEFENSE ---
DEBUG: SecretFireForge requesting quote for indices: [0, 1, 7, 11]
DEBUG: SecretFireForge requesting quote for indices: [0, 1, 7, 11]
DIAG: Ainur varda -> state=radiant, score=1.00, reasons=['Truth is stable and attested']
DIAG: Ainur vaire -> state=lawful, score=1.00, reasons=['Lawful chronology confirmed']
DIAG: Ainur mandos -> state=remembered, score=1.00, reasons=['No unauthorized absence detected']
DIAG: Ainur manwe -> state=flowing, score=1.00, reasons=['System breath is natural and rhythmic']
DIAG: Ainur ulmo -> state=clear, score=1.00, reasons=['The deep places are clear and serene']
DIAG: Ainur aule -> state=harmonic, score=1.00, reasons=['Constitutional Synthesis: harmonic']
Overall State: harmonic
------------------------------ Captured log call ------------------------------
WARNING  backend.services.secret_fire:secret_fire.py:155 Forge: Nonce 1391bf2a expired before response!
WARNING  backend.arda.ainur.choir:choir.py:112 Secret Fire dissonance detected - reforging sweep-bound reality witness.
============================== warnings summary ===============================
backend/tests/gauntlets/test_secret_fire_gauntlet.py::test_sovereign_harmony
backend/tests/gauntlets/test_secret_fire_gauntlet.py::test_sovereign_harmony
backend/tests/gauntlets/test_secret_fire_gauntlet.py::test_fire_replay_defense
backend/tests/gauntlets/test_secret_fire_gauntlet.py::test_stale_fire_defense
backend/tests/gauntlets/test_secret_fire_gauntlet.py::test_missing_fire_withhold
backend/tests/gauntlets/test_secret_fire_gauntlet.py::test_liar_detection
backend/tests/gauntlets/test_secret_fire_gauntlet.py::test_sovereign_mode_strictures
  C:\Users\User\AppData\Local\Programs\Python\Python314\Lib\site-packages\pydantic\main.py:250: DeprecationWarning: datetime.datetime.utcnow() is deprecated and scheduled for removal in a future version. Use timezone-aware objects to represent datetimes in UTC: datetime.datetime.now(datetime.UTC).
    validated_self = self.__pydantic_validator__.validate_python(data, self_instance=self)

backend/tests/gauntlets/test_secret_fire_gauntlet.py::test_sovereign_harmony
backend/tests/gauntlets/test_secret_fire_gauntlet.py::test_fire_replay_defense
backend/tests/gauntlets/test_secret_fire_gauntlet.py::test_fire_replay_defense
backend/tests/gauntlets/test_secret_fire_gauntlet.py::test_fire_replay_defense
backend/tests/gauntlets/test_secret_fire_gauntlet.py::test_stale_fire_defense
backend/tests/gauntlets/test_secret_fire_gauntlet.py::test_stale_fire_defense
backend/tests/gauntlets/test_secret_fire_gauntlet.py::test_missing_fire_withhold
backend/tests/gauntlets/test_secret_fire_gauntlet.py::test_liar_detection
backend/tests/gauntlets/test_secret_fire_gauntlet.py::test_sovereign_mode_strictures
  C:\Users\User\source\repos\Metatron-triune-outbound-gate\ARDA_OS_v1_80_UNIVERSAL_SANCTITY\backend\services\tpm_attestation_service.py:353: DeprecationWarning: datetime.datetime.utcnow() is deprecated and scheduled for removal in a future version. Use timezone-aware objects to represent datetimes in UTC: datetime.datetime.now(datetime.UTC).
    timestamp=datetime.utcnow()

-- Docs: https://docs.pytest.org/en/stable/how-to/capture-warnings.html
=========================== short test summary info ===========================
FAILED backend/tests/gauntlets/test_secret_fire_gauntlet.py::test_fire_replay_defense
FAILED backend/tests/gauntlets/test_secret_fire_gauntlet.py::test_stale_fire_defense
================== 2 failed, 4 passed, 16 warnings in 1.55s ===================

2026-03-27 22:36:25,718 - SOVEREIGN_AUDIT_v2 - INFO - =========================================================================
2026-03-27 22:36:25,718 - SOVEREIGN_AUDIT_v2 - INFO - >>> ENTERING PHASE: CLAIM 12: RECURSIVE WITNESSING <<<
2026-03-27 22:36:25,718 - SOVEREIGN_AUDIT_v2 - INFO - =========================================================================
2026-03-27 22:36:25,718 - SOVEREIGN_AUDIT_v2 - INFO - Witnessing: backend/tests/test_advanced_services.py
2026-03-27 22:36:29,886 - SOVEREIGN_AUDIT_v2 - INFO - [CLAIM 12: RECURSIVE WITNESSING] holy_witness -> Claim 12: Recursive Witnessing | Status: passed
2026-03-27 22:36:29,887 - SOVEREIGN_AUDIT_v2 - INFO - Witnessing: backend/tests/gauntlets/test_tulkas_enforcement.py
2026-03-27 22:36:34,379 - SOVEREIGN_AUDIT_v2 - INFO - [CLAIM 12: RECURSIVE WITNESSING] holy_witness -> Claim 12: Recursive Witnessing | Status: passed
2026-03-27 22:36:34,379 - SOVEREIGN_AUDIT_v2 - INFO - =========================================================================
2026-03-27 22:36:34,380 - SOVEREIGN_AUDIT_v2 - INFO - >>> ENTERING PHASE: CLAIM 13: PERFECT HONESTY <<<
2026-03-27 22:36:34,386 - SOVEREIGN_AUDIT_v2 - INFO - =========================================================================
2026-03-27 22:36:34,387 - SOVEREIGN_AUDIT_v2 - INFO - Witnessing: backend/tests/test_advanced_services.py
2026-03-27 22:36:37,656 - SOVEREIGN_AUDIT_v2 - INFO - [CLAIM 13: PERFECT HONESTY] holy_witness -> Claim 13: Perfect Honesty | Status: passed
2026-03-27 22:36:37,665 - SOVEREIGN_AUDIT_v2 - INFO - Final JSON Telemetry Report Generated: C:\Users\User\source\repos\Metatron-triune-outbound-gate\ARDA_OS_v1_80_UNIVERSAL_SANCTITY\backend\scripts\telemetry_logs\SOVEREIGN_AUDIT_v2_report.json
2026-03-27 22:36:37,668 - SOVEREIGN_AUDIT_v2 - INFO - Markdown Telemetry Summary Generated: C:\Users\User\source\repos\Metatron-triune-outbound-gate\ARDA_OS_v1_80_UNIVERSAL_SANCTITY\backend\scripts\telemetry_logs\SOVEREIGN_AUDIT_v2_summary.md
2026-03-27 22:36:37,669 - SOVEREIGN_AUDIT_v2 - INFO - 
================================================================================
2026-03-27 22:36:37,669 - SOVEREIGN_AUDIT_v2 - ERROR - [FAIL] SOVEREIGN DISSONANCE DETECTED.
2026-03-27 22:36:37,670 - SOVEREIGN_AUDIT_v2 - INFO - ================================================================================
